  INFO root [0x00002324] [2019-09-16 21:18:28,021] - 
  INFO root [0x00002324] [2019-09-16 21:18:28,022] - -----------------------------------------------------------------------------------------


  INFO root [0x00002324] [2019-09-16 21:18:28,054] - NetworkInterface::initialize(INTERNAL-TCP): bound to all interfaces with default route interface on 192.168.56.1 ( 192.168.56.1:53189 )
  INFO root [0x00002324] [2019-09-16 21:18:28,055] - NetworkInterface::initialize(INTERNAL-TCP): address 192.168.56.1:53189, SOMAXCONN=5.
  INFO root [0x00002324] [2019-09-16 21:18:28,218] - Script::install(): is successfully, Python=(3.7.3 (default, May  8 2019, 09:53:38) [MSC v.1916 32 bit (Intel)])!
  INFO root [0x00002324] [2019-09-16 21:18:28,219] - Script::install(): KBExtra is successfully!
  INFO root [0x00002324] [2019-09-16 21:18:28,292] - ---- bots Version: 2.4.5. ScriptVersion: 0.1.0. Protocol: 8242276C1F08385BA12D22ACA2B7FF8E. Config: Debug. Built: 09:55:59 May  8 2019. AppID: 6737257101792051200. UID: 0. PID: 14104 ----
  INFO root [0x00002324] [2019-09-16 21:18:28,293] - Server error_name: Intel(R) Core(TM) i5-6300HQ CPU @ 2.30GHz with 2097151kB RAM
  INFO root [0x00002324] [2019-09-16 21:18:28,294] - ThreadPool::createThreadPool: creating  threadpool...
  INFO root [0x00002324] [2019-09-16 21:18:28,294] - ThreadPool::createThreadPool: successfully(1), newThreadCount=1, normalMaxThreadCount=1, maxThreadCount=4
 ERROR root [0x00002324] [2019-09-16 21:18:28,634] - EntityDef::checkDefMethod: <class 'Account.Account'> does not have method[playerAlive], defined in Account.def!
 ERROR root [0x00002324] [2019-09-16 21:18:28,635] - EntityDef::initialize: EntityClass[Account] checkDefMethod is failed!
 ERROR root [0x00002324] [2019-09-16 21:18:28,636] - app::initialize error!
 DEBUG root [0x00002324] [2019-09-16 21:18:28,658] - ThreadPool::destroy(): starting size 1.
  WARN root [0x00002324] [2019-09-16 21:18:28,959] - ThreadPool::destroy(): waiting for thread(1)[0x15d1300,], try=1
 DEBUG root [0x00002324] [2019-09-16 21:18:29,361] - TPThread::~TPThread(): 0x15d1300
 DEBUG root [0x00002324] [2019-09-16 21:18:29,361] - ThreadPool::destroy(): successfully!
 DEBUG root [0x00002324] [2019-09-16 21:18:29,363] - Bundle::destroyObjPool(): size 0.
 DEBUG root [0x00002324] [2019-09-16 21:18:29,364] - Channel::destroyObjPool(): size 15.
 DEBUG root [0x00002324] [2019-09-16 21:18:29,365] - TCPPacket::destroyObjPool(): size 0.
 DEBUG root [0x00002324] [2019-09-16 21:18:29,365] - UDPPacket::destroyObjPool(): size 0.
 DEBUG root [0x00002324] [2019-09-16 21:18:29,366] - EndPoint::destroyObjPool(): size 0.
 DEBUG root [0x00002324] [2019-09-16 21:18:29,366] - Address::destroyObjPool(): size 0.
 DEBUG root [0x00002324] [2019-09-16 21:18:29,366] - TCPPacketReceiver::destroyObjPool(): size 0.
 DEBUG root [0x00002324] [2019-09-16 21:18:29,366] - UDPPacketReceiver::destroyObjPool(): size 0.
 S_ERR root [0x00002324] [2019-09-16 21:18:29,367] - AttributeError: entities
  INFO root [0x00002324] [2019-09-16 21:18:29,378] - Script::uninstall(): is successfully!
  INFO root [0x00002324] [2019-09-16 21:18:29,379] - EventDispatcher()::~EventDispatcher: Num timers = 1
