  INFO root [0x00003ef8] [2019-09-17 20:16:28,599] - 
  INFO root [0x00003ef8] [2019-09-17 20:16:28,599] - -----------------------------------------------------------------------------------------


  INFO root [0x00003ef8] [2019-09-17 20:16:28,600] - Resmgr::initialize: KBE_ROOT=D:/kbengine/
  INFO root [0x00003ef8] [2019-09-17 20:16:28,600] - Resmgr::initialize: KBE_RES_PATH=D:/kbengine/kbe/res/;D:/kbengine/BattleOfBalls_assets/;D:/kbengine/BattleOfBalls_assets/res/;D:/kbengine/BattleOfBalls_assets/scripts/
  INFO root [0x00003ef8] [2019-09-17 20:16:28,601] - Resmgr::initialize: KBE_BIN_PATH=D:/kbengine/kbe/bin/server/
  INFO root [0x00003ef8] [2019-09-17 20:16:28,652] - NetworkInterface::initialize(INTERNAL-TCP): bound to all interfaces with default route interface on 192.168.56.1 ( 192.168.56.1:59556 )
  INFO root [0x00003ef8] [2019-09-17 20:16:28,669] - NetworkInterface::initialize(INTERNAL-TCP): address 192.168.56.1:59556, SOMAXCONN=5.
  INFO root [0x00003ef8] [2019-09-17 20:16:28,669] - server-configs:
  INFO root [0x00003ef8] [2019-09-17 20:16:28,669] - 	gameUpdateHertz : 10
  INFO root [0x00003ef8] [2019-09-17 20:16:28,669] - 	defaultViewRadius : 80
  INFO root [0x00003ef8] [2019-09-17 20:16:28,670] - 	defaultViewHysteresisArea : 5
  INFO root [0x00003ef8] [2019-09-17 20:16:28,670] - 	entryScriptFile : kbemain
  INFO root [0x00003ef8] [2019-09-17 20:16:28,670] - 	internalTcpAddr : 192.168.56.1:59556
  INFO root [0x00003ef8] [2019-09-17 20:16:28,670] - 	componentID : 7129652375332859700
  WARN root [0x00003ef8] [2019-09-17 20:16:28,670] - invalid UID(0) <= 0, please check UID for environment! automatically set to 2082.
  INFO root [0x00003ef8] [2019-09-17 20:16:28,754] - Components::findLogger: found logger, addr:192.168.56.1:59542
  INFO root [0x00003ef8] [2019-09-17 20:16:28,754] - Components::addComponent: reset orderLog, uid=2082!
  INFO root [0x00003ef8] [2019-09-17 20:16:28,754] - Components::addComponent[logger], uid=2082, componentID=2000, globalorderid=1, grouporderid=1, totalcount=1
  INFO root [0x00003ef8] [2019-09-17 20:16:28,764] - ---- cellapp Version: 2.4.5. ScriptVersion: 0.1.0. Pythoncore: 3.7.3. Protocol: C9FCABE153AC3D64A8F240810ADA666D. Config: Debug X86. Built: 09:56:57 May  8 2019. AppID: 7129652375332859700. UID: 2082. PID: 5192 ----
  INFO root [0x00003ef8] [2019-09-17 20:16:28,764] - Server error_name: Intel(R) Core(TM) i5-6300HQ CPU @ 2.30GHz with 2097151kB RAM
  INFO root [0x00003ef8] [2019-09-17 20:16:28,764] - ThreadPool::createThreadPool: creating  threadpool...
  INFO root [0x00003ef8] [2019-09-17 20:16:28,764] - ThreadPool::createThreadPool: successfully(2), newThreadCount=1, normalMaxThreadCount=2, maxThreadCount=8
  INFO root [0x00003ef8] [2019-09-17 20:16:29,432] - Script::install(): is successfully, Python=(3.7.3 (default, May  8 2019, 09:53:38) [MSC v.1916 32 bit (Intel)])!
  INFO root [0x00003ef8] [2019-09-17 20:16:29,432] - Script::install(): KBExtra is successfully!
 DEBUG root [0x00003ef8] [2019-09-17 20:16:29,785] - loaded entity-script:Account(1).
 DEBUG root [0x00003ef8] [2019-09-17 20:16:29,787] - loaded entity-script:Room(3).
 DEBUG root [0x00003ef8] [2019-09-17 20:16:29,788] - loaded entity-script:Food(4).
 DEBUG root [0x00003ef8] [2019-09-17 20:16:29,788] - loaded entity-script:Smash(5).
  INFO root [0x00003ef8] [2019-09-17 20:16:29,788] - TelnetServer server is running on port 50000
  INFO root [0x00003ef8] [2019-09-17 20:16:30,478] - ---- cellapp is running ----
 DEBUG root [0x00003ef8] [2019-09-17 20:16:30,479] - Components::process(): Request for the process of identity...
  WARN root [0x00003ef8] [2019-09-17 20:16:36,683] - Forwarding logs to logger[192.168.56.1:59542/0/0/0]...
 ERROR root [0x00003ef8] [2019-09-17 20:16:57,486] - Components::removeComponentByChannel: baseapp : 7001, Abnormal exit(reason=TCPPacketReceiver::processRecv(): error=6
)! Channel(timestamp=457099343466, lastReceivedTime=457069236261, inactivityExceptionPeriod=134887564)
 ERROR root [0x00003ef8] [2019-09-17 20:17:08,982] - Components::removeComponentByChannel: logger : 2000, Abnormal exit(reason=TCPPacketReceiver::processRecv(): error=6
)! Channel(timestamp=457125209093, lastReceivedTime=457098179504, inactivityExceptionPeriod=134887564)
  INFO root [0x00003ef8] [2019-09-17 20:17:08,983] - The following logs sent to logger failed:
  WARN root [0x00003ef8] [2019-09-17 20:17:08,983] - ==> [2019-09-17 20:17:08 983] TCPPacketReceiver::processPendingEvents(192.168.56.1:59542): Throwing REASON_GENERAL_NETWORK - WSAECONNRESET
 ERROR root [0x00003ef8] [2019-09-17 20:17:08,983] - ==> [2019-09-17 20:17:08 983] Components::removeComponentByChannel: logger : 2000, Abnormal exit(reason=TCPPacketReceiver::processRecv(): error=6
)! Channel(timestamp=457125209093, lastReceivedTime=457098179504, inactivityExceptionPeriod=134887564)
  WARN root [0x00003ef8] [2019-09-17 20:17:09,129] - TCPPacketReceiver::processPendingEvents(192.168.56.1:59544): Throwing REASON_GENERAL_NETWORK - WSAECONNRESET
 ERROR root [0x00003ef8] [2019-09-17 20:17:09,129] - Components::removeComponentByChannel: dbmgr : 4000, Abnormal exit(reason=TCPPacketReceiver::processRecv(): error=6
)! Channel(timestamp=457125539166, lastReceivedTime=457098216459, inactivityExceptionPeriod=134887564)
  INFO root [0x00003ef8] [2019-09-17 20:17:09,130] - Shutdowner::onShutdownBegin: shutting down(period=0, tickPeriod=1)
  INFO root [0x00003ef8] [2019-09-17 20:17:09,130] - Shutdowner::onShutdown: shutting down
  INFO root [0x00003ef8] [2019-09-17 20:17:09,130] - Shutdowner::onShutdownEnd: shutting down
 DEBUG root [0x00003ef8] [2019-09-17 20:17:09,130] - EntityRef::destroyObjPool(): size 0.
 DEBUG root [0x00003ef8] [2019-09-17 20:17:09,131] - Witness::destroyObjPool(): size 0.
  INFO root [0x00003ef8] [2019-09-17 20:17:09,162] - Script::uninstall(): is successfully!
 DEBUG root [0x00003ef8] [2019-09-17 20:17:09,162] - ThreadPool::destroy(): starting size 2.
  WARN root [0x00003ef8] [2019-09-17 20:17:09,466] - ThreadPool::destroy(): waiting for thread(2)[0x1c5600,0x1c5738,], try=1
