  INFO root [0x00002028] [2019-06-10 19:38:57,699] - 
  INFO root [0x00002028] [2019-06-10 19:38:57,706] - -----------------------------------------------------------------------------------------


  INFO root [0x00002028] [2019-06-10 19:38:57,707] - Resmgr::initialize: KBE_ROOT=D:/kbengine/
  INFO root [0x00002028] [2019-06-10 19:38:57,707] - Resmgr::initialize: KBE_RES_PATH=D:/kbengine/kbe/res/;D:/kbengine/server/;D:/kbengine/server/scripts/;D:/kbengine/server/res/
  INFO root [0x00002028] [2019-06-10 19:38:57,707] - Resmgr::initialize: KBE_BIN_PATH=D:/kbengine/kbe/bin/server/
  INFO root [0x00002028] [2019-06-10 19:38:57,730] - NetworkInterface::initialize(INTERNAL-TCP): bound to all interfaces with default route interface on 192.168.56.1 ( 192.168.56.1:51540 )
  INFO root [0x00002028] [2019-06-10 19:38:57,731] - NetworkInterface::initialize(INTERNAL-TCP): address 192.168.56.1:51540, SOMAXCONN=5.
  INFO root [0x00002028] [2019-06-10 19:38:57,731] - server-configs:
  INFO root [0x00002028] [2019-06-10 19:38:57,731] - 	gameUpdateHertz : 10
  INFO root [0x00002028] [2019-06-10 19:38:57,731] - 	defaultViewRadius : 80
  INFO root [0x00002028] [2019-06-10 19:38:57,731] - 	defaultViewHysteresisArea : 5
  INFO root [0x00002028] [2019-06-10 19:38:57,732] - 	entryScriptFile : kbemain
  INFO root [0x00002028] [2019-06-10 19:38:57,732] - 	internalTcpAddr : 192.168.56.1:51540
  INFO root [0x00002028] [2019-06-10 19:38:57,733] - 	componentID : 8001
  WARN root [0x00002028] [2019-06-10 19:38:57,742] - invalid UID(0) <= 0, please check UID for environment! automatically set to 3960.
  INFO root [0x00002028] [2019-06-10 19:38:59,252] - ---- cellapp Version: 2.4.5. ScriptVersion: 0.1.0. Pythoncore: 3.7.3. Protocol: C9FCABE153AC3D64A8F240810ADA666D. Config: Debug X86. Built: 09:56:57 May  8 2019. AppID: 8001. UID: 3960. PID: 9168 ----
  INFO root [0x00002028] [2019-06-10 19:38:59,253] - Server error_name: Intel(R) Core(TM) i5-6300HQ CPU @ 2.30GHz with 2097151kB RAM
  INFO root [0x00002028] [2019-06-10 19:38:59,253] - ThreadPool::createThreadPool: creating  threadpool...
  INFO root [0x00002028] [2019-06-10 19:38:59,254] - ThreadPool::createThreadPool: successfully(2), newThreadCount=1, normalMaxThreadCount=2, maxThreadCount=8
  INFO root [0x00002028] [2019-06-10 19:38:59,637] - Script::install(): is successfully, Python=(3.7.3 (default, May  8 2019, 09:53:38) [MSC v.1916 32 bit (Intel)])!
  INFO root [0x00002028] [2019-06-10 19:38:59,637] - Script::install(): KBExtra is successfully!
  INFO root [0x00002028] [2019-06-10 19:38:59,800] - TelnetServer server is running on port 50000
  INFO root [0x00002028] [2019-06-10 19:39:00,264] - ---- cellapp is running ----
 DEBUG root [0x00002028] [2019-06-10 19:39:00,264] - Components::process(): Request for the process of identity...
  WARN root [0x00002028] [2019-06-10 19:39:03,708] - BundleBroadcast::BundleBroadcast: Cannot bind to port 20295, errorno=10048
  WARN root [0x00002028] [2019-06-10 19:39:06,772] - EntityApp::checkTickPeriod: tick took 6506% (6.51 seconds)!
  WARN root [0x00002028] [2019-06-10 19:39:06,777] - TCPPacketReceiver::processPendingEvents(192.168.56.1:51558): Throwing REASON_GENERAL_NETWORK - WSAECONNABORTED
  INFO root [0x00002028] [2019-06-10 19:39:07,818] - Components::findComponents: find logger(1)...
  INFO root [0x00002028] [2019-06-10 19:39:07,869] - Components::findComponents: found logger, addr:192.168.56.1:51544
  INFO root [0x00002028] [2019-06-10 19:39:07,870] - Components::addComponent: reset orderLog, uid=3960!
  INFO root [0x00002028] [2019-06-10 19:39:07,870] - Components::addComponent[logger], uid=3960, componentID=2000, globalorderid=1, grouporderid=1, totalcount=1
  INFO root [0x00002028] [2019-06-10 19:39:07,872] - Components::findComponents: find dbmgr(2)...
  WARN root [0x00002028] [2019-06-10 19:39:08,990] - Forwarding logs to logger[192.168.56.1:51544/0/0/0]...
 ERROR root [0x00002028] [2019-06-10 19:39:38,163] - Components::removeComponentByChannel: logger : 2000, Abnormal exit(reason=TCPPacketReceiver::processRecv(): error=10054
)! Channel(timestamp=5625422678, lastReceivedTime=5605817289, inactivityExceptionPeriod=134887500)
  INFO root [0x00002028] [2019-06-10 19:39:38,174] - The following logs sent to logger failed:
  WARN root [0x00002028] [2019-06-10 19:39:38,175] - ==> [2019-06-10 19:39:38 155] TCPPacketReceiver::processPendingEvents(192.168.56.1:51544): Throwing REASON_GENERAL_NETWORK - WSAECONNRESET
 ERROR root [0x00002028] [2019-06-10 19:39:38,175] - ==> [2019-06-10 19:39:38 165] Components::removeComponentByChannel: logger : 2000, Abnormal exit(reason=TCPPacketReceiver::processRecv(): error=10054
)! Channel(timestamp=5625422678, lastReceivedTime=5605817289, inactivityExceptionPeriod=134887500)
  WARN root [0x00002028] [2019-06-10 19:39:38,281] - TCPPacketReceiver::processPendingEvents(192.168.56.1:51542): Throwing REASON_GENERAL_NETWORK - WSAECONNRESET
 ERROR root [0x00002028] [2019-06-10 19:39:38,282] - Components::removeComponentByChannel: dbmgr : 4000, Abnormal exit(reason=TCPPacketReceiver::processRecv(): error=10054
)! Channel(timestamp=5625688896, lastReceivedTime=5605807241, inactivityExceptionPeriod=134887500)
  INFO root [0x00002028] [2019-06-10 19:39:38,293] - Shutdowner::onShutdownBegin: shutting down(period=0, tickPeriod=1)
  INFO root [0x00002028] [2019-06-10 19:39:38,296] - Shutdowner::onShutdown: shutting down
  INFO root [0x00002028] [2019-06-10 19:39:38,297] - Shutdowner::onShutdownEnd: shutting down
 DEBUG root [0x00002028] [2019-06-10 19:39:38,298] - EntityRef::destroyObjPool(): size 0.
 DEBUG root [0x00002028] [2019-06-10 19:39:38,298] - Witness::destroyObjPool(): size 0.
  INFO root [0x00002028] [2019-06-10 19:39:38,331] - Script::uninstall(): is successfully!
 DEBUG root [0x00002028] [2019-06-10 19:39:38,331] - ThreadPool::destroy(): starting size 2.
  WARN root [0x00002028] [2019-06-10 19:39:38,632] - ThreadPool::destroy(): waiting for thread(2)[0x232e9c0,0x232e548,], try=1
