  INFO root [0x00002200] [2019-09-03 21:24:32,129] - 
  INFO root [0x00002200] [2019-09-03 21:24:32,139] - -----------------------------------------------------------------------------------------


  INFO root [0x00002200] [2019-09-03 21:24:32,479] - Resmgr::initialize: KBE_ROOT=D:/kbengine/
  INFO root [0x00002200] [2019-09-03 21:24:32,479] - Resmgr::initialize: KBE_RES_PATH=D:/kbengine/kbe/res/;D:/kbengine/BattleOfBalls_assets/;D:/kbengine/BattleOfBalls_assets/scripts/;D:/kbengine/BattleOfBalls_assets/res/
  INFO root [0x00002200] [2019-09-03 21:24:32,479] - Resmgr::initialize: KBE_BIN_PATH=D:/kbengine/kbe/bin/server/
  INFO root [0x00002200] [2019-09-03 21:24:32,619] - NetworkInterface::initialize(INTERNAL-TCP): bound to all interfaces with default route interface on 192.168.56.1 ( 192.168.56.1:52651 )
  INFO root [0x00002200] [2019-09-03 21:24:32,619] - NetworkInterface::initialize(INTERNAL-TCP): address 192.168.56.1:52651, SOMAXCONN=5.
  INFO root [0x00002200] [2019-09-03 21:24:32,619] - server-configs:
  INFO root [0x00002200] [2019-09-03 21:24:32,619] - 	gameUpdateHertz : 10
  INFO root [0x00002200] [2019-09-03 21:24:32,639] - 	defaultViewRadius : 80
  INFO root [0x00002200] [2019-09-03 21:24:32,639] - 	defaultViewHysteresisArea : 5
  INFO root [0x00002200] [2019-09-03 21:24:32,639] - 	entryScriptFile : kbemain
  INFO root [0x00002200] [2019-09-03 21:24:32,639] - 	internalTcpAddr : 192.168.56.1:52651
  INFO root [0x00002200] [2019-09-03 21:24:32,639] - 	componentID : 8001
  WARN root [0x00002200] [2019-09-03 21:24:32,639] - invalid UID(0) <= 0, please check UID for environment! automatically set to 2082.
  INFO root [0x00002200] [2019-09-03 21:24:32,829] - ---- cellapp Version: 2.4.5. ScriptVersion: 0.1.0. Pythoncore: 3.7.3. Protocol: C9FCABE153AC3D64A8F240810ADA666D. Config: Debug X86. Built: 09:56:57 May  8 2019. AppID: 8001. UID: 2082. PID: 15284 ----
  INFO root [0x00002200] [2019-09-03 21:24:32,829] - Server error_name: Intel(R) Core(TM) i5-6300HQ CPU @ 2.30GHz with 2097151kB RAM
  INFO root [0x00002200] [2019-09-03 21:24:32,869] - ThreadPool::createThreadPool: creating  threadpool...
  INFO root [0x00002200] [2019-09-03 21:24:32,879] - ThreadPool::createThreadPool: successfully(2), newThreadCount=1, normalMaxThreadCount=2, maxThreadCount=8
  INFO root [0x00002200] [2019-09-03 21:24:33,459] - Script::install(): is successfully, Python=(3.7.3 (default, May  8 2019, 09:53:38) [MSC v.1916 32 bit (Intel)])!
  INFO root [0x00002200] [2019-09-03 21:24:33,459] - Script::install(): KBExtra is successfully!
  INFO root [0x00002200] [2019-09-03 21:24:34,107] - TelnetServer server is running on port 50000
  INFO root [0x00002200] [2019-09-03 21:24:35,113] - ---- cellapp is running ----
 DEBUG root [0x00002200] [2019-09-03 21:24:35,123] - Components::process(): Request for the process of identity...
  WARN root [0x00002200] [2019-09-03 21:24:41,699] - EntityApp::checkTickPeriod: tick took 6589% (6.59 seconds)!
  WARN root [0x00002200] [2019-09-03 21:24:41,839] - d:\kbengine\kbe\src\server\cellapp\cellapp.cpp:251: Profile gameTick took 0.14 seconds
  WARN root [0x00002200] [2019-09-03 21:24:41,849] - d:\kbengine\kbe\src\lib\network\event_dispatcher.cpp:153: Profile callSystemTimers took 0.25 seconds
  WARN root [0x00002200] [2019-09-03 21:24:42,809] - EntityApp::checkTickPeriod: tick took 283% (0.28 seconds)!
  WARN root [0x00002200] [2019-09-03 21:24:43,009] - d:\kbengine\kbe\src\lib\network\channel.cpp:1023: Profile processRecvMessages took 0.20 seconds
  WARN root [0x00002200] [2019-09-03 21:24:43,009] - TCPPacketReceiver::processPendingEvents(192.168.56.1:52664): Throwing REASON_GENERAL_NETWORK - WSAECONNABORTED
  INFO root [0x00002200] [2019-09-03 21:24:43,083] - Components::findComponents: find logger(1)...
  INFO root [0x00002200] [2019-09-03 21:24:43,099] - Components::findComponents: found logger, addr:192.168.56.1:52648
  INFO root [0x00002200] [2019-09-03 21:24:43,099] - Components::addComponent: reset orderLog, uid=2082!
  INFO root [0x00002200] [2019-09-03 21:24:43,099] - Components::addComponent[logger], uid=2082, componentID=2000, globalorderid=1, grouporderid=1, totalcount=1
  INFO root [0x00002200] [2019-09-03 21:24:43,102] - Components::findComponents: find dbmgr(2)...
  WARN root [0x00002200] [2019-09-03 21:24:44,239] - EntityApp::checkTickPeriod: tick took 1427% (1.43 seconds)!
  WARN root [0x00002200] [2019-09-03 21:24:44,239] - Forwarding logs to logger[192.168.56.1:52648/0/0/0]...
 ERROR root [0x00002200] [2019-09-03 21:36:03,748] - Components::removeComponentByChannel: logger : 2000, Abnormal exit(reason=TCPPacketReceiver::processRecv(): error=10054
)! Channel(timestamp=270510431525, lastReceivedTime=270504686929, inactivityExceptionPeriod=134887628)
  INFO root [0x00002200] [2019-09-03 21:36:03,748] - The following logs sent to logger failed:
  WARN root [0x00002200] [2019-09-03 21:36:03,758] - ==> [2019-09-03 21:36:03 751] TCPPacketReceiver::processPendingEvents(192.168.56.1:52648): Throwing REASON_GENERAL_NETWORK - WSAECONNRESET
 ERROR root [0x00002200] [2019-09-03 21:36:03,758] - ==> [2019-09-03 21:36:03 753] Components::removeComponentByChannel: logger : 2000, Abnormal exit(reason=TCPPacketReceiver::processRecv(): error=10054
)! Channel(timestamp=270510431525, lastReceivedTime=270504686929, inactivityExceptionPeriod=134887628)
  WARN root [0x00002200] [2019-09-03 21:36:03,868] - TCPPacketReceiver::processPendingEvents(192.168.56.1:52649): Throwing REASON_GENERAL_NETWORK - WSAECONNRESET
 ERROR root [0x00002200] [2019-09-03 21:36:03,868] - Components::removeComponentByChannel: dbmgr : 4000, Abnormal exit(reason=TCPPacketReceiver::processRecv(): error=10054
)! Channel(timestamp=270510710224, lastReceivedTime=270506576641, inactivityExceptionPeriod=134887628)
  INFO root [0x00002200] [2019-09-03 21:36:03,879] - Shutdowner::onShutdownBegin: shutting down(period=0, tickPeriod=1)
  INFO root [0x00002200] [2019-09-03 21:36:03,879] - Shutdowner::onShutdown: shutting down
  INFO root [0x00002200] [2019-09-03 21:36:03,879] - Shutdowner::onShutdownEnd: shutting down
 DEBUG root [0x00002200] [2019-09-03 21:36:03,951] - EntityRef::destroyObjPool(): size 0.
 DEBUG root [0x00002200] [2019-09-03 21:36:03,951] - Witness::destroyObjPool(): size 0.
  INFO root [0x00002200] [2019-09-03 21:36:04,002] - Script::uninstall(): is successfully!
 DEBUG root [0x00002200] [2019-09-03 21:36:04,002] - ThreadPool::destroy(): starting size 2.
  INFO root [0x00003154] [2019-09-03 21:36:05,639] - 
  INFO root [0x00003154] [2019-09-03 21:36:05,642] - -----------------------------------------------------------------------------------------


  INFO root [0x00003154] [2019-09-03 21:36:05,642] - Resmgr::initialize: KBE_ROOT=D:/kbengine/
  INFO root [0x00003154] [2019-09-03 21:36:05,642] - Resmgr::initialize: KBE_RES_PATH=D:/kbengine/kbe/res/;D:/kbengine/BattleOfBalls_assets/;D:/kbengine/BattleOfBalls_assets/scripts/;D:/kbengine/BattleOfBalls_assets/res/
  INFO root [0x00003154] [2019-09-03 21:36:05,642] - Resmgr::initialize: KBE_BIN_PATH=D:/kbengine/kbe/bin/server/
  INFO root [0x00003154] [2019-09-03 21:36:05,688] - NetworkInterface::initialize(INTERNAL-TCP): bound to all interfaces with default route interface on 192.168.56.1 ( 192.168.56.1:52854 )
  INFO root [0x00003154] [2019-09-03 21:36:05,688] - NetworkInterface::initialize(INTERNAL-TCP): address 192.168.56.1:52854, SOMAXCONN=5.
  INFO root [0x00003154] [2019-09-03 21:36:05,688] - server-configs:
  INFO root [0x00003154] [2019-09-03 21:36:05,688] - 	gameUpdateHertz : 10
  INFO root [0x00003154] [2019-09-03 21:36:05,688] - 	defaultViewRadius : 80
  INFO root [0x00003154] [2019-09-03 21:36:05,688] - 	defaultViewHysteresisArea : 5
  INFO root [0x00003154] [2019-09-03 21:36:05,688] - 	entryScriptFile : kbemain
  INFO root [0x00003154] [2019-09-03 21:36:05,688] - 	internalTcpAddr : 192.168.56.1:52854
  INFO root [0x00003154] [2019-09-03 21:36:05,688] - 	componentID : 8001
  WARN root [0x00003154] [2019-09-03 21:36:05,688] - invalid UID(0) <= 0, please check UID for environment! automatically set to 2082.
  INFO root [0x00003154] [2019-09-03 21:36:07,208] - ---- cellapp Version: 2.4.5. ScriptVersion: 0.1.0. Pythoncore: 3.7.3. Protocol: C9FCABE153AC3D64A8F240810ADA666D. Config: Debug X86. Built: 09:56:57 May  8 2019. AppID: 8001. UID: 2082. PID: 1804 ----
  INFO root [0x00003154] [2019-09-03 21:36:07,212] - Server error_name: Intel(R) Core(TM) i5-6300HQ CPU @ 2.30GHz with 2097151kB RAM
  INFO root [0x00003154] [2019-09-03 21:36:07,212] - ThreadPool::createThreadPool: creating  threadpool...
  INFO root [0x00003154] [2019-09-03 21:36:07,212] - ThreadPool::createThreadPool: successfully(2), newThreadCount=1, normalMaxThreadCount=2, maxThreadCount=8
  INFO root [0x00003154] [2019-09-03 21:36:07,422] - Script::install(): is successfully, Python=(3.7.3 (default, May  8 2019, 09:53:38) [MSC v.1916 32 bit (Intel)])!
  INFO root [0x00003154] [2019-09-03 21:36:07,422] - Script::install(): KBExtra is successfully!
  INFO root [0x00003154] [2019-09-03 21:36:07,483] - TelnetServer server is running on port 50000
  INFO root [0x00003154] [2019-09-03 21:36:07,902] - ---- cellapp is running ----
 DEBUG root [0x00003154] [2019-09-03 21:36:07,902] - Components::process(): Request for the process of identity...
  WARN root [0x00003154] [2019-09-03 21:36:14,258] - EntityApp::checkTickPeriod: tick took 6357% (6.36 seconds)!
  INFO root [0x00003154] [2019-09-03 21:36:15,318] - Components::findComponents: find logger(1)...
  INFO root [0x00003154] [2019-09-03 21:36:15,338] - Components::findComponents: found logger, addr:192.168.56.1:52850
  INFO root [0x00003154] [2019-09-03 21:36:15,338] - Components::addComponent: reset orderLog, uid=2082!
  INFO root [0x00003154] [2019-09-03 21:36:15,338] - Components::addComponent[logger], uid=2082, componentID=2000, globalorderid=1, grouporderid=1, totalcount=1
  INFO root [0x00003154] [2019-09-03 21:36:15,338] - Components::findComponents: find dbmgr(2)...
  INFO root [0x00003154] [2019-09-03 21:36:15,459] - Components::findComponents: found dbmgr, addr:192.168.56.1:52855
  INFO root [0x00003154] [2019-09-03 21:36:15,459] - Components::addComponent: reset orderLog, uid=2082!
  INFO root [0x00003154] [2019-09-03 21:36:15,459] - Components::addComponent[dbmgr], uid=2082, componentID=4000, globalorderid=1, grouporderid=1, totalcount=1
  INFO root [0x00003154] [2019-09-03 21:36:15,459] - Components::findComponents: found dbmgr, addr:192.168.56.1:52855
  WARN root [0x00003154] [2019-09-03 21:36:16,478] - EntityApp::checkTickPeriod: tick took 1260% (1.26 seconds)!
  WARN root [0x00003154] [2019-09-03 21:36:16,478] - Forwarding logs to logger[192.168.56.1:52850/0/0/0]...
 ERROR root [0x00003154] [2019-09-03 21:50:26,960] - Components::removeComponentByChannel: logger : 2000, Abnormal exit(reason=TCPPacketReceiver::processRecv(): error=10054
)! Channel(timestamp=272452677262, lastReceivedTime=272404611520, inactivityExceptionPeriod=134887628)
  INFO root [0x00003154] [2019-09-03 21:50:26,975] - The following logs sent to logger failed:
  WARN root [0x00003154] [2019-09-03 21:50:26,975] - ==> [2019-09-03 21:50:26 967] TCPPacketReceiver::processPendingEvents(192.168.56.1:52850): Throwing REASON_GENERAL_NETWORK - WSAECONNRESET
 ERROR root [0x00003154] [2019-09-03 21:50:26,975] - ==> [2019-09-03 21:50:26 973] Components::removeComponentByChannel: logger : 2000, Abnormal exit(reason=TCPPacketReceiver::processRecv(): error=10054
)! Channel(timestamp=272452677262, lastReceivedTime=272404611520, inactivityExceptionPeriod=134887628)
  WARN root [0x00003154] [2019-09-03 21:50:27,069] - TCPPacketReceiver::processPendingEvents(192.168.56.1:52855): Throwing REASON_GENERAL_NETWORK - WSAECONNRESET
 ERROR root [0x00003154] [2019-09-03 21:50:27,069] - Components::removeComponentByChannel: dbmgr : 4000, Abnormal exit(reason=TCPPacketReceiver::processRecv(): error=10054
)! Channel(timestamp=272452919779, lastReceivedTime=272404835574, inactivityExceptionPeriod=134887628)
  INFO root [0x00003154] [2019-09-03 21:50:27,069] - Shutdowner::onShutdownBegin: shutting down(period=0, tickPeriod=1)
  INFO root [0x00003154] [2019-09-03 21:50:27,084] - Shutdowner::onShutdown: shutting down
  INFO root [0x00003154] [2019-09-03 21:50:27,084] - Shutdowner::onShutdownEnd: shutting down
 DEBUG root [0x00003154] [2019-09-03 21:50:27,084] - EntityRef::destroyObjPool(): size 0.
 DEBUG root [0x00003154] [2019-09-03 21:50:27,084] - Witness::destroyObjPool(): size 0.
  INFO root [0x00003154] [2019-09-03 21:50:27,100] - Script::uninstall(): is successfully!
 DEBUG root [0x00003154] [2019-09-03 21:50:27,100] - ThreadPool::destroy(): starting size 2.
  WARN root [0x00003154] [2019-09-03 21:50:27,506] - ThreadPool::destroy(): waiting for thread(2)[0x675370,0x675718,], try=1
