  INFO root [0x00003ec0] [2019-09-15 09:42:58,913] - 
  INFO root [0x00003ec0] [2019-09-15 09:42:58,913] - -----------------------------------------------------------------------------------------


  INFO root [0x00003ec0] [2019-09-15 09:42:58,915] - Resmgr::initialize: KBE_ROOT=D:/kbengine/
  INFO root [0x00003ec0] [2019-09-15 09:42:58,915] - Resmgr::initialize: KBE_RES_PATH=D:/kbengine/kbe/res/;D:/kbengine/BattleOfBalls_assets/;D:/kbengine/BattleOfBalls_assets/res/;D:/kbengine/BattleOfBalls_assets/scripts/
  INFO root [0x00003ec0] [2019-09-15 09:42:58,915] - Resmgr::initialize: KBE_BIN_PATH=D:/kbengine/kbe/bin/server/
  INFO root [0x00003ec0] [2019-09-15 09:42:58,932] - NetworkInterface::initialize(INTERNAL-TCP): bound to all interfaces with default route interface on 192.168.56.1 ( 192.168.56.1:56460 )
  INFO root [0x00003ec0] [2019-09-15 09:42:58,935] - NetworkInterface::initialize(INTERNAL-TCP): address 192.168.56.1:56460, SOMAXCONN=5.
  INFO root [0x00003ec0] [2019-09-15 09:42:58,935] - server-configs:
  INFO root [0x00003ec0] [2019-09-15 09:42:58,935] - 	gameUpdateHertz : 10
  INFO root [0x00003ec0] [2019-09-15 09:42:58,935] - 	defaultViewRadius : 80
  INFO root [0x00003ec0] [2019-09-15 09:42:58,935] - 	defaultViewHysteresisArea : 5
  INFO root [0x00003ec0] [2019-09-15 09:42:58,936] - 	entryScriptFile : kbemain
  INFO root [0x00003ec0] [2019-09-15 09:42:58,936] - 	internalTcpAddr : 192.168.56.1:56460
  INFO root [0x00003ec0] [2019-09-15 09:42:58,936] - 	componentID : 7129652375332859700
  WARN root [0x00003ec0] [2019-09-15 09:42:58,936] - invalid UID(0) <= 0, please check UID for environment! automatically set to 2082.
  INFO root [0x00003ec0] [2019-09-15 09:43:00,441] - ---- cellapp Version: 2.4.5. ScriptVersion: 0.1.0. Pythoncore: 3.7.3. Protocol: C9FCABE153AC3D64A8F240810ADA666D. Config: Debug X86. Built: 09:56:57 May  8 2019. AppID: 7129652375332859700. UID: 2082. PID: 11932 ----
  INFO root [0x00003ec0] [2019-09-15 09:43:00,441] - Server error_name: Intel(R) Core(TM) i5-6300HQ CPU @ 2.30GHz with 2097151kB RAM
  INFO root [0x00003ec0] [2019-09-15 09:43:00,442] - ThreadPool::createThreadPool: creating  threadpool...
  INFO root [0x00003ec0] [2019-09-15 09:43:00,442] - ThreadPool::createThreadPool: successfully(2), newThreadCount=1, normalMaxThreadCount=2, maxThreadCount=8
  INFO root [0x00003ec0] [2019-09-15 09:43:00,660] - Script::install(): is successfully, Python=(3.7.3 (default, May  8 2019, 09:53:38) [MSC v.1916 32 bit (Intel)])!
  INFO root [0x00003ec0] [2019-09-15 09:43:00,660] - Script::install(): KBExtra is successfully!
 DEBUG root [0x00003ec0] [2019-09-15 09:43:00,779] - loaded entity-script:Account(1).
 DEBUG root [0x00003ec0] [2019-09-15 09:43:00,780] - loaded entity-script:Room(3).
 DEBUG root [0x00003ec0] [2019-09-15 09:43:00,781] - loaded entity-script:Food(4).
 DEBUG root [0x00003ec0] [2019-09-15 09:43:00,781] - loaded entity-script:Smash(5).
  INFO root [0x00003ec0] [2019-09-15 09:43:00,781] - TelnetServer server is running on port 50000
