  INFO root [0x000023c0] [2019-05-08 10:04:06,524] - 
  INFO root [0x000023c0] [2019-05-08 10:04:06,524] - -----------------------------------------------------------------------------------------


  INFO root [0x000023c0] [2019-05-08 10:04:06,524] - Resmgr::initialize: KBE_ROOT=D:/kbengine/
  INFO root [0x000023c0] [2019-05-08 10:04:06,524] - Resmgr::initialize: KBE_RES_PATH=D:/kbengine/kbe/res/;D:/kbengine/server_assets/;D:/kbengine/server_assets/scripts/;D:/kbengine/server_assets/res/
  INFO root [0x000023c0] [2019-05-08 10:04:06,524] - Resmgr::initialize: KBE_BIN_PATH=D:/kbengine/kbe/bin/server/
  INFO root [0x000023c0] [2019-05-08 10:04:06,544] - NetworkInterface::initialize(INTERNAL-TCP): bound to all interfaces with default route interface on 192.168.56.1 ( 192.168.56.1:64916 )
  INFO root [0x000023c0] [2019-05-08 10:04:06,544] - NetworkInterface::initialize(INTERNAL-TCP): address 192.168.56.1:64916, SOMAXCONN=5.
  INFO root [0x000023c0] [2019-05-08 10:04:06,544] - server-configs:
  INFO root [0x000023c0] [2019-05-08 10:04:06,544] - 	gameUpdateHertz : 10
  INFO root [0x000023c0] [2019-05-08 10:04:06,544] - 	defaultViewRadius : 80
  INFO root [0x000023c0] [2019-05-08 10:04:06,544] - 	defaultViewHysteresisArea : 5
  INFO root [0x000023c0] [2019-05-08 10:04:06,544] - 	entryScriptFile : kbemain
  INFO root [0x000023c0] [2019-05-08 10:04:06,544] - 	internalTcpAddr : 192.168.56.1:64916
  INFO root [0x000023c0] [2019-05-08 10:04:06,544] - 	componentID : 8001
  WARN root [0x000023c0] [2019-05-08 10:04:06,544] - invalid UID(0) <= 0, please check UID for environment! automatically set to 3960.
  INFO root [0x000023c0] [2019-05-08 10:04:06,634] - Components::findLogger: found logger, addr:192.168.56.1:64886
  INFO root [0x000023c0] [2019-05-08 10:04:06,634] - Components::addComponent: reset orderLog, uid=3960!
  INFO root [0x000023c0] [2019-05-08 10:04:06,634] - Components::addComponent[logger], uid=3960, componentID=2000, globalorderid=1, grouporderid=1, totalcount=1
  INFO root [0x000023c0] [2019-05-08 10:04:06,634] - ---- cellapp Version: 2.4.5. ScriptVersion: 0.1.0. Pythoncore: 3.7.3. Protocol: C9FCABE153AC3D64A8F240810ADA666D. Config: Debug X86. Built: 09:56:57 May  8 2019. AppID: 8001. UID: 3960. PID: 2236 ----
  INFO root [0x000023c0] [2019-05-08 10:04:06,634] - Server error_name: Intel(R) Core(TM) i5-6300HQ CPU @ 2.30GHz with 2097151kB RAM
  INFO root [0x000023c0] [2019-05-08 10:04:06,634] - ThreadPool::createThreadPool: creating  threadpool...
  INFO root [0x000023c0] [2019-05-08 10:04:06,634] - ThreadPool::createThreadPool: successfully(2), newThreadCount=1, normalMaxThreadCount=2, maxThreadCount=8
  INFO root [0x000023c0] [2019-05-08 10:04:06,848] - Script::install(): is successfully, Python=(3.7.3 (default, May  8 2019, 09:53:38) [MSC v.1916 32 bit (Intel)])!
  INFO root [0x000023c0] [2019-05-08 10:04:06,848] - Script::install(): KBExtra is successfully!
  INFO root [0x000023c0] [2019-05-08 10:04:06,899] - TelnetServer server is running on port 50000
  INFO root [0x000023c0] [2019-05-08 10:04:07,284] - ---- cellapp is running ----
 DEBUG root [0x000023c0] [2019-05-08 10:04:07,284] - Components::process(): Request for the process of identity...
  WARN root [0x000023c0] [2019-05-08 10:04:13,535] - Forwarding logs to logger[192.168.56.1:64886/0/0/0]...
 ERROR root [0x000023c0] [2019-05-08 10:05:17,628] - Components::removeComponentByChannel: logger : 2000, Abnormal exit(reason=TCPPacketReceiver::processRecv(): error=10054
)! Channel(timestamp=317863973032, lastReceivedTime=317852847521, inactivityExceptionPeriod=134887325)
  INFO root [0x000023c0] [2019-05-08 10:05:17,634] - The following logs sent to logger failed:
  WARN root [0x000023c0] [2019-05-08 10:05:17,634] - ==> [2019-05-08 10:05:17 630] TCPPacketReceiver::processPendingEvents(192.168.56.1:64886): Throwing REASON_GENERAL_NETWORK - WSAECONNRESET
 ERROR root [0x000023c0] [2019-05-08 10:05:17,634] - ==> [2019-05-08 10:05:17 631] Components::removeComponentByChannel: logger : 2000, Abnormal exit(reason=TCPPacketReceiver::processRecv(): error=10054
)! Channel(timestamp=317863973032, lastReceivedTime=317852847521, inactivityExceptionPeriod=134887325)
  WARN root [0x000023c0] [2019-05-08 10:05:17,728] - TCPPacketReceiver::processPendingEvents(192.168.56.1:64889): Throwing REASON_GENERAL_NETWORK - WSAECONNRESET
 ERROR root [0x000023c0] [2019-05-08 10:05:17,728] - Components::removeComponentByChannel: dbmgr : 4000, Abnormal exit(reason=TCPPacketReceiver::processRecv(): error=10054
)! Channel(timestamp=317864205445, lastReceivedTime=317823061234, inactivityExceptionPeriod=134887325)
  INFO root [0x000023c0] [2019-05-08 10:05:17,734] - Shutdowner::onShutdownBegin: shutting down(period=0, tickPeriod=1)
  INFO root [0x000023c0] [2019-05-08 10:05:17,734] - Shutdowner::onShutdown: shutting down
  INFO root [0x000023c0] [2019-05-08 10:05:17,734] - Shutdowner::onShutdownEnd: shutting down
 DEBUG root [0x000023c0] [2019-05-08 10:05:17,734] - EntityRef::destroyObjPool(): size 0.
 DEBUG root [0x000023c0] [2019-05-08 10:05:17,734] - Witness::destroyObjPool(): size 0.
  INFO root [0x000023c0] [2019-05-08 10:05:17,768] - Script::uninstall(): is successfully!
 DEBUG root [0x000023c0] [2019-05-08 10:05:17,768] - ThreadPool::destroy(): starting size 2.
  WARN root [0x000023c0] [2019-05-08 10:05:18,074] - ThreadPool::destroy(): waiting for thread(2)[0x7642e0,0x764480,], try=1
