  INFO root [0x00004814] [2019-09-04 20:33:10,315] - 
  INFO root [0x00004814] [2019-09-04 20:33:10,430] - -----------------------------------------------------------------------------------------


  INFO root [0x00004814] [2019-09-04 20:33:13,348] - Resmgr::initialize: KBE_ROOT=D:/kbengine/
  INFO root [0x00004814] [2019-09-04 20:33:13,348] - Resmgr::initialize: KBE_RES_PATH=D:/kbengine/kbe/res/;D:/kbengine/BattleOfBalls_assets/;D:/kbengine/BattleOfBalls_assets/scripts/;D:/kbengine/BattleOfBalls_assets/res/
  INFO root [0x00004814] [2019-09-04 20:33:13,348] - Resmgr::initialize: KBE_BIN_PATH=D:/kbengine/kbe/bin/server/
  INFO root [0x00004814] [2019-09-04 20:33:13,944] - NetworkInterface::initialize(INTERNAL-TCP): bound to all interfaces with default route interface on 192.168.56.1 ( 192.168.56.1:56231 )
  INFO root [0x00004814] [2019-09-04 20:33:14,030] - NetworkInterface::initialize(INTERNAL-TCP): address 192.168.56.1:56231, SOMAXCONN=5.
  INFO root [0x00004814] [2019-09-04 20:33:14,030] - server-configs:
  INFO root [0x00004814] [2019-09-04 20:33:14,031] - 	gameUpdateHertz : 10
  INFO root [0x00004814] [2019-09-04 20:33:14,236] - 	defaultViewRadius : 80
  INFO root [0x00004814] [2019-09-04 20:33:14,236] - 	defaultViewHysteresisArea : 5
  INFO root [0x00004814] [2019-09-04 20:33:14,236] - 	entryScriptFile : kbemain
  INFO root [0x00004814] [2019-09-04 20:33:14,236] - 	internalTcpAddr : 192.168.56.1:56231
  INFO root [0x00004814] [2019-09-04 20:33:14,236] - 	componentID : 8001
  WARN root [0x00004814] [2019-09-04 20:33:14,237] - invalid UID(0) <= 0, please check UID for environment! automatically set to 2082.
  WARN root [0x00004814] [2019-09-04 20:33:15,040] - BundleBroadcast::BundleBroadcast: Cannot bind to port 20235, errorno=10048
  INFO root [0x00004814] [2019-09-04 20:33:15,044] - ---- cellapp Version: 2.4.5. ScriptVersion: 0.1.0. Pythoncore: 3.7.3. Protocol: C9FCABE153AC3D64A8F240810ADA666D. Config: Debug X86. Built: 09:56:57 May  8 2019. AppID: 8001. UID: 2082. PID: 20204 ----
  INFO root [0x00004814] [2019-09-04 20:33:15,045] - Server error_name: Intel(R) Core(TM) i5-6300HQ CPU @ 2.30GHz with 2097151kB RAM
  INFO root [0x00004814] [2019-09-04 20:33:15,107] - ThreadPool::createThreadPool: creating  threadpool...
  INFO root [0x00004814] [2019-09-04 20:33:15,183] - ThreadPool::createThreadPool: successfully(2), newThreadCount=1, normalMaxThreadCount=2, maxThreadCount=8
  INFO root [0x00004814] [2019-09-04 20:33:15,972] - Script::install(): is successfully, Python=(3.7.3 (default, May  8 2019, 09:53:38) [MSC v.1916 32 bit (Intel)])!
  INFO root [0x00004814] [2019-09-04 20:33:15,972] - Script::install(): KBExtra is successfully!
  INFO root [0x00004814] [2019-09-04 20:33:17,199] - TelnetServer server is running on port 50000
  INFO root [0x00004814] [2019-09-04 20:33:19,123] - ---- cellapp is running ----
 DEBUG root [0x00004814] [2019-09-04 20:33:19,124] - Components::process(): Request for the process of identity...
  WARN root [0x00004814] [2019-09-04 20:33:25,304] - EntityApp::checkTickPeriod: tick took 6181% (6.18 seconds)!
  WARN root [0x00004814] [2019-09-04 20:33:25,349] - TCPPacketReceiver::processPendingEvents(192.168.56.1:56239): Throwing REASON_GENERAL_NETWORK - WSAECONNABORTED
  INFO root [0x00004814] [2019-09-04 20:33:26,323] - Components::findComponents: find logger(1)...
  INFO root [0x00004814] [2019-09-04 20:33:26,353] - Components::findComponents: found logger, addr:192.168.56.1:56212
  INFO root [0x00004814] [2019-09-04 20:33:26,353] - Components::addComponent: reset orderLog, uid=2082!
  INFO root [0x00004814] [2019-09-04 20:33:26,353] - Components::addComponent[logger], uid=2082, componentID=2000, globalorderid=1, grouporderid=1, totalcount=1
  INFO root [0x00004814] [2019-09-04 20:33:26,354] - Components::findComponents: find dbmgr(2)...
  INFO root [0x00004814] [2019-09-04 20:33:26,457] - Components::findComponents: found dbmgr, addr:192.168.56.1:56213
  INFO root [0x00004814] [2019-09-04 20:33:26,457] - Components::addComponent: reset orderLog, uid=2082!
  INFO root [0x00004814] [2019-09-04 20:33:26,457] - Components::addComponent[dbmgr], uid=2082, componentID=4000, globalorderid=1, grouporderid=1, totalcount=1
  INFO root [0x00004814] [2019-09-04 20:33:26,457] - Components::findComponents: found dbmgr, addr:192.168.56.1:56213
  WARN root [0x00004814] [2019-09-04 20:33:27,457] - EntityApp::checkTickPeriod: tick took 1234% (1.23 seconds)!
  WARN root [0x00004814] [2019-09-04 20:33:27,458] - Forwarding logs to logger[192.168.56.1:56212/0/0/0]...
 ERROR root [0x00004814] [2019-09-04 20:33:33,064] - Components::removeComponentByChannel: logger : 2000, Abnormal exit(reason=TCPPacketReceiver::processRecv(): error=10054
)! Channel(timestamp=456491959780, lastReceivedTime=456476861980, inactivityExceptionPeriod=134887628)
  INFO root [0x00004814] [2019-09-04 20:33:33,068] - The following logs sent to logger failed:
  WARN root [0x00004814] [2019-09-04 20:33:33,069] - ==> [2019-09-04 20:33:33 063] TCPPacketReceiver::processPendingEvents(192.168.56.1:56212): Throwing REASON_GENERAL_NETWORK - WSAECONNRESET
 ERROR root [0x00004814] [2019-09-04 20:33:33,069] - ==> [2019-09-04 20:33:33 065] Components::removeComponentByChannel: logger : 2000, Abnormal exit(reason=TCPPacketReceiver::processRecv(): error=10054
)! Channel(timestamp=456491959780, lastReceivedTime=456476861980, inactivityExceptionPeriod=134887628)
  WARN root [0x00004814] [2019-09-04 20:33:33,154] - TCPPacketReceiver::processPendingEvents(192.168.56.1:56213): Throwing REASON_GENERAL_NETWORK - WSAECONNRESET
 ERROR root [0x00004814] [2019-09-04 20:33:33,156] - Components::removeComponentByChannel: dbmgr : 4000, Abnormal exit(reason=TCPPacketReceiver::processRecv(): error=10054
)! Channel(timestamp=456492165299, lastReceivedTime=456491388870, inactivityExceptionPeriod=134887628)
  INFO root [0x00004814] [2019-09-04 20:33:33,163] - Shutdowner::onShutdownBegin: shutting down(period=0, tickPeriod=1)
  INFO root [0x00004814] [2019-09-04 20:33:33,164] - Shutdowner::onShutdown: shutting down
  INFO root [0x00004814] [2019-09-04 20:33:33,164] - Shutdowner::onShutdownEnd: shutting down
 DEBUG root [0x00004814] [2019-09-04 20:33:33,240] - EntityRef::destroyObjPool(): size 0.
 DEBUG root [0x00004814] [2019-09-04 20:33:33,240] - Witness::destroyObjPool(): size 0.
  INFO root [0x00004814] [2019-09-04 20:33:33,297] - Script::uninstall(): is successfully!
 DEBUG root [0x00004814] [2019-09-04 20:33:33,297] - ThreadPool::destroy(): starting size 2.
  INFO root [0x0000454c] [2019-09-04 20:33:34,800] - 
  INFO root [0x0000454c] [2019-09-04 20:33:34,803] - -----------------------------------------------------------------------------------------


  INFO root [0x0000454c] [2019-09-04 20:33:34,804] - Resmgr::initialize: KBE_ROOT=D:/kbengine/
  INFO root [0x0000454c] [2019-09-04 20:33:34,805] - Resmgr::initialize: KBE_RES_PATH=D:/kbengine/kbe/res/;D:/kbengine/BattleOfBalls_assets/;D:/kbengine/BattleOfBalls_assets/scripts/;D:/kbengine/BattleOfBalls_assets/res/
  INFO root [0x0000454c] [2019-09-04 20:33:34,805] - Resmgr::initialize: KBE_BIN_PATH=D:/kbengine/kbe/bin/server/
  INFO root [0x0000454c] [2019-09-04 20:33:34,853] - NetworkInterface::initialize(INTERNAL-TCP): bound to all interfaces with default route interface on 192.168.56.1 ( 192.168.56.1:56260 )
  INFO root [0x0000454c] [2019-09-04 20:33:34,853] - NetworkInterface::initialize(INTERNAL-TCP): address 192.168.56.1:56260, SOMAXCONN=5.
  INFO root [0x0000454c] [2019-09-04 20:33:34,853] - server-configs:
  INFO root [0x0000454c] [2019-09-04 20:33:34,853] - 	gameUpdateHertz : 10
  INFO root [0x0000454c] [2019-09-04 20:33:34,854] - 	defaultViewRadius : 80
  INFO root [0x0000454c] [2019-09-04 20:33:34,854] - 	defaultViewHysteresisArea : 5
  INFO root [0x0000454c] [2019-09-04 20:33:34,854] - 	entryScriptFile : kbemain
  INFO root [0x0000454c] [2019-09-04 20:33:34,854] - 	internalTcpAddr : 192.168.56.1:56260
  INFO root [0x0000454c] [2019-09-04 20:33:34,854] - 	componentID : 8001
  WARN root [0x0000454c] [2019-09-04 20:33:34,860] - invalid UID(0) <= 0, please check UID for environment! automatically set to 2082.
  WARN root [0x0000454c] [2019-09-04 20:33:35,200] - BundleBroadcast::BundleBroadcast: Cannot bind to port 20775, errorno=10048
  INFO root [0x0000454c] [2019-09-04 20:33:35,204] - ---- cellapp Version: 2.4.5. ScriptVersion: 0.1.0. Pythoncore: 3.7.3. Protocol: C9FCABE153AC3D64A8F240810ADA666D. Config: Debug X86. Built: 09:56:57 May  8 2019. AppID: 8001. UID: 2082. PID: 16296 ----
  INFO root [0x0000454c] [2019-09-04 20:33:35,204] - Server error_name: Intel(R) Core(TM) i5-6300HQ CPU @ 2.30GHz with 2097151kB RAM
  INFO root [0x0000454c] [2019-09-04 20:33:35,205] - ThreadPool::createThreadPool: creating  threadpool...
  INFO root [0x0000454c] [2019-09-04 20:33:35,205] - ThreadPool::createThreadPool: successfully(2), newThreadCount=1, normalMaxThreadCount=2, maxThreadCount=8
  INFO root [0x0000454c] [2019-09-04 20:33:35,408] - Script::install(): is successfully, Python=(3.7.3 (default, May  8 2019, 09:53:38) [MSC v.1916 32 bit (Intel)])!
  INFO root [0x0000454c] [2019-09-04 20:33:35,409] - Script::install(): KBExtra is successfully!
  INFO root [0x0000454c] [2019-09-04 20:33:35,477] - TelnetServer server is running on port 50000
  INFO root [0x0000454c] [2019-09-04 20:33:35,885] - ---- cellapp is running ----
 DEBUG root [0x0000454c] [2019-09-04 20:33:35,885] - Components::process(): Request for the process of identity...
  WARN root [0x0000454c] [2019-09-04 20:33:41,988] - EntityApp::checkTickPeriod: tick took 6102% (6.10 seconds)!
  INFO root [0x0000454c] [2019-09-04 20:33:43,029] - Components::findComponents: find logger(1)...
  INFO root [0x0000454c] [2019-09-04 20:33:43,078] - Components::findComponents: found logger, addr:192.168.56.1:56261
  INFO root [0x0000454c] [2019-09-04 20:33:43,078] - Components::addComponent: reset orderLog, uid=2082!
  INFO root [0x0000454c] [2019-09-04 20:33:43,079] - Components::addComponent[logger], uid=2082, componentID=2000, globalorderid=1, grouporderid=1, totalcount=1
  INFO root [0x0000454c] [2019-09-04 20:33:43,080] - Components::findComponents: find dbmgr(2)...
  INFO root [0x0000454c] [2019-09-04 20:33:43,084] - Components::findComponents: found dbmgr, addr:192.168.56.1:56263
  INFO root [0x0000454c] [2019-09-04 20:33:43,084] - Components::addComponent: reset orderLog, uid=2082!
  INFO root [0x0000454c] [2019-09-04 20:33:43,084] - Components::addComponent[dbmgr], uid=2082, componentID=4000, globalorderid=1, grouporderid=1, totalcount=1
  INFO root [0x0000454c] [2019-09-04 20:33:43,087] - Components::findComponents: found logger, addr:192.168.56.1:56261
  INFO root [0x0000454c] [2019-09-04 20:33:43,090] - Components::findComponents: found dbmgr, addr:192.168.56.1:56263
  WARN root [0x0000454c] [2019-09-04 20:33:44,091] - Forwarding logs to logger[192.168.56.1:56261/0/0/0]...
 ERROR root [0x0000454c] [2019-09-04 20:34:29,778] - Components::removeComponentByChannel: logger : 2000, Abnormal exit(reason=TCPPacketReceiver::processRecv(): error=10054
)! Channel(timestamp=456619566671, lastReceivedTime=456563506154, inactivityExceptionPeriod=134887676)
  INFO root [0x0000454c] [2019-09-04 20:34:29,781] - The following logs sent to logger failed:
  WARN root [0x0000454c] [2019-09-04 20:34:29,781] - ==> [2019-09-04 20:34:29 777] TCPPacketReceiver::processPendingEvents(192.168.56.1:56261): Throwing REASON_GENERAL_NETWORK - WSAECONNRESET
 ERROR root [0x0000454c] [2019-09-04 20:34:29,782] - ==> [2019-09-04 20:34:29 779] Components::removeComponentByChannel: logger : 2000, Abnormal exit(reason=TCPPacketReceiver::processRecv(): error=10054
)! Channel(timestamp=456619566671, lastReceivedTime=456563506154, inactivityExceptionPeriod=134887676)
  WARN root [0x0000454c] [2019-09-04 20:34:29,881] - TCPPacketReceiver::processPendingEvents(192.168.56.1:56263): Throwing REASON_GENERAL_NETWORK - WSAECONNRESET
 ERROR root [0x0000454c] [2019-09-04 20:34:29,881] - Components::removeComponentByChannel: dbmgr : 4000, Abnormal exit(reason=TCPPacketReceiver::processRecv(): error=10054
)! Channel(timestamp=456619798032, lastReceivedTime=456563642168, inactivityExceptionPeriod=134887676)
  INFO root [0x0000454c] [2019-09-04 20:34:29,888] - Shutdowner::onShutdownBegin: shutting down(period=0, tickPeriod=1)
  INFO root [0x0000454c] [2019-09-04 20:34:29,888] - Shutdowner::onShutdown: shutting down
  INFO root [0x0000454c] [2019-09-04 20:34:29,888] - Shutdowner::onShutdownEnd: shutting down
 DEBUG root [0x0000454c] [2019-09-04 20:34:29,889] - EntityRef::destroyObjPool(): size 0.
 DEBUG root [0x0000454c] [2019-09-04 20:34:29,889] - Witness::destroyObjPool(): size 0.
  INFO root [0x0000454c] [2019-09-04 20:34:29,915] - Script::uninstall(): is successfully!
 DEBUG root [0x0000454c] [2019-09-04 20:34:29,915] - ThreadPool::destroy(): starting size 2.
  WARN root [0x0000454c] [2019-09-04 20:34:30,236] - ThreadPool::destroy(): waiting for thread(2)[0x216e1d0,0x216e370,], try=1
  INFO root [0x000047a8] [2019-09-04 20:34:31,596] - 
  INFO root [0x000047a8] [2019-09-04 20:34:31,601] - -----------------------------------------------------------------------------------------


  INFO root [0x000047a8] [2019-09-04 20:34:31,602] - Resmgr::initialize: KBE_ROOT=D:/kbengine/
  INFO root [0x000047a8] [2019-09-04 20:34:31,603] - Resmgr::initialize: KBE_RES_PATH=D:/kbengine/kbe/res/;D:/kbengine/BattleOfBalls_assets/;D:/kbengine/BattleOfBalls_assets/scripts/;D:/kbengine/BattleOfBalls_assets/res/
  INFO root [0x000047a8] [2019-09-04 20:34:31,603] - Resmgr::initialize: KBE_BIN_PATH=D:/kbengine/kbe/bin/server/
  INFO root [0x000047a8] [2019-09-04 20:34:31,648] - NetworkInterface::initialize(INTERNAL-TCP): bound to all interfaces with default route interface on 192.168.56.1 ( 192.168.56.1:56315 )
  INFO root [0x000047a8] [2019-09-04 20:34:31,648] - NetworkInterface::initialize(INTERNAL-TCP): address 192.168.56.1:56315, SOMAXCONN=5.
  INFO root [0x000047a8] [2019-09-04 20:34:31,648] - server-configs:
  INFO root [0x000047a8] [2019-09-04 20:34:31,649] - 	gameUpdateHertz : 10
  INFO root [0x000047a8] [2019-09-04 20:34:31,649] - 	defaultViewRadius : 80
  INFO root [0x000047a8] [2019-09-04 20:34:31,649] - 	defaultViewHysteresisArea : 5
  INFO root [0x000047a8] [2019-09-04 20:34:31,649] - 	entryScriptFile : kbemain
  INFO root [0x000047a8] [2019-09-04 20:34:31,649] - 	internalTcpAddr : 192.168.56.1:56315
  INFO root [0x000047a8] [2019-09-04 20:34:31,650] - 	componentID : 8001
  WARN root [0x000047a8] [2019-09-04 20:34:31,650] - invalid UID(0) <= 0, please check UID for environment! automatically set to 2082.
  INFO root [0x000047a8] [2019-09-04 20:34:33,155] - ---- cellapp Version: 2.4.5. ScriptVersion: 0.1.0. Pythoncore: 3.7.3. Protocol: C9FCABE153AC3D64A8F240810ADA666D. Config: Debug X86. Built: 09:56:57 May  8 2019. AppID: 8001. UID: 2082. PID: 8856 ----
  INFO root [0x000047a8] [2019-09-04 20:34:33,156] - Server error_name: Intel(R) Core(TM) i5-6300HQ CPU @ 2.30GHz with 2097151kB RAM
  INFO root [0x000047a8] [2019-09-04 20:34:33,156] - ThreadPool::createThreadPool: creating  threadpool...
  INFO root [0x000047a8] [2019-09-04 20:34:33,157] - ThreadPool::createThreadPool: successfully(2), newThreadCount=1, normalMaxThreadCount=2, maxThreadCount=8
  INFO root [0x000047a8] [2019-09-04 20:34:33,359] - Script::install(): is successfully, Python=(3.7.3 (default, May  8 2019, 09:53:38) [MSC v.1916 32 bit (Intel)])!
  INFO root [0x000047a8] [2019-09-04 20:34:33,359] - Script::install(): KBExtra is successfully!
  INFO root [0x000047a8] [2019-09-04 20:34:33,429] - TelnetServer server is running on port 50000
  INFO root [0x000047a8] [2019-09-04 20:34:33,863] - ---- cellapp is running ----
 DEBUG root [0x000047a8] [2019-09-04 20:34:33,864] - Components::process(): Request for the process of identity...
  WARN root [0x000047a8] [2019-09-04 20:34:39,995] - EntityApp::checkTickPeriod: tick took 6133% (6.13 seconds)!
  INFO root [0x000047a8] [2019-09-04 20:34:41,062] - Components::findComponents: find logger(1)...
  INFO root [0x000047a8] [2019-09-04 20:34:41,102] - Components::findComponents: found logger, addr:192.168.56.1:56314
  INFO root [0x000047a8] [2019-09-04 20:34:41,102] - Components::addComponent: reset orderLog, uid=2082!
  INFO root [0x000047a8] [2019-09-04 20:34:41,102] - Components::addComponent[logger], uid=2082, componentID=2000, globalorderid=1, grouporderid=1, totalcount=1
  INFO root [0x000047a8] [2019-09-04 20:34:41,103] - Components::findComponents: find dbmgr(2)...
  INFO root [0x000047a8] [2019-09-04 20:34:41,206] - Components::findComponents: found dbmgr, addr:192.168.56.1:56312
  INFO root [0x000047a8] [2019-09-04 20:34:41,207] - Components::addComponent: reset orderLog, uid=2082!
  INFO root [0x000047a8] [2019-09-04 20:34:41,207] - Components::addComponent[dbmgr], uid=2082, componentID=4000, globalorderid=1, grouporderid=1, totalcount=1
  INFO root [0x000047a8] [2019-09-04 20:34:41,208] - Components::findComponents: found dbmgr, addr:192.168.56.1:56312
  WARN root [0x000047a8] [2019-09-04 20:34:42,208] - EntityApp::checkTickPeriod: tick took 1246% (1.25 seconds)!
  WARN root [0x000047a8] [2019-09-04 20:34:42,209] - Forwarding logs to logger[192.168.56.1:56314/0/0/0]...
 ERROR root [0x000047a8] [2019-09-04 20:34:56,327] - Components::removeComponentByChannel: logger : 2000, Abnormal exit(reason=TCPPacketReceiver::processRecv(): error=10054
)! Channel(timestamp=456679300538, lastReceivedTime=456645048052, inactivityExceptionPeriod=134881617)
  INFO root [0x000047a8] [2019-09-04 20:34:56,330] - The following logs sent to logger failed:
  WARN root [0x000047a8] [2019-09-04 20:34:56,330] - ==> [2019-09-04 20:34:56 325] TCPPacketReceiver::processPendingEvents(192.168.56.1:56314): Throwing REASON_GENERAL_NETWORK - WSAECONNRESET
 ERROR root [0x000047a8] [2019-09-04 20:34:56,331] - ==> [2019-09-04 20:34:56 327] Components::removeComponentByChannel: logger : 2000, Abnormal exit(reason=TCPPacketReceiver::processRecv(): error=10054
)! Channel(timestamp=456679300538, lastReceivedTime=456645048052, inactivityExceptionPeriod=134881617)
  WARN root [0x000047a8] [2019-09-04 20:34:56,427] - TCPPacketReceiver::processPendingEvents(192.168.56.1:56312): Throwing REASON_GENERAL_NETWORK - WSAECONNRESET
 ERROR root [0x000047a8] [2019-09-04 20:34:56,429] - Components::removeComponentByChannel: dbmgr : 4000, Abnormal exit(reason=TCPPacketReceiver::processRecv(): error=10054
)! Channel(timestamp=456679530327, lastReceivedTime=456666369453, inactivityExceptionPeriod=134881617)
  INFO root [0x000047a8] [2019-09-04 20:34:56,438] - Shutdowner::onShutdownBegin: shutting down(period=0, tickPeriod=1)
  INFO root [0x000047a8] [2019-09-04 20:34:56,442] - Shutdowner::onShutdown: shutting down
  INFO root [0x000047a8] [2019-09-04 20:34:56,442] - Shutdowner::onShutdownEnd: shutting down
 DEBUG root [0x000047a8] [2019-09-04 20:34:56,443] - EntityRef::destroyObjPool(): size 0.
 DEBUG root [0x000047a8] [2019-09-04 20:34:56,443] - Witness::destroyObjPool(): size 0.
  INFO root [0x000047a8] [2019-09-04 20:34:56,472] - Script::uninstall(): is successfully!
 DEBUG root [0x000047a8] [2019-09-04 20:34:56,473] - ThreadPool::destroy(): starting size 2.
  WARN root [0x000047a8] [2019-09-04 20:34:56,773] - ThreadPool::destroy(): waiting for thread(2)[0x84c290,0x84c568,], try=1
  INFO root [0x00004108] [2019-09-04 20:34:58,167] - 
  INFO root [0x00004108] [2019-09-04 20:34:58,170] - -----------------------------------------------------------------------------------------


  INFO root [0x00004108] [2019-09-04 20:34:58,171] - Resmgr::initialize: KBE_ROOT=D:/kbengine/
  INFO root [0x00004108] [2019-09-04 20:34:58,171] - Resmgr::initialize: KBE_RES_PATH=D:/kbengine/kbe/res/;D:/kbengine/BattleOfBalls_assets/;D:/kbengine/BattleOfBalls_assets/scripts/;D:/kbengine/BattleOfBalls_assets/res/
  INFO root [0x00004108] [2019-09-04 20:34:58,172] - Resmgr::initialize: KBE_BIN_PATH=D:/kbengine/kbe/bin/server/
  INFO root [0x00004108] [2019-09-04 20:34:58,192] - NetworkInterface::initialize(INTERNAL-TCP): bound to all interfaces with default route interface on 192.168.56.1 ( 192.168.56.1:56357 )
  INFO root [0x00004108] [2019-09-04 20:34:58,192] - NetworkInterface::initialize(INTERNAL-TCP): address 192.168.56.1:56357, SOMAXCONN=5.
  INFO root [0x00004108] [2019-09-04 20:34:58,192] - server-configs:
  INFO root [0x00004108] [2019-09-04 20:34:58,193] - 	gameUpdateHertz : 10
  INFO root [0x00004108] [2019-09-04 20:34:58,193] - 	defaultViewRadius : 80
  INFO root [0x00004108] [2019-09-04 20:34:58,193] - 	defaultViewHysteresisArea : 5
  INFO root [0x00004108] [2019-09-04 20:34:58,193] - 	entryScriptFile : kbemain
  INFO root [0x00004108] [2019-09-04 20:34:58,193] - 	internalTcpAddr : 192.168.56.1:56357
  INFO root [0x00004108] [2019-09-04 20:34:58,193] - 	componentID : 8001
  WARN root [0x00004108] [2019-09-04 20:34:58,194] - invalid UID(0) <= 0, please check UID for environment! automatically set to 2082.
  INFO root [0x00004108] [2019-09-04 20:34:59,699] - ---- cellapp Version: 2.4.5. ScriptVersion: 0.1.0. Pythoncore: 3.7.3. Protocol: C9FCABE153AC3D64A8F240810ADA666D. Config: Debug X86. Built: 09:56:57 May  8 2019. AppID: 8001. UID: 2082. PID: 14840 ----
  INFO root [0x00004108] [2019-09-04 20:34:59,700] - Server error_name: Intel(R) Core(TM) i5-6300HQ CPU @ 2.30GHz with 2097151kB RAM
  INFO root [0x00004108] [2019-09-04 20:34:59,700] - ThreadPool::createThreadPool: creating  threadpool...
  INFO root [0x00004108] [2019-09-04 20:34:59,701] - ThreadPool::createThreadPool: successfully(2), newThreadCount=1, normalMaxThreadCount=2, maxThreadCount=8
  INFO root [0x00004108] [2019-09-04 20:34:59,900] - Script::install(): is successfully, Python=(3.7.3 (default, May  8 2019, 09:53:38) [MSC v.1916 32 bit (Intel)])!
  INFO root [0x00004108] [2019-09-04 20:34:59,901] - Script::install(): KBExtra is successfully!
  INFO root [0x00004108] [2019-09-04 20:34:59,966] - TelnetServer server is running on port 50000
  INFO root [0x00004108] [2019-09-04 20:35:00,407] - ---- cellapp is running ----
 DEBUG root [0x00004108] [2019-09-04 20:35:00,407] - Components::process(): Request for the process of identity...
  WARN root [0x00004108] [2019-09-04 20:35:06,521] - EntityApp::checkTickPeriod: tick took 6114% (6.11 seconds)!
  INFO root [0x00004108] [2019-09-04 20:35:07,575] - Components::findComponents: find logger(1)...
  INFO root [0x00004108] [2019-09-04 20:35:07,622] - Components::findComponents: found logger, addr:192.168.56.1:56356
  INFO root [0x00004108] [2019-09-04 20:35:07,622] - Components::addComponent: reset orderLog, uid=2082!
  INFO root [0x00004108] [2019-09-04 20:35:07,622] - Components::addComponent[logger], uid=2082, componentID=2000, globalorderid=1, grouporderid=1, totalcount=1
  INFO root [0x00004108] [2019-09-04 20:35:07,624] - Components::findComponents: find dbmgr(2)...
  INFO root [0x00004108] [2019-09-04 20:35:07,727] - Components::findComponents: found dbmgr, addr:192.168.56.1:56359
  INFO root [0x00004108] [2019-09-04 20:35:07,727] - Components::addComponent: reset orderLog, uid=2082!
  INFO root [0x00004108] [2019-09-04 20:35:07,727] - Components::addComponent[dbmgr], uid=2082, componentID=4000, globalorderid=1, grouporderid=1, totalcount=1
  INFO root [0x00004108] [2019-09-04 20:35:07,728] - Components::findComponents: found dbmgr, addr:192.168.56.1:56359
  WARN root [0x00004108] [2019-09-04 20:35:08,728] - Forwarding logs to logger[192.168.56.1:56356/0/0/0]...
 ERROR root [0x00004108] [2019-09-04 20:35:50,943] - Components::removeComponentByChannel: logger : 2000, Abnormal exit(reason=TCPPacketReceiver::processRecv(): error=10054
)! Channel(timestamp=456802188216, lastReceivedTime=456750927987, inactivityExceptionPeriod=134887628)
  INFO root [0x00004108] [2019-09-04 20:35:50,946] - The following logs sent to logger failed:
  WARN root [0x00004108] [2019-09-04 20:35:50,946] - ==> [2019-09-04 20:35:50 940] TCPPacketReceiver::processPendingEvents(192.168.56.1:56356): Throwing REASON_GENERAL_NETWORK - WSAECONNRESET
 ERROR root [0x00004108] [2019-09-04 20:35:50,946] - ==> [2019-09-04 20:35:50 944] Components::removeComponentByChannel: logger : 2000, Abnormal exit(reason=TCPPacketReceiver::processRecv(): error=10054
)! Channel(timestamp=456802188216, lastReceivedTime=456750927987, inactivityExceptionPeriod=134887628)
  WARN root [0x00004108] [2019-09-04 20:35:51,040] - TCPPacketReceiver::processPendingEvents(192.168.56.1:56359): Throwing REASON_GENERAL_NETWORK - WSAECONNRESET
 ERROR root [0x00004108] [2019-09-04 20:35:51,044] - Components::removeComponentByChannel: dbmgr : 4000, Abnormal exit(reason=TCPPacketReceiver::processRecv(): error=10054
)! Channel(timestamp=456802415808, lastReceivedTime=456751062228, inactivityExceptionPeriod=134887628)
  INFO root [0x00004108] [2019-09-04 20:35:51,051] - Shutdowner::onShutdownBegin: shutting down(period=0, tickPeriod=1)
  INFO root [0x00004108] [2019-09-04 20:35:51,053] - Shutdowner::onShutdown: shutting down
  INFO root [0x00004108] [2019-09-04 20:35:51,053] - Shutdowner::onShutdownEnd: shutting down
 DEBUG root [0x00004108] [2019-09-04 20:35:51,054] - EntityRef::destroyObjPool(): size 0.
 DEBUG root [0x00004108] [2019-09-04 20:35:51,055] - Witness::destroyObjPool(): size 0.
  INFO root [0x00004108] [2019-09-04 20:35:51,082] - Script::uninstall(): is successfully!
 DEBUG root [0x00004108] [2019-09-04 20:35:51,082] - ThreadPool::destroy(): starting size 2.
  WARN root [0x00004108] [2019-09-04 20:35:51,384] - ThreadPool::destroy(): waiting for thread(2)[0x1a64c0,0x1a5fe0,], try=1
  INFO root [0x00004efc] [2019-09-04 20:56:08,565] - 
  INFO root [0x00004efc] [2019-09-04 20:56:08,595] - -----------------------------------------------------------------------------------------


  INFO root [0x00004efc] [2019-09-04 20:56:08,597] - Resmgr::initialize: KBE_ROOT=D:/kbengine/
  INFO root [0x00004efc] [2019-09-04 20:56:08,597] - Resmgr::initialize: KBE_RES_PATH=D:/kbengine/kbe/res/;D:/kbengine/BattleOfBalls_assets/;D:/kbengine/BattleOfBalls_assets/scripts/;D:/kbengine/BattleOfBalls_assets/res/
  INFO root [0x00004efc] [2019-09-04 20:56:08,597] - Resmgr::initialize: KBE_BIN_PATH=D:/kbengine/kbe/bin/server/
  INFO root [0x00004efc] [2019-09-04 20:56:08,663] - NetworkInterface::initialize(INTERNAL-TCP): bound to all interfaces with default route interface on 192.168.56.1 ( 192.168.56.1:56637 )
  INFO root [0x00004efc] [2019-09-04 20:56:08,663] - NetworkInterface::initialize(INTERNAL-TCP): address 192.168.56.1:56637, SOMAXCONN=5.
  INFO root [0x00004efc] [2019-09-04 20:56:08,664] - server-configs:
  INFO root [0x00004efc] [2019-09-04 20:56:08,664] - 	gameUpdateHertz : 10
  INFO root [0x00004efc] [2019-09-04 20:56:08,664] - 	defaultViewRadius : 80
  INFO root [0x00004efc] [2019-09-04 20:56:08,664] - 	defaultViewHysteresisArea : 5
  INFO root [0x00004efc] [2019-09-04 20:56:08,664] - 	entryScriptFile : kbemain
  INFO root [0x00004efc] [2019-09-04 20:56:08,664] - 	internalTcpAddr : 192.168.56.1:56637
  INFO root [0x00004efc] [2019-09-04 20:56:08,664] - 	componentID : 8001
  WARN root [0x00004efc] [2019-09-04 20:56:08,666] - invalid UID(0) <= 0, please check UID for environment! automatically set to 2082.
  INFO root [0x00004efc] [2019-09-04 20:56:10,170] - ---- cellapp Version: 2.4.5. ScriptVersion: 0.1.0. Pythoncore: 3.7.3. Protocol: C9FCABE153AC3D64A8F240810ADA666D. Config: Debug X86. Built: 09:56:57 May  8 2019. AppID: 8001. UID: 2082. PID: 5452 ----
  INFO root [0x00004efc] [2019-09-04 20:56:10,171] - Server error_name: Intel(R) Core(TM) i5-6300HQ CPU @ 2.30GHz with 2097151kB RAM
  INFO root [0x00004efc] [2019-09-04 20:56:10,171] - ThreadPool::createThreadPool: creating  threadpool...
  INFO root [0x00004efc] [2019-09-04 20:56:10,172] - ThreadPool::createThreadPool: successfully(2), newThreadCount=1, normalMaxThreadCount=2, maxThreadCount=8
  INFO root [0x00004efc] [2019-09-04 20:56:10,379] - Script::install(): is successfully, Python=(3.7.3 (default, May  8 2019, 09:53:38) [MSC v.1916 32 bit (Intel)])!
  INFO root [0x00004efc] [2019-09-04 20:56:10,379] - Script::install(): KBExtra is successfully!
  INFO root [0x00004efc] [2019-09-04 20:56:10,451] - TelnetServer server is running on port 50000
  INFO root [0x00004efc] [2019-09-04 20:56:10,916] - ---- cellapp is running ----
 DEBUG root [0x00004efc] [2019-09-04 20:56:10,936] - Components::process(): Request for the process of identity...
  WARN root [0x00004efc] [2019-09-04 20:56:17,069] - EntityApp::checkTickPeriod: tick took 6153% (6.15 seconds)!
  INFO root [0x00004efc] [2019-09-04 20:56:18,116] - Components::findComponents: find logger(1)...
  INFO root [0x00004efc] [2019-09-04 20:56:18,146] - Components::findComponents: found logger, addr:192.168.56.1:56634
  INFO root [0x00004efc] [2019-09-04 20:56:18,147] - Components::addComponent: reset orderLog, uid=2082!
  INFO root [0x00004efc] [2019-09-04 20:56:18,147] - Components::addComponent[logger], uid=2082, componentID=2000, globalorderid=1, grouporderid=1, totalcount=1
  INFO root [0x00004efc] [2019-09-04 20:56:18,148] - Components::findComponents: find dbmgr(2)...
  INFO root [0x00004efc] [2019-09-04 20:56:18,250] - Components::findComponents: found dbmgr, addr:192.168.56.1:56632
  INFO root [0x00004efc] [2019-09-04 20:56:18,251] - Components::addComponent: reset orderLog, uid=2082!
  INFO root [0x00004efc] [2019-09-04 20:56:18,251] - Components::addComponent[dbmgr], uid=2082, componentID=4000, globalorderid=1, grouporderid=1, totalcount=1
  INFO root [0x00004efc] [2019-09-04 20:56:18,251] - Components::findComponents: found dbmgr, addr:192.168.56.1:56632
  WARN root [0x00004efc] [2019-09-04 20:56:19,252] - EntityApp::checkTickPeriod: tick took 1235% (1.24 seconds)!
  WARN root [0x00004efc] [2019-09-04 20:56:19,252] - Forwarding logs to logger[192.168.56.1:56634/0/0/0]...
 ERROR root [0x00004efc] [2019-09-04 20:56:50,180] - Components::removeComponentByChannel: logger : 2000, Abnormal exit(reason=TCPPacketReceiver::processRecv(): error=10054
)! Channel(timestamp=459635474751, lastReceivedTime=459609470810, inactivityExceptionPeriod=134887628)
  INFO root [0x00004efc] [2019-09-04 20:56:50,190] - The following logs sent to logger failed:
  WARN root [0x00004efc] [2019-09-04 20:56:50,191] - ==> [2019-09-04 20:56:50 180] TCPPacketReceiver::processPendingEvents(192.168.56.1:56634): Throwing REASON_GENERAL_NETWORK - WSAECONNRESET
 ERROR root [0x00004efc] [2019-09-04 20:56:50,191] - ==> [2019-09-04 20:56:50 181] Components::removeComponentByChannel: logger : 2000, Abnormal exit(reason=TCPPacketReceiver::processRecv(): error=10054
)! Channel(timestamp=459635474751, lastReceivedTime=459609470810, inactivityExceptionPeriod=134887628)
  WARN root [0x00004efc] [2019-09-04 20:56:50,287] - TCPPacketReceiver::processPendingEvents(192.168.56.1:56632): Throwing REASON_GENERAL_NETWORK - WSAECONNRESET
 ERROR root [0x00004efc] [2019-09-04 20:56:50,291] - Components::removeComponentByChannel: dbmgr : 4000, Abnormal exit(reason=TCPPacketReceiver::processRecv(): error=10054
)! Channel(timestamp=459635724863, lastReceivedTime=459609320985, inactivityExceptionPeriod=134887628)
  INFO root [0x00004efc] [2019-09-04 20:56:50,294] - Shutdowner::onShutdownBegin: shutting down(period=0, tickPeriod=1)
  INFO root [0x00004efc] [2019-09-04 20:56:50,295] - Shutdowner::onShutdown: shutting down
  INFO root [0x00004efc] [2019-09-04 20:56:50,295] - Shutdowner::onShutdownEnd: shutting down
 DEBUG root [0x00004efc] [2019-09-04 20:56:50,295] - EntityRef::destroyObjPool(): size 0.
 DEBUG root [0x00004efc] [2019-09-04 20:56:50,296] - Witness::destroyObjPool(): size 0.
  INFO root [0x00004efc] [2019-09-04 20:56:50,335] - Script::uninstall(): is successfully!
 DEBUG root [0x00004efc] [2019-09-04 20:56:50,335] - ThreadPool::destroy(): starting size 2.
  WARN root [0x00004efc] [2019-09-04 20:56:50,638] - ThreadPool::destroy(): waiting for thread(2)[0x2254b60,0x2254958,], try=1
  INFO root [0x00000b18] [2019-09-04 20:57:33,802] - 
  INFO root [0x00000b18] [2019-09-04 20:57:33,803] - -----------------------------------------------------------------------------------------


  INFO root [0x00000b18] [2019-09-04 20:57:33,805] - Resmgr::initialize: KBE_ROOT=D:/kbengine/
  INFO root [0x00000b18] [2019-09-04 20:57:33,805] - Resmgr::initialize: KBE_RES_PATH=D:/kbengine/kbe/res/;D:/kbengine/BattleOfBalls_assets/;D:/kbengine/BattleOfBalls_assets/scripts/;D:/kbengine/BattleOfBalls_assets/res/
  INFO root [0x00000b18] [2019-09-04 20:57:33,805] - Resmgr::initialize: KBE_BIN_PATH=D:/kbengine/kbe/bin/server/
  INFO root [0x00000b18] [2019-09-04 20:57:33,838] - NetworkInterface::initialize(INTERNAL-TCP): bound to all interfaces with default route interface on 192.168.56.1 ( 192.168.56.1:56689 )
  INFO root [0x00000b18] [2019-09-04 20:57:33,838] - NetworkInterface::initialize(INTERNAL-TCP): address 192.168.56.1:56689, SOMAXCONN=5.
  INFO root [0x00000b18] [2019-09-04 20:57:33,839] - server-configs:
  INFO root [0x00000b18] [2019-09-04 20:57:33,839] - 	gameUpdateHertz : 10
  INFO root [0x00000b18] [2019-09-04 20:57:33,839] - 	defaultViewRadius : 80
  INFO root [0x00000b18] [2019-09-04 20:57:33,839] - 	defaultViewHysteresisArea : 5
  INFO root [0x00000b18] [2019-09-04 20:57:33,839] - 	entryScriptFile : kbemain
  INFO root [0x00000b18] [2019-09-04 20:57:33,839] - 	internalTcpAddr : 192.168.56.1:56689
  INFO root [0x00000b18] [2019-09-04 20:57:33,839] - 	componentID : 8001
  WARN root [0x00000b18] [2019-09-04 20:57:33,841] - invalid UID(0) <= 0, please check UID for environment! automatically set to 2082.
  INFO root [0x00000b18] [2019-09-04 20:57:35,351] - ---- cellapp Version: 2.4.5. ScriptVersion: 0.1.0. Pythoncore: 3.7.3. Protocol: C9FCABE153AC3D64A8F240810ADA666D. Config: Debug X86. Built: 09:56:57 May  8 2019. AppID: 8001. UID: 2082. PID: 18948 ----
  INFO root [0x00000b18] [2019-09-04 20:57:35,352] - Server error_name: Intel(R) Core(TM) i5-6300HQ CPU @ 2.30GHz with 2097151kB RAM
  INFO root [0x00000b18] [2019-09-04 20:57:35,353] - ThreadPool::createThreadPool: creating  threadpool...
  INFO root [0x00000b18] [2019-09-04 20:57:35,353] - ThreadPool::createThreadPool: successfully(2), newThreadCount=1, normalMaxThreadCount=2, maxThreadCount=8
  INFO root [0x00000b18] [2019-09-04 20:57:35,556] - Script::install(): is successfully, Python=(3.7.3 (default, May  8 2019, 09:53:38) [MSC v.1916 32 bit (Intel)])!
  INFO root [0x00000b18] [2019-09-04 20:57:35,556] - Script::install(): KBExtra is successfully!
  INFO root [0x00000b18] [2019-09-04 20:57:35,624] - TelnetServer server is running on port 50000
  INFO root [0x00000b18] [2019-09-04 20:57:36,089] - ---- cellapp is running ----
 DEBUG root [0x00000b18] [2019-09-04 20:57:36,089] - Components::process(): Request for the process of identity...
  INFO root [0x00003544] [2019-09-04 20:57:39,439] - 
  INFO root [0x00003544] [2019-09-04 20:57:39,440] - -----------------------------------------------------------------------------------------


  INFO root [0x00003544] [2019-09-04 20:57:39,441] - Resmgr::initialize: KBE_ROOT=D:/kbengine/
  INFO root [0x00003544] [2019-09-04 20:57:39,441] - Resmgr::initialize: KBE_RES_PATH=D:/kbengine/kbe/res/;D:/kbengine/BattleOfBalls_assets/;D:/kbengine/BattleOfBalls_assets/scripts/;D:/kbengine/BattleOfBalls_assets/res/
  INFO root [0x00003544] [2019-09-04 20:57:39,441] - Resmgr::initialize: KBE_BIN_PATH=D:/kbengine/kbe/bin/server/
  INFO root [0x00003544] [2019-09-04 20:57:39,475] - NetworkInterface::initialize(INTERNAL-TCP): bound to all interfaces with default route interface on 192.168.56.1 ( 192.168.56.1:56709 )
  INFO root [0x00003544] [2019-09-04 20:57:39,475] - NetworkInterface::initialize(INTERNAL-TCP): address 192.168.56.1:56709, SOMAXCONN=5.
  INFO root [0x00003544] [2019-09-04 20:57:39,476] - server-configs:
  INFO root [0x00003544] [2019-09-04 20:57:39,476] - 	gameUpdateHertz : 10
  INFO root [0x00003544] [2019-09-04 20:57:39,476] - 	defaultViewRadius : 80
  INFO root [0x00003544] [2019-09-04 20:57:39,476] - 	defaultViewHysteresisArea : 5
  INFO root [0x00003544] [2019-09-04 20:57:39,476] - 	entryScriptFile : kbemain
  INFO root [0x00003544] [2019-09-04 20:57:39,476] - 	internalTcpAddr : 192.168.56.1:56709
  INFO root [0x00003544] [2019-09-04 20:57:39,476] - 	componentID : 8001
  WARN root [0x00003544] [2019-09-04 20:57:39,477] - invalid UID(0) <= 0, please check UID for environment! automatically set to 2082.
  INFO root [0x00003544] [2019-09-04 20:57:40,983] - ---- cellapp Version: 2.4.5. ScriptVersion: 0.1.0. Pythoncore: 3.7.3. Protocol: C9FCABE153AC3D64A8F240810ADA666D. Config: Debug X86. Built: 09:56:57 May  8 2019. AppID: 8001. UID: 2082. PID: 10896 ----
  INFO root [0x00003544] [2019-09-04 20:57:40,984] - Server error_name: Intel(R) Core(TM) i5-6300HQ CPU @ 2.30GHz with 2097151kB RAM
  INFO root [0x00003544] [2019-09-04 20:57:40,984] - ThreadPool::createThreadPool: creating  threadpool...
  INFO root [0x00003544] [2019-09-04 20:57:40,985] - ThreadPool::createThreadPool: successfully(2), newThreadCount=1, normalMaxThreadCount=2, maxThreadCount=8
  INFO root [0x00003544] [2019-09-04 20:57:41,184] - Script::install(): is successfully, Python=(3.7.3 (default, May  8 2019, 09:53:38) [MSC v.1916 32 bit (Intel)])!
  INFO root [0x00003544] [2019-09-04 20:57:41,185] - Script::install(): KBExtra is successfully!
  INFO root [0x00003544] [2019-09-04 20:57:41,252] - TelnetServer server is running on port 50000
  INFO root [0x00003544] [2019-09-04 20:57:41,674] - ---- cellapp is running ----
 DEBUG root [0x00003544] [2019-09-04 20:57:41,674] - Components::process(): Request for the process of identity...
  WARN root [0x00003544] [2019-09-04 20:57:47,785] - EntityApp::checkTickPeriod: tick took 6110% (6.11 seconds)!
  INFO root [0x00003544] [2019-09-04 20:57:48,875] - Components::findComponents: find logger(1)...
  INFO root [0x00003544] [2019-09-04 20:57:48,968] - Components::findComponents: found logger, addr:192.168.56.1:56705
  INFO root [0x00003544] [2019-09-04 20:57:48,968] - Components::addComponent: reset orderLog, uid=2082!
  INFO root [0x00003544] [2019-09-04 20:57:48,968] - Components::addComponent[logger], uid=2082, componentID=2000, globalorderid=1, grouporderid=1, totalcount=1
  INFO root [0x00003544] [2019-09-04 20:57:48,970] - Components::findComponents: find dbmgr(2)...
  INFO root [0x00003544] [2019-09-04 20:57:49,072] - Components::findComponents: found dbmgr, addr:192.168.56.1:56710
  INFO root [0x00003544] [2019-09-04 20:57:49,072] - Components::addComponent: reset orderLog, uid=2082!
  INFO root [0x00003544] [2019-09-04 20:57:49,072] - Components::addComponent[dbmgr], uid=2082, componentID=4000, globalorderid=1, grouporderid=1, totalcount=1
  INFO root [0x00003544] [2019-09-04 20:57:49,073] - Components::findComponents: found dbmgr, addr:192.168.56.1:56710
  WARN root [0x00003544] [2019-09-04 20:57:50,074] - EntityApp::checkTickPeriod: tick took 1299% (1.30 seconds)!
  WARN root [0x00003544] [2019-09-04 20:57:50,074] - Forwarding logs to logger[192.168.56.1:56705/0/0/0]...
 ERROR root [0x00003544] [2019-09-04 20:58:31,945] - Components::removeComponentByChannel: logger : 2000, Abnormal exit(reason=TCPPacketReceiver::processRecv(): error=10054
)! Channel(timestamp=459864444378, lastReceivedTime=459813780080, inactivityExceptionPeriod=134887628)
  INFO root [0x00003544] [2019-09-04 20:58:31,951] - The following logs sent to logger failed:
  WARN root [0x00003544] [2019-09-04 20:58:31,951] - ==> [2019-09-04 20:58:31 943] TCPPacketReceiver::processPendingEvents(192.168.56.1:56705): Throwing REASON_GENERAL_NETWORK - WSAECONNRESET
 ERROR root [0x00003544] [2019-09-04 20:58:31,951] - ==> [2019-09-04 20:58:31 946] Components::removeComponentByChannel: logger : 2000, Abnormal exit(reason=TCPPacketReceiver::processRecv(): error=10054
)! Channel(timestamp=459864444378, lastReceivedTime=459813780080, inactivityExceptionPeriod=134887628)
  WARN root [0x00003544] [2019-09-04 20:58:32,043] - TCPPacketReceiver::processPendingEvents(192.168.56.1:56710): Throwing REASON_GENERAL_NETWORK - WSAECONNRESET
 ERROR root [0x00003544] [2019-09-04 20:58:32,049] - Components::removeComponentByChannel: dbmgr : 4000, Abnormal exit(reason=TCPPacketReceiver::processRecv(): error=10054
)! Channel(timestamp=459864677608, lastReceivedTime=459813967561, inactivityExceptionPeriod=134887628)
  INFO root [0x00003544] [2019-09-04 20:58:32,060] - Shutdowner::onShutdownBegin: shutting down(period=0, tickPeriod=1)
  INFO root [0x00003544] [2019-09-04 20:58:32,065] - Shutdowner::onShutdown: shutting down
  INFO root [0x00003544] [2019-09-04 20:58:32,066] - Shutdowner::onShutdownEnd: shutting down
 DEBUG root [0x00003544] [2019-09-04 20:58:32,066] - EntityRef::destroyObjPool(): size 0.
 DEBUG root [0x00003544] [2019-09-04 20:58:32,066] - Witness::destroyObjPool(): size 0.
  INFO root [0x00003544] [2019-09-04 20:58:32,100] - Script::uninstall(): is successfully!
 DEBUG root [0x00003544] [2019-09-04 20:58:32,100] - ThreadPool::destroy(): starting size 2.
  WARN root [0x00003544] [2019-09-04 20:58:32,400] - ThreadPool::destroy(): waiting for thread(2)[0x8f9038,0x8f8a88,], try=1
