  INFO root [2019-06-10 19:38:57,699] - 
  INFO root [2019-06-10 19:38:57,715] - -----------------------------------------------------------------------------------------


  INFO root [2019-06-10 19:38:57,716] - Resmgr::initialize: KBE_ROOT=D:/kbengine/
  INFO root [2019-06-10 19:38:57,716] - Resmgr::initialize: KBE_RES_PATH=D:/kbengine/kbe/res/;D:/kbengine/server/;D:/kbengine/server/scripts/;D:/kbengine/server/res/
  INFO root [2019-06-10 19:38:57,716] - Resmgr::initialize: KBE_BIN_PATH=D:/kbengine/kbe/bin/server/
  INFO root [2019-06-10 19:38:57,749] - NetworkInterface::initialize(INTERNAL-TCP): bound to all interfaces with default route interface on 192.168.56.1 ( 192.168.56.1:51542 )
  INFO root [2019-06-10 19:38:57,750] - NetworkInterface::initialize(INTERNAL-TCP): address 192.168.56.1:51542, SOMAXCONN=5.
  INFO root [2019-06-10 19:38:57,750] - server-configs:
  INFO root [2019-06-10 19:38:57,750] - 	internalTcpAddr : 192.168.56.1:51542
  INFO root [2019-06-10 19:38:57,750] - 	componentID : 4000
  WARN root [2019-06-10 19:38:57,753] - invalid UID(0) <= 0, please check UID for environment! automatically set to 3960.
  WARN root [2019-06-10 19:38:58,190] - BundleBroadcast::BundleBroadcast: Cannot bind to port 20926, errorno=10048
  INFO root [2019-06-10 19:38:58,193] - ---- dbmgr Version: 2.4.5. ScriptVersion: 0.1.0. Pythoncore: 3.7.3. Protocol: 11178A1C367680938C8E416B64844ACD. Config: Debug X86. Built: 09:55:16 May  8 2019. AppID: 4000. UID: 3960. PID: 9652 ----
  INFO root [2019-06-10 19:38:58,193] - Server error_name: Intel(R) Core(TM) i5-6300HQ CPU @ 2.30GHz with 2097151kB RAM
  INFO root [2019-06-10 19:38:58,193] - ThreadPool::createThreadPool: creating  threadpool...
  INFO root [2019-06-10 19:38:58,193] - ThreadPool::createThreadPool: successfully(2), newThreadCount=1, normalMaxThreadCount=2, maxThreadCount=8
  INFO root [2019-06-10 19:38:58,404] - Script::install(): is successfully, Python=(3.7.3 (default, May  8 2019, 09:53:38) [MSC v.1916 32 bit (Intel)])!
  INFO root [2019-06-10 19:38:58,404] - Script::install(): KBExtra is successfully!
  INFO root [2019-06-10 19:38:58,494] - Dbmgr::initializeEnd: digest(363BB7D9C7C9010E5779213C13D38542)
S_INFO root [2019-06-10 19:38:58,494] - onDBMgrReady: bootstrapGroupIndex=0, bootstrapGlobalIndex=0
  INFO root [2019-06-10 19:38:58,494] - TelnetServer server is running on port 32000
  INFO root [2019-06-10 19:38:58,494] - Dbmgr::initInterfacesHandler: interfaces addr(127.0.0.1:30099), accountType:(interfaces), chargeType:(interfaces).
  WARN root [2019-06-10 19:38:58,654] - DBUtil::initialize: db(default) password is not encrypted!
please use password(rsa):
2649E019A27073063DD6F19FAC9C73C5DE6B3F59C3D6C059584B9733D0E91CAFD0B39D6B6BED537A7A5A0714F05F1C0C0E7283BEAE64FFB354731A66A43E541CA6EAB68C092E0950856D925111E2C979B7A2AF69365E41FF7C4F11B194C6AD84CD4EBA7CDE25470F2BA75ED5002CC17C07CCA88065F0119D67C80FF67574A3BE
 DEBUG root [2019-06-10 19:38:58,660] - DBInterfaceMysql::attach: connect: localhost:3306 starting...
 DEBUG root [2019-06-10 19:38:58,830] - DBInterfaceMysql::attach: successfully! addr: localhost:3306
  INFO root [2019-06-10 19:38:58,830] - DBUtil::createInterface[0xd9f218]: interface=default, dbtype=mysql, ip=localhost, port=3306, currdatabase=kbe, username=kbe, connected=yes.

  INFO root [2019-06-10 19:38:58,830] - ThreadPool::createThreadPool: creating  threadpool...
  INFO root [2019-06-10 19:38:58,833] - ThreadPool::createThreadPool: successfully(5), newThreadCount=5, normalMaxThreadCount=5, maxThreadCount=5
 DEBUG root [2019-06-10 19:38:58,833] - DBInterfaceMysql::attach: connect: localhost:3306 starting...
 DEBUG root [2019-06-10 19:38:58,844] - DBInterfaceMysql::attach: connect: localhost:3306 starting...
 DEBUG root [2019-06-10 19:38:58,853] - DBInterfaceMysql::attach: connect: localhost:3306 starting...
 DEBUG root [2019-06-10 19:38:58,884] - DBInterfaceMysql::attach: connect: localhost:3306 starting...
 DEBUG root [2019-06-10 19:38:58,884] - DBInterfaceMysql::attach: connect: localhost:3306 starting...
 DEBUG root [2019-06-10 19:38:58,978] - DBInterfaceMysql::attach: successfully! addr: localhost:3306
 DEBUG root [2019-06-10 19:38:58,978] - DBThread::onStart(): 0x2427340!
  INFO root [2019-06-10 19:38:58,983] - DBInterfaceMysql::query: successfully!
 DEBUG root [2019-06-10 19:38:59,037] - DBInterfaceMysql::attach: successfully! addr: localhost:3306
 DEBUG root [2019-06-10 19:38:59,037] - DBThread::onStart(): 0x2427918!
 DEBUG root [2019-06-10 19:38:59,095] - DBInterfaceMysql::attach: successfully! addr: localhost:3306
 DEBUG root [2019-06-10 19:38:59,095] - DBThread::onStart(): 0x2427670!
 DEBUG root [2019-06-10 19:38:59,187] - DBInterfaceMysql::attach: successfully! addr: localhost:3306
 DEBUG root [2019-06-10 19:38:59,187] - DBThread::onStart(): 0x2427450!
  INFO root [2019-06-10 19:38:59,220] - DBInterfaceMysql::query: successfully!
  INFO root [2019-06-10 19:38:59,237] - DBInterfaceMysql::query: successfully!
  INFO root [2019-06-10 19:38:59,237] - DBInterfaceMysql::query: successfully!
  WARN root [2019-06-10 19:38:59,237] - DBTask::process(): took 0.25 seconds
sql:(CREATE TABLE IF NOT EXISTS kbe_accountinfos (`accountName` varchar(128) not null, PRIMARY KEY idKey (`accountName`),`password` varchar(255) not null,`bindata` blob,`email` varchar(191) not null, UNIQUE KEY `email` (`email`),`entityDBID` bigint(20) unsigned not null DEFAULT 0, UNIQUE KEY `entityDBID` (`entityDBID`),`flags` int unsigned not null DEFAULT 0,`deadline` bigint(20) not null DEFAULT 0,`regtime` bigint(20) not null DEFAULT 0,`lasttime` bigint(20) not null DEFAULT 0,`numlogin` int unsigned not null DEFAULT 0)ENGINE=InnoDB)
  INFO root [2019-06-10 19:38:59,238] - DBInterfaceMysql::query: successfully!
 DEBUG root [2019-06-10 19:38:59,238] - DBInterfaceMysql::dropEntityTableItemFromDB: tbl_Account sm_playerName.
  INFO root [2019-06-10 19:38:59,238] - DBInterfaceMysql::query: successfully!
  INFO root [2019-06-10 19:38:59,239] - DBInterfaceMysql::query: successfully!
 DEBUG root [2019-06-10 19:38:59,296] - DBInterfaceMysql::attach: successfully! addr: localhost:3306
 DEBUG root [2019-06-10 19:38:59,296] - DBThread::onStart(): 0x24273c8!
  INFO root [2019-06-10 19:38:59,381] - DBInterfaceMysql::query: successfully!
  WARN root [2019-06-10 19:38:59,382] - DBTask::process(): took 0.34 seconds
sql:(select distinct(serverGroupID) from kbe_entitylog)
  INFO root [2019-06-10 19:38:59,437] - DBInterfaceMysql::query: successfully!
  INFO root [2019-06-10 19:39:00,790] - DBInterfaceMysql::query: successfully!
 DEBUG root [2019-06-10 19:39:00,790] - DBInterfaceMysql::dropEntityTableItemFromDB: tbl_Account sm_playerId.
  INFO root [2019-06-10 19:39:01,989] - DBInterfaceMysql::query: successfully!
 DEBUG root [2019-06-10 19:39:01,989] - DBInterfaceMysql::dropEntityTableItemFromDB: tbl_Account sm_playerBean.
  INFO root [2019-06-10 19:39:03,206] - DBInterfaceMysql::query: successfully!
 DEBUG root [2019-06-10 19:39:03,206] - DBInterfaceMysql::dropEntityTableItemFromDB: tbl_Account sm_playerNew.
  INFO root [2019-06-10 19:39:04,650] - DBInterfaceMysql::query: successfully!
 DEBUG root [2019-06-10 19:39:04,650] - DBInterfaceMysql::dropEntityTableItemFromDB: tbl_Account sm_0_position.
  INFO root [2019-06-10 19:39:06,213] - DBInterfaceMysql::query: successfully!
 DEBUG root [2019-06-10 19:39:06,213] - DBInterfaceMysql::dropEntityTableItemFromDB: tbl_Account sm_1_position.
  INFO root [2019-06-10 19:39:07,292] - DBInterfaceMysql::query: successfully!
 DEBUG root [2019-06-10 19:39:07,292] - DBInterfaceMysql::dropEntityTableItemFromDB: tbl_Account sm_2_position.
  INFO root [2019-06-10 19:39:08,770] - DBInterfaceMysql::query: successfully!
 DEBUG root [2019-06-10 19:39:08,770] - DBInterfaceMysql::dropEntityTableItemFromDB: tbl_Account sm_0_direction.
  INFO root [2019-06-10 19:39:11,316] - DBInterfaceMysql::query: successfully!
 DEBUG root [2019-06-10 19:39:11,316] - DBInterfaceMysql::dropEntityTableItemFromDB: tbl_Account sm_1_direction.
  INFO root [2019-06-10 19:39:13,888] - DBInterfaceMysql::query: successfully!
 DEBUG root [2019-06-10 19:39:13,888] - DBInterfaceMysql::dropEntityTableItemFromDB: tbl_Account sm_2_direction.
  INFO root [2019-06-10 19:39:15,262] - DBInterfaceMysql::query: successfully!
  WARN root [2019-06-10 19:39:15,294] - DBTask::process(): took 16.20 seconds
sql:(show index from tbl_Account)
 DEBUG root [2019-06-10 19:39:15,310] - DBInterfaceMysql::dropEntityTableFromDB: tbl_hall.
  INFO root [2019-06-10 19:39:15,529] - DBInterfaceMysql::query: successfully!
 DEBUG root [2019-06-10 19:39:15,529] - DBInterfaceMysql::dropEntityTableFromDB: tbl_room.
  INFO root [2019-06-10 19:39:16,146] - DBInterfaceMysql::query: successfully!
  WARN root [2019-06-10 19:39:16,146] - d:\kbengine\kbe\src\server\dbmgr\dbmgr.cpp:306: Profile scriptCall took 17.65 seconds
  INFO root [2019-06-10 19:39:16,546] - ---- dbmgr is running ----
 DEBUG root [2019-06-10 19:39:16,546] - Components::process(): Request for the process of identity...
  INFO root [2019-06-10 19:39:22,683] - ServerApp::onRegisterNewApp: uid:3960, username:error_name, componentType:interfaces, componentID:3000, globalorderID=-1, grouporderID=-1, intaddr:192.168.56.1, intport:30099, extaddr:nonsupport, extport:0,  from 127.0.0.1:30099/0/0/0.
  INFO root [2019-06-10 19:39:22,683] - Components::addComponent: reset orderLog, uid=3960!
  INFO root [2019-06-10 19:39:22,683] - Components::addComponent[interfaces], uid=3960, componentID=3000, globalorderid=1, grouporderid=1, totalcount=1
  INFO root [2019-06-10 19:39:22,683] - ServerApp::onRegisterNewApp: uid:3960, username:error_name, componentType:cellappmgr, componentID:6000, globalorderID=-1, grouporderID=-1, intaddr:192.168.56.1, intport:51538, extaddr:nonsupport, extport:0,  from 192.168.56.1:51572/0/0/0.
  INFO root [2019-06-10 19:39:22,683] - Components::addComponent: reset orderLog, uid=3960!
  INFO root [2019-06-10 19:39:22,683] - Components::addComponent[cellappmgr], uid=3960, componentID=6000, globalorderid=1, grouporderid=1, totalcount=1
  INFO root [2019-06-10 19:39:22,683] - ServerApp::onRegisterNewApp: uid:3960, username:error_name, componentType:baseappmgr, componentID:5000, globalorderID=-1, grouporderID=-1, intaddr:192.168.56.1, intport:51541, extaddr:nonsupport, extport:0,  from 192.168.56.1:51574/0/0/0.
  INFO root [2019-06-10 19:39:22,683] - Components::addComponent[baseappmgr], uid=3960, componentID=5000, globalorderid=2, grouporderid=1, totalcount=1
  INFO root [2019-06-10 19:39:22,683] - ServerApp::onRegisterNewApp: uid:3960, username:error_name, componentType:loginapp, componentID:9000, globalorderID=-1, grouporderID=-1, intaddr:192.168.56.1, intport:51537, extaddr:192.168.56.1, extport:20013,  from 192.168.56.1:51576/0/0/0.
  INFO root [2019-06-10 19:39:22,683] - Components::addComponent[loginapp], uid=3960, componentID=9000, globalorderid=3, grouporderid=1, totalcount=1
  INFO root [2019-06-10 19:39:22,940] - ServerApp::onRegisterNewApp: uid:3960, username:error_name, componentType:baseapp, componentID:7001, globalorderID=-1, grouporderID=-1, intaddr:192.168.56.1, intport:51539, extaddr:192.168.56.1, extport:20015,  from 192.168.56.1:51578/0/0/0.
  INFO root [2019-06-10 19:39:22,940] - Components::addComponent[baseapp], uid=3960, componentID=7001, globalorderid=4, grouporderid=1, totalcount=1
  INFO root [2019-06-10 19:39:23,697] - Components::findComponents: find logger(1)...
  INFO root [2019-06-10 19:39:23,790] - Components::findComponents: found logger, addr:192.168.56.1:51544
  INFO root [2019-06-10 19:39:23,791] - Components::addComponent[logger], uid=3960, componentID=2000, globalorderid=5, grouporderid=1, totalcount=1
  WARN root [2019-06-10 19:39:23,792] - Forwarding logs to logger[192.168.56.1:51544/0/0/0]...
 ERROR root [2019-06-10 19:39:38,165] - Components::removeComponentByChannel: logger : 2000, Abnormal exit(reason=TCPPacketReceiver::processRecv(): error=10054
)! Channel(timestamp=5625426107, lastReceivedTime=5602007314, inactivityExceptionPeriod=134884559)
  INFO root [2019-06-10 19:39:38,170] - The following logs sent to logger failed:
  WARN root [2019-06-10 19:39:38,171] - ==> [2019-06-10 19:39:38 156] TCPPacketReceiver::processPendingEvents(192.168.56.1:51544): Throwing REASON_GENERAL_NETWORK - WSAECONNRESET
 ERROR root [2019-06-10 19:39:38,171] - ==> [2019-06-10 19:39:38 166] Components::removeComponentByChannel: logger : 2000, Abnormal exit(reason=TCPPacketReceiver::processRecv(): error=10054
)! Channel(timestamp=5625426107, lastReceivedTime=5602007314, inactivityExceptionPeriod=134884559)
