  INFO root [2019-09-26 10:13:32,769] - 
  INFO root [2019-09-26 10:13:32,770] - -----------------------------------------------------------------------------------------


  INFO root [2019-09-26 10:13:33,128] - Resmgr::initialize: KBE_ROOT=D:/kbengine/
  INFO root [2019-09-26 10:13:33,128] - Resmgr::initialize: KBE_RES_PATH=D:/kbengine/kbe/res/;D:/kbengine/BattleOfBalls_assets/;D:/kbengine/BattleOfBalls_assets/scripts/;D:/kbengine/BattleOfBalls_assets/res/
  INFO root [2019-09-26 10:13:33,129] - Resmgr::initialize: KBE_BIN_PATH=D:/kbengine/kbe/bin/server/
  INFO root [2019-09-26 10:13:33,203] - NetworkInterface::initialize(INTERNAL-TCP): bound to all interfaces with default route interface on 10.15.76.77 ( 10.15.76.77:30099 )
  INFO root [2019-09-26 10:13:33,223] - NetworkInterface::initialize(INTERNAL-TCP): address 10.15.76.77:30099, SOMAXCONN=5.
  WARN root [2019-09-26 10:13:33,223] - invalid UID(0) <= 0, please check UID for environment! automatically set to 41181.
  INFO root [2019-09-26 10:13:33,290] - ---- interfaces Version: 2.4.5. ScriptVersion: 0.1.0. Pythoncore: 3.7.3. Protocol: 96E445E56B9E460E561358C2D6E9F43B. Config: Debug X86. Built: 09:54:37 May  8 2019. AppID: 3000. UID: 41181. PID: 19676 ----
  INFO root [2019-09-26 10:13:33,291] - Server error_name: Intel(R) Core(TM) i5-6300HQ CPU @ 2.30GHz with 2097151kB RAM
  INFO root [2019-09-26 10:13:33,332] - ThreadPool::createThreadPool: creating  threadpool...
  INFO root [2019-09-26 10:13:33,332] - ThreadPool::createThreadPool: successfully(2), newThreadCount=1, normalMaxThreadCount=2, maxThreadCount=8
  INFO root [2019-09-26 10:13:36,201] - Script::install(): is successfully, Python=(3.7.3 (default, May  8 2019, 09:53:38) [MSC v.1916 32 bit (Intel)])!
  INFO root [2019-09-26 10:13:36,201] - Script::install(): KBExtra is successfully!
S_INFO root [2019-09-26 10:13:36,871] - onInterfaceAppReady: bootstrapGroupIndex=0, bootstrapGlobalIndex=0
  INFO root [2019-09-26 10:13:36,873] - TelnetServer server is running on port 33000
  INFO root [2019-09-26 10:13:37,617] - ---- interfaces is running ----
 DEBUG root [2019-09-26 10:13:37,635] - Components::process(): Request for the process of identity...
  INFO root [2019-09-26 10:13:43,843] - ServerApp::onRegisterNewApp: uid:41181, username:error_name, componentType:dbmgr, componentID:4000, globalorderID=-1, grouporderID=-1, intaddr:10.15.76.77, intport:52760, extaddr:nonsupport, extport:0,  from 127.0.0.1:52764/0/0/0.
  INFO root [2019-09-26 10:13:43,844] - Components::addComponent: reset orderLog, uid=41181!
  INFO root [2019-09-26 10:13:43,844] - Components::addComponent[dbmgr], uid=41181, componentID=4000, globalorderid=1, grouporderid=1, totalcount=1
  INFO root [2019-09-26 10:13:44,890] - Components::process(): Found all the components!
S_INFO root [2019-09-26 10:15:14,414] - onRequestAccountLogin: registerName=15361964343
S_INFO root [2019-09-26 10:17:25,019] - onRequestAccountLogin: registerName=15361964343
S_INFO root [2019-09-26 10:17:52,748] - onRequestAccountLogin: registerName=15361964342
  WARN root [2019-09-26 10:20:13,119] - TCPPacketReceiver::processPendingEvents(127.0.0.1:52764): Throwing REASON_GENERAL_NETWORK - WSAECONNRESET
  INFO root [2019-09-26 10:20:13,131] - Components::removeComponentByChannel: dbmgr : 4000, Normal exit!
  INFO root [2019-09-26 10:37:35,349] - 
  INFO root [2019-09-26 10:37:35,352] - -----------------------------------------------------------------------------------------


  INFO root [2019-09-26 10:37:35,353] - Resmgr::initialize: KBE_ROOT=D:/kbengine/
  INFO root [2019-09-26 10:37:35,353] - Resmgr::initialize: KBE_RES_PATH=D:/kbengine/kbe/res/;D:/kbengine/BattleOfBalls_assets/;D:/kbengine/BattleOfBalls_assets/scripts/;D:/kbengine/BattleOfBalls_assets/res/
  INFO root [2019-09-26 10:37:35,353] - Resmgr::initialize: KBE_BIN_PATH=D:/kbengine/kbe/bin/server/
  INFO root [2019-09-26 10:37:35,494] - NetworkInterface::initialize(INTERNAL-TCP): bound to all interfaces with default route interface on 10.15.76.77 ( 10.15.76.77:30099 )
  INFO root [2019-09-26 10:37:35,494] - NetworkInterface::initialize(INTERNAL-TCP): address 10.15.76.77:30099, SOMAXCONN=5.
  WARN root [2019-09-26 10:37:35,495] - invalid UID(0) <= 0, please check UID for environment! automatically set to 41181.
  INFO root [2019-09-26 10:37:35,507] - ---- interfaces Version: 2.4.5. ScriptVersion: 0.1.0. Pythoncore: 3.7.3. Protocol: 96E445E56B9E460E561358C2D6E9F43B. Config: Debug X86. Built: 09:54:37 May  8 2019. AppID: 3000. UID: 41181. PID: 12232 ----
  INFO root [2019-09-26 10:37:35,517] - Server error_name: Intel(R) Core(TM) i5-6300HQ CPU @ 2.30GHz with 2097151kB RAM
  INFO root [2019-09-26 10:37:35,517] - ThreadPool::createThreadPool: creating  threadpool...
  INFO root [2019-09-26 10:37:35,517] - ThreadPool::createThreadPool: successfully(2), newThreadCount=1, normalMaxThreadCount=2, maxThreadCount=8
  INFO root [2019-09-26 10:37:35,748] - Script::install(): is successfully, Python=(3.7.3 (default, May  8 2019, 09:53:38) [MSC v.1916 32 bit (Intel)])!
  INFO root [2019-09-26 10:37:35,748] - Script::install(): KBExtra is successfully!
S_INFO root [2019-09-26 10:37:35,775] - onInterfaceAppReady: bootstrapGroupIndex=0, bootstrapGlobalIndex=0
  INFO root [2019-09-26 10:37:35,776] - TelnetServer server is running on port 33000
  INFO root [2019-09-26 10:37:36,192] - ---- interfaces is running ----
 DEBUG root [2019-09-26 10:37:36,193] - Components::process(): Request for the process of identity...
  INFO root [2019-09-26 10:37:42,343] - ServerApp::onRegisterNewApp: uid:41181, username:error_name, componentType:dbmgr, componentID:4000, globalorderID=-1, grouporderID=-1, intaddr:10.15.76.77, intport:52918, extaddr:nonsupport, extport:0,  from 127.0.0.1:52928/0/0/0.
  INFO root [2019-09-26 10:37:42,344] - Components::addComponent: reset orderLog, uid=41181!
  INFO root [2019-09-26 10:37:42,344] - Components::addComponent[dbmgr], uid=41181, componentID=4000, globalorderid=1, grouporderid=1, totalcount=1
  INFO root [2019-09-26 10:37:43,376] - Components::process(): Found all the components!
S_INFO root [2019-09-26 10:38:43,997] - onRequestAccountLogin: registerName=15361964343
S_INFO root [2019-09-26 10:39:05,520] - onRequestAccountLogin: registerName=15361964342
  WARN root [2019-09-26 10:40:29,712] - TCPPacketReceiver::processPendingEvents(127.0.0.1:52928): Throwing REASON_GENERAL_NETWORK - WSAECONNRESET
  INFO root [2019-09-26 10:40:29,722] - Components::removeComponentByChannel: dbmgr : 4000, Normal exit!
  INFO root [2019-09-26 10:44:55,809] - 
  INFO root [2019-09-26 10:44:55,809] - -----------------------------------------------------------------------------------------


  INFO root [2019-09-26 10:44:55,810] - Resmgr::initialize: KBE_ROOT=D:/kbengine/
  INFO root [2019-09-26 10:44:55,810] - Resmgr::initialize: KBE_RES_PATH=D:/kbengine/kbe/res/;D:/kbengine/BattleOfBalls_assets/;D:/kbengine/BattleOfBalls_assets/scripts/;D:/kbengine/BattleOfBalls_assets/res/
  INFO root [2019-09-26 10:44:55,810] - Resmgr::initialize: KBE_BIN_PATH=D:/kbengine/kbe/bin/server/
  INFO root [2019-09-26 10:44:55,823] - NetworkInterface::initialize(INTERNAL-TCP): bound to all interfaces with default route interface on 10.15.76.77 ( 10.15.76.77:30099 )
  INFO root [2019-09-26 10:44:55,823] - NetworkInterface::initialize(INTERNAL-TCP): address 10.15.76.77:30099, SOMAXCONN=5.
  WARN root [2019-09-26 10:44:55,824] - invalid UID(0) <= 0, please check UID for environment! automatically set to 41181.
  INFO root [2019-09-26 10:44:55,828] - ---- interfaces Version: 2.4.5. ScriptVersion: 0.1.0. Pythoncore: 3.7.3. Protocol: 96E445E56B9E460E561358C2D6E9F43B. Config: Debug X86. Built: 09:54:37 May  8 2019. AppID: 3000. UID: 41181. PID: 3888 ----
  INFO root [2019-09-26 10:44:55,829] - Server error_name: Intel(R) Core(TM) i5-6300HQ CPU @ 2.30GHz with 2097151kB RAM
  INFO root [2019-09-26 10:44:55,829] - ThreadPool::createThreadPool: creating  threadpool...
  INFO root [2019-09-26 10:44:55,829] - ThreadPool::createThreadPool: successfully(2), newThreadCount=1, normalMaxThreadCount=2, maxThreadCount=8
  INFO root [2019-09-26 10:44:56,101] - Script::install(): is successfully, Python=(3.7.3 (default, May  8 2019, 09:53:38) [MSC v.1916 32 bit (Intel)])!
  INFO root [2019-09-26 10:44:56,102] - Script::install(): KBExtra is successfully!
S_INFO root [2019-09-26 10:44:56,135] - onInterfaceAppReady: bootstrapGroupIndex=0, bootstrapGlobalIndex=0
  INFO root [2019-09-26 10:44:56,136] - TelnetServer server is running on port 33000
  INFO root [2019-09-26 10:44:56,542] - ---- interfaces is running ----
 DEBUG root [2019-09-26 10:44:56,542] - Components::process(): Request for the process of identity...
  INFO root [2019-09-26 10:45:02,692] - ServerApp::onRegisterNewApp: uid:41181, username:error_name, componentType:dbmgr, componentID:4000, globalorderID=-1, grouporderID=-1, intaddr:10.15.76.77, intport:53016, extaddr:nonsupport, extport:0,  from 127.0.0.1:53020/0/0/0.
  INFO root [2019-09-26 10:45:02,693] - Components::addComponent: reset orderLog, uid=41181!
  INFO root [2019-09-26 10:45:02,693] - Components::addComponent[dbmgr], uid=41181, componentID=4000, globalorderid=1, grouporderid=1, totalcount=1
  INFO root [2019-09-26 10:45:03,736] - Components::process(): Found all the components!
S_INFO root [2019-09-26 10:45:33,973] - onRequestAccountLogin: registerName=15361964343
S_INFO root [2019-09-26 10:46:04,868] - onRequestAccountLogin: registerName=15361964342
  WARN root [2019-09-26 10:47:14,096] - TCPPacketReceiver::processPendingEvents(127.0.0.1:53020): Throwing REASON_GENERAL_NETWORK - WSAECONNRESET
  INFO root [2019-09-26 10:47:14,123] - Components::removeComponentByChannel: dbmgr : 4000, Normal exit!
  INFO root [2019-09-26 10:53:20,522] - 
  INFO root [2019-09-26 10:53:20,525] - -----------------------------------------------------------------------------------------


  INFO root [2019-09-26 10:53:20,526] - Resmgr::initialize: KBE_ROOT=D:/kbengine/
  INFO root [2019-09-26 10:53:20,526] - Resmgr::initialize: KBE_RES_PATH=D:/kbengine/kbe/res/;D:/kbengine/BattleOfBalls_assets/;D:/kbengine/BattleOfBalls_assets/scripts/;D:/kbengine/BattleOfBalls_assets/res/
  INFO root [2019-09-26 10:53:20,527] - Resmgr::initialize: KBE_BIN_PATH=D:/kbengine/kbe/bin/server/
  INFO root [2019-09-26 10:53:20,560] - NetworkInterface::initialize(INTERNAL-TCP): bound to all interfaces with default route interface on 10.15.76.77 ( 10.15.76.77:30099 )
  INFO root [2019-09-26 10:53:20,560] - NetworkInterface::initialize(INTERNAL-TCP): address 10.15.76.77:30099, SOMAXCONN=5.
  WARN root [2019-09-26 10:53:20,560] - invalid UID(0) <= 0, please check UID for environment! automatically set to 41181.
  INFO root [2019-09-26 10:53:20,572] - ---- interfaces Version: 2.4.5. ScriptVersion: 0.1.0. Pythoncore: 3.7.3. Protocol: 96E445E56B9E460E561358C2D6E9F43B. Config: Debug X86. Built: 09:54:37 May  8 2019. AppID: 3000. UID: 41181. PID: 5736 ----
  INFO root [2019-09-26 10:53:20,576] - Server error_name: Intel(R) Core(TM) i5-6300HQ CPU @ 2.30GHz with 2097151kB RAM
  INFO root [2019-09-26 10:53:20,578] - ThreadPool::createThreadPool: creating  threadpool...
  INFO root [2019-09-26 10:53:20,578] - ThreadPool::createThreadPool: successfully(2), newThreadCount=1, normalMaxThreadCount=2, maxThreadCount=8
  INFO root [2019-09-26 10:53:20,811] - Script::install(): is successfully, Python=(3.7.3 (default, May  8 2019, 09:53:38) [MSC v.1916 32 bit (Intel)])!
  INFO root [2019-09-26 10:53:20,811] - Script::install(): KBExtra is successfully!
S_INFO root [2019-09-26 10:53:20,837] - onInterfaceAppReady: bootstrapGroupIndex=0, bootstrapGlobalIndex=0
  INFO root [2019-09-26 10:53:20,838] - TelnetServer server is running on port 33000
  INFO root [2019-09-26 10:53:21,248] - ---- interfaces is running ----
 DEBUG root [2019-09-26 10:53:21,249] - Components::process(): Request for the process of identity...
  INFO root [2019-09-26 10:53:28,442] - Components::process(): Found all the components!
  INFO root [2019-09-26 10:53:38,955] - 
  INFO root [2019-09-26 10:53:38,956] - -----------------------------------------------------------------------------------------


  INFO root [2019-09-26 10:53:38,957] - Resmgr::initialize: KBE_ROOT=D:/kbengine/
  INFO root [2019-09-26 10:53:38,957] - Resmgr::initialize: KBE_RES_PATH=D:/kbengine/kbe/res/;D:/kbengine/BattleOfBalls_assets/;D:/kbengine/BattleOfBalls_assets/scripts/;D:/kbengine/BattleOfBalls_assets/res/
  INFO root [2019-09-26 10:53:38,957] - Resmgr::initialize: KBE_BIN_PATH=D:/kbengine/kbe/bin/server/
  INFO root [2019-09-26 10:53:38,967] - NetworkInterface::initialize(INTERNAL-TCP): bound to all interfaces with default route interface on 10.15.76.77 ( 10.15.76.77:30099 )
  INFO root [2019-09-26 10:53:38,967] - NetworkInterface::initialize(INTERNAL-TCP): address 10.15.76.77:30099, SOMAXCONN=5.
  WARN root [2019-09-26 10:53:38,968] - invalid UID(0) <= 0, please check UID for environment! automatically set to 41181.
  INFO root [2019-09-26 10:53:38,974] - ---- interfaces Version: 2.4.5. ScriptVersion: 0.1.0. Pythoncore: 3.7.3. Protocol: 96E445E56B9E460E561358C2D6E9F43B. Config: Debug X86. Built: 09:54:37 May  8 2019. AppID: 3000. UID: 41181. PID: 16620 ----
  INFO root [2019-09-26 10:53:38,974] - Server error_name: Intel(R) Core(TM) i5-6300HQ CPU @ 2.30GHz with 2097151kB RAM
  INFO root [2019-09-26 10:53:38,974] - ThreadPool::createThreadPool: creating  threadpool...
  INFO root [2019-09-26 10:53:38,975] - ThreadPool::createThreadPool: successfully(2), newThreadCount=1, normalMaxThreadCount=2, maxThreadCount=8
  INFO root [2019-09-26 10:53:39,229] - Script::install(): is successfully, Python=(3.7.3 (default, May  8 2019, 09:53:38) [MSC v.1916 32 bit (Intel)])!
  INFO root [2019-09-26 10:53:39,229] - Script::install(): KBExtra is successfully!
S_INFO root [2019-09-26 10:53:39,256] - onInterfaceAppReady: bootstrapGroupIndex=0, bootstrapGlobalIndex=0
  INFO root [2019-09-26 10:53:39,257] - TelnetServer server is running on port 33000
  INFO root [2019-09-26 10:53:39,658] - ---- interfaces is running ----
 DEBUG root [2019-09-26 10:53:39,659] - Components::process(): Request for the process of identity...
  INFO root [2019-09-26 10:53:46,859] - Components::process(): Found all the components!
  INFO root [2019-09-26 10:53:56,851] - 
  INFO root [2019-09-26 10:53:56,854] - -----------------------------------------------------------------------------------------


  INFO root [2019-09-26 10:53:56,855] - Resmgr::initialize: KBE_ROOT=D:/kbengine/
  INFO root [2019-09-26 10:53:56,855] - Resmgr::initialize: KBE_RES_PATH=D:/kbengine/kbe/res/;D:/kbengine/BattleOfBalls_assets/;D:/kbengine/BattleOfBalls_assets/scripts/;D:/kbengine/BattleOfBalls_assets/res/
  INFO root [2019-09-26 10:53:56,855] - Resmgr::initialize: KBE_BIN_PATH=D:/kbengine/kbe/bin/server/
  INFO root [2019-09-26 10:53:56,873] - NetworkInterface::initialize(INTERNAL-TCP): bound to all interfaces with default route interface on 10.15.76.77 ( 10.15.76.77:30099 )
  INFO root [2019-09-26 10:53:56,873] - NetworkInterface::initialize(INTERNAL-TCP): address 10.15.76.77:30099, SOMAXCONN=5.
  WARN root [2019-09-26 10:53:56,873] - invalid UID(0) <= 0, please check UID for environment! automatically set to 41181.
  INFO root [2019-09-26 10:53:56,879] - ---- interfaces Version: 2.4.5. ScriptVersion: 0.1.0. Pythoncore: 3.7.3. Protocol: 96E445E56B9E460E561358C2D6E9F43B. Config: Debug X86. Built: 09:54:37 May  8 2019. AppID: 3000. UID: 41181. PID: 17584 ----
  INFO root [2019-09-26 10:53:56,888] - Server error_name: Intel(R) Core(TM) i5-6300HQ CPU @ 2.30GHz with 2097151kB RAM
  INFO root [2019-09-26 10:53:56,892] - ThreadPool::createThreadPool: creating  threadpool...
  INFO root [2019-09-26 10:53:56,892] - ThreadPool::createThreadPool: successfully(2), newThreadCount=1, normalMaxThreadCount=2, maxThreadCount=8
  INFO root [2019-09-26 10:53:57,190] - Script::install(): is successfully, Python=(3.7.3 (default, May  8 2019, 09:53:38) [MSC v.1916 32 bit (Intel)])!
  INFO root [2019-09-26 10:53:57,191] - Script::install(): KBExtra is successfully!
S_INFO root [2019-09-26 10:53:57,224] - onInterfaceAppReady: bootstrapGroupIndex=0, bootstrapGlobalIndex=0
  INFO root [2019-09-26 10:53:57,226] - TelnetServer server is running on port 33000
  INFO root [2019-09-26 10:53:57,701] - ---- interfaces is running ----
 DEBUG root [2019-09-26 10:53:57,703] - Components::process(): Request for the process of identity...
  INFO root [2019-09-26 10:54:04,958] - Components::process(): Found all the components!
  INFO root [2019-09-26 10:54:11,890] - 
  INFO root [2019-09-26 10:54:11,891] - -----------------------------------------------------------------------------------------


  INFO root [2019-09-26 10:54:11,892] - Resmgr::initialize: KBE_ROOT=D:/kbengine/
  INFO root [2019-09-26 10:54:11,892] - Resmgr::initialize: KBE_RES_PATH=D:/kbengine/kbe/res/;D:/kbengine/BattleOfBalls_assets/;D:/kbengine/BattleOfBalls_assets/scripts/;D:/kbengine/BattleOfBalls_assets/res/
  INFO root [2019-09-26 10:54:11,892] - Resmgr::initialize: KBE_BIN_PATH=D:/kbengine/kbe/bin/server/
  INFO root [2019-09-26 10:54:11,906] - NetworkInterface::initialize(INTERNAL-TCP): bound to all interfaces with default route interface on 10.15.76.77 ( 10.15.76.77:30099 )
  INFO root [2019-09-26 10:54:11,907] - NetworkInterface::initialize(INTERNAL-TCP): address 10.15.76.77:30099, SOMAXCONN=5.
  WARN root [2019-09-26 10:54:11,907] - invalid UID(0) <= 0, please check UID for environment! automatically set to 41181.
  INFO root [2019-09-26 10:54:11,918] - ---- interfaces Version: 2.4.5. ScriptVersion: 0.1.0. Pythoncore: 3.7.3. Protocol: 96E445E56B9E460E561358C2D6E9F43B. Config: Debug X86. Built: 09:54:37 May  8 2019. AppID: 3000. UID: 41181. PID: 12232 ----
  INFO root [2019-09-26 10:54:11,921] - Server error_name: Intel(R) Core(TM) i5-6300HQ CPU @ 2.30GHz with 2097151kB RAM
  INFO root [2019-09-26 10:54:11,922] - ThreadPool::createThreadPool: creating  threadpool...
  INFO root [2019-09-26 10:54:11,922] - ThreadPool::createThreadPool: successfully(2), newThreadCount=1, normalMaxThreadCount=2, maxThreadCount=8
  INFO root [2019-09-26 10:54:12,167] - Script::install(): is successfully, Python=(3.7.3 (default, May  8 2019, 09:53:38) [MSC v.1916 32 bit (Intel)])!
  INFO root [2019-09-26 10:54:12,168] - Script::install(): KBExtra is successfully!
S_INFO root [2019-09-26 10:54:12,196] - onInterfaceAppReady: bootstrapGroupIndex=0, bootstrapGlobalIndex=0
  INFO root [2019-09-26 10:54:12,197] - TelnetServer server is running on port 33000
  INFO root [2019-09-26 10:54:12,580] - ---- interfaces is running ----
 DEBUG root [2019-09-26 10:54:12,580] - Components::process(): Request for the process of identity...
  INFO root [2019-09-26 10:54:19,797] - Components::process(): Found all the components!
  INFO root [2019-09-26 10:56:35,063] - 
  INFO root [2019-09-26 10:56:35,064] - -----------------------------------------------------------------------------------------


  INFO root [2019-09-26 10:56:35,065] - Resmgr::initialize: KBE_ROOT=D:/kbengine/
  INFO root [2019-09-26 10:56:35,065] - Resmgr::initialize: KBE_RES_PATH=D:/kbengine/kbe/res/;D:/kbengine/BattleOfBalls_assets/;D:/kbengine/BattleOfBalls_assets/scripts/;D:/kbengine/BattleOfBalls_assets/res/
  INFO root [2019-09-26 10:56:35,065] - Resmgr::initialize: KBE_BIN_PATH=D:/kbengine/kbe/bin/server/
  INFO root [2019-09-26 10:56:35,075] - NetworkInterface::initialize(INTERNAL-TCP): bound to all interfaces with default route interface on 10.15.76.77 ( 10.15.76.77:30099 )
  INFO root [2019-09-26 10:56:35,075] - NetworkInterface::initialize(INTERNAL-TCP): address 10.15.76.77:30099, SOMAXCONN=5.
  WARN root [2019-09-26 10:56:35,075] - invalid UID(0) <= 0, please check UID for environment! automatically set to 41181.
  INFO root [2019-09-26 10:56:35,082] - ---- interfaces Version: 2.4.5. ScriptVersion: 0.1.0. Pythoncore: 3.7.3. Protocol: 96E445E56B9E460E561358C2D6E9F43B. Config: Debug X86. Built: 09:54:37 May  8 2019. AppID: 3000. UID: 41181. PID: 20064 ----
  INFO root [2019-09-26 10:56:35,082] - Server error_name: Intel(R) Core(TM) i5-6300HQ CPU @ 2.30GHz with 2097151kB RAM
  INFO root [2019-09-26 10:56:35,082] - ThreadPool::createThreadPool: creating  threadpool...
  INFO root [2019-09-26 10:56:35,083] - ThreadPool::createThreadPool: successfully(2), newThreadCount=1, normalMaxThreadCount=2, maxThreadCount=8
  INFO root [2019-09-26 10:56:35,393] - Script::install(): is successfully, Python=(3.7.3 (default, May  8 2019, 09:53:38) [MSC v.1916 32 bit (Intel)])!
  INFO root [2019-09-26 10:56:35,393] - Script::install(): KBExtra is successfully!
S_INFO root [2019-09-26 10:56:35,419] - onInterfaceAppReady: bootstrapGroupIndex=0, bootstrapGlobalIndex=0
  INFO root [2019-09-26 10:56:35,421] - TelnetServer server is running on port 33000
  INFO root [2019-09-26 10:56:35,820] - ---- interfaces is running ----
 DEBUG root [2019-09-26 10:56:35,820] - Components::process(): Request for the process of identity...
  INFO root [2019-09-26 10:56:41,963] - ServerApp::onRegisterNewApp: uid:41181, username:error_name, componentType:dbmgr, componentID:4000, globalorderID=-1, grouporderID=-1, intaddr:10.15.76.77, intport:53182, extaddr:nonsupport, extport:0,  from 127.0.0.1:53190/0/0/0.
  INFO root [2019-09-26 10:56:41,963] - Components::addComponent: reset orderLog, uid=41181!
  INFO root [2019-09-26 10:56:41,964] - Components::addComponent[dbmgr], uid=41181, componentID=4000, globalorderid=1, grouporderid=1, totalcount=1
  INFO root [2019-09-26 10:56:43,021] - Components::process(): Found all the components!
S_INFO root [2019-09-26 10:57:24,470] - onRequestAccountLogin: registerName=15361964343
S_INFO root [2019-09-26 10:57:47,372] - onRequestAccountLogin: registerName=15361964342
  WARN root [2019-09-26 10:58:37,945] - TCPPacketReceiver::processPendingEvents(127.0.0.1:53190): Throwing REASON_GENERAL_NETWORK - WSAECONNRESET
  INFO root [2019-09-26 10:58:37,952] - Components::removeComponentByChannel: dbmgr : 4000, Normal exit!
  INFO root [2019-09-26 11:00:57,955] - 
  INFO root [2019-09-26 11:00:57,956] - -----------------------------------------------------------------------------------------


  INFO root [2019-09-26 11:00:57,957] - Resmgr::initialize: KBE_ROOT=D:/kbengine/
  INFO root [2019-09-26 11:00:57,957] - Resmgr::initialize: KBE_RES_PATH=D:/kbengine/kbe/res/;D:/kbengine/BattleOfBalls_assets/;D:/kbengine/BattleOfBalls_assets/scripts/;D:/kbengine/BattleOfBalls_assets/res/
  INFO root [2019-09-26 11:00:57,957] - Resmgr::initialize: KBE_BIN_PATH=D:/kbengine/kbe/bin/server/
  INFO root [2019-09-26 11:00:57,969] - NetworkInterface::initialize(INTERNAL-TCP): bound to all interfaces with default route interface on 10.15.76.77 ( 10.15.76.77:30099 )
  INFO root [2019-09-26 11:00:57,970] - NetworkInterface::initialize(INTERNAL-TCP): address 10.15.76.77:30099, SOMAXCONN=5.
  WARN root [2019-09-26 11:00:57,970] - invalid UID(0) <= 0, please check UID for environment! automatically set to 41181.
  INFO root [2019-09-26 11:00:57,974] - ---- interfaces Version: 2.4.5. ScriptVersion: 0.1.0. Pythoncore: 3.7.3. Protocol: 96E445E56B9E460E561358C2D6E9F43B. Config: Debug X86. Built: 09:54:37 May  8 2019. AppID: 3000. UID: 41181. PID: 9740 ----
  INFO root [2019-09-26 11:00:57,974] - Server error_name: Intel(R) Core(TM) i5-6300HQ CPU @ 2.30GHz with 2097151kB RAM
  INFO root [2019-09-26 11:00:57,974] - ThreadPool::createThreadPool: creating  threadpool...
  INFO root [2019-09-26 11:00:57,975] - ThreadPool::createThreadPool: successfully(2), newThreadCount=1, normalMaxThreadCount=2, maxThreadCount=8
  INFO root [2019-09-26 11:00:58,241] - Script::install(): is successfully, Python=(3.7.3 (default, May  8 2019, 09:53:38) [MSC v.1916 32 bit (Intel)])!
  INFO root [2019-09-26 11:00:58,242] - Script::install(): KBExtra is successfully!
S_INFO root [2019-09-26 11:00:58,269] - onInterfaceAppReady: bootstrapGroupIndex=0, bootstrapGlobalIndex=0
  INFO root [2019-09-26 11:00:58,270] - TelnetServer server is running on port 33000
  INFO root [2019-09-26 11:00:58,657] - ---- interfaces is running ----
 DEBUG root [2019-09-26 11:00:58,657] - Components::process(): Request for the process of identity...
  INFO root [2019-09-26 11:01:04,795] - ServerApp::onRegisterNewApp: uid:41181, username:error_name, componentType:dbmgr, componentID:4000, globalorderID=-1, grouporderID=-1, intaddr:10.15.76.77, intport:53254, extaddr:nonsupport, extport:0,  from 127.0.0.1:53259/0/0/0.
  INFO root [2019-09-26 11:01:04,795] - Components::addComponent: reset orderLog, uid=41181!
  INFO root [2019-09-26 11:01:04,795] - Components::addComponent[dbmgr], uid=41181, componentID=4000, globalorderid=1, grouporderid=1, totalcount=1
  INFO root [2019-09-26 11:01:05,869] - Components::process(): Found all the components!
S_INFO root [2019-09-26 11:01:33,742] - onRequestAccountLogin: registerName=15361964343
S_INFO root [2019-09-26 11:02:03,820] - onRequestAccountLogin: registerName=15361964342
  WARN root [2019-09-26 11:02:47,465] - TCPPacketReceiver::processPendingEvents(127.0.0.1:53259): Throwing REASON_GENERAL_NETWORK - WSAECONNRESET
  INFO root [2019-09-26 11:02:47,476] - Components::removeComponentByChannel: dbmgr : 4000, Normal exit!
  INFO root [2019-09-26 11:02:49,412] - 
  INFO root [2019-09-26 11:02:49,412] - -----------------------------------------------------------------------------------------


  INFO root [2019-09-26 11:02:49,417] - Resmgr::initialize: KBE_ROOT=D:/kbengine/
  INFO root [2019-09-26 11:02:49,417] - Resmgr::initialize: KBE_RES_PATH=D:/kbengine/kbe/res/;D:/kbengine/BattleOfBalls_assets/;D:/kbengine/BattleOfBalls_assets/scripts/;D:/kbengine/BattleOfBalls_assets/res/
  INFO root [2019-09-26 11:02:49,417] - Resmgr::initialize: KBE_BIN_PATH=D:/kbengine/kbe/bin/server/
  INFO root [2019-09-26 11:02:49,428] - NetworkInterface::initialize(INTERNAL-TCP): bound to all interfaces with default route interface on 10.15.76.77 ( 10.15.76.77:30099 )
  INFO root [2019-09-26 11:02:49,428] - NetworkInterface::initialize(INTERNAL-TCP): address 10.15.76.77:30099, SOMAXCONN=5.
  WARN root [2019-09-26 11:02:49,429] - invalid UID(0) <= 0, please check UID for environment! automatically set to 41181.
  INFO root [2019-09-26 11:02:49,438] - ---- interfaces Version: 2.4.5. ScriptVersion: 0.1.0. Pythoncore: 3.7.3. Protocol: 96E445E56B9E460E561358C2D6E9F43B. Config: Debug X86. Built: 09:54:37 May  8 2019. AppID: 3000. UID: 41181. PID: 7940 ----
  INFO root [2019-09-26 11:02:49,439] - Server error_name: Intel(R) Core(TM) i5-6300HQ CPU @ 2.30GHz with 2097151kB RAM
  INFO root [2019-09-26 11:02:49,439] - ThreadPool::createThreadPool: creating  threadpool...
  INFO root [2019-09-26 11:02:49,439] - ThreadPool::createThreadPool: successfully(2), newThreadCount=1, normalMaxThreadCount=2, maxThreadCount=8
  INFO root [2019-09-26 11:02:49,739] - Script::install(): is successfully, Python=(3.7.3 (default, May  8 2019, 09:53:38) [MSC v.1916 32 bit (Intel)])!
  INFO root [2019-09-26 11:02:49,740] - Script::install(): KBExtra is successfully!
S_INFO root [2019-09-26 11:02:49,775] - onInterfaceAppReady: bootstrapGroupIndex=0, bootstrapGlobalIndex=0
  INFO root [2019-09-26 11:02:49,776] - TelnetServer server is running on port 33000
  INFO root [2019-09-26 11:02:50,295] - ---- interfaces is running ----
 DEBUG root [2019-09-26 11:02:50,296] - Components::process(): Request for the process of identity...
  WARN root [2019-09-26 11:02:53,773] - BundleBroadcast::BundleBroadcast: Cannot bind to port 20999, errorno=10048
  INFO root [2019-09-26 11:02:56,821] - ServerApp::onRegisterNewApp: uid:41181, username:error_name, componentType:dbmgr, componentID:4000, globalorderID=-1, grouporderID=-1, intaddr:10.15.76.77, intport:53309, extaddr:nonsupport, extport:0,  from 127.0.0.1:53313/0/0/0.
  INFO root [2019-09-26 11:02:56,821] - Components::addComponent: reset orderLog, uid=41181!
  INFO root [2019-09-26 11:02:56,822] - Components::addComponent[dbmgr], uid=41181, componentID=4000, globalorderid=1, grouporderid=1, totalcount=1
  INFO root [2019-09-26 11:02:57,919] - Components::process(): Found all the components!
S_INFO root [2019-09-26 11:03:20,855] - onRequestAccountLogin: registerName=15361964343
S_INFO root [2019-09-26 11:03:57,820] - onRequestAccountLogin: registerName=15361964342
  WARN root [2019-09-26 11:04:12,461] - TCPPacketReceiver::processPendingEvents(127.0.0.1:53313): Throwing REASON_GENERAL_NETWORK - WSAECONNRESET
  INFO root [2019-09-26 11:04:12,465] - Components::removeComponentByChannel: dbmgr : 4000, Normal exit!
  INFO root [2019-09-26 11:06:52,675] - 
  INFO root [2019-09-26 11:06:52,676] - -----------------------------------------------------------------------------------------


  INFO root [2019-09-26 11:06:52,677] - Resmgr::initialize: KBE_ROOT=D:/kbengine/
  INFO root [2019-09-26 11:06:52,677] - Resmgr::initialize: KBE_RES_PATH=D:/kbengine/kbe/res/;D:/kbengine/BattleOfBalls_assets/;D:/kbengine/BattleOfBalls_assets/scripts/;D:/kbengine/BattleOfBalls_assets/res/
  INFO root [2019-09-26 11:06:52,678] - Resmgr::initialize: KBE_BIN_PATH=D:/kbengine/kbe/bin/server/
  INFO root [2019-09-26 11:06:52,688] - NetworkInterface::initialize(INTERNAL-TCP): bound to all interfaces with default route interface on 10.15.76.77 ( 10.15.76.77:30099 )
  INFO root [2019-09-26 11:06:52,688] - NetworkInterface::initialize(INTERNAL-TCP): address 10.15.76.77:30099, SOMAXCONN=5.
  WARN root [2019-09-26 11:06:52,688] - invalid UID(0) <= 0, please check UID for environment! automatically set to 41181.
  INFO root [2019-09-26 11:06:52,694] - ---- interfaces Version: 2.4.5. ScriptVersion: 0.1.0. Pythoncore: 3.7.3. Protocol: 96E445E56B9E460E561358C2D6E9F43B. Config: Debug X86. Built: 09:54:37 May  8 2019. AppID: 3000. UID: 41181. PID: 11952 ----
  INFO root [2019-09-26 11:06:52,694] - Server error_name: Intel(R) Core(TM) i5-6300HQ CPU @ 2.30GHz with 2097151kB RAM
  INFO root [2019-09-26 11:06:52,695] - ThreadPool::createThreadPool: creating  threadpool...
  INFO root [2019-09-26 11:06:52,695] - ThreadPool::createThreadPool: successfully(2), newThreadCount=1, normalMaxThreadCount=2, maxThreadCount=8
  INFO root [2019-09-26 11:06:52,929] - Script::install(): is successfully, Python=(3.7.3 (default, May  8 2019, 09:53:38) [MSC v.1916 32 bit (Intel)])!
  INFO root [2019-09-26 11:06:52,929] - Script::install(): KBExtra is successfully!
S_INFO root [2019-09-26 11:06:52,957] - onInterfaceAppReady: bootstrapGroupIndex=0, bootstrapGlobalIndex=0
  INFO root [2019-09-26 11:06:52,958] - TelnetServer server is running on port 33000
  INFO root [2019-09-26 11:06:53,361] - ---- interfaces is running ----
 DEBUG root [2019-09-26 11:06:53,362] - Components::process(): Request for the process of identity...
  INFO root [2019-09-26 11:06:59,536] - ServerApp::onRegisterNewApp: uid:41181, username:error_name, componentType:dbmgr, componentID:4000, globalorderID=-1, grouporderID=-1, intaddr:10.15.76.77, intport:53381, extaddr:nonsupport, extport:0,  from 127.0.0.1:53389/0/0/0.
  INFO root [2019-09-26 11:06:59,536] - Components::addComponent: reset orderLog, uid=41181!
  INFO root [2019-09-26 11:06:59,536] - Components::addComponent[dbmgr], uid=41181, componentID=4000, globalorderid=1, grouporderid=1, totalcount=1
  INFO root [2019-09-26 11:07:00,580] - Components::process(): Found all the components!
S_INFO root [2019-09-26 11:07:31,789] - onRequestAccountLogin: registerName=15361964343
S_INFO root [2019-09-26 11:08:00,606] - onRequestAccountLogin: registerName=15361964342
  WARN root [2019-09-26 11:08:49,488] - TCPPacketReceiver::processPendingEvents(127.0.0.1:53389): Throwing REASON_GENERAL_NETWORK - WSAECONNRESET
  INFO root [2019-09-26 11:08:49,495] - Components::removeComponentByChannel: dbmgr : 4000, Normal exit!
  INFO root [2019-09-26 11:08:51,477] - 
  INFO root [2019-09-26 11:08:51,478] - -----------------------------------------------------------------------------------------


  INFO root [2019-09-26 11:08:51,479] - Resmgr::initialize: KBE_ROOT=D:/kbengine/
  INFO root [2019-09-26 11:08:51,479] - Resmgr::initialize: KBE_RES_PATH=D:/kbengine/kbe/res/;D:/kbengine/BattleOfBalls_assets/;D:/kbengine/BattleOfBalls_assets/scripts/;D:/kbengine/BattleOfBalls_assets/res/
  INFO root [2019-09-26 11:08:51,479] - Resmgr::initialize: KBE_BIN_PATH=D:/kbengine/kbe/bin/server/
  INFO root [2019-09-26 11:08:51,502] - NetworkInterface::initialize(INTERNAL-TCP): bound to all interfaces with default route interface on 10.15.76.77 ( 10.15.76.77:30099 )
  INFO root [2019-09-26 11:08:51,502] - NetworkInterface::initialize(INTERNAL-TCP): address 10.15.76.77:30099, SOMAXCONN=5.
  WARN root [2019-09-26 11:08:51,502] - invalid UID(0) <= 0, please check UID for environment! automatically set to 41181.
  INFO root [2019-09-26 11:08:51,510] - ---- interfaces Version: 2.4.5. ScriptVersion: 0.1.0. Pythoncore: 3.7.3. Protocol: 96E445E56B9E460E561358C2D6E9F43B. Config: Debug X86. Built: 09:54:37 May  8 2019. AppID: 3000. UID: 41181. PID: 20444 ----
  INFO root [2019-09-26 11:08:51,510] - Server error_name: Intel(R) Core(TM) i5-6300HQ CPU @ 2.30GHz with 2097151kB RAM
  INFO root [2019-09-26 11:08:51,511] - ThreadPool::createThreadPool: creating  threadpool...
  INFO root [2019-09-26 11:08:51,511] - ThreadPool::createThreadPool: successfully(2), newThreadCount=1, normalMaxThreadCount=2, maxThreadCount=8
  INFO root [2019-09-26 11:08:51,752] - Script::install(): is successfully, Python=(3.7.3 (default, May  8 2019, 09:53:38) [MSC v.1916 32 bit (Intel)])!
  INFO root [2019-09-26 11:08:51,752] - Script::install(): KBExtra is successfully!
S_INFO root [2019-09-26 11:08:51,781] - onInterfaceAppReady: bootstrapGroupIndex=0, bootstrapGlobalIndex=0
  INFO root [2019-09-26 11:08:51,783] - TelnetServer server is running on port 33000
  INFO root [2019-09-26 11:08:52,213] - ---- interfaces is running ----
 DEBUG root [2019-09-26 11:08:52,214] - Components::process(): Request for the process of identity...
  INFO root [2019-09-26 11:08:58,377] - ServerApp::onRegisterNewApp: uid:41181, username:error_name, componentType:dbmgr, componentID:4000, globalorderID=-1, grouporderID=-1, intaddr:10.15.76.77, intport:53454, extaddr:nonsupport, extport:0,  from 127.0.0.1:53463/0/0/0.
  INFO root [2019-09-26 11:08:58,377] - Components::addComponent: reset orderLog, uid=41181!
  INFO root [2019-09-26 11:08:58,378] - Components::addComponent[dbmgr], uid=41181, componentID=4000, globalorderid=1, grouporderid=1, totalcount=1
  INFO root [2019-09-26 11:08:59,382] - Components::process(): Found all the components!
  WARN root [2019-09-26 11:10:11,794] - TCPPacketReceiver::processPendingEvents(127.0.0.1:53463): Throwing REASON_GENERAL_NETWORK - WSAECONNRESET
  INFO root [2019-09-26 11:10:11,796] - Components::removeComponentByChannel: dbmgr : 4000, Normal exit!
  INFO root [2019-09-26 11:10:13,520] - 
  INFO root [2019-09-26 11:10:13,521] - -----------------------------------------------------------------------------------------


  INFO root [2019-09-26 11:10:13,522] - Resmgr::initialize: KBE_ROOT=D:/kbengine/
  INFO root [2019-09-26 11:10:13,522] - Resmgr::initialize: KBE_RES_PATH=D:/kbengine/kbe/res/;D:/kbengine/BattleOfBalls_assets/;D:/kbengine/BattleOfBalls_assets/scripts/;D:/kbengine/BattleOfBalls_assets/res/
  INFO root [2019-09-26 11:10:13,522] - Resmgr::initialize: KBE_BIN_PATH=D:/kbengine/kbe/bin/server/
  INFO root [2019-09-26 11:10:13,531] - NetworkInterface::initialize(INTERNAL-TCP): bound to all interfaces with default route interface on 10.15.76.77 ( 10.15.76.77:30099 )
  INFO root [2019-09-26 11:10:13,531] - NetworkInterface::initialize(INTERNAL-TCP): address 10.15.76.77:30099, SOMAXCONN=5.
  WARN root [2019-09-26 11:10:13,531] - invalid UID(0) <= 0, please check UID for environment! automatically set to 41181.
  INFO root [2019-09-26 11:10:13,536] - ---- interfaces Version: 2.4.5. ScriptVersion: 0.1.0. Pythoncore: 3.7.3. Protocol: 96E445E56B9E460E561358C2D6E9F43B. Config: Debug X86. Built: 09:54:37 May  8 2019. AppID: 3000. UID: 41181. PID: 18688 ----
  INFO root [2019-09-26 11:10:13,537] - Server error_name: Intel(R) Core(TM) i5-6300HQ CPU @ 2.30GHz with 2097151kB RAM
  INFO root [2019-09-26 11:10:13,537] - ThreadPool::createThreadPool: creating  threadpool...
  INFO root [2019-09-26 11:10:13,537] - ThreadPool::createThreadPool: successfully(2), newThreadCount=1, normalMaxThreadCount=2, maxThreadCount=8
  INFO root [2019-09-26 11:10:13,831] - Script::install(): is successfully, Python=(3.7.3 (default, May  8 2019, 09:53:38) [MSC v.1916 32 bit (Intel)])!
  INFO root [2019-09-26 11:10:13,831] - Script::install(): KBExtra is successfully!
S_INFO root [2019-09-26 11:10:13,860] - onInterfaceAppReady: bootstrapGroupIndex=0, bootstrapGlobalIndex=0
  INFO root [2019-09-26 11:10:13,861] - TelnetServer server is running on port 33000
  INFO root [2019-09-26 11:10:14,279] - ---- interfaces is running ----
 DEBUG root [2019-09-26 11:10:14,280] - Components::process(): Request for the process of identity...
  INFO root [2019-09-26 11:10:20,450] - ServerApp::onRegisterNewApp: uid:41181, username:error_name, componentType:dbmgr, componentID:4000, globalorderID=-1, grouporderID=-1, intaddr:10.15.76.77, intport:53493, extaddr:nonsupport, extport:0,  from 127.0.0.1:53496/0/0/0.
  INFO root [2019-09-26 11:10:20,450] - Components::addComponent: reset orderLog, uid=41181!
  INFO root [2019-09-26 11:10:20,451] - Components::addComponent[dbmgr], uid=41181, componentID=4000, globalorderid=1, grouporderid=1, totalcount=1
  INFO root [2019-09-26 11:10:21,523] - Components::process(): Found all the components!
S_INFO root [2019-09-26 11:12:15,672] - onRequestAccountLogin: registerName=15361964342
  WARN root [2019-09-26 11:12:29,899] - TCPPacketReceiver::processPendingEvents(127.0.0.1:53496): Throwing REASON_GENERAL_NETWORK - WSAECONNRESET
  INFO root [2019-09-26 11:12:29,903] - Components::removeComponentByChannel: dbmgr : 4000, Normal exit!
  INFO root [2019-09-26 11:12:31,525] - 
  INFO root [2019-09-26 11:12:31,548] - -----------------------------------------------------------------------------------------


  INFO root [2019-09-26 11:12:31,551] - Resmgr::initialize: KBE_ROOT=D:/kbengine/
  INFO root [2019-09-26 11:12:31,551] - Resmgr::initialize: KBE_RES_PATH=D:/kbengine/kbe/res/;D:/kbengine/BattleOfBalls_assets/;D:/kbengine/BattleOfBalls_assets/scripts/;D:/kbengine/BattleOfBalls_assets/res/
  INFO root [2019-09-26 11:12:31,551] - Resmgr::initialize: KBE_BIN_PATH=D:/kbengine/kbe/bin/server/
  INFO root [2019-09-26 11:12:31,609] - NetworkInterface::initialize(INTERNAL-TCP): bound to all interfaces with default route interface on 10.15.76.77 ( 10.15.76.77:30099 )
  INFO root [2019-09-26 11:12:31,609] - NetworkInterface::initialize(INTERNAL-TCP): address 10.15.76.77:30099, SOMAXCONN=5.
  WARN root [2019-09-26 11:12:31,610] - invalid UID(0) <= 0, please check UID for environment! automatically set to 41181.
  INFO root [2019-09-26 11:12:31,620] - ---- interfaces Version: 2.4.5. ScriptVersion: 0.1.0. Pythoncore: 3.7.3. Protocol: 96E445E56B9E460E561358C2D6E9F43B. Config: Debug X86. Built: 09:54:37 May  8 2019. AppID: 3000. UID: 41181. PID: 5708 ----
  INFO root [2019-09-26 11:12:31,625] - Server error_name: Intel(R) Core(TM) i5-6300HQ CPU @ 2.30GHz with 2097151kB RAM
  INFO root [2019-09-26 11:12:31,627] - ThreadPool::createThreadPool: creating  threadpool...
  INFO root [2019-09-26 11:12:31,627] - ThreadPool::createThreadPool: successfully(2), newThreadCount=1, normalMaxThreadCount=2, maxThreadCount=8
  INFO root [2019-09-26 11:12:31,841] - Script::install(): is successfully, Python=(3.7.3 (default, May  8 2019, 09:53:38) [MSC v.1916 32 bit (Intel)])!
  INFO root [2019-09-26 11:12:31,842] - Script::install(): KBExtra is successfully!
S_INFO root [2019-09-26 11:12:31,872] - onInterfaceAppReady: bootstrapGroupIndex=0, bootstrapGlobalIndex=0
  INFO root [2019-09-26 11:12:31,873] - TelnetServer server is running on port 33000
  INFO root [2019-09-26 11:12:32,277] - ---- interfaces is running ----
 DEBUG root [2019-09-26 11:12:32,277] - Components::process(): Request for the process of identity...
  INFO root [2019-09-26 11:12:38,424] - ServerApp::onRegisterNewApp: uid:41181, username:error_name, componentType:dbmgr, componentID:4000, globalorderID=-1, grouporderID=-1, intaddr:10.15.76.77, intport:53566, extaddr:nonsupport, extport:0,  from 127.0.0.1:53574/0/0/0.
  INFO root [2019-09-26 11:12:38,425] - Components::addComponent: reset orderLog, uid=41181!
  INFO root [2019-09-26 11:12:38,425] - Components::addComponent[dbmgr], uid=41181, componentID=4000, globalorderid=1, grouporderid=1, totalcount=1
  INFO root [2019-09-26 11:12:39,483] - Components::process(): Found all the components!
S_INFO root [2019-09-26 11:14:10,726] - onRequestAccountLogin: registerName=15361964343
S_INFO root [2019-09-26 11:14:23,188] - onRequestAccountLogin: registerName=15361964342
  WARN root [2019-09-26 11:15:24,698] - TCPPacketReceiver::processPendingEvents(127.0.0.1:53574): Throwing REASON_GENERAL_NETWORK - WSAECONNRESET
  INFO root [2019-09-26 11:15:24,700] - Components::removeComponentByChannel: dbmgr : 4000, Normal exit!
  INFO root [2019-09-26 11:15:26,404] - 
  INFO root [2019-09-26 11:15:26,405] - -----------------------------------------------------------------------------------------


  INFO root [2019-09-26 11:15:26,405] - Resmgr::initialize: KBE_ROOT=D:/kbengine/
  INFO root [2019-09-26 11:15:26,405] - Resmgr::initialize: KBE_RES_PATH=D:/kbengine/kbe/res/;D:/kbengine/BattleOfBalls_assets/;D:/kbengine/BattleOfBalls_assets/scripts/;D:/kbengine/BattleOfBalls_assets/res/
  INFO root [2019-09-26 11:15:26,405] - Resmgr::initialize: KBE_BIN_PATH=D:/kbengine/kbe/bin/server/
  INFO root [2019-09-26 11:15:26,417] - NetworkInterface::initialize(INTERNAL-TCP): bound to all interfaces with default route interface on 10.15.76.77 ( 10.15.76.77:30099 )
  INFO root [2019-09-26 11:15:26,418] - NetworkInterface::initialize(INTERNAL-TCP): address 10.15.76.77:30099, SOMAXCONN=5.
  WARN root [2019-09-26 11:15:26,418] - invalid UID(0) <= 0, please check UID for environment! automatically set to 41181.
  INFO root [2019-09-26 11:15:26,422] - ---- interfaces Version: 2.4.5. ScriptVersion: 0.1.0. Pythoncore: 3.7.3. Protocol: 96E445E56B9E460E561358C2D6E9F43B. Config: Debug X86. Built: 09:54:37 May  8 2019. AppID: 3000. UID: 41181. PID: 11388 ----
  INFO root [2019-09-26 11:15:26,423] - Server error_name: Intel(R) Core(TM) i5-6300HQ CPU @ 2.30GHz with 2097151kB RAM
  INFO root [2019-09-26 11:15:26,423] - ThreadPool::createThreadPool: creating  threadpool...
  INFO root [2019-09-26 11:15:26,423] - ThreadPool::createThreadPool: successfully(2), newThreadCount=1, normalMaxThreadCount=2, maxThreadCount=8
  INFO root [2019-09-26 11:15:26,756] - Script::install(): is successfully, Python=(3.7.3 (default, May  8 2019, 09:53:38) [MSC v.1916 32 bit (Intel)])!
  INFO root [2019-09-26 11:15:26,756] - Script::install(): KBExtra is successfully!
S_INFO root [2019-09-26 11:15:26,781] - onInterfaceAppReady: bootstrapGroupIndex=0, bootstrapGlobalIndex=0
  INFO root [2019-09-26 11:15:26,783] - TelnetServer server is running on port 33000
  INFO root [2019-09-26 11:15:27,196] - ---- interfaces is running ----
 DEBUG root [2019-09-26 11:15:27,197] - Components::process(): Request for the process of identity...
  WARN root [2019-09-26 11:15:30,641] - BundleBroadcast::BundleBroadcast: Cannot bind to port 20086, errorno=10048
  INFO root [2019-09-26 11:15:33,680] - ServerApp::onRegisterNewApp: uid:41181, username:error_name, componentType:dbmgr, componentID:4000, globalorderID=-1, grouporderID=-1, intaddr:10.15.76.77, intport:53629, extaddr:nonsupport, extport:0,  from 127.0.0.1:53638/0/0/0.
  INFO root [2019-09-26 11:15:33,680] - Components::addComponent: reset orderLog, uid=41181!
  INFO root [2019-09-26 11:15:33,681] - Components::addComponent[dbmgr], uid=41181, componentID=4000, globalorderid=1, grouporderid=1, totalcount=1
  INFO root [2019-09-26 11:15:34,708] - Components::process(): Found all the components!
S_INFO root [2019-09-26 11:17:18,275] - onRequestAccountLogin: registerName=15361964343
S_INFO root [2019-09-26 11:17:42,938] - onRequestAccountLogin: registerName=15361964342
  WARN root [2019-09-26 11:18:22,359] - TCPPacketReceiver::processPendingEvents(127.0.0.1:53638): Throwing REASON_GENERAL_NETWORK - WSAECONNRESET
  INFO root [2019-09-26 11:18:22,362] - Components::removeComponentByChannel: dbmgr : 4000, Normal exit!
  INFO root [2019-09-26 11:19:32,881] - 
  INFO root [2019-09-26 11:19:32,882] - -----------------------------------------------------------------------------------------


  INFO root [2019-09-26 11:19:32,883] - Resmgr::initialize: KBE_ROOT=D:/kbengine/
  INFO root [2019-09-26 11:19:32,883] - Resmgr::initialize: KBE_RES_PATH=D:/kbengine/kbe/res/;D:/kbengine/BattleOfBalls_assets/;D:/kbengine/BattleOfBalls_assets/scripts/;D:/kbengine/BattleOfBalls_assets/res/
  INFO root [2019-09-26 11:19:32,883] - Resmgr::initialize: KBE_BIN_PATH=D:/kbengine/kbe/bin/server/
  INFO root [2019-09-26 11:19:32,895] - NetworkInterface::initialize(INTERNAL-TCP): bound to all interfaces with default route interface on 10.15.76.77 ( 10.15.76.77:30099 )
  INFO root [2019-09-26 11:19:32,896] - NetworkInterface::initialize(INTERNAL-TCP): address 10.15.76.77:30099, SOMAXCONN=5.
  WARN root [2019-09-26 11:19:32,896] - invalid UID(0) <= 0, please check UID for environment! automatically set to 41181.
  INFO root [2019-09-26 11:19:32,900] - ---- interfaces Version: 2.4.5. ScriptVersion: 0.1.0. Pythoncore: 3.7.3. Protocol: 96E445E56B9E460E561358C2D6E9F43B. Config: Debug X86. Built: 09:54:37 May  8 2019. AppID: 3000. UID: 41181. PID: 1632 ----
  INFO root [2019-09-26 11:19:32,902] - Server error_name: Intel(R) Core(TM) i5-6300HQ CPU @ 2.30GHz with 2097151kB RAM
  INFO root [2019-09-26 11:19:32,902] - ThreadPool::createThreadPool: creating  threadpool...
  INFO root [2019-09-26 11:19:32,902] - ThreadPool::createThreadPool: successfully(2), newThreadCount=1, normalMaxThreadCount=2, maxThreadCount=8
  INFO root [2019-09-26 11:19:33,187] - Script::install(): is successfully, Python=(3.7.3 (default, May  8 2019, 09:53:38) [MSC v.1916 32 bit (Intel)])!
  INFO root [2019-09-26 11:19:33,187] - Script::install(): KBExtra is successfully!
S_INFO root [2019-09-26 11:19:33,216] - onInterfaceAppReady: bootstrapGroupIndex=0, bootstrapGlobalIndex=0
  INFO root [2019-09-26 11:19:33,217] - TelnetServer server is running on port 33000
  INFO root [2019-09-26 11:19:33,662] - ---- interfaces is running ----
 DEBUG root [2019-09-26 11:19:33,663] - Components::process(): Request for the process of identity...
  INFO root [2019-09-26 11:19:39,836] - ServerApp::onRegisterNewApp: uid:41181, username:error_name, componentType:dbmgr, componentID:4000, globalorderID=-1, grouporderID=-1, intaddr:10.15.76.77, intport:53701, extaddr:nonsupport, extport:0,  from 127.0.0.1:53707/0/0/0.
  INFO root [2019-09-26 11:19:39,836] - Components::addComponent: reset orderLog, uid=41181!
  INFO root [2019-09-26 11:19:39,837] - Components::addComponent[dbmgr], uid=41181, componentID=4000, globalorderid=1, grouporderid=1, totalcount=1
  INFO root [2019-09-26 11:19:40,917] - Components::process(): Found all the components!
S_INFO root [2019-09-26 11:20:07,946] - onRequestAccountLogin: registerName=15361964343
S_INFO root [2019-09-26 11:20:23,857] - onRequestAccountLogin: registerName=15361964342
  WARN root [2019-09-26 11:21:25,912] - TCPPacketReceiver::processPendingEvents(127.0.0.1:53707): Throwing REASON_GENERAL_NETWORK - WSAECONNRESET
  INFO root [2019-09-26 11:21:25,914] - Components::removeComponentByChannel: dbmgr : 4000, Normal exit!
