  INFO root [2019-09-19 08:54:31,863] - 
  INFO root [2019-09-19 08:54:31,864] - -----------------------------------------------------------------------------------------


  INFO root [2019-09-19 08:54:32,830] - Resmgr::initialize: KBE_ROOT=D:/kbengine/
  INFO root [2019-09-19 08:54:32,830] - Resmgr::initialize: KBE_RES_PATH=D:/kbengine/kbe/res/;D:/kbengine/BattleOfBalls_assets/;D:/kbengine/BattleOfBalls_assets/scripts/;D:/kbengine/BattleOfBalls_assets/res/
  INFO root [2019-09-19 08:54:32,830] - Resmgr::initialize: KBE_BIN_PATH=D:/kbengine/kbe/bin/server/
  INFO root [2019-09-19 08:54:33,382] - NetworkInterface::initialize(INTERNAL-TCP): bound to all interfaces with default route interface on 192.168.43.114 ( 192.168.43.114:30099 )
  INFO root [2019-09-19 08:54:33,383] - NetworkInterface::initialize(INTERNAL-TCP): address 192.168.43.114:30099, SOMAXCONN=5.
  WARN root [2019-09-19 08:54:33,383] - invalid UID(0) <= 0, please check UID for environment! automatically set to 41181.
  INFO root [2019-09-19 08:54:33,571] - ---- interfaces Version: 2.4.5. ScriptVersion: 0.1.0. Pythoncore: 3.7.3. Protocol: 96E445E56B9E460E561358C2D6E9F43B. Config: Debug X86. Built: 09:54:37 May  8 2019. AppID: 3000. UID: 41181. PID: 16884 ----
  INFO root [2019-09-19 08:54:33,571] - Server error_name: Intel(R) Core(TM) i5-6300HQ CPU @ 2.30GHz with 2097151kB RAM
  INFO root [2019-09-19 08:54:33,629] - ThreadPool::createThreadPool: creating  threadpool...
  INFO root [2019-09-19 08:54:33,629] - ThreadPool::createThreadPool: successfully(2), newThreadCount=1, normalMaxThreadCount=2, maxThreadCount=8
  INFO root [2019-09-19 08:54:36,970] - Script::install(): is successfully, Python=(3.7.3 (default, May  8 2019, 09:53:38) [MSC v.1916 32 bit (Intel)])!
  INFO root [2019-09-19 08:54:36,970] - Script::install(): KBExtra is successfully!
S_INFO root [2019-09-19 08:54:37,960] - onInterfaceAppReady: bootstrapGroupIndex=0, bootstrapGlobalIndex=0
  INFO root [2019-09-19 08:54:38,108] - TelnetServer server is running on port 33000
  WARN root [2019-09-19 08:54:38,189] - d:\kbengine\kbe\src\server\tools\interfaces\interfaces.cpp:150: Profile scriptCall took 0.17 seconds
  INFO root [2019-09-19 08:54:39,262] - ---- interfaces is running ----
 DEBUG root [2019-09-19 08:54:39,275] - Components::process(): Request for the process of identity...
  INFO root [2019-09-19 08:54:46,580] - Components::process(): Found all the components!
  INFO root [2019-09-19 08:56:25,945] - 
  INFO root [2019-09-19 08:56:25,955] - -----------------------------------------------------------------------------------------


  INFO root [2019-09-19 08:56:25,956] - Resmgr::initialize: KBE_ROOT=D:/kbengine/
  INFO root [2019-09-19 08:56:25,957] - Resmgr::initialize: KBE_RES_PATH=D:/kbengine/kbe/res/;D:/kbengine/BattleOfBalls_assets/;D:/kbengine/BattleOfBalls_assets/scripts/;D:/kbengine/BattleOfBalls_assets/res/
  INFO root [2019-09-19 08:56:25,957] - Resmgr::initialize: KBE_BIN_PATH=D:/kbengine/kbe/bin/server/
  INFO root [2019-09-19 08:56:25,970] - NetworkInterface::initialize(INTERNAL-TCP): bound to all interfaces with default route interface on 192.168.43.114 ( 192.168.43.114:30099 )
  INFO root [2019-09-19 08:56:25,970] - NetworkInterface::initialize(INTERNAL-TCP): address 192.168.43.114:30099, SOMAXCONN=5.
  WARN root [2019-09-19 08:56:25,970] - invalid UID(0) <= 0, please check UID for environment! automatically set to 41181.
  INFO root [2019-09-19 08:56:25,984] - ---- interfaces Version: 2.4.5. ScriptVersion: 0.1.0. Pythoncore: 3.7.3. Protocol: 96E445E56B9E460E561358C2D6E9F43B. Config: Debug X86. Built: 09:54:37 May  8 2019. AppID: 3000. UID: 41181. PID: 6912 ----
  INFO root [2019-09-19 08:56:25,986] - Server error_name: Intel(R) Core(TM) i5-6300HQ CPU @ 2.30GHz with 2097151kB RAM
  INFO root [2019-09-19 08:56:25,987] - ThreadPool::createThreadPool: creating  threadpool...
  INFO root [2019-09-19 08:56:25,987] - ThreadPool::createThreadPool: successfully(2), newThreadCount=1, normalMaxThreadCount=2, maxThreadCount=8
  INFO root [2019-09-19 08:56:26,219] - Script::install(): is successfully, Python=(3.7.3 (default, May  8 2019, 09:53:38) [MSC v.1916 32 bit (Intel)])!
  INFO root [2019-09-19 08:56:26,219] - Script::install(): KBExtra is successfully!
S_INFO root [2019-09-19 08:56:26,247] - onInterfaceAppReady: bootstrapGroupIndex=0, bootstrapGlobalIndex=0
  INFO root [2019-09-19 08:56:26,248] - TelnetServer server is running on port 33000
  INFO root [2019-09-19 08:56:26,656] - ---- interfaces is running ----
 DEBUG root [2019-09-19 08:56:26,671] - Components::process(): Request for the process of identity...
  INFO root [2019-09-19 08:56:33,860] - Components::process(): Found all the components!
  INFO root [2019-09-19 08:59:58,730] - 
  INFO root [2019-09-19 08:59:58,731] - -----------------------------------------------------------------------------------------


  INFO root [2019-09-19 08:59:58,732] - Resmgr::initialize: KBE_ROOT=D:/kbengine/
  INFO root [2019-09-19 08:59:58,732] - Resmgr::initialize: KBE_RES_PATH=D:/kbengine/kbe/res/;D:/kbengine/BattleOfBalls_assets/;D:/kbengine/BattleOfBalls_assets/scripts/;D:/kbengine/BattleOfBalls_assets/res/
  INFO root [2019-09-19 08:59:58,732] - Resmgr::initialize: KBE_BIN_PATH=D:/kbengine/kbe/bin/server/
  INFO root [2019-09-19 08:59:58,743] - NetworkInterface::initialize(INTERNAL-TCP): bound to all interfaces with default route interface on 192.168.43.114 ( 192.168.43.114:30099 )
  INFO root [2019-09-19 08:59:58,743] - NetworkInterface::initialize(INTERNAL-TCP): address 192.168.43.114:30099, SOMAXCONN=5.
  WARN root [2019-09-19 08:59:58,743] - invalid UID(0) <= 0, please check UID for environment! automatically set to 41181.
  INFO root [2019-09-19 08:59:58,747] - ---- interfaces Version: 2.4.5. ScriptVersion: 0.1.0. Pythoncore: 3.7.3. Protocol: 96E445E56B9E460E561358C2D6E9F43B. Config: Debug X86. Built: 09:54:37 May  8 2019. AppID: 3000. UID: 41181. PID: 9444 ----
  INFO root [2019-09-19 08:59:58,748] - Server error_name: Intel(R) Core(TM) i5-6300HQ CPU @ 2.30GHz with 2097151kB RAM
  INFO root [2019-09-19 08:59:58,748] - ThreadPool::createThreadPool: creating  threadpool...
  INFO root [2019-09-19 08:59:58,748] - ThreadPool::createThreadPool: successfully(2), newThreadCount=1, normalMaxThreadCount=2, maxThreadCount=8
  INFO root [2019-09-19 08:59:58,967] - Script::install(): is successfully, Python=(3.7.3 (default, May  8 2019, 09:53:38) [MSC v.1916 32 bit (Intel)])!
  INFO root [2019-09-19 08:59:58,967] - Script::install(): KBExtra is successfully!
S_INFO root [2019-09-19 08:59:58,993] - onInterfaceAppReady: bootstrapGroupIndex=0, bootstrapGlobalIndex=0
  INFO root [2019-09-19 08:59:58,994] - TelnetServer server is running on port 33000
  INFO root [2019-09-19 08:59:59,390] - ---- interfaces is running ----
 DEBUG root [2019-09-19 08:59:59,391] - Components::process(): Request for the process of identity...
  INFO root [2019-09-19 09:00:06,593] - Components::process(): Found all the components!
  INFO root [2019-09-19 09:00:12,679] - 
  INFO root [2019-09-19 09:00:12,680] - -----------------------------------------------------------------------------------------


  INFO root [2019-09-19 09:00:12,681] - Resmgr::initialize: KBE_ROOT=D:/kbengine/
  INFO root [2019-09-19 09:00:12,682] - Resmgr::initialize: KBE_RES_PATH=D:/kbengine/kbe/res/;D:/kbengine/BattleOfBalls_assets/;D:/kbengine/BattleOfBalls_assets/scripts/;D:/kbengine/BattleOfBalls_assets/res/
  INFO root [2019-09-19 09:00:12,682] - Resmgr::initialize: KBE_BIN_PATH=D:/kbengine/kbe/bin/server/
  INFO root [2019-09-19 09:00:12,759] - NetworkInterface::initialize(INTERNAL-TCP): bound to all interfaces with default route interface on 192.168.43.114 ( 192.168.43.114:30099 )
  INFO root [2019-09-19 09:00:12,759] - NetworkInterface::initialize(INTERNAL-TCP): address 192.168.43.114:30099, SOMAXCONN=5.
  WARN root [2019-09-19 09:00:12,759] - invalid UID(0) <= 0, please check UID for environment! automatically set to 41181.
  INFO root [2019-09-19 09:00:12,767] - ---- interfaces Version: 2.4.5. ScriptVersion: 0.1.0. Pythoncore: 3.7.3. Protocol: 96E445E56B9E460E561358C2D6E9F43B. Config: Debug X86. Built: 09:54:37 May  8 2019. AppID: 3000. UID: 41181. PID: 5560 ----
  INFO root [2019-09-19 09:00:12,771] - Server error_name: Intel(R) Core(TM) i5-6300HQ CPU @ 2.30GHz with 2097151kB RAM
  INFO root [2019-09-19 09:00:12,773] - ThreadPool::createThreadPool: creating  threadpool...
  INFO root [2019-09-19 09:00:12,773] - ThreadPool::createThreadPool: successfully(2), newThreadCount=1, normalMaxThreadCount=2, maxThreadCount=8
  INFO root [2019-09-19 09:00:12,969] - Script::install(): is successfully, Python=(3.7.3 (default, May  8 2019, 09:53:38) [MSC v.1916 32 bit (Intel)])!
  INFO root [2019-09-19 09:00:12,969] - Script::install(): KBExtra is successfully!
S_INFO root [2019-09-19 09:00:12,995] - onInterfaceAppReady: bootstrapGroupIndex=0, bootstrapGlobalIndex=0
  INFO root [2019-09-19 09:00:12,996] - TelnetServer server is running on port 33000
  INFO root [2019-09-19 09:00:13,385] - ---- interfaces is running ----
 DEBUG root [2019-09-19 09:00:13,389] - Components::process(): Request for the process of identity...
  INFO root [2019-09-19 09:00:20,595] - Components::process(): Found all the components!
  INFO root [2019-09-19 09:01:04,536] - 
  INFO root [2019-09-19 09:01:04,537] - -----------------------------------------------------------------------------------------


  INFO root [2019-09-19 09:01:04,538] - Resmgr::initialize: KBE_ROOT=D:/kbengine/
  INFO root [2019-09-19 09:01:04,538] - Resmgr::initialize: KBE_RES_PATH=D:/kbengine/kbe/res/;D:/kbengine/BattleOfBalls_assets/;D:/kbengine/BattleOfBalls_assets/scripts/;D:/kbengine/BattleOfBalls_assets/res/
  INFO root [2019-09-19 09:01:04,538] - Resmgr::initialize: KBE_BIN_PATH=D:/kbengine/kbe/bin/server/
  INFO root [2019-09-19 09:01:04,547] - NetworkInterface::initialize(INTERNAL-TCP): bound to all interfaces with default route interface on 192.168.43.114 ( 192.168.43.114:30099 )
  INFO root [2019-09-19 09:01:04,547] - NetworkInterface::initialize(INTERNAL-TCP): address 192.168.43.114:30099, SOMAXCONN=5.
  WARN root [2019-09-19 09:01:04,547] - invalid UID(0) <= 0, please check UID for environment! automatically set to 41181.
  INFO root [2019-09-19 09:01:04,551] - ---- interfaces Version: 2.4.5. ScriptVersion: 0.1.0. Pythoncore: 3.7.3. Protocol: 96E445E56B9E460E561358C2D6E9F43B. Config: Debug X86. Built: 09:54:37 May  8 2019. AppID: 3000. UID: 41181. PID: 6032 ----
  INFO root [2019-09-19 09:01:04,554] - Server error_name: Intel(R) Core(TM) i5-6300HQ CPU @ 2.30GHz with 2097151kB RAM
  INFO root [2019-09-19 09:01:04,554] - ThreadPool::createThreadPool: creating  threadpool...
  INFO root [2019-09-19 09:01:04,554] - ThreadPool::createThreadPool: successfully(2), newThreadCount=1, normalMaxThreadCount=2, maxThreadCount=8
  INFO root [2019-09-19 09:01:04,755] - Script::install(): is successfully, Python=(3.7.3 (default, May  8 2019, 09:53:38) [MSC v.1916 32 bit (Intel)])!
  INFO root [2019-09-19 09:01:04,755] - Script::install(): KBExtra is successfully!
S_INFO root [2019-09-19 09:01:04,779] - onInterfaceAppReady: bootstrapGroupIndex=0, bootstrapGlobalIndex=0
  INFO root [2019-09-19 09:01:04,781] - TelnetServer server is running on port 33000
  INFO root [2019-09-19 09:01:05,168] - ---- interfaces is running ----
 DEBUG root [2019-09-19 09:01:05,169] - Components::process(): Request for the process of identity...
  INFO root [2019-09-19 09:01:11,393] - ServerApp::onRegisterNewApp: uid:41181, username:error_name, componentType:dbmgr, componentID:4000, globalorderID=-1, grouporderID=-1, intaddr:192.168.43.114, intport:54446, extaddr:nonsupport, extport:0,  from 127.0.0.1:54457/0/0/0.
  INFO root [2019-09-19 09:01:11,401] - Components::addComponent: reset orderLog, uid=41181!
  INFO root [2019-09-19 09:01:11,401] - Components::addComponent[dbmgr], uid=41181, componentID=4000, globalorderid=1, grouporderid=1, totalcount=1
  INFO root [2019-09-19 09:01:12,481] - Components::process(): Found all the components!
S_INFO root [2019-09-19 09:05:21,965] - onRequestAccountLogin: registerName=15361964343
S_INFO root [2019-09-19 09:12:25,256] - onRequestAccountLogin: registerName=15361964343
  WARN root [2019-09-19 09:22:57,448] - TCPPacketReceiver::processPendingEvents(127.0.0.1:54457): Throwing REASON_GENERAL_NETWORK - WSAECONNRESET
  INFO root [2019-09-19 09:22:57,450] - Components::removeComponentByChannel: dbmgr : 4000, Normal exit!
  INFO root [2019-09-19 09:23:58,980] - 
  INFO root [2019-09-19 09:23:58,981] - -----------------------------------------------------------------------------------------


  INFO root [2019-09-19 09:23:58,982] - Resmgr::initialize: KBE_ROOT=D:/kbengine/
  INFO root [2019-09-19 09:23:58,982] - Resmgr::initialize: KBE_RES_PATH=D:/kbengine/kbe/res/;D:/kbengine/BattleOfBalls_assets/;D:/kbengine/BattleOfBalls_assets/scripts/;D:/kbengine/BattleOfBalls_assets/res/
  INFO root [2019-09-19 09:23:58,983] - Resmgr::initialize: KBE_BIN_PATH=D:/kbengine/kbe/bin/server/
  INFO root [2019-09-19 09:23:58,998] - NetworkInterface::initialize(INTERNAL-TCP): bound to all interfaces with default route interface on 192.168.43.114 ( 192.168.43.114:30099 )
  INFO root [2019-09-19 09:23:58,999] - NetworkInterface::initialize(INTERNAL-TCP): address 192.168.43.114:30099, SOMAXCONN=5.
  WARN root [2019-09-19 09:23:58,999] - invalid UID(0) <= 0, please check UID for environment! automatically set to 41181.
  INFO root [2019-09-19 09:23:59,003] - ---- interfaces Version: 2.4.5. ScriptVersion: 0.1.0. Pythoncore: 3.7.3. Protocol: 96E445E56B9E460E561358C2D6E9F43B. Config: Debug X86. Built: 09:54:37 May  8 2019. AppID: 3000. UID: 41181. PID: 11820 ----
  INFO root [2019-09-19 09:23:59,005] - Server error_name: Intel(R) Core(TM) i5-6300HQ CPU @ 2.30GHz with 2097151kB RAM
  INFO root [2019-09-19 09:23:59,006] - ThreadPool::createThreadPool: creating  threadpool...
  INFO root [2019-09-19 09:23:59,006] - ThreadPool::createThreadPool: successfully(2), newThreadCount=1, normalMaxThreadCount=2, maxThreadCount=8
  INFO root [2019-09-19 09:23:59,203] - Script::install(): is successfully, Python=(3.7.3 (default, May  8 2019, 09:53:38) [MSC v.1916 32 bit (Intel)])!
  INFO root [2019-09-19 09:23:59,203] - Script::install(): KBExtra is successfully!
S_INFO root [2019-09-19 09:23:59,230] - onInterfaceAppReady: bootstrapGroupIndex=0, bootstrapGlobalIndex=0
  INFO root [2019-09-19 09:23:59,232] - TelnetServer server is running on port 33000
  INFO root [2019-09-19 09:23:59,608] - ---- interfaces is running ----
 DEBUG root [2019-09-19 09:23:59,608] - Components::process(): Request for the process of identity...
  INFO root [2019-09-19 09:24:05,722] - ServerApp::onRegisterNewApp: uid:41181, username:error_name, componentType:dbmgr, componentID:4000, globalorderID=-1, grouporderID=-1, intaddr:192.168.43.114, intport:55123, extaddr:nonsupport, extport:0,  from 127.0.0.1:55126/0/0/0.
  INFO root [2019-09-19 09:24:05,722] - Components::addComponent: reset orderLog, uid=41181!
  INFO root [2019-09-19 09:24:05,722] - Components::addComponent[dbmgr], uid=41181, componentID=4000, globalorderid=1, grouporderid=1, totalcount=1
  INFO root [2019-09-19 09:24:06,789] - Components::process(): Found all the components!
S_INFO root [2019-09-19 09:26:19,913] - onRequestAccountLogin: registerName=15361964343
S_INFO root [2019-09-19 09:27:35,044] - onRequestAccountLogin: registerName=15361964342
  WARN root [2019-09-19 09:33:14,101] - TCPPacketReceiver::processPendingEvents(127.0.0.1:55126): Throwing REASON_GENERAL_NETWORK - WSAECONNRESET
  INFO root [2019-09-19 09:33:14,104] - Components::removeComponentByChannel: dbmgr : 4000, Normal exit!
  INFO root [2019-09-19 19:05:52,602] - 
  INFO root [2019-09-19 19:05:53,142] - -----------------------------------------------------------------------------------------


  INFO root [2019-09-19 19:05:53,832] - Resmgr::initialize: KBE_ROOT=D:/kbengine/
  INFO root [2019-09-19 19:05:53,832] - Resmgr::initialize: KBE_RES_PATH=D:/kbengine/kbe/res/;D:/kbengine/BattleOfBalls_assets/;D:/kbengine/BattleOfBalls_assets/scripts/;D:/kbengine/BattleOfBalls_assets/res/
  INFO root [2019-09-19 19:05:53,832] - Resmgr::initialize: KBE_BIN_PATH=D:/kbengine/kbe/bin/server/
  INFO root [2019-09-19 19:05:53,952] - NetworkInterface::initialize(INTERNAL-TCP): bound to all interfaces with default route interface on 192.168.202.54 ( 192.168.202.54:30099 )
  INFO root [2019-09-19 19:05:53,952] - NetworkInterface::initialize(INTERNAL-TCP): address 192.168.202.54:30099, SOMAXCONN=5.
  WARN root [2019-09-19 19:05:53,952] - invalid UID(0) <= 0, please check UID for environment! automatically set to 41181.
  INFO root [2019-09-19 19:05:53,982] - ---- interfaces Version: 2.4.5. ScriptVersion: 0.1.0. Pythoncore: 3.7.3. Protocol: 96E445E56B9E460E561358C2D6E9F43B. Config: Debug X86. Built: 09:54:37 May  8 2019. AppID: 3000. UID: 41181. PID: 5532 ----
  INFO root [2019-09-19 19:05:53,982] - Server error_name: Intel(R) Core(TM) i5-6300HQ CPU @ 2.30GHz with 2097151kB RAM
  INFO root [2019-09-19 19:05:54,001] - ThreadPool::createThreadPool: creating  threadpool...
  INFO root [2019-09-19 19:05:54,001] - ThreadPool::createThreadPool: successfully(2), newThreadCount=1, normalMaxThreadCount=2, maxThreadCount=8
  INFO root [2019-09-19 19:05:54,811] - Script::install(): is successfully, Python=(3.7.3 (default, May  8 2019, 09:53:38) [MSC v.1916 32 bit (Intel)])!
  INFO root [2019-09-19 19:05:54,811] - Script::install(): KBExtra is successfully!
S_INFO root [2019-09-19 19:05:55,032] - onInterfaceAppReady: bootstrapGroupIndex=0, bootstrapGlobalIndex=0
  INFO root [2019-09-19 19:05:55,042] - TelnetServer server is running on port 33000
  INFO root [2019-09-19 19:05:55,621] - ---- interfaces is running ----
 DEBUG root [2019-09-19 19:05:55,651] - Components::process(): Request for the process of identity...
  INFO root [2019-09-19 19:06:01,942] - ServerApp::onRegisterNewApp: uid:41181, username:error_name, componentType:dbmgr, componentID:4000, globalorderID=-1, grouporderID=-1, intaddr:192.168.202.54, intport:60625, extaddr:nonsupport, extport:0,  from 127.0.0.1:60626/0/0/0.
  INFO root [2019-09-19 19:06:01,942] - Components::addComponent: reset orderLog, uid=41181!
  INFO root [2019-09-19 19:06:01,942] - Components::addComponent[dbmgr], uid=41181, componentID=4000, globalorderid=1, grouporderid=1, totalcount=1
  INFO root [2019-09-19 19:06:03,132] - Components::process(): Found all the components!
  WARN root [2019-09-19 19:06:32,621] - TCPPacketReceiver::processPendingEvents(127.0.0.1:60626): Throwing REASON_GENERAL_NETWORK - WSAECONNRESET
  INFO root [2019-09-19 19:06:32,621] - Components::removeComponentByChannel: dbmgr : 4000, Normal exit!
  INFO root [2019-09-19 19:10:14,871] - 
  INFO root [2019-09-19 19:10:14,873] - -----------------------------------------------------------------------------------------


  INFO root [2019-09-19 19:10:14,874] - Resmgr::initialize: KBE_ROOT=D:/kbengine/
  INFO root [2019-09-19 19:10:14,875] - Resmgr::initialize: KBE_RES_PATH=D:/kbengine/kbe/res/;D:/kbengine/BattleOfBalls_assets/;D:/kbengine/BattleOfBalls_assets/scripts/;D:/kbengine/BattleOfBalls_assets/res/
  INFO root [2019-09-19 19:10:14,875] - Resmgr::initialize: KBE_BIN_PATH=D:/kbengine/kbe/bin/server/
  INFO root [2019-09-19 19:10:14,901] - NetworkInterface::initialize(INTERNAL-TCP): bound to all interfaces with default route interface on 192.168.202.54 ( 192.168.202.54:30099 )
  INFO root [2019-09-19 19:10:14,901] - NetworkInterface::initialize(INTERNAL-TCP): address 192.168.202.54:30099, SOMAXCONN=5.
  WARN root [2019-09-19 19:10:14,902] - invalid UID(0) <= 0, please check UID for environment! automatically set to 41181.
  INFO root [2019-09-19 19:10:14,912] - ---- interfaces Version: 2.4.5. ScriptVersion: 0.1.0. Pythoncore: 3.7.3. Protocol: 96E445E56B9E460E561358C2D6E9F43B. Config: Debug X86. Built: 09:54:37 May  8 2019. AppID: 3000. UID: 41181. PID: 9052 ----
  INFO root [2019-09-19 19:10:14,917] - Server error_name: Intel(R) Core(TM) i5-6300HQ CPU @ 2.30GHz with 2097151kB RAM
  INFO root [2019-09-19 19:10:14,931] - ThreadPool::createThreadPool: creating  threadpool...
  INFO root [2019-09-19 19:10:14,931] - ThreadPool::createThreadPool: successfully(2), newThreadCount=1, normalMaxThreadCount=2, maxThreadCount=8
  INFO root [2019-09-19 19:10:15,125] - Script::install(): is successfully, Python=(3.7.3 (default, May  8 2019, 09:53:38) [MSC v.1916 32 bit (Intel)])!
  INFO root [2019-09-19 19:10:15,125] - Script::install(): KBExtra is successfully!
S_INFO root [2019-09-19 19:10:15,152] - onInterfaceAppReady: bootstrapGroupIndex=0, bootstrapGlobalIndex=0
  INFO root [2019-09-19 19:10:15,153] - TelnetServer server is running on port 33000
  INFO root [2019-09-19 19:10:15,529] - ---- interfaces is running ----
 DEBUG root [2019-09-19 19:10:15,529] - Components::process(): Request for the process of identity...
  INFO root [2019-09-19 19:10:21,635] - ServerApp::onRegisterNewApp: uid:41181, username:error_name, componentType:dbmgr, componentID:4000, globalorderID=-1, grouporderID=-1, intaddr:192.168.202.54, intport:60737, extaddr:nonsupport, extport:0,  from 127.0.0.1:60738/0/0/0.
  INFO root [2019-09-19 19:10:21,635] - Components::addComponent: reset orderLog, uid=41181!
  INFO root [2019-09-19 19:10:21,635] - Components::addComponent[dbmgr], uid=41181, componentID=4000, globalorderid=1, grouporderid=1, totalcount=1
  INFO root [2019-09-19 19:10:22,693] - Components::process(): Found all the components!
S_INFO root [2019-09-19 19:10:56,319] - onRequestAccountLogin: registerName=15361964343
S_INFO root [2019-09-19 19:11:39,938] - onRequestAccountLogin: registerName=15361964342
  WARN root [2019-09-19 19:12:06,556] - TCPPacketReceiver::processPendingEvents(127.0.0.1:60738): Throwing REASON_GENERAL_NETWORK - WSAECONNRESET
  INFO root [2019-09-19 19:12:06,561] - Components::removeComponentByChannel: dbmgr : 4000, Normal exit!
  INFO root [2019-09-19 19:14:11,454] - 
  INFO root [2019-09-19 19:14:11,458] - -----------------------------------------------------------------------------------------


  INFO root [2019-09-19 19:14:11,459] - Resmgr::initialize: KBE_ROOT=D:/kbengine/
  INFO root [2019-09-19 19:14:11,460] - Resmgr::initialize: KBE_RES_PATH=D:/kbengine/kbe/res/;D:/kbengine/BattleOfBalls_assets/;D:/kbengine/BattleOfBalls_assets/scripts/;D:/kbengine/BattleOfBalls_assets/res/
  INFO root [2019-09-19 19:14:11,460] - Resmgr::initialize: KBE_BIN_PATH=D:/kbengine/kbe/bin/server/
  INFO root [2019-09-19 19:14:11,492] - NetworkInterface::initialize(INTERNAL-TCP): bound to all interfaces with default route interface on 192.168.202.54 ( 192.168.202.54:30099 )
  INFO root [2019-09-19 19:14:11,493] - NetworkInterface::initialize(INTERNAL-TCP): address 192.168.202.54:30099, SOMAXCONN=5.
  WARN root [2019-09-19 19:14:11,493] - invalid UID(0) <= 0, please check UID for environment! automatically set to 41181.
  INFO root [2019-09-19 19:14:11,502] - ---- interfaces Version: 2.4.5. ScriptVersion: 0.1.0. Pythoncore: 3.7.3. Protocol: 96E445E56B9E460E561358C2D6E9F43B. Config: Debug X86. Built: 09:54:37 May  8 2019. AppID: 3000. UID: 41181. PID: 128 ----
  INFO root [2019-09-19 19:14:11,505] - Server error_name: Intel(R) Core(TM) i5-6300HQ CPU @ 2.30GHz with 2097151kB RAM
  INFO root [2019-09-19 19:14:11,505] - ThreadPool::createThreadPool: creating  threadpool...
  INFO root [2019-09-19 19:14:11,505] - ThreadPool::createThreadPool: successfully(2), newThreadCount=1, normalMaxThreadCount=2, maxThreadCount=8
  INFO root [2019-09-19 19:14:11,716] - Script::install(): is successfully, Python=(3.7.3 (default, May  8 2019, 09:53:38) [MSC v.1916 32 bit (Intel)])!
  INFO root [2019-09-19 19:14:11,717] - Script::install(): KBExtra is successfully!
S_INFO root [2019-09-19 19:14:11,744] - onInterfaceAppReady: bootstrapGroupIndex=0, bootstrapGlobalIndex=0
  INFO root [2019-09-19 19:14:11,745] - TelnetServer server is running on port 33000
  INFO root [2019-09-19 19:14:12,159] - ---- interfaces is running ----
 DEBUG root [2019-09-19 19:14:12,162] - Components::process(): Request for the process of identity...
  INFO root [2019-09-19 19:14:18,286] - ServerApp::onRegisterNewApp: uid:41181, username:error_name, componentType:dbmgr, componentID:4000, globalorderID=-1, grouporderID=-1, intaddr:192.168.202.54, intport:60800, extaddr:nonsupport, extport:0,  from 127.0.0.1:60810/0/0/0.
  INFO root [2019-09-19 19:14:18,287] - Components::addComponent: reset orderLog, uid=41181!
  INFO root [2019-09-19 19:14:18,287] - Components::addComponent[dbmgr], uid=41181, componentID=4000, globalorderid=1, grouporderid=1, totalcount=1
  INFO root [2019-09-19 19:14:19,372] - Components::process(): Found all the components!
S_INFO root [2019-09-19 19:14:37,343] - onRequestAccountLogin: registerName=15361964343
S_INFO root [2019-09-19 19:14:58,256] - onRequestAccountLogin: registerName=15361964342
  WARN root [2019-09-19 19:15:48,693] - TCPPacketReceiver::processPendingEvents(127.0.0.1:60810): Throwing REASON_GENERAL_NETWORK - WSAECONNRESET
  INFO root [2019-09-19 19:15:48,697] - Components::removeComponentByChannel: dbmgr : 4000, Normal exit!
  INFO root [2019-09-19 19:16:41,401] - 
  INFO root [2019-09-19 19:16:41,405] - -----------------------------------------------------------------------------------------


  INFO root [2019-09-19 19:16:41,406] - Resmgr::initialize: KBE_ROOT=D:/kbengine/
  INFO root [2019-09-19 19:16:41,406] - Resmgr::initialize: KBE_RES_PATH=D:/kbengine/kbe/res/;D:/kbengine/BattleOfBalls_assets/;D:/kbengine/BattleOfBalls_assets/scripts/;D:/kbengine/BattleOfBalls_assets/res/
  INFO root [2019-09-19 19:16:41,407] - Resmgr::initialize: KBE_BIN_PATH=D:/kbengine/kbe/bin/server/
  INFO root [2019-09-19 19:16:41,422] - NetworkInterface::initialize(INTERNAL-TCP): bound to all interfaces with default route interface on 192.168.202.54 ( 192.168.202.54:30099 )
  INFO root [2019-09-19 19:16:41,422] - NetworkInterface::initialize(INTERNAL-TCP): address 192.168.202.54:30099, SOMAXCONN=5.
  WARN root [2019-09-19 19:16:41,422] - invalid UID(0) <= 0, please check UID for environment! automatically set to 41181.
  INFO root [2019-09-19 19:16:41,426] - ---- interfaces Version: 2.4.5. ScriptVersion: 0.1.0. Pythoncore: 3.7.3. Protocol: 96E445E56B9E460E561358C2D6E9F43B. Config: Debug X86. Built: 09:54:37 May  8 2019. AppID: 3000. UID: 41181. PID: 8528 ----
  INFO root [2019-09-19 19:16:41,427] - Server error_name: Intel(R) Core(TM) i5-6300HQ CPU @ 2.30GHz with 2097151kB RAM
  INFO root [2019-09-19 19:16:41,434] - ThreadPool::createThreadPool: creating  threadpool...
  INFO root [2019-09-19 19:16:41,436] - ThreadPool::createThreadPool: successfully(2), newThreadCount=1, normalMaxThreadCount=2, maxThreadCount=8
  INFO root [2019-09-19 19:16:41,648] - Script::install(): is successfully, Python=(3.7.3 (default, May  8 2019, 09:53:38) [MSC v.1916 32 bit (Intel)])!
  INFO root [2019-09-19 19:16:41,649] - Script::install(): KBExtra is successfully!
S_INFO root [2019-09-19 19:16:41,675] - onInterfaceAppReady: bootstrapGroupIndex=0, bootstrapGlobalIndex=0
  INFO root [2019-09-19 19:16:41,676] - TelnetServer server is running on port 33000
  INFO root [2019-09-19 19:16:42,119] - ---- interfaces is running ----
 DEBUG root [2019-09-19 19:16:42,120] - Components::process(): Request for the process of identity...
  INFO root [2019-09-19 19:16:48,245] - ServerApp::onRegisterNewApp: uid:41181, username:error_name, componentType:dbmgr, componentID:4000, globalorderID=-1, grouporderID=-1, intaddr:192.168.202.54, intport:60886, extaddr:nonsupport, extport:0,  from 127.0.0.1:60896/0/0/0.
  INFO root [2019-09-19 19:16:48,245] - Components::addComponent: reset orderLog, uid=41181!
  INFO root [2019-09-19 19:16:48,246] - Components::addComponent[dbmgr], uid=41181, componentID=4000, globalorderid=1, grouporderid=1, totalcount=1
  INFO root [2019-09-19 19:16:49,311] - Components::process(): Found all the components!
S_INFO root [2019-09-19 19:17:15,906] - onRequestAccountLogin: registerName=15361964343
S_INFO root [2019-09-19 19:17:46,875] - onRequestAccountLogin: registerName=15361964342
  WARN root [2019-09-19 19:18:07,230] - TCPPacketReceiver::processPendingEvents(127.0.0.1:60896): Throwing REASON_GENERAL_NETWORK - WSAECONNRESET
  INFO root [2019-09-19 19:18:07,231] - Components::removeComponentByChannel: dbmgr : 4000, Normal exit!
  INFO root [2019-09-19 19:18:33,707] - 
  INFO root [2019-09-19 19:18:33,723] - -----------------------------------------------------------------------------------------


  INFO root [2019-09-19 19:18:33,724] - Resmgr::initialize: KBE_ROOT=D:/kbengine/
  INFO root [2019-09-19 19:18:33,725] - Resmgr::initialize: KBE_RES_PATH=D:/kbengine/kbe/res/;D:/kbengine/BattleOfBalls_assets/;D:/kbengine/BattleOfBalls_assets/scripts/;D:/kbengine/BattleOfBalls_assets/res/
  INFO root [2019-09-19 19:18:33,725] - Resmgr::initialize: KBE_BIN_PATH=D:/kbengine/kbe/bin/server/
  INFO root [2019-09-19 19:18:33,751] - NetworkInterface::initialize(INTERNAL-TCP): bound to all interfaces with default route interface on 192.168.202.54 ( 192.168.202.54:30099 )
  INFO root [2019-09-19 19:18:33,751] - NetworkInterface::initialize(INTERNAL-TCP): address 192.168.202.54:30099, SOMAXCONN=5.
  WARN root [2019-09-19 19:18:33,751] - invalid UID(0) <= 0, please check UID for environment! automatically set to 41181.
  INFO root [2019-09-19 19:18:33,757] - ---- interfaces Version: 2.4.5. ScriptVersion: 0.1.0. Pythoncore: 3.7.3. Protocol: 96E445E56B9E460E561358C2D6E9F43B. Config: Debug X86. Built: 09:54:37 May  8 2019. AppID: 3000. UID: 41181. PID: 11364 ----
  INFO root [2019-09-19 19:18:33,758] - Server error_name: Intel(R) Core(TM) i5-6300HQ CPU @ 2.30GHz with 2097151kB RAM
  INFO root [2019-09-19 19:18:33,762] - ThreadPool::createThreadPool: creating  threadpool...
  INFO root [2019-09-19 19:18:33,763] - ThreadPool::createThreadPool: successfully(2), newThreadCount=1, normalMaxThreadCount=2, maxThreadCount=8
  INFO root [2019-09-19 19:18:34,229] - Script::install(): is successfully, Python=(3.7.3 (default, May  8 2019, 09:53:38) [MSC v.1916 32 bit (Intel)])!
  INFO root [2019-09-19 19:18:34,229] - Script::install(): KBExtra is successfully!
S_INFO root [2019-09-19 19:18:34,268] - onInterfaceAppReady: bootstrapGroupIndex=0, bootstrapGlobalIndex=0
  INFO root [2019-09-19 19:18:34,269] - TelnetServer server is running on port 33000
  INFO root [2019-09-19 19:18:34,774] - ---- interfaces is running ----
 DEBUG root [2019-09-19 19:18:34,779] - Components::process(): Request for the process of identity...
  INFO root [2019-09-19 19:18:40,940] - ServerApp::onRegisterNewApp: uid:41181, username:error_name, componentType:dbmgr, componentID:4000, globalorderID=-1, grouporderID=-1, intaddr:192.168.202.54, intport:60960, extaddr:nonsupport, extport:0,  from 127.0.0.1:60971/0/0/0.
  INFO root [2019-09-19 19:18:40,941] - Components::addComponent: reset orderLog, uid=41181!
  INFO root [2019-09-19 19:18:40,941] - Components::addComponent[dbmgr], uid=41181, componentID=4000, globalorderid=1, grouporderid=1, totalcount=1
  INFO root [2019-09-19 19:18:41,968] - Components::process(): Found all the components!
S_INFO root [2019-09-19 19:20:29,802] - onRequestAccountLogin: registerName=15361964343
S_INFO root [2019-09-19 19:21:21,438] - onRequestAccountLogin: registerName=15361964342
  WARN root [2019-09-19 19:21:42,049] - TCPPacketReceiver::processPendingEvents(127.0.0.1:60971): Throwing REASON_GENERAL_NETWORK - WSAECONNRESET
  INFO root [2019-09-19 19:21:42,061] - Components::removeComponentByChannel: dbmgr : 4000, Normal exit!
  INFO root [2019-09-19 19:26:03,564] - 
  INFO root [2019-09-19 19:26:03,565] - -----------------------------------------------------------------------------------------


  INFO root [2019-09-19 19:26:03,567] - Resmgr::initialize: KBE_ROOT=D:/kbengine/
  INFO root [2019-09-19 19:26:03,567] - Resmgr::initialize: KBE_RES_PATH=D:/kbengine/kbe/res/;D:/kbengine/BattleOfBalls_assets/;D:/kbengine/BattleOfBalls_assets/scripts/;D:/kbengine/BattleOfBalls_assets/res/
  INFO root [2019-09-19 19:26:03,568] - Resmgr::initialize: KBE_BIN_PATH=D:/kbengine/kbe/bin/server/
  INFO root [2019-09-19 19:26:03,580] - NetworkInterface::initialize(INTERNAL-TCP): bound to all interfaces with default route interface on 192.168.202.54 ( 192.168.202.54:30099 )
  INFO root [2019-09-19 19:26:03,581] - NetworkInterface::initialize(INTERNAL-TCP): address 192.168.202.54:30099, SOMAXCONN=5.
  WARN root [2019-09-19 19:26:03,581] - invalid UID(0) <= 0, please check UID for environment! automatically set to 41181.
  INFO root [2019-09-19 19:26:03,587] - ---- interfaces Version: 2.4.5. ScriptVersion: 0.1.0. Pythoncore: 3.7.3. Protocol: 96E445E56B9E460E561358C2D6E9F43B. Config: Debug X86. Built: 09:54:37 May  8 2019. AppID: 3000. UID: 41181. PID: 11140 ----
  INFO root [2019-09-19 19:26:03,587] - Server error_name: Intel(R) Core(TM) i5-6300HQ CPU @ 2.30GHz with 2097151kB RAM
  INFO root [2019-09-19 19:26:03,588] - ThreadPool::createThreadPool: creating  threadpool...
  INFO root [2019-09-19 19:26:03,588] - ThreadPool::createThreadPool: successfully(2), newThreadCount=1, normalMaxThreadCount=2, maxThreadCount=8
  INFO root [2019-09-19 19:26:03,831] - Script::install(): is successfully, Python=(3.7.3 (default, May  8 2019, 09:53:38) [MSC v.1916 32 bit (Intel)])!
  INFO root [2019-09-19 19:26:03,834] - Script::install(): KBExtra is successfully!
S_INFO root [2019-09-19 19:26:03,878] - onInterfaceAppReady: bootstrapGroupIndex=0, bootstrapGlobalIndex=0
  INFO root [2019-09-19 19:26:03,879] - TelnetServer server is running on port 33000
  INFO root [2019-09-19 19:26:04,427] - ---- interfaces is running ----
 DEBUG root [2019-09-19 19:26:04,428] - Components::process(): Request for the process of identity...
  INFO root [2019-09-19 19:26:10,586] - ServerApp::onRegisterNewApp: uid:41181, username:error_name, componentType:dbmgr, componentID:4000, globalorderID=-1, grouporderID=-1, intaddr:192.168.202.54, intport:61047, extaddr:nonsupport, extport:0,  from 127.0.0.1:61052/0/0/0.
  INFO root [2019-09-19 19:26:10,587] - Components::addComponent: reset orderLog, uid=41181!
  INFO root [2019-09-19 19:26:10,587] - Components::addComponent[dbmgr], uid=41181, componentID=4000, globalorderid=1, grouporderid=1, totalcount=1
  INFO root [2019-09-19 19:26:11,678] - Components::process(): Found all the components!
S_INFO root [2019-09-19 19:26:37,582] - onRequestAccountLogin: registerName=15361964343
S_INFO root [2019-09-19 19:26:59,104] - onRequestAccountLogin: registerName=15361964342
  WARN root [2019-09-19 19:27:52,966] - TCPPacketReceiver::processPendingEvents(127.0.0.1:61052): Throwing REASON_GENERAL_NETWORK - WSAECONNRESET
  INFO root [2019-09-19 19:27:52,966] - Components::removeComponentByChannel: dbmgr : 4000, Normal exit!
  INFO root [2019-09-19 19:29:35,861] - 
  INFO root [2019-09-19 19:29:35,863] - -----------------------------------------------------------------------------------------


  INFO root [2019-09-19 19:29:35,864] - Resmgr::initialize: KBE_ROOT=D:/kbengine/
  INFO root [2019-09-19 19:29:35,864] - Resmgr::initialize: KBE_RES_PATH=D:/kbengine/kbe/res/;D:/kbengine/BattleOfBalls_assets/;D:/kbengine/BattleOfBalls_assets/scripts/;D:/kbengine/BattleOfBalls_assets/res/
  INFO root [2019-09-19 19:29:35,864] - Resmgr::initialize: KBE_BIN_PATH=D:/kbengine/kbe/bin/server/
  INFO root [2019-09-19 19:29:35,899] - NetworkInterface::initialize(INTERNAL-TCP): bound to all interfaces with default route interface on 192.168.202.54 ( 192.168.202.54:30099 )
  INFO root [2019-09-19 19:29:35,900] - NetworkInterface::initialize(INTERNAL-TCP): address 192.168.202.54:30099, SOMAXCONN=5.
  WARN root [2019-09-19 19:29:35,900] - invalid UID(0) <= 0, please check UID for environment! automatically set to 41181.
  INFO root [2019-09-19 19:29:35,910] - ---- interfaces Version: 2.4.5. ScriptVersion: 0.1.0. Pythoncore: 3.7.3. Protocol: 96E445E56B9E460E561358C2D6E9F43B. Config: Debug X86. Built: 09:54:37 May  8 2019. AppID: 3000. UID: 41181. PID: 10056 ----
  INFO root [2019-09-19 19:29:35,912] - Server error_name: Intel(R) Core(TM) i5-6300HQ CPU @ 2.30GHz with 2097151kB RAM
  INFO root [2019-09-19 19:29:35,912] - ThreadPool::createThreadPool: creating  threadpool...
  INFO root [2019-09-19 19:29:35,913] - ThreadPool::createThreadPool: successfully(2), newThreadCount=1, normalMaxThreadCount=2, maxThreadCount=8
  INFO root [2019-09-19 19:29:36,170] - Script::install(): is successfully, Python=(3.7.3 (default, May  8 2019, 09:53:38) [MSC v.1916 32 bit (Intel)])!
  INFO root [2019-09-19 19:29:36,171] - Script::install(): KBExtra is successfully!
S_INFO root [2019-09-19 19:29:36,201] - onInterfaceAppReady: bootstrapGroupIndex=0, bootstrapGlobalIndex=0
  INFO root [2019-09-19 19:29:36,203] - TelnetServer server is running on port 33000
  INFO root [2019-09-19 19:29:36,657] - ---- interfaces is running ----
 DEBUG root [2019-09-19 19:29:36,658] - Components::process(): Request for the process of identity...
  INFO root [2019-09-19 19:29:42,793] - ServerApp::onRegisterNewApp: uid:41181, username:error_name, componentType:dbmgr, componentID:4000, globalorderID=-1, grouporderID=-1, intaddr:192.168.202.54, intport:61125, extaddr:nonsupport, extport:0,  from 127.0.0.1:61131/0/0/0.
  INFO root [2019-09-19 19:29:42,794] - Components::addComponent: reset orderLog, uid=41181!
  INFO root [2019-09-19 19:29:42,794] - Components::addComponent[dbmgr], uid=41181, componentID=4000, globalorderid=1, grouporderid=1, totalcount=1
  INFO root [2019-09-19 19:29:43,890] - Components::process(): Found all the components!
S_INFO root [2019-09-19 19:30:13,348] - onRequestAccountLogin: registerName=15361964343
S_INFO root [2019-09-19 19:30:40,423] - onRequestAccountLogin: registerName=15361964342
  WARN root [2019-09-19 19:31:10,793] - TCPPacketReceiver::processPendingEvents(127.0.0.1:61131): Throwing REASON_GENERAL_NETWORK - WSAECONNRESET
  INFO root [2019-09-19 19:31:10,795] - Components::removeComponentByChannel: dbmgr : 4000, Normal exit!
  INFO root [2019-09-19 19:34:51,062] - 
  INFO root [2019-09-19 19:34:51,063] - -----------------------------------------------------------------------------------------


  INFO root [2019-09-19 19:34:51,064] - Resmgr::initialize: KBE_ROOT=D:/kbengine/
  INFO root [2019-09-19 19:34:51,064] - Resmgr::initialize: KBE_RES_PATH=D:/kbengine/kbe/res/;D:/kbengine/BattleOfBalls_assets/;D:/kbengine/BattleOfBalls_assets/scripts/;D:/kbengine/BattleOfBalls_assets/res/
  INFO root [2019-09-19 19:34:51,064] - Resmgr::initialize: KBE_BIN_PATH=D:/kbengine/kbe/bin/server/
  INFO root [2019-09-19 19:34:51,094] - NetworkInterface::initialize(INTERNAL-TCP): bound to all interfaces with default route interface on 192.168.202.54 ( 192.168.202.54:30099 )
  INFO root [2019-09-19 19:34:51,094] - NetworkInterface::initialize(INTERNAL-TCP): address 192.168.202.54:30099, SOMAXCONN=5.
  WARN root [2019-09-19 19:34:51,095] - invalid UID(0) <= 0, please check UID for environment! automatically set to 41181.
  INFO root [2019-09-19 19:34:51,154] - ---- interfaces Version: 2.4.5. ScriptVersion: 0.1.0. Pythoncore: 3.7.3. Protocol: 96E445E56B9E460E561358C2D6E9F43B. Config: Debug X86. Built: 09:54:37 May  8 2019. AppID: 3000. UID: 41181. PID: 12104 ----
  INFO root [2019-09-19 19:34:51,158] - Server error_name: Intel(R) Core(TM) i5-6300HQ CPU @ 2.30GHz with 2097151kB RAM
  INFO root [2019-09-19 19:34:51,161] - ThreadPool::createThreadPool: creating  threadpool...
  INFO root [2019-09-19 19:34:51,162] - ThreadPool::createThreadPool: successfully(2), newThreadCount=1, normalMaxThreadCount=2, maxThreadCount=8
  INFO root [2019-09-19 19:34:51,498] - Script::install(): is successfully, Python=(3.7.3 (default, May  8 2019, 09:53:38) [MSC v.1916 32 bit (Intel)])!
  INFO root [2019-09-19 19:34:51,498] - Script::install(): KBExtra is successfully!
S_INFO root [2019-09-19 19:34:51,539] - onInterfaceAppReady: bootstrapGroupIndex=0, bootstrapGlobalIndex=0
  INFO root [2019-09-19 19:34:51,541] - TelnetServer server is running on port 33000
  INFO root [2019-09-19 19:34:52,042] - ---- interfaces is running ----
 DEBUG root [2019-09-19 19:34:52,042] - Components::process(): Request for the process of identity...
  INFO root [2019-09-19 19:34:58,188] - ServerApp::onRegisterNewApp: uid:41181, username:error_name, componentType:dbmgr, componentID:4000, globalorderID=-1, grouporderID=-1, intaddr:192.168.202.54, intport:61214, extaddr:nonsupport, extport:0,  from 127.0.0.1:61222/0/0/0.
  INFO root [2019-09-19 19:34:58,188] - Components::addComponent: reset orderLog, uid=41181!
  INFO root [2019-09-19 19:34:58,189] - Components::addComponent[dbmgr], uid=41181, componentID=4000, globalorderid=1, grouporderid=1, totalcount=1
  INFO root [2019-09-19 19:34:59,265] - Components::process(): Found all the components!
S_INFO root [2019-09-19 19:35:21,327] - onRequestAccountLogin: registerName=15361964343
S_INFO root [2019-09-19 19:35:42,407] - onRequestAccountLogin: registerName=15361964342
  WARN root [2019-09-19 19:36:07,067] - TCPPacketReceiver::processPendingEvents(127.0.0.1:61222): Throwing REASON_GENERAL_NETWORK - WSAECONNRESET
  INFO root [2019-09-19 19:36:07,068] - Components::removeComponentByChannel: dbmgr : 4000, Normal exit!
  INFO root [2019-09-19 19:38:55,458] - 
  INFO root [2019-09-19 19:38:55,459] - -----------------------------------------------------------------------------------------


  INFO root [2019-09-19 19:38:55,459] - Resmgr::initialize: KBE_ROOT=D:/kbengine/
  INFO root [2019-09-19 19:38:55,460] - Resmgr::initialize: KBE_RES_PATH=D:/kbengine/kbe/res/;D:/kbengine/BattleOfBalls_assets/;D:/kbengine/BattleOfBalls_assets/scripts/;D:/kbengine/BattleOfBalls_assets/res/
  INFO root [2019-09-19 19:38:55,460] - Resmgr::initialize: KBE_BIN_PATH=D:/kbengine/kbe/bin/server/
  INFO root [2019-09-19 19:38:55,471] - NetworkInterface::initialize(INTERNAL-TCP): bound to all interfaces with default route interface on 192.168.202.54 ( 192.168.202.54:30099 )
  INFO root [2019-09-19 19:38:55,472] - NetworkInterface::initialize(INTERNAL-TCP): address 192.168.202.54:30099, SOMAXCONN=5.
  WARN root [2019-09-19 19:38:55,472] - invalid UID(0) <= 0, please check UID for environment! automatically set to 41181.
  INFO root [2019-09-19 19:38:55,477] - ---- interfaces Version: 2.4.5. ScriptVersion: 0.1.0. Pythoncore: 3.7.3. Protocol: 96E445E56B9E460E561358C2D6E9F43B. Config: Debug X86. Built: 09:54:37 May  8 2019. AppID: 3000. UID: 41181. PID: 6224 ----
  INFO root [2019-09-19 19:38:55,479] - Server error_name: Intel(R) Core(TM) i5-6300HQ CPU @ 2.30GHz with 2097151kB RAM
  INFO root [2019-09-19 19:38:55,479] - ThreadPool::createThreadPool: creating  threadpool...
  INFO root [2019-09-19 19:38:55,479] - ThreadPool::createThreadPool: successfully(2), newThreadCount=1, normalMaxThreadCount=2, maxThreadCount=8
  INFO root [2019-09-19 19:38:55,685] - Script::install(): is successfully, Python=(3.7.3 (default, May  8 2019, 09:53:38) [MSC v.1916 32 bit (Intel)])!
  INFO root [2019-09-19 19:38:55,685] - Script::install(): KBExtra is successfully!
S_INFO root [2019-09-19 19:38:55,719] - onInterfaceAppReady: bootstrapGroupIndex=0, bootstrapGlobalIndex=0
  INFO root [2019-09-19 19:38:55,720] - TelnetServer server is running on port 33000
  INFO root [2019-09-19 19:38:56,104] - ---- interfaces is running ----
 DEBUG root [2019-09-19 19:38:56,105] - Components::process(): Request for the process of identity...
  INFO root [2019-09-19 19:39:02,208] - ServerApp::onRegisterNewApp: uid:41181, username:error_name, componentType:dbmgr, componentID:4000, globalorderID=-1, grouporderID=-1, intaddr:192.168.202.54, intport:61299, extaddr:nonsupport, extport:0,  from 127.0.0.1:61307/0/0/0.
  INFO root [2019-09-19 19:39:02,208] - Components::addComponent: reset orderLog, uid=41181!
  INFO root [2019-09-19 19:39:02,208] - Components::addComponent[dbmgr], uid=41181, componentID=4000, globalorderid=1, grouporderid=1, totalcount=1
  INFO root [2019-09-19 19:39:03,262] - Components::process(): Found all the components!
S_INFO root [2019-09-19 19:41:11,008] - onRequestAccountLogin: registerName=15361964343
S_INFO root [2019-09-19 19:41:37,492] - onRequestAccountLogin: registerName=15361964342
  WARN root [2019-09-19 19:42:02,204] - TCPPacketReceiver::processPendingEvents(127.0.0.1:61307): Throwing REASON_GENERAL_NETWORK - WSAECONNRESET
  INFO root [2019-09-19 19:42:02,207] - Components::removeComponentByChannel: dbmgr : 4000, Normal exit!
  INFO root [2019-09-19 19:43:42,216] - 
  INFO root [2019-09-19 19:43:42,221] - -----------------------------------------------------------------------------------------


  INFO root [2019-09-19 19:43:42,222] - Resmgr::initialize: KBE_ROOT=D:/kbengine/
  INFO root [2019-09-19 19:43:42,222] - Resmgr::initialize: KBE_RES_PATH=D:/kbengine/kbe/res/;D:/kbengine/BattleOfBalls_assets/;D:/kbengine/BattleOfBalls_assets/scripts/;D:/kbengine/BattleOfBalls_assets/res/
  INFO root [2019-09-19 19:43:42,222] - Resmgr::initialize: KBE_BIN_PATH=D:/kbengine/kbe/bin/server/
  INFO root [2019-09-19 19:43:42,246] - NetworkInterface::initialize(INTERNAL-TCP): bound to all interfaces with default route interface on 192.168.202.54 ( 192.168.202.54:30099 )
  INFO root [2019-09-19 19:43:42,246] - NetworkInterface::initialize(INTERNAL-TCP): address 192.168.202.54:30099, SOMAXCONN=5.
  WARN root [2019-09-19 19:43:42,246] - invalid UID(0) <= 0, please check UID for environment! automatically set to 41181.
  INFO root [2019-09-19 19:43:42,254] - ---- interfaces Version: 2.4.5. ScriptVersion: 0.1.0. Pythoncore: 3.7.3. Protocol: 96E445E56B9E460E561358C2D6E9F43B. Config: Debug X86. Built: 09:54:37 May  8 2019. AppID: 3000. UID: 41181. PID: 5512 ----
  INFO root [2019-09-19 19:43:42,255] - Server error_name: Intel(R) Core(TM) i5-6300HQ CPU @ 2.30GHz with 2097151kB RAM
  INFO root [2019-09-19 19:43:42,256] - ThreadPool::createThreadPool: creating  threadpool...
  INFO root [2019-09-19 19:43:42,256] - ThreadPool::createThreadPool: successfully(2), newThreadCount=1, normalMaxThreadCount=2, maxThreadCount=8
  INFO root [2019-09-19 19:43:42,459] - Script::install(): is successfully, Python=(3.7.3 (default, May  8 2019, 09:53:38) [MSC v.1916 32 bit (Intel)])!
  INFO root [2019-09-19 19:43:42,460] - Script::install(): KBExtra is successfully!
S_INFO root [2019-09-19 19:43:42,486] - onInterfaceAppReady: bootstrapGroupIndex=0, bootstrapGlobalIndex=0
  INFO root [2019-09-19 19:43:42,487] - TelnetServer server is running on port 33000
  INFO root [2019-09-19 19:43:42,872] - ---- interfaces is running ----
 DEBUG root [2019-09-19 19:43:42,872] - Components::process(): Request for the process of identity...
  INFO root [2019-09-19 19:43:48,991] - ServerApp::onRegisterNewApp: uid:41181, username:error_name, componentType:dbmgr, componentID:4000, globalorderID=-1, grouporderID=-1, intaddr:192.168.202.54, intport:61372, extaddr:nonsupport, extport:0,  from 127.0.0.1:61382/0/0/0.
  INFO root [2019-09-19 19:43:48,991] - Components::addComponent: reset orderLog, uid=41181!
  INFO root [2019-09-19 19:43:48,991] - Components::addComponent[dbmgr], uid=41181, componentID=4000, globalorderid=1, grouporderid=1, totalcount=1
  INFO root [2019-09-19 19:43:50,040] - Components::process(): Found all the components!
S_INFO root [2019-09-19 19:44:32,110] - onRequestAccountLogin: registerName=15361964343
S_INFO root [2019-09-19 19:44:52,175] - onRequestAccountLogin: registerName=15361964342
  WARN root [2019-09-19 19:47:40,943] - TCPPacketReceiver::processPendingEvents(127.0.0.1:61382): Throwing REASON_GENERAL_NETWORK - WSAECONNRESET
  INFO root [2019-09-19 19:47:40,947] - Components::removeComponentByChannel: dbmgr : 4000, Normal exit!
  INFO root [2019-09-19 19:47:42,629] - 
  INFO root [2019-09-19 19:47:42,664] - -----------------------------------------------------------------------------------------


  INFO root [2019-09-19 19:47:42,665] - Resmgr::initialize: KBE_ROOT=D:/kbengine/
  INFO root [2019-09-19 19:47:42,665] - Resmgr::initialize: KBE_RES_PATH=D:/kbengine/kbe/res/;D:/kbengine/BattleOfBalls_assets/;D:/kbengine/BattleOfBalls_assets/scripts/;D:/kbengine/BattleOfBalls_assets/res/
  INFO root [2019-09-19 19:47:42,665] - Resmgr::initialize: KBE_BIN_PATH=D:/kbengine/kbe/bin/server/
  INFO root [2019-09-19 19:47:42,695] - NetworkInterface::initialize(INTERNAL-TCP): bound to all interfaces with default route interface on 192.168.202.54 ( 192.168.202.54:30099 )
  INFO root [2019-09-19 19:47:42,695] - NetworkInterface::initialize(INTERNAL-TCP): address 192.168.202.54:30099, SOMAXCONN=5.
  WARN root [2019-09-19 19:47:42,695] - invalid UID(0) <= 0, please check UID for environment! automatically set to 41181.
  INFO root [2019-09-19 19:47:42,702] - ---- interfaces Version: 2.4.5. ScriptVersion: 0.1.0. Pythoncore: 3.7.3. Protocol: 96E445E56B9E460E561358C2D6E9F43B. Config: Debug X86. Built: 09:54:37 May  8 2019. AppID: 3000. UID: 41181. PID: 5288 ----
  INFO root [2019-09-19 19:47:42,705] - Server error_name: Intel(R) Core(TM) i5-6300HQ CPU @ 2.30GHz with 2097151kB RAM
  INFO root [2019-09-19 19:47:42,710] - ThreadPool::createThreadPool: creating  threadpool...
  INFO root [2019-09-19 19:47:42,710] - ThreadPool::createThreadPool: successfully(2), newThreadCount=1, normalMaxThreadCount=2, maxThreadCount=8
  INFO root [2019-09-19 19:47:42,928] - Script::install(): is successfully, Python=(3.7.3 (default, May  8 2019, 09:53:38) [MSC v.1916 32 bit (Intel)])!
  INFO root [2019-09-19 19:47:42,929] - Script::install(): KBExtra is successfully!
S_INFO root [2019-09-19 19:47:42,955] - onInterfaceAppReady: bootstrapGroupIndex=0, bootstrapGlobalIndex=0
  INFO root [2019-09-19 19:47:42,956] - TelnetServer server is running on port 33000
  INFO root [2019-09-19 19:47:43,342] - ---- interfaces is running ----
 DEBUG root [2019-09-19 19:47:43,342] - Components::process(): Request for the process of identity...
  WARN root [2019-09-19 19:47:46,754] - BundleBroadcast::BundleBroadcast: Cannot bind to port 20086, errorno=10048
  INFO root [2019-09-19 19:47:49,796] - ServerApp::onRegisterNewApp: uid:41181, username:error_name, componentType:dbmgr, componentID:4000, globalorderID=-1, grouporderID=-1, intaddr:192.168.202.54, intport:61457, extaddr:nonsupport, extport:0,  from 127.0.0.1:61461/0/0/0.
  INFO root [2019-09-19 19:47:49,796] - Components::addComponent: reset orderLog, uid=41181!
  INFO root [2019-09-19 19:47:49,796] - Components::addComponent[dbmgr], uid=41181, componentID=4000, globalorderid=1, grouporderid=1, totalcount=1
  INFO root [2019-09-19 19:47:50,888] - Components::process(): Found all the components!
S_INFO root [2019-09-19 19:48:23,491] - onRequestAccountLogin: registerName=15361964343
S_INFO root [2019-09-19 19:48:48,527] - onRequestAccountLogin: registerName=15361964342
  WARN root [2019-09-19 19:54:45,131] - TCPPacketReceiver::processPendingEvents(127.0.0.1:61461): Throwing REASON_GENERAL_NETWORK - WSAECONNRESET
  INFO root [2019-09-19 19:54:45,134] - Components::removeComponentByChannel: dbmgr : 4000, Normal exit!
  INFO root [2019-09-19 19:54:46,635] - 
  INFO root [2019-09-19 19:54:46,636] - -----------------------------------------------------------------------------------------


  INFO root [2019-09-19 19:54:46,637] - Resmgr::initialize: KBE_ROOT=D:/kbengine/
  INFO root [2019-09-19 19:54:46,637] - Resmgr::initialize: KBE_RES_PATH=D:/kbengine/kbe/res/;D:/kbengine/BattleOfBalls_assets/;D:/kbengine/BattleOfBalls_assets/scripts/;D:/kbengine/BattleOfBalls_assets/res/
  INFO root [2019-09-19 19:54:46,637] - Resmgr::initialize: KBE_BIN_PATH=D:/kbengine/kbe/bin/server/
  INFO root [2019-09-19 19:54:46,647] - NetworkInterface::initialize(INTERNAL-TCP): bound to all interfaces with default route interface on 192.168.202.54 ( 192.168.202.54:30099 )
  INFO root [2019-09-19 19:54:46,647] - NetworkInterface::initialize(INTERNAL-TCP): address 192.168.202.54:30099, SOMAXCONN=5.
  WARN root [2019-09-19 19:54:46,647] - invalid UID(0) <= 0, please check UID for environment! automatically set to 41181.
  INFO root [2019-09-19 19:54:46,651] - ---- interfaces Version: 2.4.5. ScriptVersion: 0.1.0. Pythoncore: 3.7.3. Protocol: 96E445E56B9E460E561358C2D6E9F43B. Config: Debug X86. Built: 09:54:37 May  8 2019. AppID: 3000. UID: 41181. PID: 8580 ----
  INFO root [2019-09-19 19:54:46,652] - Server error_name: Intel(R) Core(TM) i5-6300HQ CPU @ 2.30GHz with 2097151kB RAM
  INFO root [2019-09-19 19:54:46,652] - ThreadPool::createThreadPool: creating  threadpool...
  INFO root [2019-09-19 19:54:46,652] - ThreadPool::createThreadPool: successfully(2), newThreadCount=1, normalMaxThreadCount=2, maxThreadCount=8
  INFO root [2019-09-19 19:54:46,859] - Script::install(): is successfully, Python=(3.7.3 (default, May  8 2019, 09:53:38) [MSC v.1916 32 bit (Intel)])!
  INFO root [2019-09-19 19:54:46,859] - Script::install(): KBExtra is successfully!
S_INFO root [2019-09-19 19:54:46,885] - onInterfaceAppReady: bootstrapGroupIndex=0, bootstrapGlobalIndex=0
  INFO root [2019-09-19 19:54:46,887] - TelnetServer server is running on port 33000
  INFO root [2019-09-19 19:54:47,257] - ---- interfaces is running ----
 DEBUG root [2019-09-19 19:54:47,257] - Components::process(): Request for the process of identity...
  INFO root [2019-09-19 19:54:53,374] - ServerApp::onRegisterNewApp: uid:41181, username:error_name, componentType:dbmgr, componentID:4000, globalorderID=-1, grouporderID=-1, intaddr:192.168.202.54, intport:61520, extaddr:nonsupport, extport:0,  from 127.0.0.1:61528/0/0/0.
  INFO root [2019-09-19 19:54:53,374] - Components::addComponent: reset orderLog, uid=41181!
  INFO root [2019-09-19 19:54:53,374] - Components::addComponent[dbmgr], uid=41181, componentID=4000, globalorderid=1, grouporderid=1, totalcount=1
  INFO root [2019-09-19 19:54:54,438] - Components::process(): Found all the components!
S_INFO root [2019-09-19 19:55:15,101] - onRequestAccountLogin: registerName=15361964343
S_INFO root [2019-09-19 19:55:39,024] - onRequestAccountLogin: registerName=15361964342
  WARN root [2019-09-19 19:58:33,573] - TCPPacketReceiver::processPendingEvents(127.0.0.1:61528): Throwing REASON_GENERAL_NETWORK - WSAECONNRESET
  INFO root [2019-09-19 19:58:33,574] - Components::removeComponentByChannel: dbmgr : 4000, Normal exit!
  INFO root [2019-09-19 19:58:35,097] - 
  INFO root [2019-09-19 19:58:35,098] - -----------------------------------------------------------------------------------------


  INFO root [2019-09-19 19:58:35,099] - Resmgr::initialize: KBE_ROOT=D:/kbengine/
  INFO root [2019-09-19 19:58:35,099] - Resmgr::initialize: KBE_RES_PATH=D:/kbengine/kbe/res/;D:/kbengine/BattleOfBalls_assets/;D:/kbengine/BattleOfBalls_assets/scripts/;D:/kbengine/BattleOfBalls_assets/res/
  INFO root [2019-09-19 19:58:35,099] - Resmgr::initialize: KBE_BIN_PATH=D:/kbengine/kbe/bin/server/
  INFO root [2019-09-19 19:58:35,109] - NetworkInterface::initialize(INTERNAL-TCP): bound to all interfaces with default route interface on 192.168.202.54 ( 192.168.202.54:30099 )
  INFO root [2019-09-19 19:58:35,109] - NetworkInterface::initialize(INTERNAL-TCP): address 192.168.202.54:30099, SOMAXCONN=5.
  WARN root [2019-09-19 19:58:35,110] - invalid UID(0) <= 0, please check UID for environment! automatically set to 41181.
  INFO root [2019-09-19 19:58:35,113] - ---- interfaces Version: 2.4.5. ScriptVersion: 0.1.0. Pythoncore: 3.7.3. Protocol: 96E445E56B9E460E561358C2D6E9F43B. Config: Debug X86. Built: 09:54:37 May  8 2019. AppID: 3000. UID: 41181. PID: 5712 ----
  INFO root [2019-09-19 19:58:35,114] - Server error_name: Intel(R) Core(TM) i5-6300HQ CPU @ 2.30GHz with 2097151kB RAM
  INFO root [2019-09-19 19:58:35,114] - ThreadPool::createThreadPool: creating  threadpool...
  INFO root [2019-09-19 19:58:35,114] - ThreadPool::createThreadPool: successfully(2), newThreadCount=1, normalMaxThreadCount=2, maxThreadCount=8
  INFO root [2019-09-19 19:58:35,339] - Script::install(): is successfully, Python=(3.7.3 (default, May  8 2019, 09:53:38) [MSC v.1916 32 bit (Intel)])!
  INFO root [2019-09-19 19:58:35,339] - Script::install(): KBExtra is successfully!
S_INFO root [2019-09-19 19:58:35,364] - onInterfaceAppReady: bootstrapGroupIndex=0, bootstrapGlobalIndex=0
  INFO root [2019-09-19 19:58:35,365] - TelnetServer server is running on port 33000
  INFO root [2019-09-19 19:58:35,786] - ---- interfaces is running ----
 DEBUG root [2019-09-19 19:58:35,806] - Components::process(): Request for the process of identity...
  INFO root [2019-09-19 19:58:41,942] - ServerApp::onRegisterNewApp: uid:41181, username:error_name, componentType:dbmgr, componentID:4000, globalorderID=-1, grouporderID=-1, intaddr:192.168.202.54, intport:61600, extaddr:nonsupport, extport:0,  from 127.0.0.1:61609/0/0/0.
  INFO root [2019-09-19 19:58:41,942] - Components::addComponent: reset orderLog, uid=41181!
  INFO root [2019-09-19 19:58:41,942] - Components::addComponent[dbmgr], uid=41181, componentID=4000, globalorderid=1, grouporderid=1, totalcount=1
  INFO root [2019-09-19 19:58:43,000] - Components::process(): Found all the components!
S_INFO root [2019-09-19 19:59:07,964] - onRequestAccountLogin: registerName=15361964343
S_INFO root [2019-09-19 19:59:32,493] - onRequestAccountLogin: registerName=15361964342
  WARN root [2019-09-19 20:01:48,748] - TCPPacketReceiver::processPendingEvents(127.0.0.1:61609): Throwing REASON_GENERAL_NETWORK - WSAECONNRESET
  INFO root [2019-09-19 20:01:48,756] - Components::removeComponentByChannel: dbmgr : 4000, Normal exit!
  INFO root [2019-09-19 20:01:50,906] - 
  INFO root [2019-09-19 20:01:50,938] - -----------------------------------------------------------------------------------------


  INFO root [2019-09-19 20:01:50,942] - Resmgr::initialize: KBE_ROOT=D:/kbengine/
  INFO root [2019-09-19 20:01:50,942] - Resmgr::initialize: KBE_RES_PATH=D:/kbengine/kbe/res/;D:/kbengine/BattleOfBalls_assets/;D:/kbengine/BattleOfBalls_assets/scripts/;D:/kbengine/BattleOfBalls_assets/res/
  INFO root [2019-09-19 20:01:50,942] - Resmgr::initialize: KBE_BIN_PATH=D:/kbengine/kbe/bin/server/
  INFO root [2019-09-19 20:01:51,059] - NetworkInterface::initialize(INTERNAL-TCP): bound to all interfaces with default route interface on 192.168.202.54 ( 192.168.202.54:30099 )
  INFO root [2019-09-19 20:01:51,059] - NetworkInterface::initialize(INTERNAL-TCP): address 192.168.202.54:30099, SOMAXCONN=5.
  WARN root [2019-09-19 20:01:51,059] - invalid UID(0) <= 0, please check UID for environment! automatically set to 41181.
  INFO root [2019-09-19 20:01:51,082] - ---- interfaces Version: 2.4.5. ScriptVersion: 0.1.0. Pythoncore: 3.7.3. Protocol: 96E445E56B9E460E561358C2D6E9F43B. Config: Debug X86. Built: 09:54:37 May  8 2019. AppID: 3000. UID: 41181. PID: 16980 ----
  INFO root [2019-09-19 20:01:51,095] - Server error_name: Intel(R) Core(TM) i5-6300HQ CPU @ 2.30GHz with 2097151kB RAM
  INFO root [2019-09-19 20:01:51,141] - ThreadPool::createThreadPool: creating  threadpool...
  INFO root [2019-09-19 20:01:51,142] - ThreadPool::createThreadPool: successfully(2), newThreadCount=1, normalMaxThreadCount=2, maxThreadCount=8
  INFO root [2019-09-19 20:01:51,367] - Script::install(): is successfully, Python=(3.7.3 (default, May  8 2019, 09:53:38) [MSC v.1916 32 bit (Intel)])!
  INFO root [2019-09-19 20:01:51,368] - Script::install(): KBExtra is successfully!
S_INFO root [2019-09-19 20:01:51,401] - onInterfaceAppReady: bootstrapGroupIndex=0, bootstrapGlobalIndex=0
  INFO root [2019-09-19 20:01:51,402] - TelnetServer server is running on port 33000
  INFO root [2019-09-19 20:01:51,844] - ---- interfaces is running ----
 DEBUG root [2019-09-19 20:01:51,844] - Components::process(): Request for the process of identity...
  INFO root [2019-09-19 20:01:57,984] - ServerApp::onRegisterNewApp: uid:41181, username:error_name, componentType:dbmgr, componentID:4000, globalorderID=-1, grouporderID=-1, intaddr:192.168.202.54, intport:61668, extaddr:nonsupport, extport:0,  from 127.0.0.1:61669/0/0/0.
  INFO root [2019-09-19 20:01:57,984] - Components::addComponent: reset orderLog, uid=41181!
  INFO root [2019-09-19 20:01:57,984] - Components::addComponent[dbmgr], uid=41181, componentID=4000, globalorderid=1, grouporderid=1, totalcount=1
  INFO root [2019-09-19 20:01:59,051] - Components::process(): Found all the components!
S_INFO root [2019-09-19 20:02:14,296] - onRequestAccountLogin: registerName=15361964343
S_INFO root [2019-09-19 20:02:42,259] - onRequestAccountLogin: registerName=15361964342
  WARN root [2019-09-19 20:04:12,713] - TCPPacketReceiver::processPendingEvents(127.0.0.1:61669): Throwing REASON_GENERAL_NETWORK - WSAECONNRESET
  INFO root [2019-09-19 20:04:12,715] - Components::removeComponentByChannel: dbmgr : 4000, Normal exit!
  INFO root [2019-09-19 20:05:38,084] - 
  INFO root [2019-09-19 20:05:38,084] - -----------------------------------------------------------------------------------------


  INFO root [2019-09-19 20:05:38,085] - Resmgr::initialize: KBE_ROOT=D:/kbengine/
  INFO root [2019-09-19 20:05:38,085] - Resmgr::initialize: KBE_RES_PATH=D:/kbengine/kbe/res/;D:/kbengine/BattleOfBalls_assets/;D:/kbengine/BattleOfBalls_assets/scripts/;D:/kbengine/BattleOfBalls_assets/res/
  INFO root [2019-09-19 20:05:38,085] - Resmgr::initialize: KBE_BIN_PATH=D:/kbengine/kbe/bin/server/
  INFO root [2019-09-19 20:05:38,096] - NetworkInterface::initialize(INTERNAL-TCP): bound to all interfaces with default route interface on 192.168.202.54 ( 192.168.202.54:30099 )
  INFO root [2019-09-19 20:05:38,097] - NetworkInterface::initialize(INTERNAL-TCP): address 192.168.202.54:30099, SOMAXCONN=5.
  WARN root [2019-09-19 20:05:38,097] - invalid UID(0) <= 0, please check UID for environment! automatically set to 41181.
  INFO root [2019-09-19 20:05:38,101] - ---- interfaces Version: 2.4.5. ScriptVersion: 0.1.0. Pythoncore: 3.7.3. Protocol: 96E445E56B9E460E561358C2D6E9F43B. Config: Debug X86. Built: 09:54:37 May  8 2019. AppID: 3000. UID: 41181. PID: 13696 ----
  INFO root [2019-09-19 20:05:38,101] - Server error_name: Intel(R) Core(TM) i5-6300HQ CPU @ 2.30GHz with 2097151kB RAM
  INFO root [2019-09-19 20:05:38,101] - ThreadPool::createThreadPool: creating  threadpool...
  INFO root [2019-09-19 20:05:38,102] - ThreadPool::createThreadPool: successfully(2), newThreadCount=1, normalMaxThreadCount=2, maxThreadCount=8
  INFO root [2019-09-19 20:05:38,464] - Script::install(): is successfully, Python=(3.7.3 (default, May  8 2019, 09:53:38) [MSC v.1916 32 bit (Intel)])!
  INFO root [2019-09-19 20:05:38,465] - Script::install(): KBExtra is successfully!
S_INFO root [2019-09-19 20:05:38,512] - onInterfaceAppReady: bootstrapGroupIndex=0, bootstrapGlobalIndex=0
  INFO root [2019-09-19 20:05:38,514] - TelnetServer server is running on port 33000
  INFO root [2019-09-19 20:05:38,930] - ---- interfaces is running ----
 DEBUG root [2019-09-19 20:05:38,931] - Components::process(): Request for the process of identity...
  INFO root [2019-09-19 20:05:45,069] - ServerApp::onRegisterNewApp: uid:41181, username:error_name, componentType:dbmgr, componentID:4000, globalorderID=-1, grouporderID=-1, intaddr:192.168.202.54, intport:61733, extaddr:nonsupport, extport:0,  from 127.0.0.1:61741/0/0/0.
  INFO root [2019-09-19 20:05:45,070] - Components::addComponent: reset orderLog, uid=41181!
  INFO root [2019-09-19 20:05:45,070] - Components::addComponent[dbmgr], uid=41181, componentID=4000, globalorderid=1, grouporderid=1, totalcount=1
  INFO root [2019-09-19 20:05:46,087] - Components::process(): Found all the components!
S_INFO root [2019-09-19 20:06:06,998] - onRequestAccountLogin: registerName=15361964343
S_INFO root [2019-09-19 20:06:36,562] - onRequestAccountLogin: registerName=15361964342
  WARN root [2019-09-19 20:08:50,358] - TCPPacketReceiver::processPendingEvents(127.0.0.1:61741): Throwing REASON_GENERAL_NETWORK - WSAECONNRESET
  INFO root [2019-09-19 20:08:50,364] - Components::removeComponentByChannel: dbmgr : 4000, Normal exit!
  INFO root [2019-09-19 20:22:58,113] - 
  INFO root [2019-09-19 20:22:58,114] - -----------------------------------------------------------------------------------------


  INFO root [2019-09-19 20:22:58,115] - Resmgr::initialize: KBE_ROOT=D:/kbengine/
  INFO root [2019-09-19 20:22:58,115] - Resmgr::initialize: KBE_RES_PATH=D:/kbengine/kbe/res/;D:/kbengine/BattleOfBalls_assets/;D:/kbengine/BattleOfBalls_assets/scripts/;D:/kbengine/BattleOfBalls_assets/res/
  INFO root [2019-09-19 20:22:58,115] - Resmgr::initialize: KBE_BIN_PATH=D:/kbengine/kbe/bin/server/
  INFO root [2019-09-19 20:22:58,127] - NetworkInterface::initialize(INTERNAL-TCP): bound to all interfaces with default route interface on 192.168.202.54 ( 192.168.202.54:30099 )
  INFO root [2019-09-19 20:22:58,127] - NetworkInterface::initialize(INTERNAL-TCP): address 192.168.202.54:30099, SOMAXCONN=5.
  WARN root [2019-09-19 20:22:58,127] - invalid UID(0) <= 0, please check UID for environment! automatically set to 41181.
  INFO root [2019-09-19 20:22:58,131] - ---- interfaces Version: 2.4.5. ScriptVersion: 0.1.0. Pythoncore: 3.7.3. Protocol: 96E445E56B9E460E561358C2D6E9F43B. Config: Debug X86. Built: 09:54:37 May  8 2019. AppID: 3000. UID: 41181. PID: 2204 ----
  INFO root [2019-09-19 20:22:58,131] - Server error_name: Intel(R) Core(TM) i5-6300HQ CPU @ 2.30GHz with 2097151kB RAM
  INFO root [2019-09-19 20:22:58,132] - ThreadPool::createThreadPool: creating  threadpool...
  INFO root [2019-09-19 20:22:58,132] - ThreadPool::createThreadPool: successfully(2), newThreadCount=1, normalMaxThreadCount=2, maxThreadCount=8
  INFO root [2019-09-19 20:22:58,410] - Script::install(): is successfully, Python=(3.7.3 (default, May  8 2019, 09:53:38) [MSC v.1916 32 bit (Intel)])!
  INFO root [2019-09-19 20:22:58,410] - Script::install(): KBExtra is successfully!
S_INFO root [2019-09-19 20:22:58,435] - onInterfaceAppReady: bootstrapGroupIndex=0, bootstrapGlobalIndex=0
  INFO root [2019-09-19 20:22:58,436] - TelnetServer server is running on port 33000
  INFO root [2019-09-19 20:22:58,866] - ---- interfaces is running ----
 DEBUG root [2019-09-19 20:22:58,866] - Components::process(): Request for the process of identity...
  INFO root [2019-09-19 20:23:04,989] - ServerApp::onRegisterNewApp: uid:41181, username:error_name, componentType:dbmgr, componentID:4000, globalorderID=-1, grouporderID=-1, intaddr:192.168.202.54, intport:61855, extaddr:nonsupport, extport:0,  from 127.0.0.1:61861/0/0/0.
  INFO root [2019-09-19 20:23:04,990] - Components::addComponent: reset orderLog, uid=41181!
  INFO root [2019-09-19 20:23:04,990] - Components::addComponent[dbmgr], uid=41181, componentID=4000, globalorderid=1, grouporderid=1, totalcount=1
  INFO root [2019-09-19 20:23:06,036] - Components::process(): Found all the components!
S_INFO root [2019-09-19 20:23:39,134] - onRequestAccountLogin: registerName=15361964343
S_INFO root [2019-09-19 20:24:01,701] - onRequestAccountLogin: registerName=15361964342
  WARN root [2019-09-19 20:24:32,672] - TCPPacketReceiver::processPendingEvents(127.0.0.1:61861): Throwing REASON_GENERAL_NETWORK - WSAECONNRESET
  INFO root [2019-09-19 20:24:32,674] - Components::removeComponentByChannel: dbmgr : 4000, Normal exit!
  INFO root [2019-09-19 20:25:22,644] - 
  INFO root [2019-09-19 20:25:22,645] - -----------------------------------------------------------------------------------------


  INFO root [2019-09-19 20:25:22,647] - Resmgr::initialize: KBE_ROOT=D:/kbengine/
  INFO root [2019-09-19 20:25:22,647] - Resmgr::initialize: KBE_RES_PATH=D:/kbengine/kbe/res/;D:/kbengine/BattleOfBalls_assets/;D:/kbengine/BattleOfBalls_assets/scripts/;D:/kbengine/BattleOfBalls_assets/res/
  INFO root [2019-09-19 20:25:22,647] - Resmgr::initialize: KBE_BIN_PATH=D:/kbengine/kbe/bin/server/
  INFO root [2019-09-19 20:25:22,674] - NetworkInterface::initialize(INTERNAL-TCP): bound to all interfaces with default route interface on 192.168.202.54 ( 192.168.202.54:30099 )
  INFO root [2019-09-19 20:25:22,674] - NetworkInterface::initialize(INTERNAL-TCP): address 192.168.202.54:30099, SOMAXCONN=5.
  WARN root [2019-09-19 20:25:22,674] - invalid UID(0) <= 0, please check UID for environment! automatically set to 41181.
  INFO root [2019-09-19 20:25:22,680] - ---- interfaces Version: 2.4.5. ScriptVersion: 0.1.0. Pythoncore: 3.7.3. Protocol: 96E445E56B9E460E561358C2D6E9F43B. Config: Debug X86. Built: 09:54:37 May  8 2019. AppID: 3000. UID: 41181. PID: 14308 ----
  INFO root [2019-09-19 20:25:22,682] - Server error_name: Intel(R) Core(TM) i5-6300HQ CPU @ 2.30GHz with 2097151kB RAM
  INFO root [2019-09-19 20:25:22,682] - ThreadPool::createThreadPool: creating  threadpool...
  INFO root [2019-09-19 20:25:22,683] - ThreadPool::createThreadPool: successfully(2), newThreadCount=1, normalMaxThreadCount=2, maxThreadCount=8
  INFO root [2019-09-19 20:25:22,918] - Script::install(): is successfully, Python=(3.7.3 (default, May  8 2019, 09:53:38) [MSC v.1916 32 bit (Intel)])!
  INFO root [2019-09-19 20:25:22,919] - Script::install(): KBExtra is successfully!
S_INFO root [2019-09-19 20:25:22,944] - onInterfaceAppReady: bootstrapGroupIndex=0, bootstrapGlobalIndex=0
  INFO root [2019-09-19 20:25:22,946] - TelnetServer server is running on port 33000
  INFO root [2019-09-19 20:25:23,432] - ---- interfaces is running ----
 DEBUG root [2019-09-19 20:25:23,448] - Components::process(): Request for the process of identity...
  INFO root [2019-09-19 20:25:29,584] - ServerApp::onRegisterNewApp: uid:41181, username:error_name, componentType:dbmgr, componentID:4000, globalorderID=-1, grouporderID=-1, intaddr:192.168.202.54, intport:61914, extaddr:nonsupport, extport:0,  from 127.0.0.1:61926/0/0/0.
  INFO root [2019-09-19 20:25:29,584] - Components::addComponent: reset orderLog, uid=41181!
  INFO root [2019-09-19 20:25:29,584] - Components::addComponent[dbmgr], uid=41181, componentID=4000, globalorderid=1, grouporderid=1, totalcount=1
  INFO root [2019-09-19 20:25:30,656] - Components::process(): Found all the components!
S_INFO root [2019-09-19 20:25:53,081] - onRequestAccountLogin: registerName=15361964343
S_INFO root [2019-09-19 20:26:16,465] - onRequestAccountLogin: registerName=15361964342
  WARN root [2019-09-19 20:27:30,489] - TCPPacketReceiver::processPendingEvents(127.0.0.1:61926): Throwing REASON_GENERAL_NETWORK - WSAECONNRESET
  INFO root [2019-09-19 20:27:30,496] - Components::removeComponentByChannel: dbmgr : 4000, Normal exit!
  INFO root [2019-09-19 20:29:07,260] - 
  INFO root [2019-09-19 20:29:07,261] - -----------------------------------------------------------------------------------------


  INFO root [2019-09-19 20:29:07,262] - Resmgr::initialize: KBE_ROOT=D:/kbengine/
  INFO root [2019-09-19 20:29:07,262] - Resmgr::initialize: KBE_RES_PATH=D:/kbengine/kbe/res/;D:/kbengine/BattleOfBalls_assets/;D:/kbengine/BattleOfBalls_assets/scripts/;D:/kbengine/BattleOfBalls_assets/res/
  INFO root [2019-09-19 20:29:07,262] - Resmgr::initialize: KBE_BIN_PATH=D:/kbengine/kbe/bin/server/
  INFO root [2019-09-19 20:29:07,285] - NetworkInterface::initialize(INTERNAL-TCP): bound to all interfaces with default route interface on 192.168.202.54 ( 192.168.202.54:30099 )
  INFO root [2019-09-19 20:29:07,285] - NetworkInterface::initialize(INTERNAL-TCP): address 192.168.202.54:30099, SOMAXCONN=5.
  WARN root [2019-09-19 20:29:07,286] - invalid UID(0) <= 0, please check UID for environment! automatically set to 41181.
  INFO root [2019-09-19 20:29:07,303] - ---- interfaces Version: 2.4.5. ScriptVersion: 0.1.0. Pythoncore: 3.7.3. Protocol: 96E445E56B9E460E561358C2D6E9F43B. Config: Debug X86. Built: 09:54:37 May  8 2019. AppID: 3000. UID: 41181. PID: 12680 ----
  INFO root [2019-09-19 20:29:07,313] - Server error_name: Intel(R) Core(TM) i5-6300HQ CPU @ 2.30GHz with 2097151kB RAM
  INFO root [2019-09-19 20:29:07,318] - ThreadPool::createThreadPool: creating  threadpool...
  INFO root [2019-09-19 20:29:07,318] - ThreadPool::createThreadPool: successfully(2), newThreadCount=1, normalMaxThreadCount=2, maxThreadCount=8
  INFO root [2019-09-19 20:29:07,561] - Script::install(): is successfully, Python=(3.7.3 (default, May  8 2019, 09:53:38) [MSC v.1916 32 bit (Intel)])!
  INFO root [2019-09-19 20:29:07,561] - Script::install(): KBExtra is successfully!
S_INFO root [2019-09-19 20:29:07,588] - onInterfaceAppReady: bootstrapGroupIndex=0, bootstrapGlobalIndex=0
  INFO root [2019-09-19 20:29:07,590] - TelnetServer server is running on port 33000
  INFO root [2019-09-19 20:29:08,042] - ---- interfaces is running ----
 DEBUG root [2019-09-19 20:29:08,042] - Components::process(): Request for the process of identity...
  INFO root [2019-09-19 20:29:14,175] - ServerApp::onRegisterNewApp: uid:41181, username:error_name, componentType:dbmgr, componentID:4000, globalorderID=-1, grouporderID=-1, intaddr:192.168.202.54, intport:62082, extaddr:nonsupport, extport:0,  from 127.0.0.1:62087/0/0/0.
  INFO root [2019-09-19 20:29:14,175] - Components::addComponent: reset orderLog, uid=41181!
  INFO root [2019-09-19 20:29:14,176] - Components::addComponent[dbmgr], uid=41181, componentID=4000, globalorderid=1, grouporderid=1, totalcount=1
  INFO root [2019-09-19 20:29:15,263] - Components::process(): Found all the components!
S_INFO root [2019-09-19 20:30:03,112] - onRequestAccountLogin: registerName=15361964342
S_INFO root [2019-09-19 20:30:20,848] - onRequestAccountLogin: registerName=15361964342
  WARN root [2019-09-19 20:30:43,052] - TCPPacketReceiver::processPendingEvents(127.0.0.1:62087): Throwing REASON_GENERAL_NETWORK - WSAECONNRESET
  INFO root [2019-09-19 20:30:43,060] - Components::removeComponentByChannel: dbmgr : 4000, Normal exit!
  INFO root [2019-09-19 20:30:44,598] - 
  INFO root [2019-09-19 20:30:44,599] - -----------------------------------------------------------------------------------------


  INFO root [2019-09-19 20:30:44,600] - Resmgr::initialize: KBE_ROOT=D:/kbengine/
  INFO root [2019-09-19 20:30:44,601] - Resmgr::initialize: KBE_RES_PATH=D:/kbengine/kbe/res/;D:/kbengine/BattleOfBalls_assets/;D:/kbengine/BattleOfBalls_assets/scripts/;D:/kbengine/BattleOfBalls_assets/res/
  INFO root [2019-09-19 20:30:44,601] - Resmgr::initialize: KBE_BIN_PATH=D:/kbengine/kbe/bin/server/
  INFO root [2019-09-19 20:30:44,615] - NetworkInterface::initialize(INTERNAL-TCP): bound to all interfaces with default route interface on 192.168.202.54 ( 192.168.202.54:30099 )
  INFO root [2019-09-19 20:30:44,615] - NetworkInterface::initialize(INTERNAL-TCP): address 192.168.202.54:30099, SOMAXCONN=5.
  WARN root [2019-09-19 20:30:44,616] - invalid UID(0) <= 0, please check UID for environment! automatically set to 41181.
  INFO root [2019-09-19 20:30:44,620] - ---- interfaces Version: 2.4.5. ScriptVersion: 0.1.0. Pythoncore: 3.7.3. Protocol: 96E445E56B9E460E561358C2D6E9F43B. Config: Debug X86. Built: 09:54:37 May  8 2019. AppID: 3000. UID: 41181. PID: 15584 ----
  INFO root [2019-09-19 20:30:44,621] - Server error_name: Intel(R) Core(TM) i5-6300HQ CPU @ 2.30GHz with 2097151kB RAM
  INFO root [2019-09-19 20:30:44,623] - ThreadPool::createThreadPool: creating  threadpool...
  INFO root [2019-09-19 20:30:44,623] - ThreadPool::createThreadPool: successfully(2), newThreadCount=1, normalMaxThreadCount=2, maxThreadCount=8
  INFO root [2019-09-19 20:30:44,840] - Script::install(): is successfully, Python=(3.7.3 (default, May  8 2019, 09:53:38) [MSC v.1916 32 bit (Intel)])!
  INFO root [2019-09-19 20:30:44,840] - Script::install(): KBExtra is successfully!
S_INFO root [2019-09-19 20:30:44,866] - onInterfaceAppReady: bootstrapGroupIndex=0, bootstrapGlobalIndex=0
  INFO root [2019-09-19 20:30:44,867] - TelnetServer server is running on port 33000
  INFO root [2019-09-19 20:30:45,286] - ---- interfaces is running ----
 DEBUG root [2019-09-19 20:30:45,287] - Components::process(): Request for the process of identity...
  INFO root [2019-09-19 20:30:51,428] - ServerApp::onRegisterNewApp: uid:41181, username:error_name, componentType:dbmgr, componentID:4000, globalorderID=-1, grouporderID=-1, intaddr:192.168.202.54, intport:62156, extaddr:nonsupport, extport:0,  from 127.0.0.1:62161/0/0/0.
  INFO root [2019-09-19 20:30:51,428] - Components::addComponent: reset orderLog, uid=41181!
  INFO root [2019-09-19 20:30:51,429] - Components::addComponent[dbmgr], uid=41181, componentID=4000, globalorderid=1, grouporderid=1, totalcount=1
  INFO root [2019-09-19 20:30:52,508] - Components::process(): Found all the components!
S_INFO root [2019-09-19 20:31:47,816] - onRequestAccountLogin: registerName=15361964342
S_INFO root [2019-09-19 20:32:12,195] - onRequestAccountLogin: registerName=15361964342
  WARN root [2019-09-19 20:32:48,292] - TCPPacketReceiver::processPendingEvents(127.0.0.1:62161): Throwing REASON_GENERAL_NETWORK - WSAECONNRESET
  INFO root [2019-09-19 20:32:48,300] - Components::removeComponentByChannel: dbmgr : 4000, Normal exit!
  INFO root [2019-09-19 20:32:50,293] - 
  INFO root [2019-09-19 20:32:50,294] - -----------------------------------------------------------------------------------------


  INFO root [2019-09-19 20:32:50,295] - Resmgr::initialize: KBE_ROOT=D:/kbengine/
  INFO root [2019-09-19 20:32:50,295] - Resmgr::initialize: KBE_RES_PATH=D:/kbengine/kbe/res/;D:/kbengine/BattleOfBalls_assets/;D:/kbengine/BattleOfBalls_assets/scripts/;D:/kbengine/BattleOfBalls_assets/res/
  INFO root [2019-09-19 20:32:50,295] - Resmgr::initialize: KBE_BIN_PATH=D:/kbengine/kbe/bin/server/
  INFO root [2019-09-19 20:32:50,310] - NetworkInterface::initialize(INTERNAL-TCP): bound to all interfaces with default route interface on 192.168.202.54 ( 192.168.202.54:30099 )
  INFO root [2019-09-19 20:32:50,310] - NetworkInterface::initialize(INTERNAL-TCP): address 192.168.202.54:30099, SOMAXCONN=5.
  WARN root [2019-09-19 20:32:50,310] - invalid UID(0) <= 0, please check UID for environment! automatically set to 41181.
  INFO root [2019-09-19 20:32:50,316] - ---- interfaces Version: 2.4.5. ScriptVersion: 0.1.0. Pythoncore: 3.7.3. Protocol: 96E445E56B9E460E561358C2D6E9F43B. Config: Debug X86. Built: 09:54:37 May  8 2019. AppID: 3000. UID: 41181. PID: 13836 ----
  INFO root [2019-09-19 20:32:50,324] - Server error_name: Intel(R) Core(TM) i5-6300HQ CPU @ 2.30GHz with 2097151kB RAM
  INFO root [2019-09-19 20:32:50,326] - ThreadPool::createThreadPool: creating  threadpool...
  INFO root [2019-09-19 20:32:50,326] - ThreadPool::createThreadPool: successfully(2), newThreadCount=1, normalMaxThreadCount=2, maxThreadCount=8
  INFO root [2019-09-19 20:32:50,634] - Script::install(): is successfully, Python=(3.7.3 (default, May  8 2019, 09:53:38) [MSC v.1916 32 bit (Intel)])!
  INFO root [2019-09-19 20:32:50,634] - Script::install(): KBExtra is successfully!
S_INFO root [2019-09-19 20:32:50,667] - onInterfaceAppReady: bootstrapGroupIndex=0, bootstrapGlobalIndex=0
  INFO root [2019-09-19 20:32:50,670] - TelnetServer server is running on port 33000
  INFO root [2019-09-19 20:32:51,149] - ---- interfaces is running ----
 DEBUG root [2019-09-19 20:32:51,150] - Components::process(): Request for the process of identity...
  INFO root [2019-09-19 20:32:57,326] - ServerApp::onRegisterNewApp: uid:41181, username:error_name, componentType:dbmgr, componentID:4000, globalorderID=-1, grouporderID=-1, intaddr:192.168.202.54, intport:62248, extaddr:nonsupport, extport:0,  from 127.0.0.1:62255/0/0/0.
  INFO root [2019-09-19 20:32:57,327] - Components::addComponent: reset orderLog, uid=41181!
  INFO root [2019-09-19 20:32:57,327] - Components::addComponent[dbmgr], uid=41181, componentID=4000, globalorderid=1, grouporderid=1, totalcount=1
  INFO root [2019-09-19 20:32:58,368] - Components::process(): Found all the components!
S_INFO root [2019-09-19 20:34:02,954] - onRequestAccountLogin: registerName=15361964343
S_INFO root [2019-09-19 20:34:27,849] - onRequestAccountLogin: registerName=15361964342
  WARN root [2019-09-19 20:34:50,236] - TCPPacketReceiver::processPendingEvents(127.0.0.1:62255): Throwing REASON_GENERAL_NETWORK - WSAECONNRESET
  INFO root [2019-09-19 20:34:50,239] - Components::removeComponentByChannel: dbmgr : 4000, Normal exit!
  INFO root [2019-09-19 20:40:30,752] - 
  INFO root [2019-09-19 20:40:30,753] - -----------------------------------------------------------------------------------------


  INFO root [2019-09-19 20:40:30,754] - Resmgr::initialize: KBE_ROOT=D:/kbengine/
  INFO root [2019-09-19 20:40:30,755] - Resmgr::initialize: KBE_RES_PATH=D:/kbengine/kbe/res/;D:/kbengine/BattleOfBalls_assets/;D:/kbengine/BattleOfBalls_assets/scripts/;D:/kbengine/BattleOfBalls_assets/res/
  INFO root [2019-09-19 20:40:30,755] - Resmgr::initialize: KBE_BIN_PATH=D:/kbengine/kbe/bin/server/
  INFO root [2019-09-19 20:40:30,796] - NetworkInterface::initialize(INTERNAL-TCP): bound to all interfaces with default route interface on 192.168.202.54 ( 192.168.202.54:30099 )
  INFO root [2019-09-19 20:40:30,796] - NetworkInterface::initialize(INTERNAL-TCP): address 192.168.202.54:30099, SOMAXCONN=5.
  WARN root [2019-09-19 20:40:30,797] - invalid UID(0) <= 0, please check UID for environment! automatically set to 41181.
  INFO root [2019-09-19 20:40:30,801] - ---- interfaces Version: 2.4.5. ScriptVersion: 0.1.0. Pythoncore: 3.7.3. Protocol: 96E445E56B9E460E561358C2D6E9F43B. Config: Debug X86. Built: 09:54:37 May  8 2019. AppID: 3000. UID: 41181. PID: 2832 ----
  INFO root [2019-09-19 20:40:30,802] - Server error_name: Intel(R) Core(TM) i5-6300HQ CPU @ 2.30GHz with 2097151kB RAM
  INFO root [2019-09-19 20:40:30,802] - ThreadPool::createThreadPool: creating  threadpool...
  INFO root [2019-09-19 20:40:30,802] - ThreadPool::createThreadPool: successfully(2), newThreadCount=1, normalMaxThreadCount=2, maxThreadCount=8
  INFO root [2019-09-19 20:40:31,035] - Script::install(): is successfully, Python=(3.7.3 (default, May  8 2019, 09:53:38) [MSC v.1916 32 bit (Intel)])!
  INFO root [2019-09-19 20:40:31,035] - Script::install(): KBExtra is successfully!
S_INFO root [2019-09-19 20:40:31,063] - onInterfaceAppReady: bootstrapGroupIndex=0, bootstrapGlobalIndex=0
  INFO root [2019-09-19 20:40:31,064] - TelnetServer server is running on port 33000
  INFO root [2019-09-19 20:40:31,461] - ---- interfaces is running ----
 DEBUG root [2019-09-19 20:40:31,461] - Components::process(): Request for the process of identity...
  INFO root [2019-09-19 20:40:37,587] - ServerApp::onRegisterNewApp: uid:41181, username:error_name, componentType:dbmgr, componentID:4000, globalorderID=-1, grouporderID=-1, intaddr:192.168.202.54, intport:62353, extaddr:nonsupport, extport:0,  from 127.0.0.1:62358/0/0/0.
  INFO root [2019-09-19 20:40:37,588] - Components::addComponent: reset orderLog, uid=41181!
  INFO root [2019-09-19 20:40:37,588] - Components::addComponent[dbmgr], uid=41181, componentID=4000, globalorderid=1, grouporderid=1, totalcount=1
  INFO root [2019-09-19 20:40:38,664] - Components::process(): Found all the components!
S_INFO root [2019-09-19 20:43:26,762] - onRequestAccountLogin: registerName=15361964343
S_INFO root [2019-09-19 20:43:49,280] - onRequestAccountLogin: registerName=15361964342
  WARN root [2019-09-19 20:44:42,475] - TCPPacketReceiver::processPendingEvents(127.0.0.1:62358): Throwing REASON_GENERAL_NETWORK - WSAECONNRESET
  INFO root [2019-09-19 20:44:42,479] - Components::removeComponentByChannel: dbmgr : 4000, Normal exit!
  INFO root [2019-09-19 20:44:44,247] - 
  INFO root [2019-09-19 20:44:44,248] - -----------------------------------------------------------------------------------------


  INFO root [2019-09-19 20:44:44,249] - Resmgr::initialize: KBE_ROOT=D:/kbengine/
  INFO root [2019-09-19 20:44:44,249] - Resmgr::initialize: KBE_RES_PATH=D:/kbengine/kbe/res/;D:/kbengine/BattleOfBalls_assets/;D:/kbengine/BattleOfBalls_assets/scripts/;D:/kbengine/BattleOfBalls_assets/res/
  INFO root [2019-09-19 20:44:44,249] - Resmgr::initialize: KBE_BIN_PATH=D:/kbengine/kbe/bin/server/
  INFO root [2019-09-19 20:44:44,260] - NetworkInterface::initialize(INTERNAL-TCP): bound to all interfaces with default route interface on 192.168.202.54 ( 192.168.202.54:30099 )
  INFO root [2019-09-19 20:44:44,260] - NetworkInterface::initialize(INTERNAL-TCP): address 192.168.202.54:30099, SOMAXCONN=5.
  WARN root [2019-09-19 20:44:44,260] - invalid UID(0) <= 0, please check UID for environment! automatically set to 41181.
  INFO root [2019-09-19 20:44:44,265] - ---- interfaces Version: 2.4.5. ScriptVersion: 0.1.0. Pythoncore: 3.7.3. Protocol: 96E445E56B9E460E561358C2D6E9F43B. Config: Debug X86. Built: 09:54:37 May  8 2019. AppID: 3000. UID: 41181. PID: 6684 ----
  INFO root [2019-09-19 20:44:44,266] - Server error_name: Intel(R) Core(TM) i5-6300HQ CPU @ 2.30GHz with 2097151kB RAM
  INFO root [2019-09-19 20:44:44,266] - ThreadPool::createThreadPool: creating  threadpool...
  INFO root [2019-09-19 20:44:44,266] - ThreadPool::createThreadPool: successfully(2), newThreadCount=1, normalMaxThreadCount=2, maxThreadCount=8
  INFO root [2019-09-19 20:44:44,586] - Script::install(): is successfully, Python=(3.7.3 (default, May  8 2019, 09:53:38) [MSC v.1916 32 bit (Intel)])!
  INFO root [2019-09-19 20:44:44,586] - Script::install(): KBExtra is successfully!
S_INFO root [2019-09-19 20:44:44,628] - onInterfaceAppReady: bootstrapGroupIndex=0, bootstrapGlobalIndex=0
  INFO root [2019-09-19 20:44:44,630] - TelnetServer server is running on port 33000
  INFO root [2019-09-19 20:44:45,066] - ---- interfaces is running ----
 DEBUG root [2019-09-19 20:44:45,069] - Components::process(): Request for the process of identity...
  INFO root [2019-09-19 20:44:51,262] - ServerApp::onRegisterNewApp: uid:41181, username:error_name, componentType:dbmgr, componentID:4000, globalorderID=-1, grouporderID=-1, intaddr:192.168.202.54, intport:62435, extaddr:nonsupport, extport:0,  from 127.0.0.1:62444/0/0/0.
  INFO root [2019-09-19 20:44:51,263] - Components::addComponent: reset orderLog, uid=41181!
  INFO root [2019-09-19 20:44:51,264] - Components::addComponent[dbmgr], uid=41181, componentID=4000, globalorderid=1, grouporderid=1, totalcount=1
  INFO root [2019-09-19 20:44:52,351] - Components::process(): Found all the components!
S_INFO root [2019-09-19 20:45:05,776] - onRequestAccountLogin: registerName=15361964343
S_INFO root [2019-09-19 20:45:34,664] - onRequestAccountLogin: registerName=15361964342
  INFO root [2019-09-19 20:53:04,970] - Components::removeComponentByChannel: dbmgr : 4000, Normal exit!
  INFO root [2019-09-19 20:56:08,359] - 
  INFO root [2019-09-19 20:56:08,361] - -----------------------------------------------------------------------------------------


  INFO root [2019-09-19 20:56:08,362] - Resmgr::initialize: KBE_ROOT=D:/kbengine/
  INFO root [2019-09-19 20:56:08,362] - Resmgr::initialize: KBE_RES_PATH=D:/kbengine/kbe/res/;D:/kbengine/BattleOfBalls_assets/;D:/kbengine/BattleOfBalls_assets/scripts/;D:/kbengine/BattleOfBalls_assets/res/
  INFO root [2019-09-19 20:56:08,362] - Resmgr::initialize: KBE_BIN_PATH=D:/kbengine/kbe/bin/server/
  INFO root [2019-09-19 20:56:08,373] - NetworkInterface::initialize(INTERNAL-TCP): bound to all interfaces with default route interface on 192.168.202.54 ( 192.168.202.54:30099 )
  INFO root [2019-09-19 20:56:08,373] - NetworkInterface::initialize(INTERNAL-TCP): address 192.168.202.54:30099, SOMAXCONN=5.
  WARN root [2019-09-19 20:56:08,374] - invalid UID(0) <= 0, please check UID for environment! automatically set to 41181.
  INFO root [2019-09-19 20:56:08,378] - ---- interfaces Version: 2.4.5. ScriptVersion: 0.1.0. Pythoncore: 3.7.3. Protocol: 96E445E56B9E460E561358C2D6E9F43B. Config: Debug X86. Built: 09:54:37 May  8 2019. AppID: 3000. UID: 41181. PID: 13268 ----
  INFO root [2019-09-19 20:56:08,379] - Server error_name: Intel(R) Core(TM) i5-6300HQ CPU @ 2.30GHz with 2097151kB RAM
  INFO root [2019-09-19 20:56:08,379] - ThreadPool::createThreadPool: creating  threadpool...
  INFO root [2019-09-19 20:56:08,380] - ThreadPool::createThreadPool: successfully(2), newThreadCount=1, normalMaxThreadCount=2, maxThreadCount=8
  INFO root [2019-09-19 20:56:08,664] - Script::install(): is successfully, Python=(3.7.3 (default, May  8 2019, 09:53:38) [MSC v.1916 32 bit (Intel)])!
  INFO root [2019-09-19 20:56:08,664] - Script::install(): KBExtra is successfully!
S_INFO root [2019-09-19 20:56:08,697] - onInterfaceAppReady: bootstrapGroupIndex=0, bootstrapGlobalIndex=0
  INFO root [2019-09-19 20:56:08,698] - TelnetServer server is running on port 33000
  INFO root [2019-09-19 20:56:09,192] - ---- interfaces is running ----
 DEBUG root [2019-09-19 20:56:09,192] - Components::process(): Request for the process of identity...
  INFO root [2019-09-19 20:56:15,354] - ServerApp::onRegisterNewApp: uid:41181, username:error_name, componentType:dbmgr, componentID:4000, globalorderID=-1, grouporderID=-1, intaddr:192.168.202.54, intport:62691, extaddr:nonsupport, extport:0,  from 127.0.0.1:62696/0/0/0.
  INFO root [2019-09-19 20:56:15,355] - Components::addComponent: reset orderLog, uid=41181!
  INFO root [2019-09-19 20:56:15,355] - Components::addComponent[dbmgr], uid=41181, componentID=4000, globalorderid=1, grouporderid=1, totalcount=1
  INFO root [2019-09-19 20:56:16,397] - Components::process(): Found all the components!
S_INFO root [2019-09-19 20:56:31,662] - onRequestAccountLogin: registerName=15361964343
S_INFO root [2019-09-19 20:56:57,203] - onRequestAccountLogin: registerName=15361964342
  WARN root [2019-09-19 20:58:35,660] - TCPPacketReceiver::processPendingEvents(127.0.0.1:62696): Throwing REASON_GENERAL_NETWORK - WSAECONNRESET
  INFO root [2019-09-19 20:58:35,660] - Components::removeComponentByChannel: dbmgr : 4000, Normal exit!
  INFO root [2019-09-19 21:07:18,195] - 
  INFO root [2019-09-19 21:07:18,196] - -----------------------------------------------------------------------------------------


  INFO root [2019-09-19 21:07:18,196] - Resmgr::initialize: KBE_ROOT=D:/kbengine/
  INFO root [2019-09-19 21:07:18,197] - Resmgr::initialize: KBE_RES_PATH=D:/kbengine/kbe/res/;D:/kbengine/BattleOfBalls_assets/;D:/kbengine/BattleOfBalls_assets/scripts/;D:/kbengine/BattleOfBalls_assets/res/
  INFO root [2019-09-19 21:07:18,197] - Resmgr::initialize: KBE_BIN_PATH=D:/kbengine/kbe/bin/server/
  INFO root [2019-09-19 21:07:18,209] - NetworkInterface::initialize(INTERNAL-TCP): bound to all interfaces with default route interface on 192.168.202.54 ( 192.168.202.54:30099 )
  INFO root [2019-09-19 21:07:18,209] - NetworkInterface::initialize(INTERNAL-TCP): address 192.168.202.54:30099, SOMAXCONN=5.
  WARN root [2019-09-19 21:07:18,209] - invalid UID(0) <= 0, please check UID for environment! automatically set to 41181.
  INFO root [2019-09-19 21:07:18,213] - ---- interfaces Version: 2.4.5. ScriptVersion: 0.1.0. Pythoncore: 3.7.3. Protocol: 96E445E56B9E460E561358C2D6E9F43B. Config: Debug X86. Built: 09:54:37 May  8 2019. AppID: 3000. UID: 41181. PID: 11376 ----
  INFO root [2019-09-19 21:07:18,214] - Server error_name: Intel(R) Core(TM) i5-6300HQ CPU @ 2.30GHz with 2097151kB RAM
  INFO root [2019-09-19 21:07:18,214] - ThreadPool::createThreadPool: creating  threadpool...
  INFO root [2019-09-19 21:07:18,214] - ThreadPool::createThreadPool: successfully(2), newThreadCount=1, normalMaxThreadCount=2, maxThreadCount=8
  INFO root [2019-09-19 21:07:18,546] - Script::install(): is successfully, Python=(3.7.3 (default, May  8 2019, 09:53:38) [MSC v.1916 32 bit (Intel)])!
  INFO root [2019-09-19 21:07:18,546] - Script::install(): KBExtra is successfully!
S_INFO root [2019-09-19 21:07:18,576] - onInterfaceAppReady: bootstrapGroupIndex=0, bootstrapGlobalIndex=0
  INFO root [2019-09-19 21:07:18,578] - TelnetServer server is running on port 33000
  INFO root [2019-09-19 21:07:18,972] - ---- interfaces is running ----
 DEBUG root [2019-09-19 21:07:18,973] - Components::process(): Request for the process of identity...
  INFO root [2019-09-19 21:07:25,093] - ServerApp::onRegisterNewApp: uid:41181, username:error_name, componentType:dbmgr, componentID:4000, globalorderID=-1, grouporderID=-1, intaddr:192.168.202.54, intport:62780, extaddr:nonsupport, extport:0,  from 127.0.0.1:62787/0/0/0.
  INFO root [2019-09-19 21:07:25,094] - Components::addComponent: reset orderLog, uid=41181!
  INFO root [2019-09-19 21:07:25,094] - Components::addComponent[dbmgr], uid=41181, componentID=4000, globalorderid=1, grouporderid=1, totalcount=1
  INFO root [2019-09-19 21:07:26,177] - Components::process(): Found all the components!
S_INFO root [2019-09-19 21:08:13,374] - onRequestAccountLogin: registerName=15361964343
S_INFO root [2019-09-19 21:08:59,281] - onRequestAccountLogin: registerName=15361964343
S_INFO root [2019-09-19 21:09:21,783] - onRequestAccountLogin: registerName=15361964342
  WARN root [2019-09-19 21:10:43,494] - TCPPacketReceiver::processPendingEvents(127.0.0.1:62787): Throwing REASON_GENERAL_NETWORK - WSAECONNRESET
  INFO root [2019-09-19 21:10:43,495] - Components::removeComponentByChannel: dbmgr : 4000, Normal exit!
  INFO root [2019-09-19 21:14:08,629] - 
  INFO root [2019-09-19 21:14:08,630] - -----------------------------------------------------------------------------------------


  INFO root [2019-09-19 21:14:08,631] - Resmgr::initialize: KBE_ROOT=D:/kbengine/
  INFO root [2019-09-19 21:14:08,631] - Resmgr::initialize: KBE_RES_PATH=D:/kbengine/kbe/res/;D:/kbengine/BattleOfBalls_assets/;D:/kbengine/BattleOfBalls_assets/scripts/;D:/kbengine/BattleOfBalls_assets/res/
  INFO root [2019-09-19 21:14:08,632] - Resmgr::initialize: KBE_BIN_PATH=D:/kbengine/kbe/bin/server/
  INFO root [2019-09-19 21:14:08,642] - NetworkInterface::initialize(INTERNAL-TCP): bound to all interfaces with default route interface on 192.168.202.54 ( 192.168.202.54:30099 )
  INFO root [2019-09-19 21:14:08,642] - NetworkInterface::initialize(INTERNAL-TCP): address 192.168.202.54:30099, SOMAXCONN=5.
  WARN root [2019-09-19 21:14:08,642] - invalid UID(0) <= 0, please check UID for environment! automatically set to 41181.
  INFO root [2019-09-19 21:14:08,647] - ---- interfaces Version: 2.4.5. ScriptVersion: 0.1.0. Pythoncore: 3.7.3. Protocol: 96E445E56B9E460E561358C2D6E9F43B. Config: Debug X86. Built: 09:54:37 May  8 2019. AppID: 3000. UID: 41181. PID: 6804 ----
  INFO root [2019-09-19 21:14:08,648] - Server error_name: Intel(R) Core(TM) i5-6300HQ CPU @ 2.30GHz with 2097151kB RAM
  INFO root [2019-09-19 21:14:08,648] - ThreadPool::createThreadPool: creating  threadpool...
  INFO root [2019-09-19 21:14:08,649] - ThreadPool::createThreadPool: successfully(2), newThreadCount=1, normalMaxThreadCount=2, maxThreadCount=8
  INFO root [2019-09-19 21:14:08,951] - Script::install(): is successfully, Python=(3.7.3 (default, May  8 2019, 09:53:38) [MSC v.1916 32 bit (Intel)])!
  INFO root [2019-09-19 21:14:08,951] - Script::install(): KBExtra is successfully!
S_INFO root [2019-09-19 21:14:09,000] - onInterfaceAppReady: bootstrapGroupIndex=0, bootstrapGlobalIndex=0
  INFO root [2019-09-19 21:14:09,001] - TelnetServer server is running on port 33000
  INFO root [2019-09-19 21:14:09,449] - ---- interfaces is running ----
 DEBUG root [2019-09-19 21:14:09,449] - Components::process(): Request for the process of identity...
  INFO root [2019-09-19 21:14:15,582] - ServerApp::onRegisterNewApp: uid:41181, username:error_name, componentType:dbmgr, componentID:4000, globalorderID=-1, grouporderID=-1, intaddr:192.168.202.54, intport:62900, extaddr:nonsupport, extport:0,  from 127.0.0.1:62907/0/0/0.
  INFO root [2019-09-19 21:14:15,582] - Components::addComponent: reset orderLog, uid=41181!
  INFO root [2019-09-19 21:14:15,582] - Components::addComponent[dbmgr], uid=41181, componentID=4000, globalorderid=1, grouporderid=1, totalcount=1
  INFO root [2019-09-19 21:14:16,601] - Components::process(): Found all the components!
S_INFO root [2019-09-19 21:14:50,605] - onRequestAccountLogin: registerName=15361964343
S_INFO root [2019-09-19 21:15:17,786] - onRequestAccountLogin: registerName=15361964342
  WARN root [2019-09-19 21:38:36,919] - TCPPacketReceiver::processPendingEvents(127.0.0.1:62907): Throwing REASON_GENERAL_NETWORK - WSAECONNRESET
  INFO root [2019-09-19 21:38:36,921] - Components::removeComponentByChannel: dbmgr : 4000, Normal exit!
  INFO root [2019-09-19 21:38:38,465] - 
  INFO root [2019-09-19 21:38:38,466] - -----------------------------------------------------------------------------------------


  INFO root [2019-09-19 21:38:38,467] - Resmgr::initialize: KBE_ROOT=D:/kbengine/
  INFO root [2019-09-19 21:38:38,468] - Resmgr::initialize: KBE_RES_PATH=D:/kbengine/kbe/res/;D:/kbengine/BattleOfBalls_assets/;D:/kbengine/BattleOfBalls_assets/scripts/;D:/kbengine/BattleOfBalls_assets/res/
  INFO root [2019-09-19 21:38:38,468] - Resmgr::initialize: KBE_BIN_PATH=D:/kbengine/kbe/bin/server/
  INFO root [2019-09-19 21:38:38,483] - NetworkInterface::initialize(INTERNAL-TCP): bound to all interfaces with default route interface on 192.168.202.54 ( 192.168.202.54:30099 )
  INFO root [2019-09-19 21:38:38,484] - NetworkInterface::initialize(INTERNAL-TCP): address 192.168.202.54:30099, SOMAXCONN=5.
  WARN root [2019-09-19 21:38:38,484] - invalid UID(0) <= 0, please check UID for environment! automatically set to 41181.
  INFO root [2019-09-19 21:38:38,488] - ---- interfaces Version: 2.4.5. ScriptVersion: 0.1.0. Pythoncore: 3.7.3. Protocol: 96E445E56B9E460E561358C2D6E9F43B. Config: Debug X86. Built: 09:54:37 May  8 2019. AppID: 3000. UID: 41181. PID: 6856 ----
  INFO root [2019-09-19 21:38:38,488] - Server error_name: Intel(R) Core(TM) i5-6300HQ CPU @ 2.30GHz with 2097151kB RAM
  INFO root [2019-09-19 21:38:38,488] - ThreadPool::createThreadPool: creating  threadpool...
  INFO root [2019-09-19 21:38:38,489] - ThreadPool::createThreadPool: successfully(2), newThreadCount=1, normalMaxThreadCount=2, maxThreadCount=8
  INFO root [2019-09-19 21:38:38,779] - Script::install(): is successfully, Python=(3.7.3 (default, May  8 2019, 09:53:38) [MSC v.1916 32 bit (Intel)])!
  INFO root [2019-09-19 21:38:38,779] - Script::install(): KBExtra is successfully!
S_INFO root [2019-09-19 21:38:38,809] - onInterfaceAppReady: bootstrapGroupIndex=0, bootstrapGlobalIndex=0
  INFO root [2019-09-19 21:38:38,810] - TelnetServer server is running on port 33000
  INFO root [2019-09-19 21:38:39,236] - ---- interfaces is running ----
 DEBUG root [2019-09-19 21:38:39,237] - Components::process(): Request for the process of identity...
  INFO root [2019-09-19 21:38:45,378] - ServerApp::onRegisterNewApp: uid:41181, username:error_name, componentType:dbmgr, componentID:4000, globalorderID=-1, grouporderID=-1, intaddr:192.168.202.54, intport:63159, extaddr:nonsupport, extport:0,  from 127.0.0.1:63168/0/0/0.
  INFO root [2019-09-19 21:38:45,379] - Components::addComponent: reset orderLog, uid=41181!
  INFO root [2019-09-19 21:38:45,379] - Components::addComponent[dbmgr], uid=41181, componentID=4000, globalorderid=1, grouporderid=1, totalcount=1
  INFO root [2019-09-19 21:38:46,473] - Components::process(): Found all the components!
S_INFO root [2019-09-19 21:40:08,796] - onRequestAccountLogin: registerName=15361964343
S_INFO root [2019-09-19 21:40:31,191] - onRequestAccountLogin: registerName=15361964342
  WARN root [2019-09-19 21:41:16,187] - TCPPacketReceiver::processPendingEvents(127.0.0.1:63168): Throwing REASON_GENERAL_NETWORK - WSAECONNRESET
  INFO root [2019-09-19 21:41:16,191] - Components::removeComponentByChannel: dbmgr : 4000, Normal exit!
