  INFO root [2019-09-03 21:24:29,639] - 
  INFO root [2019-09-03 21:24:29,639] - -----------------------------------------------------------------------------------------


  INFO root [2019-09-03 21:24:30,311] - Resmgr::initialize: KBE_ROOT=D:/kbengine/
  INFO root [2019-09-03 21:24:30,311] - Resmgr::initialize: KBE_RES_PATH=D:/kbengine/kbe/res/;D:/kbengine/BattleOfBalls_assets/;D:/kbengine/BattleOfBalls_assets/scripts/;D:/kbengine/BattleOfBalls_assets/res/
  INFO root [2019-09-03 21:24:30,311] - Resmgr::initialize: KBE_BIN_PATH=D:/kbengine/kbe/bin/server/
  INFO root [2019-09-03 21:24:31,009] - NetworkInterface::initialize(INTERNAL-TCP): bound to all interfaces with default route interface on 192.168.56.1 ( 192.168.56.1:30099 )
  INFO root [2019-09-03 21:24:31,049] - NetworkInterface::initialize(INTERNAL-TCP): address 192.168.56.1:30099, SOMAXCONN=5.
  WARN root [2019-09-03 21:24:31,049] - invalid UID(0) <= 0, please check UID for environment! automatically set to 2082.
  INFO root [2019-09-03 21:24:31,109] - ---- interfaces Version: 2.4.5. ScriptVersion: 0.1.0. Pythoncore: 3.7.3. Protocol: 96E445E56B9E460E561358C2D6E9F43B. Config: Debug X86. Built: 09:54:37 May  8 2019. AppID: 3000. UID: 2082. PID: 4424 ----
  INFO root [2019-09-03 21:24:31,109] - Server error_name: Intel(R) Core(TM) i5-6300HQ CPU @ 2.30GHz with 2097151kB RAM
  INFO root [2019-09-03 21:24:31,159] - ThreadPool::createThreadPool: creating  threadpool...
  INFO root [2019-09-03 21:24:31,159] - ThreadPool::createThreadPool: successfully(2), newThreadCount=1, normalMaxThreadCount=2, maxThreadCount=8
  INFO root [2019-09-03 21:24:33,459] - Script::install(): is successfully, Python=(3.7.3 (default, May  8 2019, 09:53:38) [MSC v.1916 32 bit (Intel)])!
  INFO root [2019-09-03 21:24:33,459] - Script::install(): KBExtra is successfully!
S_INFO root [2019-09-03 21:24:33,839] - onInterfaceAppReady: bootstrapGroupIndex=0, bootstrapGlobalIndex=0
  INFO root [2019-09-03 21:24:33,863] - TelnetServer server is running on port 33000
  INFO root [2019-09-03 21:24:34,823] - ---- interfaces is running ----
 DEBUG root [2019-09-03 21:24:34,838] - Components::process(): Request for the process of identity...
  WARN root [2019-09-03 21:24:41,899] - d:\kbengine\kbe\src\lib\network\event_dispatcher.cpp:153: Profile callSystemTimers took 0.22 seconds
  INFO root [2019-09-03 21:24:42,379] - ServerApp::onRegisterNewApp: uid:2082, username:error_name, componentType:dbmgr, componentID:4000, globalorderID=-1, grouporderID=-1, intaddr:192.168.56.1, intport:52649, extaddr:nonsupport, extport:0,  from 127.0.0.1:52652/0/0/0.
  INFO root [2019-09-03 21:24:42,428] - Components::addComponent: reset orderLog, uid=2082!
  INFO root [2019-09-03 21:24:42,428] - Components::addComponent[dbmgr], uid=2082, componentID=4000, globalorderid=1, grouporderid=1, totalcount=1
  WARN root [2019-09-03 21:24:42,428] - d:\kbengine\kbe\src\lib\network\channel.cpp:1023: Profile processRecvMessages took 0.21 seconds
  INFO root [2019-09-03 21:24:43,289] - Components::process(): Found all the components!
S_INFO root [2019-09-03 21:25:19,697] - onRequestAccountLogin: registerName=111
S_INFO root [2019-09-03 21:26:03,292] - onRequestCreateAccount: registerName=15361964343
S_INFO root [2019-09-03 21:27:46,401] - onRequestCreateAccount: registerName=15361964342
S_INFO root [2019-09-03 21:28:22,412] - onRequestAccountLogin: registerName=15361964343
  WARN root [2019-09-03 21:36:03,868] - TCPPacketReceiver::processPendingEvents(127.0.0.1:52652): Throwing REASON_GENERAL_NETWORK - WSAECONNRESET
  INFO root [2019-09-03 21:36:03,868] - Components::removeComponentByChannel: dbmgr : 4000, Normal exit!
  INFO root [2019-09-03 21:36:05,608] - 
  INFO root [2019-09-03 21:36:05,612] - -----------------------------------------------------------------------------------------


  INFO root [2019-09-03 21:36:05,612] - Resmgr::initialize: KBE_ROOT=D:/kbengine/
  INFO root [2019-09-03 21:36:05,612] - Resmgr::initialize: KBE_RES_PATH=D:/kbengine/kbe/res/;D:/kbengine/BattleOfBalls_assets/;D:/kbengine/BattleOfBalls_assets/scripts/;D:/kbengine/BattleOfBalls_assets/res/
  INFO root [2019-09-03 21:36:05,612] - Resmgr::initialize: KBE_BIN_PATH=D:/kbengine/kbe/bin/server/
  INFO root [2019-09-03 21:36:05,633] - NetworkInterface::initialize(INTERNAL-TCP): bound to all interfaces with default route interface on 192.168.56.1 ( 192.168.56.1:30099 )
  INFO root [2019-09-03 21:36:05,633] - NetworkInterface::initialize(INTERNAL-TCP): address 192.168.56.1:30099, SOMAXCONN=5.
  WARN root [2019-09-03 21:36:05,633] - invalid UID(0) <= 0, please check UID for environment! automatically set to 2082.
  INFO root [2019-09-03 21:36:05,639] - ---- interfaces Version: 2.4.5. ScriptVersion: 0.1.0. Pythoncore: 3.7.3. Protocol: 96E445E56B9E460E561358C2D6E9F43B. Config: Debug X86. Built: 09:54:37 May  8 2019. AppID: 3000. UID: 2082. PID: 16760 ----
  INFO root [2019-09-03 21:36:05,642] - Server error_name: Intel(R) Core(TM) i5-6300HQ CPU @ 2.30GHz with 2097151kB RAM
  INFO root [2019-09-03 21:36:05,642] - ThreadPool::createThreadPool: creating  threadpool...
  INFO root [2019-09-03 21:36:05,642] - ThreadPool::createThreadPool: successfully(2), newThreadCount=1, normalMaxThreadCount=2, maxThreadCount=8
  INFO root [2019-09-03 21:36:05,852] - Script::install(): is successfully, Python=(3.7.3 (default, May  8 2019, 09:53:38) [MSC v.1916 32 bit (Intel)])!
  INFO root [2019-09-03 21:36:05,852] - Script::install(): KBExtra is successfully!
S_INFO root [2019-09-03 21:36:05,881] - onInterfaceAppReady: bootstrapGroupIndex=0, bootstrapGlobalIndex=0
  INFO root [2019-09-03 21:36:05,881] - TelnetServer server is running on port 33000
  INFO root [2019-09-03 21:36:06,263] - ---- interfaces is running ----
 DEBUG root [2019-09-03 21:36:06,265] - Components::process(): Request for the process of identity...
  WARN root [2019-09-03 21:36:10,058] - BundleBroadcast::BundleBroadcast: Cannot bind to port 20850, errorno=10048
  INFO root [2019-09-03 21:36:13,161] - ServerApp::onRegisterNewApp: uid:2082, username:error_name, componentType:dbmgr, componentID:4000, globalorderID=-1, grouporderID=-1, intaddr:192.168.56.1, intport:52855, extaddr:nonsupport, extport:0,  from 127.0.0.1:52860/0/0/0.
  INFO root [2019-09-03 21:36:13,161] - Components::addComponent: reset orderLog, uid=2082!
  INFO root [2019-09-03 21:36:13,161] - Components::addComponent[dbmgr], uid=2082, componentID=4000, globalorderid=1, grouporderid=1, totalcount=1
  INFO root [2019-09-03 21:36:14,218] - Components::process(): Found all the components!
S_INFO root [2019-09-03 21:37:13,541] - onRequestAccountLogin: registerName=15361964343
S_INFO root [2019-09-03 21:43:13,109] - onRequestAccountLogin: registerName=15361964343
S_INFO root [2019-09-03 21:43:33,714] - onRequestAccountLogin: registerName=15361964343
S_INFO root [2019-09-03 21:44:22,855] - onRequestAccountLogin: registerName=15361964343
S_INFO root [2019-09-03 21:46:35,243] - onRequestAccountLogin: registerName=111
S_INFO root [2019-09-03 21:47:32,429] - onRequestAccountLogin: registerName=11
S_INFO root [2019-09-03 21:50:00,140] - onRequestAccountLogin: registerName=111
  WARN root [2019-09-03 21:50:27,069] - TCPPacketReceiver::processPendingEvents(127.0.0.1:52860): Throwing REASON_GENERAL_NETWORK - WSAECONNRESET
  INFO root [2019-09-03 21:50:27,069] - Components::removeComponentByChannel: dbmgr : 4000, Normal exit!
