  INFO root [2019-09-15 09:35:31,454] - 
  INFO root [2019-09-15 09:35:31,455] - -----------------------------------------------------------------------------------------


  INFO root [2019-09-15 09:35:31,456] - Resmgr::initialize: KBE_ROOT=D:/kbengine/
  INFO root [2019-09-15 09:35:31,456] - Resmgr::initialize: KBE_RES_PATH=D:/kbengine/kbe/res/;D:/kbengine/BattleOfBalls_assets/;D:/kbengine/BattleOfBalls_assets/scripts/;D:/kbengine/BattleOfBalls_assets/res/
  INFO root [2019-09-15 09:35:31,456] - Resmgr::initialize: KBE_BIN_PATH=D:/kbengine/kbe/bin/server/
  INFO root [2019-09-15 09:35:31,474] - NetworkInterface::initialize(INTERNAL-TCP): bound to all interfaces with default route interface on 192.168.56.1 ( 192.168.56.1:30099 )
  INFO root [2019-09-15 09:35:31,475] - NetworkInterface::initialize(INTERNAL-TCP): address 192.168.56.1:30099, SOMAXCONN=5.
  WARN root [2019-09-15 09:35:31,475] - invalid UID(0) <= 0, please check UID for environment! automatically set to 2082.
  INFO root [2019-09-15 09:35:31,480] - ---- interfaces Version: 2.4.5. ScriptVersion: 0.1.0. Pythoncore: 3.7.3. Protocol: 96E445E56B9E460E561358C2D6E9F43B. Config: Debug X86. Built: 09:54:37 May  8 2019. AppID: 3000. UID: 2082. PID: 11856 ----
  INFO root [2019-09-15 09:35:31,482] - Server error_name: Intel(R) Core(TM) i5-6300HQ CPU @ 2.30GHz with 2097151kB RAM
  INFO root [2019-09-15 09:35:31,484] - ThreadPool::createThreadPool: creating  threadpool...
  INFO root [2019-09-15 09:35:31,485] - ThreadPool::createThreadPool: successfully(2), newThreadCount=1, normalMaxThreadCount=2, maxThreadCount=8
  INFO root [2019-09-15 09:35:31,696] - Script::install(): is successfully, Python=(3.7.3 (default, May  8 2019, 09:53:38) [MSC v.1916 32 bit (Intel)])!
  INFO root [2019-09-15 09:35:31,696] - Script::install(): KBExtra is successfully!
S_INFO root [2019-09-15 09:35:31,735] - onInterfaceAppReady: bootstrapGroupIndex=0, bootstrapGlobalIndex=0
  INFO root [2019-09-15 09:35:31,736] - TelnetServer server is running on port 33000
  INFO root [2019-09-15 09:35:32,145] - ---- interfaces is running ----
 DEBUG root [2019-09-15 09:35:32,146] - Components::process(): Request for the process of identity...
  INFO root [2019-09-15 09:35:38,298] - ServerApp::onRegisterNewApp: uid:2082, username:error_name, componentType:dbmgr, componentID:4000, globalorderID=-1, grouporderID=-1, intaddr:192.168.56.1, intport:56375, extaddr:nonsupport, extport:0,  from 127.0.0.1:56387/0/0/0.
  INFO root [2019-09-15 09:35:38,298] - Components::addComponent: reset orderLog, uid=2082!
  INFO root [2019-09-15 09:35:38,299] - Components::addComponent[dbmgr], uid=2082, componentID=4000, globalorderid=1, grouporderid=1, totalcount=1
  INFO root [2019-09-15 09:35:39,358] - Components::process(): Found all the components!
S_INFO root [2019-09-15 09:35:58,760] - onRequestAccountLogin: registerName=15361964343
S_INFO root [2019-09-15 09:36:38,020] - onRequestAccountLogin: registerName=17875300025
  WARN root [2019-09-15 09:37:03,175] - TCPPacketReceiver::processPendingEvents(127.0.0.1:56387): Throwing REASON_GENERAL_NETWORK - WSAECONNRESET
  INFO root [2019-09-15 09:37:03,178] - Components::removeComponentByChannel: dbmgr : 4000, Normal exit!
  INFO root [2019-09-15 09:39:20,262] - 
  INFO root [2019-09-15 09:39:20,265] - -----------------------------------------------------------------------------------------


  INFO root [2019-09-15 09:39:20,266] - Resmgr::initialize: KBE_ROOT=D:/kbengine/
  INFO root [2019-09-15 09:39:20,266] - Resmgr::initialize: KBE_RES_PATH=D:/kbengine/kbe/res/;D:/kbengine/BattleOfBalls_assets/;D:/kbengine/BattleOfBalls_assets/scripts/;D:/kbengine/BattleOfBalls_assets/res/
  INFO root [2019-09-15 09:39:20,266] - Resmgr::initialize: KBE_BIN_PATH=D:/kbengine/kbe/bin/server/
  INFO root [2019-09-15 09:39:20,307] - NetworkInterface::initialize(INTERNAL-TCP): bound to all interfaces with default route interface on 192.168.56.1 ( 192.168.56.1:30099 )
  INFO root [2019-09-15 09:39:20,307] - NetworkInterface::initialize(INTERNAL-TCP): address 192.168.56.1:30099, SOMAXCONN=5.
  WARN root [2019-09-15 09:39:20,307] - invalid UID(0) <= 0, please check UID for environment! automatically set to 2082.
  INFO root [2019-09-15 09:39:20,312] - ---- interfaces Version: 2.4.5. ScriptVersion: 0.1.0. Pythoncore: 3.7.3. Protocol: 96E445E56B9E460E561358C2D6E9F43B. Config: Debug X86. Built: 09:54:37 May  8 2019. AppID: 3000. UID: 2082. PID: 13796 ----
  INFO root [2019-09-15 09:39:20,312] - Server error_name: Intel(R) Core(TM) i5-6300HQ CPU @ 2.30GHz with 2097151kB RAM
  INFO root [2019-09-15 09:39:20,313] - ThreadPool::createThreadPool: creating  threadpool...
  INFO root [2019-09-15 09:39:20,313] - ThreadPool::createThreadPool: successfully(2), newThreadCount=1, normalMaxThreadCount=2, maxThreadCount=8
  INFO root [2019-09-15 09:39:20,581] - Script::install(): is successfully, Python=(3.7.3 (default, May  8 2019, 09:53:38) [MSC v.1916 32 bit (Intel)])!
  INFO root [2019-09-15 09:39:20,581] - Script::install(): KBExtra is successfully!
S_INFO root [2019-09-15 09:39:20,608] - onInterfaceAppReady: bootstrapGroupIndex=0, bootstrapGlobalIndex=0
  INFO root [2019-09-15 09:39:20,609] - TelnetServer server is running on port 33000
  INFO root [2019-09-15 09:39:20,982] - ---- interfaces is running ----
 DEBUG root [2019-09-15 09:39:20,982] - Components::process(): Request for the process of identity...
  INFO root [2019-09-15 09:39:27,097] - ServerApp::onRegisterNewApp: uid:2082, username:error_name, componentType:dbmgr, componentID:4000, globalorderID=-1, grouporderID=-1, intaddr:192.168.56.1, intport:56415, extaddr:nonsupport, extport:0,  from 127.0.0.1:56424/0/0/0.
  INFO root [2019-09-15 09:39:27,097] - Components::addComponent: reset orderLog, uid=2082!
  INFO root [2019-09-15 09:39:27,097] - Components::addComponent[dbmgr], uid=2082, componentID=4000, globalorderid=1, grouporderid=1, totalcount=1
  INFO root [2019-09-15 09:39:28,184] - Components::process(): Found all the components!
S_INFO root [2019-09-15 09:40:15,214] - onRequestAccountLogin: registerName=15361964343
S_INFO root [2019-09-15 09:40:42,353] - onRequestAccountLogin: registerName=17875300025
  WARN root [2019-09-15 09:41:20,764] - TCPPacketReceiver::processPendingEvents(127.0.0.1:56424): Throwing REASON_GENERAL_NETWORK - WSAECONNRESET
  INFO root [2019-09-15 09:41:20,769] - Components::removeComponentByChannel: dbmgr : 4000, Normal exit!
  INFO root [2019-09-15 09:42:58,839] - 
  INFO root [2019-09-15 09:42:58,839] - -----------------------------------------------------------------------------------------


  INFO root [2019-09-15 09:42:58,840] - Resmgr::initialize: KBE_ROOT=D:/kbengine/
  INFO root [2019-09-15 09:42:58,840] - Resmgr::initialize: KBE_RES_PATH=D:/kbengine/kbe/res/;D:/kbengine/BattleOfBalls_assets/;D:/kbengine/BattleOfBalls_assets/res/;D:/kbengine/BattleOfBalls_assets/scripts/
  INFO root [2019-09-15 09:42:58,840] - Resmgr::initialize: KBE_BIN_PATH=D:/kbengine/kbe/bin/server/
  INFO root [2019-09-15 09:42:58,859] - NetworkInterface::initialize(INTERNAL-TCP): bound to all interfaces with default route interface on 192.168.56.1 ( 192.168.56.1:30099 )
  INFO root [2019-09-15 09:42:58,859] - NetworkInterface::initialize(INTERNAL-TCP): address 192.168.56.1:30099, SOMAXCONN=5.
  WARN root [2019-09-15 09:42:58,859] - invalid UID(0) <= 0, please check UID for environment! automatically set to 2082.
  INFO root [2019-09-15 09:42:58,863] - ---- interfaces Version: 2.4.5. ScriptVersion: 0.1.0. Pythoncore: 3.7.3. Protocol: 96E445E56B9E460E561358C2D6E9F43B. Config: Debug X86. Built: 09:54:37 May  8 2019. AppID: 1129652375332859700. UID: 2082. PID: 10520 ----
  INFO root [2019-09-15 09:42:58,863] - Server error_name: Intel(R) Core(TM) i5-6300HQ CPU @ 2.30GHz with 2097151kB RAM
  INFO root [2019-09-15 09:42:58,863] - ThreadPool::createThreadPool: creating  threadpool...
  INFO root [2019-09-15 09:42:58,864] - ThreadPool::createThreadPool: successfully(2), newThreadCount=1, normalMaxThreadCount=2, maxThreadCount=8
  INFO root [2019-09-15 09:42:59,192] - Script::install(): is successfully, Python=(3.7.3 (default, May  8 2019, 09:53:38) [MSC v.1916 32 bit (Intel)])!
  INFO root [2019-09-15 09:42:59,192] - Script::install(): KBExtra is successfully!
S_INFO root [2019-09-15 09:42:59,227] - onInterfaceAppReady: bootstrapGroupIndex=0, bootstrapGlobalIndex=0
  INFO root [2019-09-15 09:42:59,229] - TelnetServer server is running on port 33000
  INFO root [2019-09-15 09:42:59,606] - ---- interfaces is running ----
 DEBUG root [2019-09-15 09:42:59,606] - Components::process(): Request for the process of identity...
  INFO root [2019-09-15 09:43:02,359] - 
  INFO root [2019-09-15 09:43:02,360] - -----------------------------------------------------------------------------------------


  INFO root [2019-09-15 09:43:02,361] - Resmgr::initialize: KBE_ROOT=D:/kbengine/
  INFO root [2019-09-15 09:43:02,361] - Resmgr::initialize: KBE_RES_PATH=D:/kbengine/kbe/res/;D:/kbengine/BattleOfBalls_assets/;D:/kbengine/BattleOfBalls_assets/scripts/;D:/kbengine/BattleOfBalls_assets/res/
  INFO root [2019-09-15 09:43:02,362] - Resmgr::initialize: KBE_BIN_PATH=D:/kbengine/kbe/bin/server/
  INFO root [2019-09-15 09:43:02,377] - NetworkInterface::initialize(INTERNAL-TCP): bound to all interfaces with default route interface on 192.168.56.1 ( 192.168.56.1:30099 )
  INFO root [2019-09-15 09:43:02,377] - NetworkInterface::initialize(INTERNAL-TCP): address 192.168.56.1:30099, SOMAXCONN=5.
  WARN root [2019-09-15 09:43:02,378] - invalid UID(0) <= 0, please check UID for environment! automatically set to 2082.
  INFO root [2019-09-15 09:43:02,382] - ---- interfaces Version: 2.4.5. ScriptVersion: 0.1.0. Pythoncore: 3.7.3. Protocol: 96E445E56B9E460E561358C2D6E9F43B. Config: Debug X86. Built: 09:54:37 May  8 2019. AppID: 3000. UID: 2082. PID: 180 ----
  INFO root [2019-09-15 09:43:02,382] - Server error_name: Intel(R) Core(TM) i5-6300HQ CPU @ 2.30GHz with 2097151kB RAM
  INFO root [2019-09-15 09:43:02,383] - ThreadPool::createThreadPool: creating  threadpool...
  INFO root [2019-09-15 09:43:02,383] - ThreadPool::createThreadPool: successfully(2), newThreadCount=1, normalMaxThreadCount=2, maxThreadCount=8
  INFO root [2019-09-15 09:43:02,586] - Script::install(): is successfully, Python=(3.7.3 (default, May  8 2019, 09:53:38) [MSC v.1916 32 bit (Intel)])!
  INFO root [2019-09-15 09:43:02,586] - Script::install(): KBExtra is successfully!
S_INFO root [2019-09-15 09:43:02,614] - onInterfaceAppReady: bootstrapGroupIndex=0, bootstrapGlobalIndex=0
  INFO root [2019-09-15 09:43:02,616] - TelnetServer server is running on port 33000
  INFO root [2019-09-15 09:43:03,022] - ---- interfaces is running ----
 DEBUG root [2019-09-15 09:43:03,022] - Components::process(): Request for the process of identity...
  INFO root [2019-09-15 09:43:09,136] - ServerApp::onRegisterNewApp: uid:2082, username:error_name, componentType:dbmgr, componentID:4000, globalorderID=-1, grouporderID=-1, intaddr:192.168.56.1, intport:56463, extaddr:nonsupport, extport:0,  from 127.0.0.1:56472/0/0/0.
  INFO root [2019-09-15 09:43:09,136] - Components::addComponent: reset orderLog, uid=2082!
  INFO root [2019-09-15 09:43:09,137] - Components::addComponent[dbmgr], uid=2082, componentID=4000, globalorderid=1, grouporderid=1, totalcount=1
  INFO root [2019-09-15 09:43:10,215] - Components::process(): Found all the components!
S_INFO root [2019-09-15 09:43:26,453] - onRequestAccountLogin: registerName=15361964343
S_INFO root [2019-09-15 09:43:49,554] - onRequestAccountLogin: registerName=17875300025
  WARN root [2019-09-15 09:46:06,614] - TCPPacketReceiver::processPendingEvents(127.0.0.1:56472): Throwing REASON_GENERAL_NETWORK - WSAECONNRESET
  INFO root [2019-09-15 09:46:06,617] - Components::removeComponentByChannel: dbmgr : 4000, Normal exit!
  INFO root [2019-09-15 09:50:50,482] - 
  INFO root [2019-09-15 09:50:50,483] - -----------------------------------------------------------------------------------------


  INFO root [2019-09-15 09:50:50,484] - Resmgr::initialize: KBE_ROOT=D:/kbengine/
  INFO root [2019-09-15 09:50:50,484] - Resmgr::initialize: KBE_RES_PATH=D:/kbengine/kbe/res/;D:/kbengine/BattleOfBalls_assets/;D:/kbengine/BattleOfBalls_assets/scripts/;D:/kbengine/BattleOfBalls_assets/res/
  INFO root [2019-09-15 09:50:50,484] - Resmgr::initialize: KBE_BIN_PATH=D:/kbengine/kbe/bin/server/
  INFO root [2019-09-15 09:50:50,503] - NetworkInterface::initialize(INTERNAL-TCP): bound to all interfaces with default route interface on 192.168.56.1 ( 192.168.56.1:30099 )
  INFO root [2019-09-15 09:50:50,503] - NetworkInterface::initialize(INTERNAL-TCP): address 192.168.56.1:30099, SOMAXCONN=5.
  WARN root [2019-09-15 09:50:50,503] - invalid UID(0) <= 0, please check UID for environment! automatically set to 2082.
  INFO root [2019-09-15 09:50:50,507] - ---- interfaces Version: 2.4.5. ScriptVersion: 0.1.0. Pythoncore: 3.7.3. Protocol: 96E445E56B9E460E561358C2D6E9F43B. Config: Debug X86. Built: 09:54:37 May  8 2019. AppID: 3000. UID: 2082. PID: 7356 ----
  INFO root [2019-09-15 09:50:50,508] - Server error_name: Intel(R) Core(TM) i5-6300HQ CPU @ 2.30GHz with 2097151kB RAM
  INFO root [2019-09-15 09:50:50,508] - ThreadPool::createThreadPool: creating  threadpool...
  INFO root [2019-09-15 09:50:50,508] - ThreadPool::createThreadPool: successfully(2), newThreadCount=1, normalMaxThreadCount=2, maxThreadCount=8
  INFO root [2019-09-15 09:50:50,770] - Script::install(): is successfully, Python=(3.7.3 (default, May  8 2019, 09:53:38) [MSC v.1916 32 bit (Intel)])!
  INFO root [2019-09-15 09:50:50,770] - Script::install(): KBExtra is successfully!
S_INFO root [2019-09-15 09:50:50,809] - onInterfaceAppReady: bootstrapGroupIndex=0, bootstrapGlobalIndex=0
  INFO root [2019-09-15 09:50:50,811] - TelnetServer server is running on port 33000
  INFO root [2019-09-15 09:50:51,221] - ---- interfaces is running ----
 DEBUG root [2019-09-15 09:50:51,221] - Components::process(): Request for the process of identity...
  INFO root [2019-09-15 09:50:57,340] - ServerApp::onRegisterNewApp: uid:2082, username:error_name, componentType:dbmgr, componentID:4000, globalorderID=-1, grouporderID=-1, intaddr:192.168.56.1, intport:56517, extaddr:nonsupport, extport:0,  from 127.0.0.1:56521/0/0/0.
  INFO root [2019-09-15 09:50:57,340] - Components::addComponent: reset orderLog, uid=2082!
  INFO root [2019-09-15 09:50:57,341] - Components::addComponent[dbmgr], uid=2082, componentID=4000, globalorderid=1, grouporderid=1, totalcount=1
  INFO root [2019-09-15 09:50:58,409] - Components::process(): Found all the components!
S_INFO root [2019-09-15 09:51:16,805] - onRequestAccountLogin: registerName=17875300025
S_INFO root [2019-09-15 09:51:31,029] - onRequestAccountLogin: registerName=15361964343
  WARN root [2019-09-15 09:52:16,679] - TCPPacketReceiver::processPendingEvents(127.0.0.1:56521): Throwing REASON_GENERAL_NETWORK - WSAECONNRESET
  INFO root [2019-09-15 09:52:16,684] - Components::removeComponentByChannel: dbmgr : 4000, Normal exit!
  INFO root [2019-09-15 09:57:54,931] - 
  INFO root [2019-09-15 09:57:54,935] - -----------------------------------------------------------------------------------------


  INFO root [2019-09-15 09:57:54,936] - Resmgr::initialize: KBE_ROOT=D:/kbengine/
  INFO root [2019-09-15 09:57:54,936] - Resmgr::initialize: KBE_RES_PATH=D:/kbengine/kbe/res/;D:/kbengine/BattleOfBalls_assets/;D:/kbengine/BattleOfBalls_assets/scripts/;D:/kbengine/BattleOfBalls_assets/res/
  INFO root [2019-09-15 09:57:54,936] - Resmgr::initialize: KBE_BIN_PATH=D:/kbengine/kbe/bin/server/
  INFO root [2019-09-15 09:57:54,955] - NetworkInterface::initialize(INTERNAL-TCP): bound to all interfaces with default route interface on 192.168.56.1 ( 192.168.56.1:30099 )
  INFO root [2019-09-15 09:57:54,956] - NetworkInterface::initialize(INTERNAL-TCP): address 192.168.56.1:30099, SOMAXCONN=5.
  WARN root [2019-09-15 09:57:54,956] - invalid UID(0) <= 0, please check UID for environment! automatically set to 2082.
  INFO root [2019-09-15 09:57:55,004] - ---- interfaces Version: 2.4.5. ScriptVersion: 0.1.0. Pythoncore: 3.7.3. Protocol: 96E445E56B9E460E561358C2D6E9F43B. Config: Debug X86. Built: 09:54:37 May  8 2019. AppID: 3000. UID: 2082. PID: 12080 ----
  INFO root [2019-09-15 09:57:55,007] - Server error_name: Intel(R) Core(TM) i5-6300HQ CPU @ 2.30GHz with 2097151kB RAM
  INFO root [2019-09-15 09:57:55,007] - ThreadPool::createThreadPool: creating  threadpool...
  INFO root [2019-09-15 09:57:55,007] - ThreadPool::createThreadPool: successfully(2), newThreadCount=1, normalMaxThreadCount=2, maxThreadCount=8
  INFO root [2019-09-15 09:57:55,241] - Script::install(): is successfully, Python=(3.7.3 (default, May  8 2019, 09:53:38) [MSC v.1916 32 bit (Intel)])!
  INFO root [2019-09-15 09:57:55,241] - Script::install(): KBExtra is successfully!
S_INFO root [2019-09-15 09:57:55,269] - onInterfaceAppReady: bootstrapGroupIndex=0, bootstrapGlobalIndex=0
  INFO root [2019-09-15 09:57:55,271] - TelnetServer server is running on port 33000
  INFO root [2019-09-15 09:57:55,658] - ---- interfaces is running ----
 DEBUG root [2019-09-15 09:57:55,659] - Components::process(): Request for the process of identity...
  INFO root [2019-09-15 09:58:01,771] - ServerApp::onRegisterNewApp: uid:2082, username:error_name, componentType:dbmgr, componentID:4000, globalorderID=-1, grouporderID=-1, intaddr:192.168.56.1, intport:56552, extaddr:nonsupport, extport:0,  from 127.0.0.1:56559/0/0/0.
  INFO root [2019-09-15 09:58:01,772] - Components::addComponent: reset orderLog, uid=2082!
  INFO root [2019-09-15 09:58:01,772] - Components::addComponent[dbmgr], uid=2082, componentID=4000, globalorderid=1, grouporderid=1, totalcount=1
  INFO root [2019-09-15 09:58:02,870] - Components::process(): Found all the components!
S_INFO root [2019-09-15 09:58:18,972] - onRequestAccountLogin: registerName=15361964343
S_INFO root [2019-09-15 09:58:44,655] - onRequestAccountLogin: registerName=17875300025
  WARN root [2019-09-15 10:01:53,487] - TCPPacketReceiver::processPendingEvents(127.0.0.1:56559): Throwing REASON_GENERAL_NETWORK - WSAECONNRESET
  INFO root [2019-09-15 10:01:53,490] - Components::removeComponentByChannel: dbmgr : 4000, Normal exit!
  INFO root [2019-09-15 10:04:33,826] - 
  INFO root [2019-09-15 10:04:33,829] - -----------------------------------------------------------------------------------------


  INFO root [2019-09-15 10:04:33,830] - Resmgr::initialize: KBE_ROOT=D:/kbengine/
  INFO root [2019-09-15 10:04:33,830] - Resmgr::initialize: KBE_RES_PATH=D:/kbengine/kbe/res/;D:/kbengine/BattleOfBalls_assets/;D:/kbengine/BattleOfBalls_assets/scripts/;D:/kbengine/BattleOfBalls_assets/res/
  INFO root [2019-09-15 10:04:33,830] - Resmgr::initialize: KBE_BIN_PATH=D:/kbengine/kbe/bin/server/
  INFO root [2019-09-15 10:04:33,851] - NetworkInterface::initialize(INTERNAL-TCP): bound to all interfaces with default route interface on 192.168.56.1 ( 192.168.56.1:30099 )
  INFO root [2019-09-15 10:04:33,851] - NetworkInterface::initialize(INTERNAL-TCP): address 192.168.56.1:30099, SOMAXCONN=5.
  WARN root [2019-09-15 10:04:33,852] - invalid UID(0) <= 0, please check UID for environment! automatically set to 2082.
  INFO root [2019-09-15 10:04:33,857] - ---- interfaces Version: 2.4.5. ScriptVersion: 0.1.0. Pythoncore: 3.7.3. Protocol: 96E445E56B9E460E561358C2D6E9F43B. Config: Debug X86. Built: 09:54:37 May  8 2019. AppID: 3000. UID: 2082. PID: 13564 ----
  INFO root [2019-09-15 10:04:33,858] - Server error_name: Intel(R) Core(TM) i5-6300HQ CPU @ 2.30GHz with 2097151kB RAM
  INFO root [2019-09-15 10:04:33,858] - ThreadPool::createThreadPool: creating  threadpool...
  INFO root [2019-09-15 10:04:33,858] - ThreadPool::createThreadPool: successfully(2), newThreadCount=1, normalMaxThreadCount=2, maxThreadCount=8
  INFO root [2019-09-15 10:04:34,124] - Script::install(): is successfully, Python=(3.7.3 (default, May  8 2019, 09:53:38) [MSC v.1916 32 bit (Intel)])!
  INFO root [2019-09-15 10:04:34,124] - Script::install(): KBExtra is successfully!
S_INFO root [2019-09-15 10:04:34,150] - onInterfaceAppReady: bootstrapGroupIndex=0, bootstrapGlobalIndex=0
  INFO root [2019-09-15 10:04:34,152] - TelnetServer server is running on port 33000
  INFO root [2019-09-15 10:04:34,542] - ---- interfaces is running ----
 DEBUG root [2019-09-15 10:04:34,562] - Components::process(): Request for the process of identity...
  INFO root [2019-09-15 10:04:41,752] - Components::process(): Found all the components!
  INFO root [2019-09-15 10:05:46,188] - 
  INFO root [2019-09-15 10:05:46,198] - -----------------------------------------------------------------------------------------


  INFO root [2019-09-15 10:05:46,199] - Resmgr::initialize: KBE_ROOT=D:/kbengine/
  INFO root [2019-09-15 10:05:46,199] - Resmgr::initialize: KBE_RES_PATH=D:/kbengine/kbe/res/;D:/kbengine/BattleOfBalls_assets/;D:/kbengine/BattleOfBalls_assets/scripts/;D:/kbengine/BattleOfBalls_assets/res/
  INFO root [2019-09-15 10:05:46,199] - Resmgr::initialize: KBE_BIN_PATH=D:/kbengine/kbe/bin/server/
  INFO root [2019-09-15 10:05:46,242] - NetworkInterface::initialize(INTERNAL-TCP): bound to all interfaces with default route interface on 192.168.56.1 ( 192.168.56.1:30099 )
  INFO root [2019-09-15 10:05:46,242] - NetworkInterface::initialize(INTERNAL-TCP): address 192.168.56.1:30099, SOMAXCONN=5.
  WARN root [2019-09-15 10:05:46,243] - invalid UID(0) <= 0, please check UID for environment! automatically set to 2082.
  INFO root [2019-09-15 10:05:46,247] - ---- interfaces Version: 2.4.5. ScriptVersion: 0.1.0. Pythoncore: 3.7.3. Protocol: 96E445E56B9E460E561358C2D6E9F43B. Config: Debug X86. Built: 09:54:37 May  8 2019. AppID: 3000. UID: 2082. PID: 13188 ----
  INFO root [2019-09-15 10:05:46,248] - Server error_name: Intel(R) Core(TM) i5-6300HQ CPU @ 2.30GHz with 2097151kB RAM
  INFO root [2019-09-15 10:05:46,248] - ThreadPool::createThreadPool: creating  threadpool...
  INFO root [2019-09-15 10:05:46,248] - ThreadPool::createThreadPool: successfully(2), newThreadCount=1, normalMaxThreadCount=2, maxThreadCount=8
  INFO root [2019-09-15 10:05:46,445] - Script::install(): is successfully, Python=(3.7.3 (default, May  8 2019, 09:53:38) [MSC v.1916 32 bit (Intel)])!
  INFO root [2019-09-15 10:05:46,445] - Script::install(): KBExtra is successfully!
S_INFO root [2019-09-15 10:05:46,473] - onInterfaceAppReady: bootstrapGroupIndex=0, bootstrapGlobalIndex=0
  INFO root [2019-09-15 10:05:46,475] - TelnetServer server is running on port 33000
  INFO root [2019-09-15 10:05:46,854] - ---- interfaces is running ----
 DEBUG root [2019-09-15 10:05:46,854] - Components::process(): Request for the process of identity...
  INFO root [2019-09-15 10:05:54,074] - Components::process(): Found all the components!
  INFO root [2019-09-15 10:06:00,251] - 
  INFO root [2019-09-15 10:06:00,252] - -----------------------------------------------------------------------------------------


  INFO root [2019-09-15 10:06:00,253] - Resmgr::initialize: KBE_ROOT=D:/kbengine/
  INFO root [2019-09-15 10:06:00,253] - Resmgr::initialize: KBE_RES_PATH=D:/kbengine/kbe/res/;D:/kbengine/BattleOfBalls_assets/;D:/kbengine/BattleOfBalls_assets/scripts/;D:/kbengine/BattleOfBalls_assets/res/
  INFO root [2019-09-15 10:06:00,253] - Resmgr::initialize: KBE_BIN_PATH=D:/kbengine/kbe/bin/server/
  INFO root [2019-09-15 10:06:00,270] - NetworkInterface::initialize(INTERNAL-TCP): bound to all interfaces with default route interface on 192.168.56.1 ( 192.168.56.1:30099 )
  INFO root [2019-09-15 10:06:00,270] - NetworkInterface::initialize(INTERNAL-TCP): address 192.168.56.1:30099, SOMAXCONN=5.
  WARN root [2019-09-15 10:06:00,270] - invalid UID(0) <= 0, please check UID for environment! automatically set to 2082.
  INFO root [2019-09-15 10:06:00,274] - ---- interfaces Version: 2.4.5. ScriptVersion: 0.1.0. Pythoncore: 3.7.3. Protocol: 96E445E56B9E460E561358C2D6E9F43B. Config: Debug X86. Built: 09:54:37 May  8 2019. AppID: 3000. UID: 2082. PID: 13004 ----
  INFO root [2019-09-15 10:06:00,275] - Server error_name: Intel(R) Core(TM) i5-6300HQ CPU @ 2.30GHz with 2097151kB RAM
  INFO root [2019-09-15 10:06:00,275] - ThreadPool::createThreadPool: creating  threadpool...
  INFO root [2019-09-15 10:06:00,275] - ThreadPool::createThreadPool: successfully(2), newThreadCount=1, normalMaxThreadCount=2, maxThreadCount=8
  INFO root [2019-09-15 10:06:00,494] - Script::install(): is successfully, Python=(3.7.3 (default, May  8 2019, 09:53:38) [MSC v.1916 32 bit (Intel)])!
  INFO root [2019-09-15 10:06:00,494] - Script::install(): KBExtra is successfully!
S_INFO root [2019-09-15 10:06:00,519] - onInterfaceAppReady: bootstrapGroupIndex=0, bootstrapGlobalIndex=0
  INFO root [2019-09-15 10:06:00,521] - TelnetServer server is running on port 33000
  INFO root [2019-09-15 10:06:00,908] - ---- interfaces is running ----
 DEBUG root [2019-09-15 10:06:00,908] - Components::process(): Request for the process of identity...
  INFO root [2019-09-15 10:06:08,120] - Components::process(): Found all the components!
  INFO root [2019-09-15 10:06:28,696] - 
  INFO root [2019-09-15 10:06:28,697] - -----------------------------------------------------------------------------------------


  INFO root [2019-09-15 10:06:28,698] - Resmgr::initialize: KBE_ROOT=D:/kbengine/
  INFO root [2019-09-15 10:06:28,699] - Resmgr::initialize: KBE_RES_PATH=D:/kbengine/kbe/res/;D:/kbengine/BattleOfBalls_assets/;D:/kbengine/BattleOfBalls_assets/scripts/;D:/kbengine/BattleOfBalls_assets/res/
  INFO root [2019-09-15 10:06:28,699] - Resmgr::initialize: KBE_BIN_PATH=D:/kbengine/kbe/bin/server/
  INFO root [2019-09-15 10:06:28,715] - NetworkInterface::initialize(INTERNAL-TCP): bound to all interfaces with default route interface on 192.168.56.1 ( 192.168.56.1:30099 )
  INFO root [2019-09-15 10:06:28,716] - NetworkInterface::initialize(INTERNAL-TCP): address 192.168.56.1:30099, SOMAXCONN=5.
  WARN root [2019-09-15 10:06:28,716] - invalid UID(0) <= 0, please check UID for environment! automatically set to 2082.
  INFO root [2019-09-15 10:06:28,760] - ---- interfaces Version: 2.4.5. ScriptVersion: 0.1.0. Pythoncore: 3.7.3. Protocol: 96E445E56B9E460E561358C2D6E9F43B. Config: Debug X86. Built: 09:54:37 May  8 2019. AppID: 3000. UID: 2082. PID: 13748 ----
  INFO root [2019-09-15 10:06:28,765] - Server error_name: Intel(R) Core(TM) i5-6300HQ CPU @ 2.30GHz with 2097151kB RAM
  INFO root [2019-09-15 10:06:28,765] - ThreadPool::createThreadPool: creating  threadpool...
  INFO root [2019-09-15 10:06:28,765] - ThreadPool::createThreadPool: successfully(2), newThreadCount=1, normalMaxThreadCount=2, maxThreadCount=8
  INFO root [2019-09-15 10:06:29,061] - Script::install(): is successfully, Python=(3.7.3 (default, May  8 2019, 09:53:38) [MSC v.1916 32 bit (Intel)])!
  INFO root [2019-09-15 10:06:29,061] - Script::install(): KBExtra is successfully!
S_INFO root [2019-09-15 10:06:29,086] - onInterfaceAppReady: bootstrapGroupIndex=0, bootstrapGlobalIndex=0
  INFO root [2019-09-15 10:06:29,088] - TelnetServer server is running on port 33000
  INFO root [2019-09-15 10:06:29,462] - ---- interfaces is running ----
 DEBUG root [2019-09-15 10:06:29,463] - Components::process(): Request for the process of identity...
  INFO root [2019-09-15 10:06:35,584] - ServerApp::onRegisterNewApp: uid:2082, username:error_name, componentType:dbmgr, componentID:4000, globalorderID=-1, grouporderID=-1, intaddr:192.168.56.1, intport:56636, extaddr:nonsupport, extport:0,  from 127.0.0.1:56640/0/0/0.
  INFO root [2019-09-15 10:06:35,584] - Components::addComponent: reset orderLog, uid=2082!
  INFO root [2019-09-15 10:06:35,584] - Components::addComponent[dbmgr], uid=2082, componentID=4000, globalorderid=1, grouporderid=1, totalcount=1
  INFO root [2019-09-15 10:06:36,600] - Components::process(): Found all the components!
S_INFO root [2019-09-15 10:07:23,645] - onRequestAccountLogin: registerName=15361964343
S_INFO root [2019-09-15 10:07:49,041] - onRequestAccountLogin: registerName=17875300025
  WARN root [2019-09-15 10:09:18,774] - TCPPacketReceiver::processPendingEvents(127.0.0.1:56640): Throwing REASON_GENERAL_NETWORK - WSAECONNRESET
  INFO root [2019-09-15 10:09:18,780] - Components::removeComponentByChannel: dbmgr : 4000, Normal exit!
  INFO root [2019-09-15 10:23:15,056] - 
  INFO root [2019-09-15 10:23:15,067] - -----------------------------------------------------------------------------------------


  INFO root [2019-09-15 10:23:15,068] - Resmgr::initialize: KBE_ROOT=D:/kbengine/
  INFO root [2019-09-15 10:23:15,068] - Resmgr::initialize: KBE_RES_PATH=D:/kbengine/kbe/res/;D:/kbengine/BattleOfBalls_assets/;D:/kbengine/BattleOfBalls_assets/scripts/;D:/kbengine/BattleOfBalls_assets/res/
  INFO root [2019-09-15 10:23:15,068] - Resmgr::initialize: KBE_BIN_PATH=D:/kbengine/kbe/bin/server/
  INFO root [2019-09-15 10:23:15,131] - NetworkInterface::initialize(INTERNAL-TCP): bound to all interfaces with default route interface on 192.168.56.1 ( 192.168.56.1:30099 )
  INFO root [2019-09-15 10:23:15,131] - NetworkInterface::initialize(INTERNAL-TCP): address 192.168.56.1:30099, SOMAXCONN=5.
  WARN root [2019-09-15 10:23:15,131] - invalid UID(0) <= 0, please check UID for environment! automatically set to 2082.
  INFO root [2019-09-15 10:23:15,144] - ---- interfaces Version: 2.4.5. ScriptVersion: 0.1.0. Pythoncore: 3.7.3. Protocol: 96E445E56B9E460E561358C2D6E9F43B. Config: Debug X86. Built: 09:54:37 May  8 2019. AppID: 3000. UID: 2082. PID: 2148 ----
  INFO root [2019-09-15 10:23:15,156] - Server error_name: Intel(R) Core(TM) i5-6300HQ CPU @ 2.30GHz with 2097151kB RAM
  INFO root [2019-09-15 10:23:15,158] - ThreadPool::createThreadPool: creating  threadpool...
  INFO root [2019-09-15 10:23:15,159] - ThreadPool::createThreadPool: successfully(2), newThreadCount=1, normalMaxThreadCount=2, maxThreadCount=8
  INFO root [2019-09-15 10:23:15,439] - Script::install(): is successfully, Python=(3.7.3 (default, May  8 2019, 09:53:38) [MSC v.1916 32 bit (Intel)])!
  INFO root [2019-09-15 10:23:15,439] - Script::install(): KBExtra is successfully!
S_INFO root [2019-09-15 10:23:15,466] - onInterfaceAppReady: bootstrapGroupIndex=0, bootstrapGlobalIndex=0
  INFO root [2019-09-15 10:23:15,467] - TelnetServer server is running on port 33000
  INFO root [2019-09-15 10:23:15,871] - ---- interfaces is running ----
 DEBUG root [2019-09-15 10:23:15,886] - Components::process(): Request for the process of identity...
  INFO root [2019-09-15 10:23:22,025] - ServerApp::onRegisterNewApp: uid:2082, username:error_name, componentType:dbmgr, componentID:4000, globalorderID=-1, grouporderID=-1, intaddr:192.168.56.1, intport:56682, extaddr:nonsupport, extport:0,  from 127.0.0.1:56687/0/0/0.
  INFO root [2019-09-15 10:23:22,025] - Components::addComponent: reset orderLog, uid=2082!
  INFO root [2019-09-15 10:23:22,025] - Components::addComponent[dbmgr], uid=2082, componentID=4000, globalorderid=1, grouporderid=1, totalcount=1
  INFO root [2019-09-15 10:23:23,112] - Components::process(): Found all the components!
S_INFO root [2019-09-15 10:24:20,797] - onRequestAccountLogin: registerName=15361964343
S_INFO root [2019-09-15 10:24:42,010] - onRequestAccountLogin: registerName=17875300025
  WARN root [2019-09-15 10:25:35,480] - TCPPacketReceiver::processPendingEvents(127.0.0.1:56687): Throwing REASON_GENERAL_NETWORK - WSAECONNRESET
  INFO root [2019-09-15 10:25:35,482] - Components::removeComponentByChannel: dbmgr : 4000, Normal exit!
