    INFO      dbmgr-1 3960 4000  [2019-05-08 10:03:29 411] - -----------------------------------------------------------------------------------------


    INFO      dbmgr-1 3960 4000  [2019-05-08 10:03:29 412] - Resmgr::initialize: KBE_ROOT=D:/kbengine/
    INFO      dbmgr-1 3960 4000  [2019-05-08 10:03:29 412] - Resmgr::initialize: KBE_RES_PATH=D:/kbengine/kbe/res/;D:/kbengine/server_assets/;D:/kbengine/server_assets/scripts/;D:/kbengine/server_assets/res/
    INFO      dbmgr-1 3960 4000  [2019-05-08 10:03:29 412] - Resmgr::initialize: KBE_BIN_PATH=D:/kbengine/kbe/bin/server/
    INFO      dbmgr-1 3960 4000  [2019-05-08 10:03:29 425] - NetworkInterface::initialize(INTERNAL-TCP): bound to all interfaces with default route interface on 192.168.56.1 ( 192.168.56.1:64889 )
    INFO      dbmgr-1 3960 4000  [2019-05-08 10:03:29 426] - NetworkInterface::initialize(INTERNAL-TCP): address 192.168.56.1:64889, SOMAXCONN=5.
    INFO      dbmgr-1 3960 4000  [2019-05-08 10:03:29 426] - server-configs:
    INFO      dbmgr-1 3960 4000  [2019-05-08 10:03:29 426] - 	internalTcpAddr : 192.168.56.1:64889
    INFO      dbmgr-1 3960 4000  [2019-05-08 10:03:29 426] - 	componentID : 4000
 WARNING      dbmgr-1 3960 4000  [2019-05-08 10:03:29 426] - invalid UID(0) <= 0, please check UID for environment! automatically set to 3960.
    INFO      dbmgr-1 3960 4000  [2019-05-08 10:03:29 478] - Components::findLogger: found logger, addr:192.168.56.1:64886
    INFO      dbmgr-1 3960 4000  [2019-05-08 10:03:29 478] - Components::addComponent: reset orderLog, uid=3960!
    INFO      dbmgr-1 3960 4000  [2019-05-08 10:03:29 478] - Components::addComponent[logger], uid=3960, componentID=2000, globalorderid=1, grouporderid=1, totalcount=1
    INFO      dbmgr-1 3960 4000  [2019-05-08 10:03:29 483] - ---- dbmgr Version: 2.4.5. ScriptVersion: 0.1.0. Pythoncore: 3.7.3. Protocol: 11178A1C367680938C8E416B64844ACD. Config: Debug X86. Built: 09:55:16 May  8 2019. AppID: 4000. UID: 3960. PID: 8784 ----
    INFO      dbmgr-1 3960 4000  [2019-05-08 10:03:29 484] - Server error_name: Intel(R) Core(TM) i5-6300HQ CPU @ 2.30GHz with 2097151kB RAM
    INFO      dbmgr-1 3960 4000  [2019-05-08 10:03:29 484] - ThreadPool::createThreadPool: creating  threadpool...
    INFO      dbmgr-1 3960 4000  [2019-05-08 10:03:29 485] - ThreadPool::createThreadPool: successfully(2), newThreadCount=1, normalMaxThreadCount=2, maxThreadCount=8
    INFO      dbmgr-1 3960 4000  [2019-05-08 10:03:29 685] - Script::install(): is successfully, Python=(3.7.3 (default, May  8 2019, 09:53:38) [MSC v.1916 32 bit (Intel)])!
    INFO      dbmgr-1 3960 4000  [2019-05-08 10:03:29 685] - Script::install(): KBExtra is successfully!
    INFO      dbmgr-1 3960 4000  [2019-05-08 10:03:29 811] - Dbmgr::initializeEnd: digest(363BB7D9C7C9010E5779213C13D38542)
  S_INFO      dbmgr-1 3960 4000  [2019-05-08 10:03:29 812] - onDBMgrReady: bootstrapGroupIndex=0, bootstrapGlobalIndex=0
    INFO      dbmgr-1 3960 4000  [2019-05-08 10:03:29 812] - TelnetServer server is running on port 32000
    INFO      dbmgr-1 3960 4000  [2019-05-08 10:03:29 812] - Dbmgr::initInterfacesHandler: interfaces addr(127.0.0.1:30099), accountType:(interfaces), chargeType:(interfaces).
 WARNING      dbmgr-1 3960 4000  [2019-05-08 10:03:29 988] - DBUtil::initialize: db(default) password is not encrypted!
please use password(rsa):
42901CBB3137E49AE1E291076846080FD78C01074EB747B6CFF748F2D879FB6408A94128D609A110CEF750BFBADB3EAC416A05898E775E904D4D186BA690DC427B0C93C08E9A45568FD40A88EA475C017DF01D81EFEFC5C95B98A2D74C8432A2D960D9665B7C8048B0F295348808181B67A8456C84D899A7599C33EA67EDA8F9
   DEBUG      dbmgr-1 3960 4000  [2019-05-08 10:03:30 063] - DBInterfaceMysql::attach: connect: localhost:3306 starting...
   DEBUG      dbmgr-1 3960 4000  [2019-05-08 10:03:30 370] - DBInterfaceMysql::attach: successfully! addr: localhost:3306
    INFO      dbmgr-1 3960 4000  [2019-05-08 10:03:30 370] - DBUtil::createInterface[0x14feed0]: interface=default, dbtype=mysql, ip=localhost, port=3306, currdatabase=kbe, username=kbe, connected=yes.

    INFO      dbmgr-1 3960 4000  [2019-05-08 10:03:30 370] - ThreadPool::createThreadPool: creating  threadpool...
    INFO      dbmgr-1 3960 4000  [2019-05-08 10:03:30 371] - ThreadPool::createThreadPool: successfully(5), newThreadCount=5, normalMaxThreadCount=5, maxThreadCount=5
    INFO      dbmgr-1 3960 4000  [2019-05-08 10:03:30 489] - DBInterfaceMysql::query: successfully!
   DEBUG      dbmgr-1 3960 4000  [2019-05-08 10:03:47 705] - DBInterfaceMysql::dropEntityTableFromDB: tbl_hall.
    INFO      dbmgr-1 3960 4000  [2019-05-08 10:03:48 869] - DBInterfaceMysql::query: successfully!
   DEBUG      dbmgr-1 3960 4000  [2019-05-08 10:03:48 869] - DBInterfaceMysql::dropEntityTableFromDB: tbl_room.
    INFO      dbmgr-1 3960 4000  [2019-05-08 10:03:49 412] - DBInterfaceMysql::query: successfully!
 WARNING      dbmgr-1 3960 4000  [2019-05-08 10:03:49 413] - d:\kbengine\kbe\src\server\dbmgr\dbmgr.cpp:306: Profile scriptCall took 19.60 seconds
    INFO      dbmgr-1 3960 4000  [2019-05-08 10:03:49 796] - ---- dbmgr is running ----
   DEBUG      dbmgr-1 3960 4000  [2019-05-08 10:03:49 797] - Components::process(): Request for the process of identity...
   DEBUG      dbmgr-1 3960 4000  [2019-05-08 10:03:30 371] - DBInterfaceMysql::attach: connect: localhost:3306 starting...
   DEBUG      dbmgr-1 3960 4000  [2019-05-08 10:03:30 371] - DBInterfaceMysql::attach: connect: localhost:3306 starting...
   DEBUG      dbmgr-1 3960 4000  [2019-05-08 10:03:30 372] - DBInterfaceMysql::attach: connect: localhost:3306 starting...
   DEBUG      dbmgr-1 3960 4000  [2019-05-08 10:03:30 372] - DBInterfaceMysql::attach: connect: localhost:3306 starting...
   DEBUG      dbmgr-1 3960 4000  [2019-05-08 10:03:30 377] - DBInterfaceMysql::attach: connect: localhost:3306 starting...
   DEBUG      dbmgr-1 3960 4000  [2019-05-08 10:03:30 485] - DBInterfaceMysql::attach: successfully! addr: localhost:3306
   DEBUG      dbmgr-1 3960 4000  [2019-05-08 10:03:30 485] - DBThread::onStart(): 0x18db908!
   DEBUG      dbmgr-1 3960 4000  [2019-05-08 10:03:30 535] - DBInterfaceMysql::attach: successfully! addr: localhost:3306
   DEBUG      dbmgr-1 3960 4000  [2019-05-08 10:03:30 535] - DBThread::onStart(): 0x18dbff0!
   DEBUG      dbmgr-1 3960 4000  [2019-05-08 10:03:30 594] - DBInterfaceMysql::attach: successfully! addr: localhost:3306
   DEBUG      dbmgr-1 3960 4000  [2019-05-08 10:03:30 594] - DBThread::onStart(): 0x18db3b8!
    INFO      dbmgr-1 3960 4000  [2019-05-08 10:03:30 635] - DBInterfaceMysql::query: successfully!
    INFO      dbmgr-1 3960 4000  [2019-05-08 10:03:30 651] - DBInterfaceMysql::query: successfully!
    INFO      dbmgr-1 3960 4000  [2019-05-08 10:03:30 652] - DBInterfaceMysql::query: successfully!
    INFO      dbmgr-1 3960 4000  [2019-05-08 10:03:30 652] - DBInterfaceMysql::query: successfully!
    INFO      dbmgr-1 3960 4000  [2019-05-08 10:03:30 652] - DBInterfaceMysql::query: successfully!
    INFO      dbmgr-1 3960 4000  [2019-05-08 10:03:30 652] - DBInterfaceMysql::query: successfully!
 WARNING      dbmgr-1 3960 4000  [2019-05-08 10:03:30 736] - DBTask::process(): took 0.25 seconds
sql:(insert into kbe_serverlog (heartbeatTime, serverGroupID) values(1557281010,3960) ON DUPLICATE KEY UPDATE heartbeatTime=1557281010)
    INFO      dbmgr-1 3960 4000  [2019-05-08 10:03:30 752] - DBInterfaceMysql::query: successfully!
   DEBUG      dbmgr-1 3960 4000  [2019-05-08 10:03:30 752] - DBInterfaceMysql::attach: successfully! addr: localhost:3306
   DEBUG      dbmgr-1 3960 4000  [2019-05-08 10:03:30 752] - DBThread::onStart(): 0x18db4c8!
   DEBUG      dbmgr-1 3960 4000  [2019-05-08 10:03:30 794] - DBInterfaceMysql::attach: successfully! addr: localhost:3306
   DEBUG      dbmgr-1 3960 4000  [2019-05-08 10:03:30 794] - DBThread::onStart(): 0x18dbe58!
   DEBUG      dbmgr-1 3960 4000  [2019-05-08 10:03:30 853] - DBInterfaceMysql::dropEntityTableItemFromDB: tbl_Account sm_playerName.
    INFO      dbmgr-1 3960 4000  [2019-05-08 10:03:30 868] - DBInterfaceMysql::query: successfully!
    INFO      dbmgr-1 3960 4000  [2019-05-08 10:03:33 107] - DBInterfaceMysql::query: successfully!
   DEBUG      dbmgr-1 3960 4000  [2019-05-08 10:03:33 107] - DBInterfaceMysql::dropEntityTableItemFromDB: tbl_Account sm_playerId.
    INFO      dbmgr-1 3960 4000  [2019-05-08 10:03:34 612] - DBInterfaceMysql::query: successfully!
   DEBUG      dbmgr-1 3960 4000  [2019-05-08 10:03:34 612] - DBInterfaceMysql::dropEntityTableItemFromDB: tbl_Account sm_playerBean.
    INFO      dbmgr-1 3960 4000  [2019-05-08 10:03:36 232] - DBInterfaceMysql::query: successfully!
   DEBUG      dbmgr-1 3960 4000  [2019-05-08 10:03:36 232] - DBInterfaceMysql::dropEntityTableItemFromDB: tbl_Account sm_playerNew.
    INFO      dbmgr-1 3960 4000  [2019-05-08 10:03:37 248] - DBInterfaceMysql::query: successfully!
   DEBUG      dbmgr-1 3960 4000  [2019-05-08 10:03:37 249] - DBInterfaceMysql::dropEntityTableItemFromDB: tbl_Account sm_0_position.
    INFO      dbmgr-1 3960 4000  [2019-05-08 10:03:39 028] - DBInterfaceMysql::query: successfully!
   DEBUG      dbmgr-1 3960 4000  [2019-05-08 10:03:39 028] - DBInterfaceMysql::dropEntityTableItemFromDB: tbl_Account sm_1_position.
    INFO      dbmgr-1 3960 4000  [2019-05-08 10:03:40 638] - DBInterfaceMysql::query: successfully!
   DEBUG      dbmgr-1 3960 4000  [2019-05-08 10:03:40 638] - DBInterfaceMysql::dropEntityTableItemFromDB: tbl_Account sm_2_position.
    INFO      dbmgr-1 3960 4000  [2019-05-08 10:03:41 946] - DBInterfaceMysql::query: successfully!
   DEBUG      dbmgr-1 3960 4000  [2019-05-08 10:03:41 946] - DBInterfaceMysql::dropEntityTableItemFromDB: tbl_Account sm_0_direction.
    INFO      dbmgr-1 3960 4000  [2019-05-08 10:03:44 780] - DBInterfaceMysql::query: successfully!
   DEBUG      dbmgr-1 3960 4000  [2019-05-08 10:03:44 780] - DBInterfaceMysql::dropEntityTableItemFromDB: tbl_Account sm_1_direction.
    INFO      dbmgr-1 3960 4000  [2019-05-08 10:03:46 455] - DBInterfaceMysql::query: successfully!
   DEBUG      dbmgr-1 3960 4000  [2019-05-08 10:03:46 455] - DBInterfaceMysql::dropEntityTableItemFromDB: tbl_Account sm_2_direction.
    INFO      dbmgr-1 3960 4000  [2019-05-08 10:03:47 461] - DBInterfaceMysql::query: successfully!
 WARNING      dbmgr-1 3960 4000  [2019-05-08 10:03:47 621] - DBTask::process(): took 16.87 seconds
sql:(show index from tbl_Account)
    INFO      dbmgr-1 3960 4000  [2019-05-08 10:03:56 069] - ServerApp::onRegisterNewApp: uid:3960, username:error_name, componentType:interfaces, componentID:3000, globalorderID=-1, grouporderID=-1, intaddr:192.168.56.1, intport:30099, extaddr:nonsupport, extport:0,  from 127.0.0.1:30099/0/0/0.
    INFO      dbmgr-1 3960 4000  [2019-05-08 10:03:56 069] - Components::addComponent: reset orderLog, uid=3960!
    INFO      dbmgr-1 3960 4000  [2019-05-08 10:03:56 069] - Components::addComponent[interfaces], uid=3960, componentID=3000, globalorderid=1, grouporderid=1, totalcount=1
    INFO      dbmgr-1 3960 4000  [2019-05-08 10:03:56 073] - ServerApp::onRegisterNewApp: uid:3960, username:error_name, componentType:baseappmgr, componentID:5000, globalorderID=-1, grouporderID=-1, intaddr:192.168.56.1, intport:64900, extaddr:nonsupport, extport:0,  from 192.168.56.1:64906/0/0/0.
    INFO      dbmgr-1 3960 4000  [2019-05-08 10:03:56 073] - Components::addComponent: reset orderLog, uid=3960!
    INFO      dbmgr-1 3960 4000  [2019-05-08 10:03:56 074] - Components::addComponent[baseappmgr], uid=3960, componentID=5000, globalorderid=1, grouporderid=1, totalcount=1
    INFO      dbmgr-1 3960 4000  [2019-05-08 10:03:57 094] - Components::process(): Found all the components!
    INFO      dbmgr-1 3960 4000  [2019-05-08 10:04:01 035] - ServerApp::onRegisterNewApp: uid:3960, username:error_name, componentType:cellappmgr, componentID:6000, globalorderID=-1, grouporderID=-1, intaddr:192.168.56.1, intport:64904, extaddr:nonsupport, extport:0,  from 192.168.56.1:64914/0/0/0.
    INFO      dbmgr-1 3960 4000  [2019-05-08 10:04:01 035] - Components::addComponent[cellappmgr], uid=3960, componentID=6000, globalorderid=2, grouporderid=1, totalcount=1
    INFO      dbmgr-1 3960 4000  [2019-05-08 10:04:12 835] - ServerApp::onRegisterNewApp: uid:3960, username:error_name, componentType:baseapp, componentID:7001, globalorderID=-1, grouporderID=-1, intaddr:192.168.56.1, intport:64908, extaddr:192.168.56.1, extport:20015,  from 192.168.56.1:64918/0/0/0.
    INFO      dbmgr-1 3960 4000  [2019-05-08 10:04:12 835] - Components::addComponent[baseapp], uid=3960, componentID=7001, globalorderid=3, grouporderid=1, totalcount=1
    INFO      dbmgr-1 3960 4000  [2019-05-08 10:04:15 855] - IDServer::allocRange: 1-2001.
   DEBUG      dbmgr-1 3960 4000  [2019-05-08 10:04:15 855] - SyncAppDatasHandler::~SyncAppDatasHandler()
    INFO      dbmgr-1 3960 4000  [2019-05-08 10:04:20 998] - ServerApp::onRegisterNewApp: uid:3960, username:error_name, componentType:cellapp, componentID:8001, globalorderID=-1, grouporderID=-1, intaddr:192.168.56.1, intport:64916, extaddr:nonsupport, extport:0,  from 192.168.56.1:64925/0/0/0.
    INFO      dbmgr-1 3960 4000  [2019-05-08 10:04:20 998] - Components::addComponent[cellapp], uid=3960, componentID=8001, globalorderid=4, grouporderid=1, totalcount=1
    INFO      dbmgr-1 3960 4000  [2019-05-08 10:04:24 005] - IDServer::allocRange: 2001-4001.
   DEBUG      dbmgr-1 3960 4000  [2019-05-08 10:04:24 005] - SyncAppDatasHandler::~SyncAppDatasHandler()
    INFO      dbmgr-1 3960 4000  [2019-05-08 10:04:27 016] - ServerApp::onRegisterNewApp: uid:3960, username:error_name, componentType:loginapp, componentID:9000, globalorderID=-1, grouporderID=-1, intaddr:192.168.56.1, intport:64921, extaddr:192.168.56.1, extport:20013,  from 192.168.56.1:64929/0/0/0.
    INFO      dbmgr-1 3960 4000  [2019-05-08 10:04:27 016] - Components::addComponent[loginapp], uid=3960, componentID=9000, globalorderid=5, grouporderid=1, totalcount=1
   DEBUG      dbmgr-1 3960 4000  [2019-05-08 10:04:30 035] - SyncAppDatasHandler::~SyncAppDatasHandler()
