    INFO      dbmgr-1 3960 4000  [2019-06-10 19:38:57 716] - -----------------------------------------------------------------------------------------


    INFO      dbmgr-1 3960 4000  [2019-06-10 19:38:57 717] - Resmgr::initialize: KBE_ROOT=D:/kbengine/
    INFO      dbmgr-1 3960 4000  [2019-06-10 19:38:57 717] - Resmgr::initialize: KBE_RES_PATH=D:/kbengine/kbe/res/;D:/kbengine/server/;D:/kbengine/server/scripts/;D:/kbengine/server/res/
    INFO      dbmgr-1 3960 4000  [2019-06-10 19:38:57 718] - Resmgr::initialize: KBE_BIN_PATH=D:/kbengine/kbe/bin/server/
    INFO      dbmgr-1 3960 4000  [2019-06-10 19:38:57 750] - NetworkInterface::initialize(INTERNAL-TCP): bound to all interfaces with default route interface on 192.168.56.1 ( 192.168.56.1:51542 )
    INFO      dbmgr-1 3960 4000  [2019-06-10 19:38:57 751] - NetworkInterface::initialize(INTERNAL-TCP): address 192.168.56.1:51542, SOMAXCONN=5.
    INFO      dbmgr-1 3960 4000  [2019-06-10 19:38:57 751] - server-configs:
    INFO      dbmgr-1 3960 4000  [2019-06-10 19:38:57 751] - 	internalTcpAddr : 192.168.56.1:51542
    INFO      dbmgr-1 3960 4000  [2019-06-10 19:38:57 751] - 	componentID : 4000
 WARNING      dbmgr-1 3960 4000  [2019-06-10 19:38:57 754] - invalid UID(0) <= 0, please check UID for environment! automatically set to 3960.
 WARNING      dbmgr-1 3960 4000  [2019-06-10 19:38:58 191] - BundleBroadcast::BundleBroadcast: Cannot bind to port 20926, errorno=10048
    INFO      dbmgr-1 3960 4000  [2019-06-10 19:38:58 195] - ---- dbmgr Version: 2.4.5. ScriptVersion: 0.1.0. Pythoncore: 3.7.3. Protocol: 11178A1C367680938C8E416B64844ACD. Config: Debug X86. Built: 09:55:16 May  8 2019. AppID: 4000. UID: 3960. PID: 9652 ----
    INFO      dbmgr-1 3960 4000  [2019-06-10 19:38:58 195] - Server error_name: Intel(R) Core(TM) i5-6300HQ CPU @ 2.30GHz with 2097151kB RAM
    INFO      dbmgr-1 3960 4000  [2019-06-10 19:38:58 196] - ThreadPool::createThreadPool: creating  threadpool...
    INFO      dbmgr-1 3960 4000  [2019-06-10 19:38:58 196] - ThreadPool::createThreadPool: successfully(2), newThreadCount=1, normalMaxThreadCount=2, maxThreadCount=8
    INFO      dbmgr-1 3960 4000  [2019-06-10 19:38:58 406] - Script::install(): is successfully, Python=(3.7.3 (default, May  8 2019, 09:53:38) [MSC v.1916 32 bit (Intel)])!
    INFO      dbmgr-1 3960 4000  [2019-06-10 19:38:58 406] - Script::install(): KBExtra is successfully!
    INFO      dbmgr-1 3960 4000  [2019-06-10 19:38:58 498] - Dbmgr::initializeEnd: digest(363BB7D9C7C9010E5779213C13D38542)
  S_INFO      dbmgr-1 3960 4000  [2019-06-10 19:38:58 498] - onDBMgrReady: bootstrapGroupIndex=0, bootstrapGlobalIndex=0
    INFO      dbmgr-1 3960 4000  [2019-06-10 19:38:58 498] - TelnetServer server is running on port 32000
    INFO      dbmgr-1 3960 4000  [2019-06-10 19:38:58 499] - Dbmgr::initInterfacesHandler: interfaces addr(127.0.0.1:30099), accountType:(interfaces), chargeType:(interfaces).
 WARNING      dbmgr-1 3960 4000  [2019-06-10 19:38:58 659] - DBUtil::initialize: db(default) password is not encrypted!
please use password(rsa):
2649E019A27073063DD6F19FAC9C73C5DE6B3F59C3D6C059584B9733D0E91CAFD0B39D6B6BED537A7A5A0714F05F1C0C0E7283BEAE64FFB354731A66A43E541CA6EAB68C092E0950856D925111E2C979B7A2AF69365E41FF7C4F11B194C6AD84CD4EBA7CDE25470F2BA75ED5002CC17C07CCA88065F0119D67C80FF67574A3BE
   DEBUG      dbmgr-1 3960 4000  [2019-06-10 19:38:58 663] - DBInterfaceMysql::attach: connect: localhost:3306 starting...
   DEBUG      dbmgr-1 3960 4000  [2019-06-10 19:38:58 833] - DBInterfaceMysql::attach: successfully! addr: localhost:3306
    INFO      dbmgr-1 3960 4000  [2019-06-10 19:38:58 833] - DBUtil::createInterface[0xd9f218]: interface=default, dbtype=mysql, ip=localhost, port=3306, currdatabase=kbe, username=kbe, connected=yes.

    INFO      dbmgr-1 3960 4000  [2019-06-10 19:38:58 833] - ThreadPool::createThreadPool: creating  threadpool...
    INFO      dbmgr-1 3960 4000  [2019-06-10 19:38:58 834] - ThreadPool::createThreadPool: successfully(5), newThreadCount=5, normalMaxThreadCount=5, maxThreadCount=5
    INFO      dbmgr-1 3960 4000  [2019-06-10 19:38:58 985] - DBInterfaceMysql::query: successfully!
   DEBUG      dbmgr-1 3960 4000  [2019-06-10 19:39:15 311] - DBInterfaceMysql::dropEntityTableFromDB: tbl_hall.
    INFO      dbmgr-1 3960 4000  [2019-06-10 19:39:15 530] - DBInterfaceMysql::query: successfully!
   DEBUG      dbmgr-1 3960 4000  [2019-06-10 19:39:15 530] - DBInterfaceMysql::dropEntityTableFromDB: tbl_room.
    INFO      dbmgr-1 3960 4000  [2019-06-10 19:39:16 146] - DBInterfaceMysql::query: successfully!
 WARNING      dbmgr-1 3960 4000  [2019-06-10 19:39:16 147] - d:\kbengine\kbe\src\server\dbmgr\dbmgr.cpp:306: Profile scriptCall took 17.65 seconds
    INFO      dbmgr-1 3960 4000  [2019-06-10 19:39:16 546] - ---- dbmgr is running ----
   DEBUG      dbmgr-1 3960 4000  [2019-06-10 19:39:16 546] - Components::process(): Request for the process of identity...
   DEBUG      dbmgr-1 3960 4000  [2019-06-10 19:38:58 839] - DBInterfaceMysql::attach: connect: localhost:3306 starting...
   DEBUG      dbmgr-1 3960 4000  [2019-06-10 19:38:58 845] - DBInterfaceMysql::attach: connect: localhost:3306 starting...
   DEBUG      dbmgr-1 3960 4000  [2019-06-10 19:38:58 854] - DBInterfaceMysql::attach: connect: localhost:3306 starting...
   DEBUG      dbmgr-1 3960 4000  [2019-06-10 19:38:58 888] - DBInterfaceMysql::attach: connect: localhost:3306 starting...
   DEBUG      dbmgr-1 3960 4000  [2019-06-10 19:38:58 889] - DBInterfaceMysql::attach: connect: localhost:3306 starting...
   DEBUG      dbmgr-1 3960 4000  [2019-06-10 19:38:58 982] - DBInterfaceMysql::attach: successfully! addr: localhost:3306
   DEBUG      dbmgr-1 3960 4000  [2019-06-10 19:38:58 982] - DBThread::onStart(): 0x2427340!
   DEBUG      dbmgr-1 3960 4000  [2019-06-10 19:38:59 037] - DBInterfaceMysql::attach: successfully! addr: localhost:3306
   DEBUG      dbmgr-1 3960 4000  [2019-06-10 19:38:59 038] - DBThread::onStart(): 0x2427918!
   DEBUG      dbmgr-1 3960 4000  [2019-06-10 19:38:59 096] - DBInterfaceMysql::attach: successfully! addr: localhost:3306
   DEBUG      dbmgr-1 3960 4000  [2019-06-10 19:38:59 096] - DBThread::onStart(): 0x2427670!
   DEBUG      dbmgr-1 3960 4000  [2019-06-10 19:38:59 188] - DBInterfaceMysql::attach: successfully! addr: localhost:3306
   DEBUG      dbmgr-1 3960 4000  [2019-06-10 19:38:59 188] - DBThread::onStart(): 0x2427450!
    INFO      dbmgr-1 3960 4000  [2019-06-10 19:38:59 221] - DBInterfaceMysql::query: successfully!
    INFO      dbmgr-1 3960 4000  [2019-06-10 19:38:59 238] - DBInterfaceMysql::query: successfully!
    INFO      dbmgr-1 3960 4000  [2019-06-10 19:38:59 238] - DBInterfaceMysql::query: successfully!
 WARNING      dbmgr-1 3960 4000  [2019-06-10 19:38:59 238] - DBTask::process(): took 0.25 seconds
sql:(CREATE TABLE IF NOT EXISTS kbe_accountinfos (`accountName` varchar(128) not null, PRIMARY KEY idKey (`accountName`),`password` varchar(255) not null,`bindata` blob,`email` varchar(191) not null, UNIQUE KEY `email` (`email`),`entityDBID` bigint(20) unsigned not null DEFAULT 0, UNIQUE KEY `entityDBID` (`entityDBID`),`flags` int unsigned not null DEFAULT 0,`deadline` bigint(20) not null DEFAULT 0,`regtime` bigint(20) not null DEFAULT 0,`lasttime` bigint(20) not null DEFAULT 0,`numlogin` int unsigned not null DEFAULT 0)ENGINE=InnoDB)
    INFO      dbmgr-1 3960 4000  [2019-06-10 19:38:59 239] - DBInterfaceMysql::query: successfully!
   DEBUG      dbmgr-1 3960 4000  [2019-06-10 19:38:59 239] - DBInterfaceMysql::dropEntityTableItemFromDB: tbl_Account sm_playerName.
    INFO      dbmgr-1 3960 4000  [2019-06-10 19:38:59 239] - DBInterfaceMysql::query: successfully!
    INFO      dbmgr-1 3960 4000  [2019-06-10 19:38:59 239] - DBInterfaceMysql::query: successfully!
   DEBUG      dbmgr-1 3960 4000  [2019-06-10 19:38:59 296] - DBInterfaceMysql::attach: successfully! addr: localhost:3306
   DEBUG      dbmgr-1 3960 4000  [2019-06-10 19:38:59 296] - DBThread::onStart(): 0x24273c8!
    INFO      dbmgr-1 3960 4000  [2019-06-10 19:38:59 381] - DBInterfaceMysql::query: successfully!
 WARNING      dbmgr-1 3960 4000  [2019-06-10 19:38:59 382] - DBTask::process(): took 0.34 seconds
sql:(select distinct(serverGroupID) from kbe_entitylog)
    INFO      dbmgr-1 3960 4000  [2019-06-10 19:38:59 437] - DBInterfaceMysql::query: successfully!
    INFO      dbmgr-1 3960 4000  [2019-06-10 19:39:00 793] - DBInterfaceMysql::query: successfully!
   DEBUG      dbmgr-1 3960 4000  [2019-06-10 19:39:00 793] - DBInterfaceMysql::dropEntityTableItemFromDB: tbl_Account sm_playerId.
    INFO      dbmgr-1 3960 4000  [2019-06-10 19:39:01 989] - DBInterfaceMysql::query: successfully!
   DEBUG      dbmgr-1 3960 4000  [2019-06-10 19:39:01 989] - DBInterfaceMysql::dropEntityTableItemFromDB: tbl_Account sm_playerBean.
    INFO      dbmgr-1 3960 4000  [2019-06-10 19:39:03 206] - DBInterfaceMysql::query: successfully!
   DEBUG      dbmgr-1 3960 4000  [2019-06-10 19:39:03 206] - DBInterfaceMysql::dropEntityTableItemFromDB: tbl_Account sm_playerNew.
    INFO      dbmgr-1 3960 4000  [2019-06-10 19:39:04 656] - DBInterfaceMysql::query: successfully!
   DEBUG      dbmgr-1 3960 4000  [2019-06-10 19:39:04 656] - DBInterfaceMysql::dropEntityTableItemFromDB: tbl_Account sm_0_position.
    INFO      dbmgr-1 3960 4000  [2019-06-10 19:39:06 214] - DBInterfaceMysql::query: successfully!
   DEBUG      dbmgr-1 3960 4000  [2019-06-10 19:39:06 214] - DBInterfaceMysql::dropEntityTableItemFromDB: tbl_Account sm_1_position.
    INFO      dbmgr-1 3960 4000  [2019-06-10 19:39:07 292] - DBInterfaceMysql::query: successfully!
   DEBUG      dbmgr-1 3960 4000  [2019-06-10 19:39:07 292] - DBInterfaceMysql::dropEntityTableItemFromDB: tbl_Account sm_2_position.
    INFO      dbmgr-1 3960 4000  [2019-06-10 19:39:08 773] - DBInterfaceMysql::query: successfully!
   DEBUG      dbmgr-1 3960 4000  [2019-06-10 19:39:08 773] - DBInterfaceMysql::dropEntityTableItemFromDB: tbl_Account sm_0_direction.
    INFO      dbmgr-1 3960 4000  [2019-06-10 19:39:11 316] - DBInterfaceMysql::query: successfully!
   DEBUG      dbmgr-1 3960 4000  [2019-06-10 19:39:11 316] - DBInterfaceMysql::dropEntityTableItemFromDB: tbl_Account sm_1_direction.
    INFO      dbmgr-1 3960 4000  [2019-06-10 19:39:13 889] - DBInterfaceMysql::query: successfully!
   DEBUG      dbmgr-1 3960 4000  [2019-06-10 19:39:13 889] - DBInterfaceMysql::dropEntityTableItemFromDB: tbl_Account sm_2_direction.
    INFO      dbmgr-1 3960 4000  [2019-06-10 19:39:15 264] - DBInterfaceMysql::query: successfully!
 WARNING      dbmgr-1 3960 4000  [2019-06-10 19:39:15 296] - DBTask::process(): took 16.20 seconds
sql:(show index from tbl_Account)
    INFO      dbmgr-1 3960 4000  [2019-06-10 19:39:22 685] - ServerApp::onRegisterNewApp: uid:3960, username:error_name, componentType:interfaces, componentID:3000, globalorderID=-1, grouporderID=-1, intaddr:192.168.56.1, intport:30099, extaddr:nonsupport, extport:0,  from 127.0.0.1:30099/0/0/0.
    INFO      dbmgr-1 3960 4000  [2019-06-10 19:39:22 685] - Components::addComponent: reset orderLog, uid=3960!
    INFO      dbmgr-1 3960 4000  [2019-06-10 19:39:22 686] - Components::addComponent[interfaces], uid=3960, componentID=3000, globalorderid=1, grouporderid=1, totalcount=1
    INFO      dbmgr-1 3960 4000  [2019-06-10 19:39:22 686] - ServerApp::onRegisterNewApp: uid:3960, username:error_name, componentType:cellappmgr, componentID:6000, globalorderID=-1, grouporderID=-1, intaddr:192.168.56.1, intport:51538, extaddr:nonsupport, extport:0,  from 192.168.56.1:51572/0/0/0.
    INFO      dbmgr-1 3960 4000  [2019-06-10 19:39:22 686] - Components::addComponent: reset orderLog, uid=3960!
    INFO      dbmgr-1 3960 4000  [2019-06-10 19:39:22 687] - Components::addComponent[cellappmgr], uid=3960, componentID=6000, globalorderid=1, grouporderid=1, totalcount=1
    INFO      dbmgr-1 3960 4000  [2019-06-10 19:39:22 687] - ServerApp::onRegisterNewApp: uid:3960, username:error_name, componentType:baseappmgr, componentID:5000, globalorderID=-1, grouporderID=-1, intaddr:192.168.56.1, intport:51541, extaddr:nonsupport, extport:0,  from 192.168.56.1:51574/0/0/0.
    INFO      dbmgr-1 3960 4000  [2019-06-10 19:39:22 687] - Components::addComponent[baseappmgr], uid=3960, componentID=5000, globalorderid=2, grouporderid=1, totalcount=1
    INFO      dbmgr-1 3960 4000  [2019-06-10 19:39:22 687] - ServerApp::onRegisterNewApp: uid:3960, username:error_name, componentType:loginapp, componentID:9000, globalorderID=-1, grouporderID=-1, intaddr:192.168.56.1, intport:51537, extaddr:192.168.56.1, extport:20013,  from 192.168.56.1:51576/0/0/0.
    INFO      dbmgr-1 3960 4000  [2019-06-10 19:39:22 687] - Components::addComponent[loginapp], uid=3960, componentID=9000, globalorderid=3, grouporderid=1, totalcount=1
    INFO      dbmgr-1 3960 4000  [2019-06-10 19:39:22 942] - ServerApp::onRegisterNewApp: uid:3960, username:error_name, componentType:baseapp, componentID:7001, globalorderID=-1, grouporderID=-1, intaddr:192.168.56.1, intport:51539, extaddr:192.168.56.1, extport:20015,  from 192.168.56.1:51578/0/0/0.
    INFO      dbmgr-1 3960 4000  [2019-06-10 19:39:22 942] - Components::addComponent[baseapp], uid=3960, componentID=7001, globalorderid=4, grouporderid=1, totalcount=1
    INFO      dbmgr-1 3960 4000  [2019-06-10 19:39:23 698] - Components::findComponents: find logger(1)...
    INFO      dbmgr-1 3960 4000  [2019-06-10 19:39:23 791] - Components::findComponents: found logger, addr:192.168.56.1:51544
    INFO      dbmgr-1 3960 4000  [2019-06-10 19:39:23 792] - Components::addComponent[logger], uid=3960, componentID=2000, globalorderid=5, grouporderid=1, totalcount=1
    INFO      dbmgr-1 3960 4000  [2019-06-10 19:39:23 817] - Components::process(): Found all the components!
    INFO      dbmgr-1 3960 4000  [2019-06-10 19:39:24 519] - ServerApp::onRegisterNewApp: uid:3960, username:error_name, componentType:cellapp, componentID:8001, globalorderID=-1, grouporderID=-1, intaddr:192.168.56.1, intport:51540, extaddr:nonsupport, extport:0,  from 192.168.56.1:51582/0/0/0.
    INFO      dbmgr-1 3960 4000  [2019-06-10 19:39:24 520] - Components::addComponent[cellapp], uid=3960, componentID=8001, globalorderid=6, grouporderid=1, totalcount=1
    INFO      dbmgr-1 3960 4000  [2019-06-10 19:39:27 534] - IDServer::allocRange: 1-2001.
    INFO      dbmgr-1 3960 4000  [2019-06-10 19:39:27 534] - IDServer::allocRange: 2001-4001.
   DEBUG      dbmgr-1 3960 4000  [2019-06-10 19:39:27 534] - SyncAppDatasHandler::~SyncAppDatasHandler()
