    INFO      dbmgr-1 2082 4000  [2019-09-04 20:33:04 656] - -----------------------------------------------------------------------------------------


    INFO      dbmgr-1 2082 4000  [2019-09-04 20:33:04 657] - Resmgr::initialize: KBE_ROOT=D:/kbengine/
    INFO      dbmgr-1 2082 4000  [2019-09-04 20:33:04 657] - Resmgr::initialize: KBE_RES_PATH=D:/kbengine/kbe/res/;D:/kbengine/BattleOfBalls_assets/;D:/kbengine/BattleOfBalls_assets/scripts/;D:/kbengine/BattleOfBalls_assets/res/
    INFO      dbmgr-1 2082 4000  [2019-09-04 20:33:04 657] - Resmgr::initialize: KBE_BIN_PATH=D:/kbengine/kbe/bin/server/
    INFO      dbmgr-1 2082 4000  [2019-09-04 20:33:04 678] - NetworkInterface::initialize(INTERNAL-TCP): bound to all interfaces with default route interface on 192.168.56.1 ( 192.168.56.1:56213 )
    INFO      dbmgr-1 2082 4000  [2019-09-04 20:33:04 678] - NetworkInterface::initialize(INTERNAL-TCP): address 192.168.56.1:56213, SOMAXCONN=5.
    INFO      dbmgr-1 2082 4000  [2019-09-04 20:33:04 678] - server-configs:
    INFO      dbmgr-1 2082 4000  [2019-09-04 20:33:04 678] - 	internalTcpAddr : 192.168.56.1:56213
    INFO      dbmgr-1 2082 4000  [2019-09-04 20:33:04 678] - 	componentID : 4000
 WARNING      dbmgr-1 2082 4000  [2019-09-04 20:33:04 679] - invalid UID(0) <= 0, please check UID for environment! automatically set to 2082.
    INFO      dbmgr-1 2082 4000  [2019-09-04 20:33:04 757] - Components::findLogger: found logger, addr:192.168.56.1:56212
    INFO      dbmgr-1 2082 4000  [2019-09-04 20:33:04 987] - Components::addComponent: reset orderLog, uid=2082!
    INFO      dbmgr-1 2082 4000  [2019-09-04 20:33:04 987] - Components::addComponent[logger], uid=2082, componentID=2000, globalorderid=1, grouporderid=1, totalcount=1
    INFO      dbmgr-1 2082 4000  [2019-09-04 20:33:05 082] - ---- dbmgr Version: 2.4.5. ScriptVersion: 0.1.0. Pythoncore: 3.7.3. Protocol: 11178A1C367680938C8E416B64844ACD. Config: Debug X86. Built: 09:55:16 May  8 2019. AppID: 4000. UID: 2082. PID: 9460 ----
    INFO      dbmgr-1 2082 4000  [2019-09-04 20:33:05 083] - Server error_name: Intel(R) Core(TM) i5-6300HQ CPU @ 2.30GHz with 2097151kB RAM
    INFO      dbmgr-1 2082 4000  [2019-09-04 20:33:05 084] - ThreadPool::createThreadPool: creating  threadpool...
    INFO      dbmgr-1 2082 4000  [2019-09-04 20:33:05 085] - ThreadPool::createThreadPool: successfully(2), newThreadCount=1, normalMaxThreadCount=2, maxThreadCount=8
    INFO      dbmgr-1 2082 4000  [2019-09-04 20:33:05 293] - Script::install(): is successfully, Python=(3.7.3 (default, May  8 2019, 09:53:38) [MSC v.1916 32 bit (Intel)])!
    INFO      dbmgr-1 2082 4000  [2019-09-04 20:33:05 293] - Script::install(): KBExtra is successfully!
    INFO      dbmgr-1 2082 4000  [2019-09-04 20:33:05 943] - Dbmgr::initializeEnd: digest(BD5E4D1496F55C19D404081E12176B86)
  S_INFO      dbmgr-1 2082 4000  [2019-09-04 20:33:05 943] - onDBMgrReady: bootstrapGroupIndex=0, bootstrapGlobalIndex=0
    INFO      dbmgr-1 2082 4000  [2019-09-04 20:33:05 944] - TelnetServer server is running on port 32000
    INFO      dbmgr-1 2082 4000  [2019-09-04 20:33:05 944] - Dbmgr::initInterfacesHandler: interfaces addr(127.0.0.1:30099), accountType:(interfaces), chargeType:(interfaces).
 WARNING      dbmgr-1 2082 4000  [2019-09-04 20:33:06 175] - DBUtil::initialize: db(default) password is not encrypted!
please use password(rsa):
A918E1A35D701F96DFECCEBE48DAAC243248D9CD139567FC9BEEB724DFAF857040A637E1526B3E387B146A983FAD75BA71CCD69978DCD0B3BC4AA84162ED275D2F42D2F61115FFAB4B03691AB8688D0B56686733CAF992F88FF3B67B84DD54909C57721C607F5BA8FC63D2A48BF3B14C34475EE11846500FFB52592C90ED2A2F
   DEBUG      dbmgr-1 2082 4000  [2019-09-04 20:33:06 180] - DBInterfaceMysql::attach: connect: localhost:3306 starting...
   DEBUG      dbmgr-1 2082 4000  [2019-09-04 20:33:06 600] - DBInterfaceMysql::attach: successfully! addr: localhost:3306
    INFO      dbmgr-1 2082 4000  [2019-09-04 20:33:06 600] - DBUtil::createInterface[0x177ec80]: interface=default, dbtype=mysql, ip=localhost, port=3306, currdatabase=kbe, username=kbe, connected=yes.

    INFO      dbmgr-1 2082 4000  [2019-09-04 20:33:06 601] - ThreadPool::createThreadPool: creating  threadpool...
    INFO      dbmgr-1 2082 4000  [2019-09-04 20:33:06 601] - ThreadPool::createThreadPool: successfully(5), newThreadCount=5, normalMaxThreadCount=5, maxThreadCount=5
    INFO      dbmgr-1 2082 4000  [2019-09-04 20:33:07 619] - DBInterfaceMysql::query: successfully!
 WARNING      dbmgr-1 2082 4000  [2019-09-04 20:33:18 576] - d:\kbengine\kbe\src\server\dbmgr\dbmgr.cpp:306: Profile scriptCall took 12.63 seconds
    INFO      dbmgr-1 2082 4000  [2019-09-04 20:33:18 983] - ---- dbmgr is running ----
   DEBUG      dbmgr-1 2082 4000  [2019-09-04 20:33:18 983] - Components::process(): Request for the process of identity...
   DEBUG      dbmgr-1 2082 4000  [2019-09-04 20:33:06 601] - DBInterfaceMysql::attach: connect: localhost:3306 starting...
   DEBUG      dbmgr-1 2082 4000  [2019-09-04 20:33:06 601] - DBInterfaceMysql::attach: connect: localhost:3306 starting...
   DEBUG      dbmgr-1 2082 4000  [2019-09-04 20:33:06 602] - DBInterfaceMysql::attach: connect: localhost:3306 starting...
   DEBUG      dbmgr-1 2082 4000  [2019-09-04 20:33:06 619] - DBInterfaceMysql::attach: connect: localhost:3306 starting...
   DEBUG      dbmgr-1 2082 4000  [2019-09-04 20:33:06 619] - DBInterfaceMysql::attach: connect: localhost:3306 starting...
   DEBUG      dbmgr-1 2082 4000  [2019-09-04 20:33:06 938] - DBInterfaceMysql::attach: successfully! addr: localhost:3306
   DEBUG      dbmgr-1 2082 4000  [2019-09-04 20:33:06 938] - DBThread::onStart(): 0x1b5a088!
   DEBUG      dbmgr-1 2082 4000  [2019-09-04 20:33:07 124] - DBInterfaceMysql::attach: successfully! addr: localhost:3306
   DEBUG      dbmgr-1 2082 4000  [2019-09-04 20:33:07 124] - DBThread::onStart(): 0x1b59f78!
   DEBUG      dbmgr-1 2082 4000  [2019-09-04 20:33:07 613] - DBInterfaceMysql::attach: successfully! addr: localhost:3306
   DEBUG      dbmgr-1 2082 4000  [2019-09-04 20:33:07 614] - DBThread::onStart(): 0x1b59cd0!
   DEBUG      dbmgr-1 2082 4000  [2019-09-04 20:33:07 825] - DBInterfaceMysql::attach: successfully! addr: localhost:3306
   DEBUG      dbmgr-1 2082 4000  [2019-09-04 20:33:07 825] - DBThread::onStart(): 0x1b5a6e8!
    INFO      dbmgr-1 2082 4000  [2019-09-04 20:33:07 963] - DBInterfaceMysql::query: successfully!
    INFO      dbmgr-1 2082 4000  [2019-09-04 20:33:08 038] - DBInterfaceMysql::query: successfully!
    INFO      dbmgr-1 2082 4000  [2019-09-04 20:33:08 038] - DBInterfaceMysql::query: successfully!
 WARNING      dbmgr-1 2082 4000  [2019-09-04 20:33:08 039] - DBTask::process(): took 0.42 seconds
sql:(CREATE TABLE IF NOT EXISTS kbe_accountinfos (`accountName` varchar(128) not null, PRIMARY KEY idKey (`accountName`),`password` varchar(255) not null,`bindata` blob,`email` varchar(191) not null, UNIQUE KEY `email` (`email`),`entityDBID` bigint(20) unsigned not null DEFAULT 0, UNIQUE KEY `entityDBID` (`entityDBID`),`flags` int unsigned not null DEFAULT 0,`deadline` bigint(20) not null DEFAULT 0,`regtime` bigint(20) not null DEFAULT 0,`lasttime` bigint(20) not null DEFAULT 0,`numlogin` int unsigned not null DEFAULT 0)ENGINE=InnoDB)
 WARNING      dbmgr-1 2082 4000  [2019-09-04 20:33:08 280] - DBTask::process(): took 0.66 seconds
sql:(insert into kbe_serverlog (heartbeatTime, serverGroupID) values(1567600387,2082) ON DUPLICATE KEY UPDATE heartbeatTime=1567600387)
   DEBUG      dbmgr-1 2082 4000  [2019-09-04 20:33:08 347] - DBInterfaceMysql::attach: successfully! addr: localhost:3306
   DEBUG      dbmgr-1 2082 4000  [2019-09-04 20:33:08 347] - DBThread::onStart(): 0x1b5a660!
    INFO      dbmgr-1 2082 4000  [2019-09-04 20:33:08 349] - DBInterfaceMysql::query: successfully!
 WARNING      dbmgr-1 2082 4000  [2019-09-04 20:33:08 350] - DBTask::process(): took 0.73 seconds
sql:(select distinct(serverGroupID) from kbe_entitylog)
   DEBUG      dbmgr-1 2082 4000  [2019-09-04 20:33:08 548] - syncToDB(): Account->sm_playerName(varchar(255) not null DEFAULT '').
    INFO      dbmgr-1 2082 4000  [2019-09-04 20:33:08 604] - DBInterfaceMysql::query: successfully!
    INFO      dbmgr-1 2082 4000  [2019-09-04 20:33:08 605] - DBInterfaceMysql::query: successfully!
    INFO      dbmgr-1 2082 4000  [2019-09-04 20:33:08 605] - DBInterfaceMysql::query: successfully!
    INFO      dbmgr-1 2082 4000  [2019-09-04 20:33:08 606] - DBInterfaceMysql::query: successfully!
 WARNING      dbmgr-1 2082 4000  [2019-09-04 20:33:08 606] - DBTask::process(): took 0.26 seconds
sql:(delete from kbe_email_verification where logtime<1567596788 and type=3)
   DEBUG      dbmgr-1 2082 4000  [2019-09-04 20:33:12 075] - syncToDB(): Account->sm_playerID(smallint unsigned not null DEFAULT 0).
   DEBUG      dbmgr-1 2082 4000  [2019-09-04 20:33:13 160] - syncToDB(): Room->sm_autoLoad(tinyint not null DEFAULT 0).
   DEBUG      dbmgr-1 2082 4000  [2019-09-04 20:33:14 153] - syncToDB(): Hall->sm_autoLoad(tinyint not null DEFAULT 0).
   DEBUG      dbmgr-1 2082 4000  [2019-09-04 20:33:14 719] - syncToDB(): Account->sm_playerExp(bigint unsigned not null DEFAULT 0).
    INFO      dbmgr-1 2082 4000  [2019-09-04 20:33:16 889] - DBInterfaceMysql::query: successfully!
 WARNING      dbmgr-1 2082 4000  [2019-09-04 20:33:17 488] - DBTask::process(): took 9.45 seconds
sql:(show index from tbl_Room)
 WARNING      dbmgr-1 2082 4000  [2019-09-04 20:33:18 140] - DBTask::process(): took 10.32 seconds
sql:(show index from tbl_Account)
    INFO      dbmgr-1 2082 4000  [2019-09-04 20:33:18 278] - DBInterfaceMysql::query: successfully!
 WARNING      dbmgr-1 2082 4000  [2019-09-04 20:33:18 563] - DBTask::process(): took 10.28 seconds
sql:(show index from tbl_Hall)
    INFO      dbmgr-1 2082 4000  [2019-09-04 20:33:25 171] - ServerApp::onRegisterNewApp: uid:2082, username:error_name, componentType:interfaces, componentID:3000, globalorderID=-1, grouporderID=-1, intaddr:192.168.56.1, intport:30099, extaddr:nonsupport, extport:0,  from 127.0.0.1:30099/0/0/0.
    INFO      dbmgr-1 2082 4000  [2019-09-04 20:33:25 171] - Components::addComponent: reset orderLog, uid=2082!
    INFO      dbmgr-1 2082 4000  [2019-09-04 20:33:25 171] - Components::addComponent[interfaces], uid=2082, componentID=3000, globalorderid=1, grouporderid=1, totalcount=1
 WARNING      dbmgr-1 2082 4000  [2019-09-04 20:33:25 176] - TCPPacketReceiver::processPendingEvents(192.168.56.1:56237): Throwing REASON_GENERAL_NETWORK - WSAECONNABORTED
    INFO      dbmgr-1 2082 4000  [2019-09-04 20:33:25 177] - ServerApp::onRegisterNewApp: uid:2082, username:error_name, componentType:baseappmgr, componentID:5000, globalorderID=-1, grouporderID=-1, intaddr:192.168.56.1, intport:56214, extaddr:nonsupport, extport:0,  from 192.168.56.1:56245/0/0/0.
    INFO      dbmgr-1 2082 4000  [2019-09-04 20:33:25 177] - Components::addComponent: reset orderLog, uid=2082!
    INFO      dbmgr-1 2082 4000  [2019-09-04 20:33:25 177] - Components::addComponent[baseappmgr], uid=2082, componentID=5000, globalorderid=1, grouporderid=1, totalcount=1
    INFO      dbmgr-1 2082 4000  [2019-09-04 20:33:25 177] - ServerApp::onRegisterNewApp: uid:2082, username:error_name, componentType:cellappmgr, componentID:6000, globalorderID=-1, grouporderID=-1, intaddr:192.168.56.1, intport:56215, extaddr:nonsupport, extport:0,  from 192.168.56.1:56247/0/0/0.
    INFO      dbmgr-1 2082 4000  [2019-09-04 20:33:25 177] - Components::addComponent[cellappmgr], uid=2082, componentID=6000, globalorderid=2, grouporderid=1, totalcount=1
    INFO      dbmgr-1 2082 4000  [2019-09-04 20:33:26 202] - Components::process(): Found all the components!
    INFO      dbmgr-1 2082 4000  [2019-09-04 20:33:30 103] - ServerApp::onRegisterNewApp: uid:2082, username:error_name, componentType:loginapp, componentID:9000, globalorderID=-1, grouporderID=-1, intaddr:192.168.56.1, intport:56232, extaddr:192.168.56.1, extport:20013,  from 192.168.56.1:56250/0/0/0.
    INFO      dbmgr-1 2082 4000  [2019-09-04 20:33:30 104] - Components::addComponent[loginapp], uid=2082, componentID=9000, globalorderid=3, grouporderid=1, totalcount=1
    INFO      dbmgr-1 2082 4000  [2019-09-04 20:33:32 811] - ServerApp::onRegisterNewApp: uid:2082, username:error_name, componentType:cellapp, componentID:8001, globalorderID=-1, grouporderID=-1, intaddr:192.168.56.1, intport:56231, extaddr:nonsupport, extport:0,  from 192.168.56.1:56252/0/0/0.
    INFO      dbmgr-1 2082 4000  [2019-09-04 20:33:32 811] - Components::addComponent[cellapp], uid=2082, componentID=8001, globalorderid=4, grouporderid=1, totalcount=1
    INFO      dbmgr-1 2082 4000  [2019-09-04 20:33:34 857] - -----------------------------------------------------------------------------------------


    INFO      dbmgr-1 2082 4000  [2019-09-04 20:33:34 858] - Resmgr::initialize: KBE_ROOT=D:/kbengine/
    INFO      dbmgr-1 2082 4000  [2019-09-04 20:33:34 858] - Resmgr::initialize: KBE_RES_PATH=D:/kbengine/kbe/res/;D:/kbengine/BattleOfBalls_assets/;D:/kbengine/BattleOfBalls_assets/scripts/;D:/kbengine/BattleOfBalls_assets/res/
    INFO      dbmgr-1 2082 4000  [2019-09-04 20:33:34 858] - Resmgr::initialize: KBE_BIN_PATH=D:/kbengine/kbe/bin/server/
    INFO      dbmgr-1 2082 4000  [2019-09-04 20:33:34 894] - NetworkInterface::initialize(INTERNAL-TCP): bound to all interfaces with default route interface on 192.168.56.1 ( 192.168.56.1:56263 )
    INFO      dbmgr-1 2082 4000  [2019-09-04 20:33:34 894] - NetworkInterface::initialize(INTERNAL-TCP): address 192.168.56.1:56263, SOMAXCONN=5.
    INFO      dbmgr-1 2082 4000  [2019-09-04 20:33:34 895] - server-configs:
    INFO      dbmgr-1 2082 4000  [2019-09-04 20:33:34 895] - 	internalTcpAddr : 192.168.56.1:56263
    INFO      dbmgr-1 2082 4000  [2019-09-04 20:33:34 895] - 	componentID : 4000
 WARNING      dbmgr-1 2082 4000  [2019-09-04 20:33:34 895] - invalid UID(0) <= 0, please check UID for environment! automatically set to 2082.
    INFO      dbmgr-1 2082 4000  [2019-09-04 20:33:36 401] - ---- dbmgr Version: 2.4.5. ScriptVersion: 0.1.0. Pythoncore: 3.7.3. Protocol: 11178A1C367680938C8E416B64844ACD. Config: Debug X86. Built: 09:55:16 May  8 2019. AppID: 4000. UID: 2082. PID: 18596 ----
    INFO      dbmgr-1 2082 4000  [2019-09-04 20:33:36 402] - Server error_name: Intel(R) Core(TM) i5-6300HQ CPU @ 2.30GHz with 2097151kB RAM
    INFO      dbmgr-1 2082 4000  [2019-09-04 20:33:36 402] - ThreadPool::createThreadPool: creating  threadpool...
    INFO      dbmgr-1 2082 4000  [2019-09-04 20:33:36 403] - ThreadPool::createThreadPool: successfully(2), newThreadCount=1, normalMaxThreadCount=2, maxThreadCount=8
    INFO      dbmgr-1 2082 4000  [2019-09-04 20:33:36 596] - Script::install(): is successfully, Python=(3.7.3 (default, May  8 2019, 09:53:38) [MSC v.1916 32 bit (Intel)])!
    INFO      dbmgr-1 2082 4000  [2019-09-04 20:33:36 596] - Script::install(): KBExtra is successfully!
    INFO      dbmgr-1 2082 4000  [2019-09-04 20:33:36 699] - Dbmgr::initializeEnd: digest(BD5E4D1496F55C19D404081E12176B86)
  S_INFO      dbmgr-1 2082 4000  [2019-09-04 20:33:36 699] - onDBMgrReady: bootstrapGroupIndex=0, bootstrapGlobalIndex=0
    INFO      dbmgr-1 2082 4000  [2019-09-04 20:33:36 699] - TelnetServer server is running on port 32000
    INFO      dbmgr-1 2082 4000  [2019-09-04 20:33:36 700] - Dbmgr::initInterfacesHandler: interfaces addr(127.0.0.1:30099), accountType:(interfaces), chargeType:(interfaces).
 WARNING      dbmgr-1 2082 4000  [2019-09-04 20:33:36 935] - DBUtil::initialize: db(default) password is not encrypted!
please use password(rsa):
3C16D29D0783F3B5E23E7B0E74FF61407F5FFB8DD2A1C551C5853ADC10AD65B04995958C15225B34B344883F77B8B1806CE2308C58284C00142472D2EE2C05BD76C0E894014A01113EAA0B67CDF97335779666A3B6EC302CB33A361595B011E1E4DB38A80BE312AFB24A8B033FE52A98A12CD889946B23A51C9B86F34E041574
   DEBUG      dbmgr-1 2082 4000  [2019-09-04 20:33:36 939] - DBInterfaceMysql::attach: connect: localhost:3306 starting...
   DEBUG      dbmgr-1 2082 4000  [2019-09-04 20:33:37 092] - DBInterfaceMysql::attach: successfully! addr: localhost:3306
    INFO      dbmgr-1 2082 4000  [2019-09-04 20:33:37 092] - DBUtil::createInterface[0x177f2d0]: interface=default, dbtype=mysql, ip=localhost, port=3306, currdatabase=kbe, username=kbe, connected=yes.

    INFO      dbmgr-1 2082 4000  [2019-09-04 20:33:37 093] - ThreadPool::createThreadPool: creating  threadpool...
    INFO      dbmgr-1 2082 4000  [2019-09-04 20:33:37 093] - ThreadPool::createThreadPool: successfully(5), newThreadCount=5, normalMaxThreadCount=5, maxThreadCount=5
    INFO      dbmgr-1 2082 4000  [2019-09-04 20:33:37 348] - DBInterfaceMysql::query: successfully!
 WARNING      dbmgr-1 2082 4000  [2019-09-04 20:33:37 744] - d:\kbengine\kbe\src\server\dbmgr\dbmgr.cpp:306: Profile scriptCall took 1.05 seconds
    INFO      dbmgr-1 2082 4000  [2019-09-04 20:33:38 135] - ---- dbmgr is running ----
   DEBUG      dbmgr-1 2082 4000  [2019-09-04 20:33:38 136] - Components::process(): Request for the process of identity...
   DEBUG      dbmgr-1 2082 4000  [2019-09-04 20:33:37 093] - DBInterfaceMysql::attach: connect: localhost:3306 starting...
   DEBUG      dbmgr-1 2082 4000  [2019-09-04 20:33:37 094] - DBInterfaceMysql::attach: connect: localhost:3306 starting...
   DEBUG      dbmgr-1 2082 4000  [2019-09-04 20:33:37 094] - DBInterfaceMysql::attach: connect: localhost:3306 starting...
   DEBUG      dbmgr-1 2082 4000  [2019-09-04 20:33:37 094] - DBInterfaceMysql::attach: connect: localhost:3306 starting...
   DEBUG      dbmgr-1 2082 4000  [2019-09-04 20:33:37 110] - DBInterfaceMysql::attach: connect: localhost:3306 starting...
   DEBUG      dbmgr-1 2082 4000  [2019-09-04 20:33:37 187] - DBInterfaceMysql::attach: successfully! addr: localhost:3306
   DEBUG      dbmgr-1 2082 4000  [2019-09-04 20:33:37 187] - DBThread::onStart(): 0x194b720!
   DEBUG      dbmgr-1 2082 4000  [2019-09-04 20:33:37 263] - DBInterfaceMysql::attach: successfully! addr: localhost:3306
   DEBUG      dbmgr-1 2082 4000  [2019-09-04 20:33:37 263] - DBThread::onStart(): 0x194b3f0!
   DEBUG      dbmgr-1 2082 4000  [2019-09-04 20:33:37 346] - DBInterfaceMysql::attach: successfully! addr: localhost:3306
   DEBUG      dbmgr-1 2082 4000  [2019-09-04 20:33:37 346] - DBThread::onStart(): 0x194b0c0!
   DEBUG      dbmgr-1 2082 4000  [2019-09-04 20:33:37 455] - DBInterfaceMysql::attach: successfully! addr: localhost:3306
   DEBUG      dbmgr-1 2082 4000  [2019-09-04 20:33:37 455] - DBThread::onStart(): 0x194b830!
   DEBUG      dbmgr-1 2082 4000  [2019-09-04 20:33:37 513] - DBInterfaceMysql::attach: successfully! addr: localhost:3306
   DEBUG      dbmgr-1 2082 4000  [2019-09-04 20:33:37 513] - DBThread::onStart(): 0x194af28!
    INFO      dbmgr-1 2082 4000  [2019-09-04 20:33:37 571] - DBInterfaceMysql::query: successfully!
    INFO      dbmgr-1 2082 4000  [2019-09-04 20:33:37 572] - DBInterfaceMysql::query: successfully!
 WARNING      dbmgr-1 2082 4000  [2019-09-04 20:33:37 573] - DBTask::process(): took 0.22 seconds
sql:(select distinct(serverGroupID) from kbe_entitylog)
    INFO      dbmgr-1 2082 4000  [2019-09-04 20:33:37 604] - DBInterfaceMysql::query: successfully!
    INFO      dbmgr-1 2082 4000  [2019-09-04 20:33:37 604] - DBInterfaceMysql::query: successfully!
    INFO      dbmgr-1 2082 4000  [2019-09-04 20:33:37 605] - DBInterfaceMysql::query: successfully!
    INFO      dbmgr-1 2082 4000  [2019-09-04 20:33:37 605] - DBInterfaceMysql::query: successfully!
    INFO      dbmgr-1 2082 4000  [2019-09-04 20:33:37 606] - DBInterfaceMysql::query: successfully!
    INFO      dbmgr-1 2082 4000  [2019-09-04 20:33:37 606] - DBInterfaceMysql::query: successfully!
 WARNING      dbmgr-1 2082 4000  [2019-09-04 20:33:37 606] - DBTask::process(): took 0.26 seconds
sql:(delete from kbe_email_verification where logtime<1567596817 and type=3)
 WARNING      dbmgr-1 2082 4000  [2019-09-04 20:33:37 730] - DBTask::process(): took 0.38 seconds
sql:(insert into kbe_serverlog (heartbeatTime, serverGroupID) values(1567600417,2082) ON DUPLICATE KEY UPDATE heartbeatTime=1567600417)
    INFO      dbmgr-1 2082 4000  [2019-09-04 20:33:44 235] - ServerApp::onRegisterNewApp: uid:2082, username:error_name, componentType:interfaces, componentID:3000, globalorderID=-1, grouporderID=-1, intaddr:192.168.56.1, intport:30099, extaddr:nonsupport, extport:0,  from 127.0.0.1:30099/0/0/0.
    INFO      dbmgr-1 2082 4000  [2019-09-04 20:33:44 235] - Components::addComponent: reset orderLog, uid=2082!
    INFO      dbmgr-1 2082 4000  [2019-09-04 20:33:44 235] - Components::addComponent[interfaces], uid=2082, componentID=3000, globalorderid=1, grouporderid=1, totalcount=1
    INFO      dbmgr-1 2082 4000  [2019-09-04 20:33:45 301] - Components::findComponents: find logger(1)...
    INFO      dbmgr-1 2082 4000  [2019-09-04 20:33:45 322] - Components::findComponents: found logger, addr:192.168.56.1:56261
    INFO      dbmgr-1 2082 4000  [2019-09-04 20:33:45 322] - Components::addComponent: reset orderLog, uid=2082!
    INFO      dbmgr-1 2082 4000  [2019-09-04 20:33:45 323] - Components::addComponent[logger], uid=2082, componentID=2000, globalorderid=1, grouporderid=1, totalcount=1
    INFO      dbmgr-1 2082 4000  [2019-09-04 20:33:45 358] - Components::process(): Found all the components!
    INFO      dbmgr-1 2082 4000  [2019-09-04 20:33:47 137] - ServerApp::onRegisterNewApp: uid:2082, username:error_name, componentType:loginapp, componentID:9000, globalorderID=-1, grouporderID=-1, intaddr:192.168.56.1, intport:56262, extaddr:192.168.56.1, extport:20013,  from 192.168.56.1:56279/0/0/0.
    INFO      dbmgr-1 2082 4000  [2019-09-04 20:33:47 137] - Components::addComponent: reset orderLog, uid=2082!
    INFO      dbmgr-1 2082 4000  [2019-09-04 20:33:47 137] - Components::addComponent[loginapp], uid=2082, componentID=9000, globalorderid=1, grouporderid=1, totalcount=1
    INFO      dbmgr-1 2082 4000  [2019-09-04 20:33:48 084] - ServerApp::onRegisterNewApp: uid:2082, username:error_name, componentType:cellappmgr, componentID:6000, globalorderID=-1, grouporderID=-1, intaddr:192.168.56.1, intport:56258, extaddr:nonsupport, extport:0,  from 192.168.56.1:56281/0/0/0.
    INFO      dbmgr-1 2082 4000  [2019-09-04 20:33:48 084] - Components::addComponent[cellappmgr], uid=2082, componentID=6000, globalorderid=2, grouporderid=1, totalcount=1
    INFO      dbmgr-1 2082 4000  [2019-09-04 20:33:49 386] - ServerApp::onRegisterNewApp: uid:2082, username:error_name, componentType:cellapp, componentID:8001, globalorderID=-1, grouporderID=-1, intaddr:192.168.56.1, intport:56260, extaddr:nonsupport, extport:0,  from 192.168.56.1:56283/0/0/0.
    INFO      dbmgr-1 2082 4000  [2019-09-04 20:33:49 386] - Components::addComponent[cellapp], uid=2082, componentID=8001, globalorderid=3, grouporderid=1, totalcount=1
    INFO      dbmgr-1 2082 4000  [2019-09-04 20:33:49 478] - ServerApp::onRegisterNewApp: uid:2082, username:error_name, componentType:baseappmgr, componentID:5000, globalorderID=-1, grouporderID=-1, intaddr:192.168.56.1, intport:56256, extaddr:nonsupport, extport:0,  from 192.168.56.1:56285/0/0/0.
    INFO      dbmgr-1 2082 4000  [2019-09-04 20:33:49 478] - Components::addComponent[baseappmgr], uid=2082, componentID=5000, globalorderid=4, grouporderid=1, totalcount=1
    INFO      dbmgr-1 2082 4000  [2019-09-04 20:33:52 518] - IDServer::allocRange: 1-2001.
   DEBUG      dbmgr-1 2082 4000  [2019-09-04 20:33:52 519] - SyncAppDatasHandler::~SyncAppDatasHandler()
    INFO      dbmgr-1 2082 4000  [2019-09-04 20:34:31 570] - -----------------------------------------------------------------------------------------


    INFO      dbmgr-1 2082 4000  [2019-09-04 20:34:31 570] - Resmgr::initialize: KBE_ROOT=D:/kbengine/
    INFO      dbmgr-1 2082 4000  [2019-09-04 20:34:31 571] - Resmgr::initialize: KBE_RES_PATH=D:/kbengine/kbe/res/;D:/kbengine/BattleOfBalls_assets/;D:/kbengine/BattleOfBalls_assets/scripts/;D:/kbengine/BattleOfBalls_assets/res/
    INFO      dbmgr-1 2082 4000  [2019-09-04 20:34:31 571] - Resmgr::initialize: KBE_BIN_PATH=D:/kbengine/kbe/bin/server/
    INFO      dbmgr-1 2082 4000  [2019-09-04 20:34:31 625] - NetworkInterface::initialize(INTERNAL-TCP): bound to all interfaces with default route interface on 192.168.56.1 ( 192.168.56.1:56312 )
    INFO      dbmgr-1 2082 4000  [2019-09-04 20:34:31 625] - NetworkInterface::initialize(INTERNAL-TCP): address 192.168.56.1:56312, SOMAXCONN=5.
    INFO      dbmgr-1 2082 4000  [2019-09-04 20:34:31 625] - server-configs:
    INFO      dbmgr-1 2082 4000  [2019-09-04 20:34:31 625] - 	internalTcpAddr : 192.168.56.1:56312
    INFO      dbmgr-1 2082 4000  [2019-09-04 20:34:31 625] - 	componentID : 4000
 WARNING      dbmgr-1 2082 4000  [2019-09-04 20:34:31 627] - invalid UID(0) <= 0, please check UID for environment! automatically set to 2082.
    INFO      dbmgr-1 2082 4000  [2019-09-04 20:34:33 134] - ---- dbmgr Version: 2.4.5. ScriptVersion: 0.1.0. Pythoncore: 3.7.3. Protocol: 11178A1C367680938C8E416B64844ACD. Config: Debug X86. Built: 09:55:16 May  8 2019. AppID: 4000. UID: 2082. PID: 12996 ----
    INFO      dbmgr-1 2082 4000  [2019-09-04 20:34:33 135] - Server error_name: Intel(R) Core(TM) i5-6300HQ CPU @ 2.30GHz with 2097151kB RAM
    INFO      dbmgr-1 2082 4000  [2019-09-04 20:34:33 135] - ThreadPool::createThreadPool: creating  threadpool...
    INFO      dbmgr-1 2082 4000  [2019-09-04 20:34:33 135] - ThreadPool::createThreadPool: successfully(2), newThreadCount=1, normalMaxThreadCount=2, maxThreadCount=8
    INFO      dbmgr-1 2082 4000  [2019-09-04 20:34:33 339] - Script::install(): is successfully, Python=(3.7.3 (default, May  8 2019, 09:53:38) [MSC v.1916 32 bit (Intel)])!
    INFO      dbmgr-1 2082 4000  [2019-09-04 20:34:33 339] - Script::install(): KBExtra is successfully!
    INFO      dbmgr-1 2082 4000  [2019-09-04 20:34:33 440] - Dbmgr::initializeEnd: digest(BD5E4D1496F55C19D404081E12176B86)
  S_INFO      dbmgr-1 2082 4000  [2019-09-04 20:34:33 440] - onDBMgrReady: bootstrapGroupIndex=0, bootstrapGlobalIndex=0
    INFO      dbmgr-1 2082 4000  [2019-09-04 20:34:33 441] - TelnetServer server is running on port 32000
    INFO      dbmgr-1 2082 4000  [2019-09-04 20:34:33 443] - Dbmgr::initInterfacesHandler: interfaces addr(127.0.0.1:30099), accountType:(interfaces), chargeType:(interfaces).
 WARNING      dbmgr-1 2082 4000  [2019-09-04 20:34:33 674] - DBUtil::initialize: db(default) password is not encrypted!
please use password(rsa):
B0500200FFC2FF22CBDDD582432E15F53C7855DA37715CE097AF59FB9FDE8154890A2BBFA568EBA4A409E3006B333EC552883549879A231079D34DF52486FBA53F2FFFD0BFD774B9C781D1BF89DDC60F8B482963A117C6D9EF2BC8C11CFE2D6F0F754EFD1D95B0BEC5BBAF1259CC38EB1998C510D4C44C6F6288C519D329B6C4
   DEBUG      dbmgr-1 2082 4000  [2019-09-04 20:34:33 679] - DBInterfaceMysql::attach: connect: localhost:3306 starting...
   DEBUG      dbmgr-1 2082 4000  [2019-09-04 20:34:33 889] - DBInterfaceMysql::attach: successfully! addr: localhost:3306
    INFO      dbmgr-1 2082 4000  [2019-09-04 20:34:33 889] - DBUtil::createInterface[0x1cf40c]: interface=default, dbtype=mysql, ip=localhost, port=3306, currdatabase=kbe, username=kbe, connected=yes.

    INFO      dbmgr-1 2082 4000  [2019-09-04 20:34:33 890] - ThreadPool::createThreadPool: creating  threadpool...
    INFO      dbmgr-1 2082 4000  [2019-09-04 20:34:33 890] - ThreadPool::createThreadPool: successfully(5), newThreadCount=5, normalMaxThreadCount=5, maxThreadCount=5
    INFO      dbmgr-1 2082 4000  [2019-09-04 20:34:34 198] - DBInterfaceMysql::query: successfully!
 WARNING      dbmgr-1 2082 4000  [2019-09-04 20:34:34 595] - d:\kbengine\kbe\src\server\dbmgr\dbmgr.cpp:306: Profile scriptCall took 1.15 seconds
    INFO      dbmgr-1 2082 4000  [2019-09-04 20:34:34 994] - ---- dbmgr is running ----
   DEBUG      dbmgr-1 2082 4000  [2019-09-04 20:34:34 995] - Components::process(): Request for the process of identity...
   DEBUG      dbmgr-1 2082 4000  [2019-09-04 20:34:33 890] - DBInterfaceMysql::attach: connect: localhost:3306 starting...
   DEBUG      dbmgr-1 2082 4000  [2019-09-04 20:34:33 891] - DBInterfaceMysql::attach: connect: localhost:3306 starting...
   DEBUG      dbmgr-1 2082 4000  [2019-09-04 20:34:33 896] - DBInterfaceMysql::attach: connect: localhost:3306 starting...
   DEBUG      dbmgr-1 2082 4000  [2019-09-04 20:34:33 918] - DBInterfaceMysql::attach: connect: localhost:3306 starting...
   DEBUG      dbmgr-1 2082 4000  [2019-09-04 20:34:33 930] - DBInterfaceMysql::attach: connect: localhost:3306 starting...
   DEBUG      dbmgr-1 2082 4000  [2019-09-04 20:34:33 976] - DBInterfaceMysql::attach: successfully! addr: localhost:3306
   DEBUG      dbmgr-1 2082 4000  [2019-09-04 20:34:33 976] - DBThread::onStart(): 0x177abf0!
   DEBUG      dbmgr-1 2082 4000  [2019-09-04 20:34:34 039] - DBInterfaceMysql::attach: successfully! addr: localhost:3306
   DEBUG      dbmgr-1 2082 4000  [2019-09-04 20:34:34 039] - DBThread::onStart(): 0x177a948!
   DEBUG      dbmgr-1 2082 4000  [2019-09-04 20:34:34 105] - DBInterfaceMysql::attach: successfully! addr: localhost:3306
   DEBUG      dbmgr-1 2082 4000  [2019-09-04 20:34:34 105] - DBThread::onStart(): 0x177b030!
   DEBUG      dbmgr-1 2082 4000  [2019-09-04 20:34:34 197] - DBInterfaceMysql::attach: successfully! addr: localhost:3306
   DEBUG      dbmgr-1 2082 4000  [2019-09-04 20:34:34 197] - DBThread::onStart(): 0x177aa58!
   DEBUG      dbmgr-1 2082 4000  [2019-09-04 20:34:34 314] - DBInterfaceMysql::attach: successfully! addr: localhost:3306
   DEBUG      dbmgr-1 2082 4000  [2019-09-04 20:34:34 314] - DBThread::onStart(): 0x177b0b8!
    INFO      dbmgr-1 2082 4000  [2019-09-04 20:34:34 380] - DBInterfaceMysql::query: successfully!
    INFO      dbmgr-1 2082 4000  [2019-09-04 20:34:34 381] - DBInterfaceMysql::query: successfully!
    INFO      dbmgr-1 2082 4000  [2019-09-04 20:34:34 446] - DBInterfaceMysql::query: successfully!
    INFO      dbmgr-1 2082 4000  [2019-09-04 20:34:34 447] - DBInterfaceMysql::query: successfully!
    INFO      dbmgr-1 2082 4000  [2019-09-04 20:34:34 447] - DBInterfaceMysql::query: successfully!
 WARNING      dbmgr-1 2082 4000  [2019-09-04 20:34:34 447] - DBTask::process(): took 0.25 seconds
sql:(CREATE TABLE IF NOT EXISTS kbe_accountinfos (`accountName` varchar(128) not null, PRIMARY KEY idKey (`accountName`),`password` varchar(255) not null,`bindata` blob,`email` varchar(191) not null, UNIQUE KEY `email` (`email`),`entityDBID` bigint(20) unsigned not null DEFAULT 0, UNIQUE KEY `entityDBID` (`entityDBID`),`flags` int unsigned not null DEFAULT 0,`deadline` bigint(20) not null DEFAULT 0,`regtime` bigint(20) not null DEFAULT 0,`lasttime` bigint(20) not null DEFAULT 0,`numlogin` int unsigned not null DEFAULT 0)ENGINE=InnoDB)
    INFO      dbmgr-1 2082 4000  [2019-09-04 20:34:34 448] - DBInterfaceMysql::query: successfully!
    INFO      dbmgr-1 2082 4000  [2019-09-04 20:34:34 448] - DBInterfaceMysql::query: successfully!
    INFO      dbmgr-1 2082 4000  [2019-09-04 20:34:34 448] - DBInterfaceMysql::query: successfully!
 WARNING      dbmgr-1 2082 4000  [2019-09-04 20:34:34 448] - DBTask::process(): took 0.25 seconds
sql:(delete from kbe_email_verification where logtime<1567596874 and type=3)
 WARNING      dbmgr-1 2082 4000  [2019-09-04 20:34:34 572] - DBTask::process(): took 0.37 seconds
sql:(insert into kbe_serverlog (heartbeatTime, serverGroupID) values(1567600474,2082) ON DUPLICATE KEY UPDATE heartbeatTime=1567600474)
    INFO      dbmgr-1 2082 4000  [2019-09-04 20:34:41 105] - ServerApp::onRegisterNewApp: uid:2082, username:error_name, componentType:interfaces, componentID:3000, globalorderID=-1, grouporderID=-1, intaddr:192.168.56.1, intport:30099, extaddr:nonsupport, extport:0,  from 127.0.0.1:30099/0/0/0.
    INFO      dbmgr-1 2082 4000  [2019-09-04 20:34:41 105] - Components::addComponent: reset orderLog, uid=2082!
    INFO      dbmgr-1 2082 4000  [2019-09-04 20:34:41 106] - Components::addComponent[interfaces], uid=2082, componentID=3000, globalorderid=1, grouporderid=1, totalcount=1
    INFO      dbmgr-1 2082 4000  [2019-09-04 20:34:42 121] - Components::findComponents: find logger(1)...
    INFO      dbmgr-1 2082 4000  [2019-09-04 20:34:42 221] - Components::findComponents: found logger, addr:192.168.56.1:56314
    INFO      dbmgr-1 2082 4000  [2019-09-04 20:34:42 221] - Components::addComponent: reset orderLog, uid=2082!
    INFO      dbmgr-1 2082 4000  [2019-09-04 20:34:42 221] - Components::addComponent[logger], uid=2082, componentID=2000, globalorderid=1, grouporderid=1, totalcount=1
    INFO      dbmgr-1 2082 4000  [2019-09-04 20:34:42 260] - Components::process(): Found all the components!
    INFO      dbmgr-1 2082 4000  [2019-09-04 20:34:44 140] - ServerApp::onRegisterNewApp: uid:2082, username:error_name, componentType:loginapp, componentID:9000, globalorderID=-1, grouporderID=-1, intaddr:192.168.56.1, intport:56316, extaddr:192.168.56.1, extport:20013,  from 192.168.56.1:56330/0/0/0.
    INFO      dbmgr-1 2082 4000  [2019-09-04 20:34:44 140] - Components::addComponent: reset orderLog, uid=2082!
    INFO      dbmgr-1 2082 4000  [2019-09-04 20:34:44 140] - Components::addComponent[loginapp], uid=2082, componentID=9000, globalorderid=1, grouporderid=1, totalcount=1
    INFO      dbmgr-1 2082 4000  [2019-09-04 20:34:44 887] - ServerApp::onRegisterNewApp: uid:2082, username:error_name, componentType:cellappmgr, componentID:6000, globalorderID=-1, grouporderID=-1, intaddr:192.168.56.1, intport:56311, extaddr:nonsupport, extport:0,  from 192.168.56.1:56332/0/0/0.
    INFO      dbmgr-1 2082 4000  [2019-09-04 20:34:44 887] - Components::addComponent[cellappmgr], uid=2082, componentID=6000, globalorderid=2, grouporderid=1, totalcount=1
    INFO      dbmgr-1 2082 4000  [2019-09-04 20:34:46 271] - ServerApp::onRegisterNewApp: uid:2082, username:error_name, componentType:baseappmgr, componentID:5000, globalorderID=-1, grouporderID=-1, intaddr:192.168.56.1, intport:56310, extaddr:nonsupport, extport:0,  from 192.168.56.1:56334/0/0/0.
    INFO      dbmgr-1 2082 4000  [2019-09-04 20:34:46 271] - Components::addComponent[baseappmgr], uid=2082, componentID=5000, globalorderid=3, grouporderid=1, totalcount=1
    INFO      dbmgr-1 2082 4000  [2019-09-04 20:34:47 564] - ServerApp::onRegisterNewApp: uid:2082, username:error_name, componentType:cellapp, componentID:8001, globalorderID=-1, grouporderID=-1, intaddr:192.168.56.1, intport:56315, extaddr:nonsupport, extport:0,  from 192.168.56.1:56336/0/0/0.
    INFO      dbmgr-1 2082 4000  [2019-09-04 20:34:47 564] - Components::addComponent[cellapp], uid=2082, componentID=8001, globalorderid=4, grouporderid=1, totalcount=1
    INFO      dbmgr-1 2082 4000  [2019-09-04 20:34:50 580] - IDServer::allocRange: 1-2001.
   DEBUG      dbmgr-1 2082 4000  [2019-09-04 20:34:50 580] - SyncAppDatasHandler::~SyncAppDatasHandler()
    INFO      dbmgr-1 2082 4000  [2019-09-04 20:34:58 199] - -----------------------------------------------------------------------------------------


    INFO      dbmgr-1 2082 4000  [2019-09-04 20:34:58 201] - Resmgr::initialize: KBE_ROOT=D:/kbengine/
    INFO      dbmgr-1 2082 4000  [2019-09-04 20:34:58 201] - Resmgr::initialize: KBE_RES_PATH=D:/kbengine/kbe/res/;D:/kbengine/BattleOfBalls_assets/;D:/kbengine/BattleOfBalls_assets/scripts/;D:/kbengine/BattleOfBalls_assets/res/
    INFO      dbmgr-1 2082 4000  [2019-09-04 20:34:58 201] - Resmgr::initialize: KBE_BIN_PATH=D:/kbengine/kbe/bin/server/
    INFO      dbmgr-1 2082 4000  [2019-09-04 20:34:58 219] - NetworkInterface::initialize(INTERNAL-TCP): bound to all interfaces with default route interface on 192.168.56.1 ( 192.168.56.1:56359 )
    INFO      dbmgr-1 2082 4000  [2019-09-04 20:34:58 219] - NetworkInterface::initialize(INTERNAL-TCP): address 192.168.56.1:56359, SOMAXCONN=5.
    INFO      dbmgr-1 2082 4000  [2019-09-04 20:34:58 219] - server-configs:
    INFO      dbmgr-1 2082 4000  [2019-09-04 20:34:58 219] - 	internalTcpAddr : 192.168.56.1:56359
    INFO      dbmgr-1 2082 4000  [2019-09-04 20:34:58 219] - 	componentID : 4000
 WARNING      dbmgr-1 2082 4000  [2019-09-04 20:34:58 220] - invalid UID(0) <= 0, please check UID for environment! automatically set to 2082.
    INFO      dbmgr-1 2082 4000  [2019-09-04 20:34:59 724] - ---- dbmgr Version: 2.4.5. ScriptVersion: 0.1.0. Pythoncore: 3.7.3. Protocol: 11178A1C367680938C8E416B64844ACD. Config: Debug X86. Built: 09:55:16 May  8 2019. AppID: 4000. UID: 2082. PID: 13136 ----
    INFO      dbmgr-1 2082 4000  [2019-09-04 20:34:59 724] - Server error_name: Intel(R) Core(TM) i5-6300HQ CPU @ 2.30GHz with 2097151kB RAM
    INFO      dbmgr-1 2082 4000  [2019-09-04 20:34:59 725] - ThreadPool::createThreadPool: creating  threadpool...
    INFO      dbmgr-1 2082 4000  [2019-09-04 20:34:59 725] - ThreadPool::createThreadPool: successfully(2), newThreadCount=1, normalMaxThreadCount=2, maxThreadCount=8
    INFO      dbmgr-1 2082 4000  [2019-09-04 20:34:59 920] - Script::install(): is successfully, Python=(3.7.3 (default, May  8 2019, 09:53:38) [MSC v.1916 32 bit (Intel)])!
    INFO      dbmgr-1 2082 4000  [2019-09-04 20:34:59 920] - Script::install(): KBExtra is successfully!
    INFO      dbmgr-1 2082 4000  [2019-09-04 20:35:00 029] - Dbmgr::initializeEnd: digest(BD5E4D1496F55C19D404081E12176B86)
  S_INFO      dbmgr-1 2082 4000  [2019-09-04 20:35:00 029] - onDBMgrReady: bootstrapGroupIndex=0, bootstrapGlobalIndex=0
    INFO      dbmgr-1 2082 4000  [2019-09-04 20:35:00 029] - TelnetServer server is running on port 32000
    INFO      dbmgr-1 2082 4000  [2019-09-04 20:35:00 030] - Dbmgr::initInterfacesHandler: interfaces addr(127.0.0.1:30099), accountType:(interfaces), chargeType:(interfaces).
 WARNING      dbmgr-1 2082 4000  [2019-09-04 20:35:00 254] - DBUtil::initialize: db(default) password is not encrypted!
please use password(rsa):
33244D784513819DC50B38CD420AC028A3F2D5C3FE2427529C8D5332D601758A390E3F8D5D63A6547F6B18B01461A1A89535B98CF406ED2F1E7452F7CA32A5E4D75CB367AEABD1CD422B7EEDAE096166DECD8A7E67E494D68811D711CBC015CC61565D7717B0FA9F4EB2793E71B2C21A95E8926C07FDD0C1DFAF090A8FDB564F
   DEBUG      dbmgr-1 2082 4000  [2019-09-04 20:35:00 259] - DBInterfaceMysql::attach: connect: localhost:3306 starting...
   DEBUG      dbmgr-1 2082 4000  [2019-09-04 20:35:00 474] - DBInterfaceMysql::attach: successfully! addr: localhost:3306
    INFO      dbmgr-1 2082 4000  [2019-09-04 20:35:00 475] - DBUtil::createInterface[0x177f3a0]: interface=default, dbtype=mysql, ip=localhost, port=3306, currdatabase=kbe, username=kbe, connected=yes.

    INFO      dbmgr-1 2082 4000  [2019-09-04 20:35:00 475] - ThreadPool::createThreadPool: creating  threadpool...
    INFO      dbmgr-1 2082 4000  [2019-09-04 20:35:00 475] - ThreadPool::createThreadPool: successfully(5), newThreadCount=5, normalMaxThreadCount=5, maxThreadCount=5
    INFO      dbmgr-1 2082 4000  [2019-09-04 20:35:00 797] - DBInterfaceMysql::query: successfully!
 WARNING      dbmgr-1 2082 4000  [2019-09-04 20:35:01 348] - d:\kbengine\kbe\src\server\dbmgr\dbmgr.cpp:306: Profile scriptCall took 1.32 seconds
    INFO      dbmgr-1 2082 4000  [2019-09-04 20:35:01 740] - ---- dbmgr is running ----
   DEBUG      dbmgr-1 2082 4000  [2019-09-04 20:35:01 740] - Components::process(): Request for the process of identity...
   DEBUG      dbmgr-1 2082 4000  [2019-09-04 20:35:00 476] - DBInterfaceMysql::attach: connect: localhost:3306 starting...
   DEBUG      dbmgr-1 2082 4000  [2019-09-04 20:35:00 476] - DBInterfaceMysql::attach: connect: localhost:3306 starting...
   DEBUG      dbmgr-1 2082 4000  [2019-09-04 20:35:00 480] - DBInterfaceMysql::attach: connect: localhost:3306 starting...
   DEBUG      dbmgr-1 2082 4000  [2019-09-04 20:35:00 492] - DBInterfaceMysql::attach: connect: localhost:3306 starting...
   DEBUG      dbmgr-1 2082 4000  [2019-09-04 20:35:00 493] - DBInterfaceMysql::attach: connect: localhost:3306 starting...
   DEBUG      dbmgr-1 2082 4000  [2019-09-04 20:35:00 571] - DBInterfaceMysql::attach: successfully! addr: localhost:3306
   DEBUG      dbmgr-1 2082 4000  [2019-09-04 20:35:00 571] - DBThread::onStart(): 0x1a3c4f0!
   DEBUG      dbmgr-1 2082 4000  [2019-09-04 20:35:00 630] - DBInterfaceMysql::attach: successfully! addr: localhost:3306
   DEBUG      dbmgr-1 2082 4000  [2019-09-04 20:35:00 630] - DBThread::onStart(): 0x1a3c468!
   DEBUG      dbmgr-1 2082 4000  [2019-09-04 20:35:00 689] - DBInterfaceMysql::attach: successfully! addr: localhost:3306
   DEBUG      dbmgr-1 2082 4000  [2019-09-04 20:35:00 689] - DBThread::onStart(): 0x1a3bfa0!
   DEBUG      dbmgr-1 2082 4000  [2019-09-04 20:35:00 863] - DBInterfaceMysql::attach: successfully! addr: localhost:3306
   DEBUG      dbmgr-1 2082 4000  [2019-09-04 20:35:00 863] - DBThread::onStart(): 0x1a3c600!
   DEBUG      dbmgr-1 2082 4000  [2019-09-04 20:35:00 983] - DBInterfaceMysql::attach: successfully! addr: localhost:3306
   DEBUG      dbmgr-1 2082 4000  [2019-09-04 20:35:00 983] - DBThread::onStart(): 0x1a3c798!
    INFO      dbmgr-1 2082 4000  [2019-09-04 20:35:01 039] - DBInterfaceMysql::query: successfully!
    INFO      dbmgr-1 2082 4000  [2019-09-04 20:35:01 081] - DBInterfaceMysql::query: successfully!
    INFO      dbmgr-1 2082 4000  [2019-09-04 20:35:01 081] - DBInterfaceMysql::query: successfully!
    INFO      dbmgr-1 2082 4000  [2019-09-04 20:35:01 081] - DBInterfaceMysql::query: successfully!
 WARNING      dbmgr-1 2082 4000  [2019-09-04 20:35:01 081] - DBTask::process(): took 0.28 seconds
sql:(CREATE TABLE IF NOT EXISTS kbe_accountinfos (`accountName` varchar(128) not null, PRIMARY KEY idKey (`accountName`),`password` varchar(255) not null,`bindata` blob,`email` varchar(191) not null, UNIQUE KEY `email` (`email`),`entityDBID` bigint(20) unsigned not null DEFAULT 0, UNIQUE KEY `entityDBID` (`entityDBID`),`flags` int unsigned not null DEFAULT 0,`deadline` bigint(20) not null DEFAULT 0,`regtime` bigint(20) not null DEFAULT 0,`lasttime` bigint(20) not null DEFAULT 0,`numlogin` int unsigned not null DEFAULT 0)ENGINE=InnoDB)
    INFO      dbmgr-1 2082 4000  [2019-09-04 20:35:01 164] - DBInterfaceMysql::query: successfully!
 WARNING      dbmgr-1 2082 4000  [2019-09-04 20:35:01 165] - DBTask::process(): took 0.37 seconds
sql:(select distinct(serverGroupID) from kbe_entitylog)
    INFO      dbmgr-1 2082 4000  [2019-09-04 20:35:01 182] - DBInterfaceMysql::query: successfully!
    INFO      dbmgr-1 2082 4000  [2019-09-04 20:35:01 183] - DBInterfaceMysql::query: successfully!
    INFO      dbmgr-1 2082 4000  [2019-09-04 20:35:01 183] - DBInterfaceMysql::query: successfully!
 WARNING      dbmgr-1 2082 4000  [2019-09-04 20:35:01 183] - DBTask::process(): took 0.32 seconds
sql:(delete from kbe_email_verification where logtime<1567596901 and type=3)
 WARNING      dbmgr-1 2082 4000  [2019-09-04 20:35:01 218] - DBTask::process(): took 0.23 seconds
sql:(show index from tbl_Account)
 WARNING      dbmgr-1 2082 4000  [2019-09-04 20:35:01 302] - DBTask::process(): took 0.50 seconds
sql:(insert into kbe_serverlog (heartbeatTime, serverGroupID) values(1567600501,2082) ON DUPLICATE KEY UPDATE heartbeatTime=1567600501)
    INFO      dbmgr-1 2082 4000  [2019-09-04 20:35:07 892] - ServerApp::onRegisterNewApp: uid:2082, username:error_name, componentType:interfaces, componentID:3000, globalorderID=-1, grouporderID=-1, intaddr:192.168.56.1, intport:30099, extaddr:nonsupport, extport:0,  from 127.0.0.1:30099/0/0/0.
    INFO      dbmgr-1 2082 4000  [2019-09-04 20:35:07 893] - Components::addComponent: reset orderLog, uid=2082!
    INFO      dbmgr-1 2082 4000  [2019-09-04 20:35:07 893] - Components::addComponent[interfaces], uid=2082, componentID=3000, globalorderid=1, grouporderid=1, totalcount=1
    INFO      dbmgr-1 2082 4000  [2019-09-04 20:35:08 902] - Components::findComponents: find logger(1)...
    INFO      dbmgr-1 2082 4000  [2019-09-04 20:35:08 946] - Components::findComponents: found logger, addr:192.168.56.1:56356
    INFO      dbmgr-1 2082 4000  [2019-09-04 20:35:08 946] - Components::addComponent: reset orderLog, uid=2082!
    INFO      dbmgr-1 2082 4000  [2019-09-04 20:35:08 946] - Components::addComponent[logger], uid=2082, componentID=2000, globalorderid=1, grouporderid=1, totalcount=1
    INFO      dbmgr-1 2082 4000  [2019-09-04 20:35:08 967] - Components::process(): Found all the components!
    INFO      dbmgr-1 2082 4000  [2019-09-04 20:35:10 389] - ServerApp::onRegisterNewApp: uid:2082, username:error_name, componentType:baseappmgr, componentID:5000, globalorderID=-1, grouporderID=-1, intaddr:192.168.56.1, intport:56360, extaddr:nonsupport, extport:0,  from 192.168.56.1:56374/0/0/0.
    INFO      dbmgr-1 2082 4000  [2019-09-04 20:35:10 389] - Components::addComponent: reset orderLog, uid=2082!
    INFO      dbmgr-1 2082 4000  [2019-09-04 20:35:10 389] - Components::addComponent[baseappmgr], uid=2082, componentID=5000, globalorderid=1, grouporderid=1, totalcount=1
    INFO      dbmgr-1 2082 4000  [2019-09-04 20:35:10 686] - ServerApp::onRegisterNewApp: uid:2082, username:error_name, componentType:loginapp, componentID:9000, globalorderID=-1, grouporderID=-1, intaddr:192.168.56.1, intport:56358, extaddr:192.168.56.1, extport:20013,  from 192.168.56.1:56376/0/0/0.
    INFO      dbmgr-1 2082 4000  [2019-09-04 20:35:10 686] - Components::addComponent[loginapp], uid=2082, componentID=9000, globalorderid=2, grouporderid=1, totalcount=1
    INFO      dbmgr-1 2082 4000  [2019-09-04 20:35:11 402] - ServerApp::onRegisterNewApp: uid:2082, username:error_name, componentType:cellappmgr, componentID:6000, globalorderID=-1, grouporderID=-1, intaddr:192.168.56.1, intport:56353, extaddr:nonsupport, extport:0,  from 192.168.56.1:56378/0/0/0.
    INFO      dbmgr-1 2082 4000  [2019-09-04 20:35:11 402] - Components::addComponent[cellappmgr], uid=2082, componentID=6000, globalorderid=3, grouporderid=1, totalcount=1
    INFO      dbmgr-1 2082 4000  [2019-09-04 20:35:14 009] - ServerApp::onRegisterNewApp: uid:2082, username:error_name, componentType:cellapp, componentID:8001, globalorderID=-1, grouporderID=-1, intaddr:192.168.56.1, intport:56357, extaddr:nonsupport, extport:0,  from 192.168.56.1:56380/0/0/0.
    INFO      dbmgr-1 2082 4000  [2019-09-04 20:35:14 009] - Components::addComponent[cellapp], uid=2082, componentID=8001, globalorderid=4, grouporderid=1, totalcount=1
    INFO      dbmgr-1 2082 4000  [2019-09-04 20:35:17 028] - IDServer::allocRange: 1-2001.
   DEBUG      dbmgr-1 2082 4000  [2019-09-04 20:35:17 028] - SyncAppDatasHandler::~SyncAppDatasHandler()
    INFO      dbmgr-1 2082 4000  [2019-09-04 20:56:08 520] - -----------------------------------------------------------------------------------------


    INFO      dbmgr-1 2082 4000  [2019-09-04 20:56:08 521] - Resmgr::initialize: KBE_ROOT=D:/kbengine/
    INFO      dbmgr-1 2082 4000  [2019-09-04 20:56:08 521] - Resmgr::initialize: KBE_RES_PATH=D:/kbengine/kbe/res/;D:/kbengine/BattleOfBalls_assets/;D:/kbengine/BattleOfBalls_assets/scripts/;D:/kbengine/BattleOfBalls_assets/res/
    INFO      dbmgr-1 2082 4000  [2019-09-04 20:56:08 521] - Resmgr::initialize: KBE_BIN_PATH=D:/kbengine/kbe/bin/server/
    INFO      dbmgr-1 2082 4000  [2019-09-04 20:56:08 545] - NetworkInterface::initialize(INTERNAL-TCP): bound to all interfaces with default route interface on 192.168.56.1 ( 192.168.56.1:56632 )
    INFO      dbmgr-1 2082 4000  [2019-09-04 20:56:08 545] - NetworkInterface::initialize(INTERNAL-TCP): address 192.168.56.1:56632, SOMAXCONN=5.
    INFO      dbmgr-1 2082 4000  [2019-09-04 20:56:08 545] - server-configs:
    INFO      dbmgr-1 2082 4000  [2019-09-04 20:56:08 545] - 	internalTcpAddr : 192.168.56.1:56632
    INFO      dbmgr-1 2082 4000  [2019-09-04 20:56:08 545] - 	componentID : 4000
 WARNING      dbmgr-1 2082 4000  [2019-09-04 20:56:08 552] - invalid UID(0) <= 0, please check UID for environment! automatically set to 2082.
    INFO      dbmgr-1 2082 4000  [2019-09-04 20:56:10 062] - ---- dbmgr Version: 2.4.5. ScriptVersion: 0.1.0. Pythoncore: 3.7.3. Protocol: 11178A1C367680938C8E416B64844ACD. Config: Debug X86. Built: 09:55:16 May  8 2019. AppID: 4000. UID: 2082. PID: 19832 ----
    INFO      dbmgr-1 2082 4000  [2019-09-04 20:56:10 062] - Server error_name: Intel(R) Core(TM) i5-6300HQ CPU @ 2.30GHz with 2097151kB RAM
    INFO      dbmgr-1 2082 4000  [2019-09-04 20:56:10 063] - ThreadPool::createThreadPool: creating  threadpool...
    INFO      dbmgr-1 2082 4000  [2019-09-04 20:56:10 063] - ThreadPool::createThreadPool: successfully(2), newThreadCount=1, normalMaxThreadCount=2, maxThreadCount=8
    INFO      dbmgr-1 2082 4000  [2019-09-04 20:56:10 263] - Script::install(): is successfully, Python=(3.7.3 (default, May  8 2019, 09:53:38) [MSC v.1916 32 bit (Intel)])!
    INFO      dbmgr-1 2082 4000  [2019-09-04 20:56:10 263] - Script::install(): KBExtra is successfully!
    INFO      dbmgr-1 2082 4000  [2019-09-04 20:56:10 373] - Dbmgr::initializeEnd: digest(59655C390DE9B22A1E2FD608E15EC920)
  S_INFO      dbmgr-1 2082 4000  [2019-09-04 20:56:10 373] - onDBMgrReady: bootstrapGroupIndex=0, bootstrapGlobalIndex=0
    INFO      dbmgr-1 2082 4000  [2019-09-04 20:56:10 373] - TelnetServer server is running on port 32000
    INFO      dbmgr-1 2082 4000  [2019-09-04 20:56:10 374] - Dbmgr::initInterfacesHandler: interfaces addr(127.0.0.1:30099), accountType:(interfaces), chargeType:(interfaces).
 WARNING      dbmgr-1 2082 4000  [2019-09-04 20:56:10 611] - DBUtil::initialize: db(default) password is not encrypted!
please use password(rsa):
20951530AEF144E73056A33A2F1463966189CE43C4A829E15C20FFC529F55BD0EAFC0DCC00BD49FF2B56C751C136C6D8EA26BDF6D0C1A9F1304D1AD29800F83B8440B8E58D0924A80E9476C9C28DC1C919D30842D321C9E952E39E64E79F754986DEC70D2FF3BB7A81B5D2C33934953F878196CF0D88DE1CEEC5298B765DD5C8
   DEBUG      dbmgr-1 2082 4000  [2019-09-04 20:56:10 638] - DBInterfaceMysql::attach: connect: localhost:3306 starting...
   DEBUG      dbmgr-1 2082 4000  [2019-09-04 20:56:10 888] - DBInterfaceMysql::attach: successfully! addr: localhost:3306
    INFO      dbmgr-1 2082 4000  [2019-09-04 20:56:10 888] - DBUtil::createInterface[0x177efdc]: interface=default, dbtype=mysql, ip=localhost, port=3306, currdatabase=kbe, username=kbe, connected=yes.

    INFO      dbmgr-1 2082 4000  [2019-09-04 20:56:10 889] - ThreadPool::createThreadPool: creating  threadpool...
    INFO      dbmgr-1 2082 4000  [2019-09-04 20:56:10 889] - ThreadPool::createThreadPool: successfully(5), newThreadCount=5, normalMaxThreadCount=5, maxThreadCount=5
    INFO      dbmgr-1 2082 4000  [2019-09-04 20:56:11 096] - DBInterfaceMysql::query: successfully!
 WARNING      dbmgr-1 2082 4000  [2019-09-04 20:56:12 096] - d:\kbengine\kbe\src\server\dbmgr\dbmgr.cpp:306: Profile scriptCall took 1.72 seconds
    INFO      dbmgr-1 2082 4000  [2019-09-04 20:56:12 529] - ---- dbmgr is running ----
   DEBUG      dbmgr-1 2082 4000  [2019-09-04 20:56:12 529] - Components::process(): Request for the process of identity...
   DEBUG      dbmgr-1 2082 4000  [2019-09-04 20:56:10 890] - DBInterfaceMysql::attach: connect: localhost:3306 starting...
   DEBUG      dbmgr-1 2082 4000  [2019-09-04 20:56:10 898] - DBInterfaceMysql::attach: connect: localhost:3306 starting...
   DEBUG      dbmgr-1 2082 4000  [2019-09-04 20:56:10 916] - DBInterfaceMysql::attach: connect: localhost:3306 starting...
   DEBUG      dbmgr-1 2082 4000  [2019-09-04 20:56:10 921] - DBInterfaceMysql::attach: connect: localhost:3306 starting...
   DEBUG      dbmgr-1 2082 4000  [2019-09-04 20:56:10 923] - DBInterfaceMysql::attach: connect: localhost:3306 starting...
   DEBUG      dbmgr-1 2082 4000  [2019-09-04 20:56:11 094] - DBInterfaceMysql::attach: successfully! addr: localhost:3306
   DEBUG      dbmgr-1 2082 4000  [2019-09-04 20:56:11 094] - DBThread::onStart(): 0x1a8abf0!
   DEBUG      dbmgr-1 2082 4000  [2019-09-04 20:56:11 239] - DBInterfaceMysql::attach: successfully! addr: localhost:3306
   DEBUG      dbmgr-1 2082 4000  [2019-09-04 20:56:11 239] - DBThread::onStart(): 0x1a8afa8!
   DEBUG      dbmgr-1 2082 4000  [2019-09-04 20:56:11 363] - DBInterfaceMysql::attach: successfully! addr: localhost:3306
   DEBUG      dbmgr-1 2082 4000  [2019-09-04 20:56:11 363] - DBThread::onStart(): 0x1a8af20!
   DEBUG      dbmgr-1 2082 4000  [2019-09-04 20:56:11 515] - DBInterfaceMysql::attach: successfully! addr: localhost:3306
   DEBUG      dbmgr-1 2082 4000  [2019-09-04 20:56:11 515] - DBThread::onStart(): 0x1a8a590!
    INFO      dbmgr-1 2082 4000  [2019-09-04 20:56:11 655] - DBInterfaceMysql::query: successfully!
 WARNING      dbmgr-1 2082 4000  [2019-09-04 20:56:11 656] - DBTask::process(): took 0.56 seconds
sql:(CREATE TABLE IF NOT EXISTS kbe_accountinfos (`accountName` varchar(128) not null, PRIMARY KEY idKey (`accountName`),`password` varchar(255) not null,`bindata` blob,`email` varchar(191) not null, UNIQUE KEY `email` (`email`),`entityDBID` bigint(20) unsigned not null DEFAULT 0, UNIQUE KEY `entityDBID` (`entityDBID`),`flags` int unsigned not null DEFAULT 0,`deadline` bigint(20) not null DEFAULT 0,`regtime` bigint(20) not null DEFAULT 0,`lasttime` bigint(20) not null DEFAULT 0,`numlogin` int unsigned not null DEFAULT 0)ENGINE=InnoDB)
    INFO      dbmgr-1 2082 4000  [2019-09-04 20:56:11 679] - DBInterfaceMysql::query: successfully!
    INFO      dbmgr-1 2082 4000  [2019-09-04 20:56:11 679] - DBInterfaceMysql::query: successfully!
    INFO      dbmgr-1 2082 4000  [2019-09-04 20:56:11 680] - DBInterfaceMysql::query: successfully!
    INFO      dbmgr-1 2082 4000  [2019-09-04 20:56:11 680] - DBInterfaceMysql::query: successfully!
    INFO      dbmgr-1 2082 4000  [2019-09-04 20:56:11 681] - DBInterfaceMysql::query: successfully!
 WARNING      dbmgr-1 2082 4000  [2019-09-04 20:56:11 681] - DBTask::process(): took 0.44 seconds
sql:(delete from kbe_email_verification where logtime<1567598171 and type=3)
   DEBUG      dbmgr-1 2082 4000  [2019-09-04 20:56:11 805] - DBInterfaceMysql::attach: successfully! addr: localhost:3306
   DEBUG      dbmgr-1 2082 4000  [2019-09-04 20:56:11 805] - DBThread::onStart(): 0x1a8b360!
    INFO      dbmgr-1 2082 4000  [2019-09-04 20:56:11 806] - DBInterfaceMysql::query: successfully!
 WARNING      dbmgr-1 2082 4000  [2019-09-04 20:56:11 806] - DBTask::process(): took 0.44 seconds
sql:(select distinct(serverGroupID) from kbe_entitylog)
 WARNING      dbmgr-1 2082 4000  [2019-09-04 20:56:11 907] - DBTask::process(): took 0.25 seconds
sql:(show index from tbl_Room)
    INFO      dbmgr-1 2082 4000  [2019-09-04 20:56:11 963] - DBInterfaceMysql::query: successfully!
 WARNING      dbmgr-1 2082 4000  [2019-09-04 20:56:11 965] - DBTask::process(): took 0.28 seconds
sql:(show index from tbl_Hall)
 WARNING      dbmgr-1 2082 4000  [2019-09-04 20:56:12 080] - DBTask::process(): took 0.56 seconds
sql:(insert into kbe_serverlog (heartbeatTime, serverGroupID) values(1567601771,2082) ON DUPLICATE KEY UPDATE heartbeatTime=1567601771)
    INFO      dbmgr-1 2082 4000  [2019-09-04 20:56:18 652] - ServerApp::onRegisterNewApp: uid:2082, username:error_name, componentType:interfaces, componentID:3000, globalorderID=-1, grouporderID=-1, intaddr:192.168.56.1, intport:30099, extaddr:nonsupport, extport:0,  from 127.0.0.1:30099/0/0/0.
    INFO      dbmgr-1 2082 4000  [2019-09-04 20:56:18 652] - Components::addComponent: reset orderLog, uid=2082!
    INFO      dbmgr-1 2082 4000  [2019-09-04 20:56:18 652] - Components::addComponent[interfaces], uid=2082, componentID=3000, globalorderid=1, grouporderid=1, totalcount=1
    INFO      dbmgr-1 2082 4000  [2019-09-04 20:56:19 653] - Components::findComponents: find logger(1)...
    INFO      dbmgr-1 2082 4000  [2019-09-04 20:56:19 689] - Components::findComponents: found logger, addr:192.168.56.1:56634
    INFO      dbmgr-1 2082 4000  [2019-09-04 20:56:19 689] - Components::addComponent: reset orderLog, uid=2082!
    INFO      dbmgr-1 2082 4000  [2019-09-04 20:56:19 690] - Components::addComponent[logger], uid=2082, componentID=2000, globalorderid=1, grouporderid=1, totalcount=1
    INFO      dbmgr-1 2082 4000  [2019-09-04 20:56:19 693] - Components::process(): Found all the components!
    INFO      dbmgr-1 2082 4000  [2019-09-04 20:56:22 033] - ServerApp::onRegisterNewApp: uid:2082, username:error_name, componentType:baseappmgr, componentID:5000, globalorderID=-1, grouporderID=-1, intaddr:192.168.56.1, intport:56635, extaddr:nonsupport, extport:0,  from 192.168.56.1:56654/0/0/0.
    INFO      dbmgr-1 2082 4000  [2019-09-04 20:56:22 033] - Components::addComponent: reset orderLog, uid=2082!
    INFO      dbmgr-1 2082 4000  [2019-09-04 20:56:22 033] - Components::addComponent[baseappmgr], uid=2082, componentID=5000, globalorderid=1, grouporderid=1, totalcount=1
    INFO      dbmgr-1 2082 4000  [2019-09-04 20:56:22 543] - ServerApp::onRegisterNewApp: uid:2082, username:error_name, componentType:loginapp, componentID:9000, globalorderID=-1, grouporderID=-1, intaddr:192.168.56.1, intport:56639, extaddr:192.168.56.1, extport:20013,  from 192.168.56.1:56656/0/0/0.
    INFO      dbmgr-1 2082 4000  [2019-09-04 20:56:22 543] - Components::addComponent[loginapp], uid=2082, componentID=9000, globalorderid=2, grouporderid=1, totalcount=1
    INFO      dbmgr-1 2082 4000  [2019-09-04 20:56:22 663] - ServerApp::onRegisterNewApp: uid:2082, username:error_name, componentType:cellappmgr, componentID:6000, globalorderID=-1, grouporderID=-1, intaddr:192.168.56.1, intport:56638, extaddr:nonsupport, extport:0,  from 192.168.56.1:56658/0/0/0.
    INFO      dbmgr-1 2082 4000  [2019-09-04 20:56:22 663] - Components::addComponent[cellappmgr], uid=2082, componentID=6000, globalorderid=3, grouporderid=1, totalcount=1
    INFO      dbmgr-1 2082 4000  [2019-09-04 20:56:24 532] - ServerApp::onRegisterNewApp: uid:2082, username:error_name, componentType:cellapp, componentID:8001, globalorderID=-1, grouporderID=-1, intaddr:192.168.56.1, intport:56637, extaddr:nonsupport, extport:0,  from 192.168.56.1:56660/0/0/0.
    INFO      dbmgr-1 2082 4000  [2019-09-04 20:56:24 532] - Components::addComponent[cellapp], uid=2082, componentID=8001, globalorderid=4, grouporderid=1, totalcount=1
    INFO      dbmgr-1 2082 4000  [2019-09-04 20:56:25 857] - ServerApp::onRegisterNewApp: uid:2082, username:error_name, componentType:baseapp, componentID:7001, globalorderID=-1, grouporderID=-1, intaddr:192.168.56.1, intport:56640, extaddr:192.168.56.1, extport:20015,  from 192.168.56.1:56663/0/0/0.
    INFO      dbmgr-1 2082 4000  [2019-09-04 20:56:25 857] - Components::addComponent[baseapp], uid=2082, componentID=7001, globalorderid=5, grouporderid=1, totalcount=1
    INFO      dbmgr-1 2082 4000  [2019-09-04 20:56:28 873] - IDServer::allocRange: 1-2001.
    INFO      dbmgr-1 2082 4000  [2019-09-04 20:56:28 873] - IDServer::allocRange: 2001-4001.
   DEBUG      dbmgr-1 2082 4000  [2019-09-04 20:56:28 874] - SyncAppDatasHandler::~SyncAppDatasHandler()
    INFO      dbmgr-1 2082 4000  [2019-09-04 20:57:39 442] - -----------------------------------------------------------------------------------------


    INFO      dbmgr-1 2082 4000  [2019-09-04 20:57:39 443] - Resmgr::initialize: KBE_ROOT=D:/kbengine/
    INFO      dbmgr-1 2082 4000  [2019-09-04 20:57:39 444] - Resmgr::initialize: KBE_RES_PATH=D:/kbengine/kbe/res/;D:/kbengine/BattleOfBalls_assets/;D:/kbengine/BattleOfBalls_assets/scripts/;D:/kbengine/BattleOfBalls_assets/res/
    INFO      dbmgr-1 2082 4000  [2019-09-04 20:57:39 444] - Resmgr::initialize: KBE_BIN_PATH=D:/kbengine/kbe/bin/server/
    INFO      dbmgr-1 2082 4000  [2019-09-04 20:57:39 489] - NetworkInterface::initialize(INTERNAL-TCP): bound to all interfaces with default route interface on 192.168.56.1 ( 192.168.56.1:56710 )
    INFO      dbmgr-1 2082 4000  [2019-09-04 20:57:39 489] - NetworkInterface::initialize(INTERNAL-TCP): address 192.168.56.1:56710, SOMAXCONN=5.
    INFO      dbmgr-1 2082 4000  [2019-09-04 20:57:39 489] - server-configs:
    INFO      dbmgr-1 2082 4000  [2019-09-04 20:57:39 489] - 	internalTcpAddr : 192.168.56.1:56710
    INFO      dbmgr-1 2082 4000  [2019-09-04 20:57:39 489] - 	componentID : 4000
 WARNING      dbmgr-1 2082 4000  [2019-09-04 20:57:39 493] - invalid UID(0) <= 0, please check UID for environment! automatically set to 2082.
    INFO      dbmgr-1 2082 4000  [2019-09-04 20:57:39 895] - Components::findLogger: found logger, addr:192.168.56.1:56705
    INFO      dbmgr-1 2082 4000  [2019-09-04 20:57:39 895] - Components::addComponent: reset orderLog, uid=2082!
    INFO      dbmgr-1 2082 4000  [2019-09-04 20:57:39 895] - Components::addComponent[logger], uid=2082, componentID=2000, globalorderid=1, grouporderid=1, totalcount=1
    INFO      dbmgr-1 2082 4000  [2019-09-04 20:57:39 901] - ---- dbmgr Version: 2.4.5. ScriptVersion: 0.1.0. Pythoncore: 3.7.3. Protocol: 11178A1C367680938C8E416B64844ACD. Config: Debug X86. Built: 09:55:16 May  8 2019. AppID: 4000. UID: 2082. PID: 16116 ----
    INFO      dbmgr-1 2082 4000  [2019-09-04 20:57:39 901] - Server error_name: Intel(R) Core(TM) i5-6300HQ CPU @ 2.30GHz with 2097151kB RAM
    INFO      dbmgr-1 2082 4000  [2019-09-04 20:57:39 901] - ThreadPool::createThreadPool: creating  threadpool...
    INFO      dbmgr-1 2082 4000  [2019-09-04 20:57:39 902] - ThreadPool::createThreadPool: successfully(2), newThreadCount=1, normalMaxThreadCount=2, maxThreadCount=8
    INFO      dbmgr-1 2082 4000  [2019-09-04 20:57:40 106] - Script::install(): is successfully, Python=(3.7.3 (default, May  8 2019, 09:53:38) [MSC v.1916 32 bit (Intel)])!
    INFO      dbmgr-1 2082 4000  [2019-09-04 20:57:40 106] - Script::install(): KBExtra is successfully!
    INFO      dbmgr-1 2082 4000  [2019-09-04 20:57:40 213] - Dbmgr::initializeEnd: digest(59655C390DE9B22A1E2FD608E15EC920)
  S_INFO      dbmgr-1 2082 4000  [2019-09-04 20:57:40 213] - onDBMgrReady: bootstrapGroupIndex=0, bootstrapGlobalIndex=0
    INFO      dbmgr-1 2082 4000  [2019-09-04 20:57:40 214] - TelnetServer server is running on port 32000
    INFO      dbmgr-1 2082 4000  [2019-09-04 20:57:40 218] - Dbmgr::initInterfacesHandler: interfaces addr(127.0.0.1:30099), accountType:(interfaces), chargeType:(interfaces).
 WARNING      dbmgr-1 2082 4000  [2019-09-04 20:57:40 444] - DBUtil::initialize: db(default) password is not encrypted!
please use password(rsa):
9F92FA8DC8183C00CA9DA6F8D60C23E32992049C283848B9C0538D4AB8B2F89F15553A51D3833A55209BD764C7D2C5128D113D77F20010FDD9D13E85E8639EAF9F5525B99AA9F467D1FB2D0BF62F35B0E39C88EA778DC5E84D89D3A5DD779E11A494498991E9A5CBD4DFCCC2C0A1A6EF598BBAD6166DBA6ED34CDB31A28629F1
   DEBUG      dbmgr-1 2082 4000  [2019-09-04 20:57:40 448] - DBInterfaceMysql::attach: connect: localhost:3306 starting...
   DEBUG      dbmgr-1 2082 4000  [2019-09-04 20:57:40 572] - DBInterfaceMysql::attach: successfully! addr: localhost:3306
    INFO      dbmgr-1 2082 4000  [2019-09-04 20:57:40 572] - DBUtil::createInterface[0x177f07c]: interface=default, dbtype=mysql, ip=localhost, port=3306, currdatabase=kbe, username=kbe, connected=yes.

    INFO      dbmgr-1 2082 4000  [2019-09-04 20:57:40 573] - ThreadPool::createThreadPool: creating  threadpool...
    INFO      dbmgr-1 2082 4000  [2019-09-04 20:57:40 573] - ThreadPool::createThreadPool: successfully(5), newThreadCount=5, normalMaxThreadCount=5, maxThreadCount=5
    INFO      dbmgr-1 2082 4000  [2019-09-04 20:57:41 031] - DBInterfaceMysql::query: successfully!
 WARNING      dbmgr-1 2082 4000  [2019-09-04 20:57:41 372] - d:\kbengine\kbe\src\server\dbmgr\dbmgr.cpp:306: Profile scriptCall took 1.16 seconds
    INFO      dbmgr-1 2082 4000  [2019-09-04 20:57:41 777] - ---- dbmgr is running ----
   DEBUG      dbmgr-1 2082 4000  [2019-09-04 20:57:41 777] - Components::process(): Request for the process of identity...
   DEBUG      dbmgr-1 2082 4000  [2019-09-04 20:57:40 573] - DBInterfaceMysql::attach: connect: localhost:3306 starting...
   DEBUG      dbmgr-1 2082 4000  [2019-09-04 20:57:40 580] - DBInterfaceMysql::attach: connect: localhost:3306 starting...
   DEBUG      dbmgr-1 2082 4000  [2019-09-04 20:57:40 586] - DBInterfaceMysql::attach: connect: localhost:3306 starting...
   DEBUG      dbmgr-1 2082 4000  [2019-09-04 20:57:40 590] - DBInterfaceMysql::attach: connect: localhost:3306 starting...
   DEBUG      dbmgr-1 2082 4000  [2019-09-04 20:57:40 596] - DBInterfaceMysql::attach: connect: localhost:3306 starting...
   DEBUG      dbmgr-1 2082 4000  [2019-09-04 20:57:40 730] - DBInterfaceMysql::attach: successfully! addr: localhost:3306
   DEBUG      dbmgr-1 2082 4000  [2019-09-04 20:57:40 730] - DBThread::onStart(): 0x1969860!
   DEBUG      dbmgr-1 2082 4000  [2019-09-04 20:57:40 813] - DBInterfaceMysql::attach: successfully! addr: localhost:3306
   DEBUG      dbmgr-1 2082 4000  [2019-09-04 20:57:40 813] - DBThread::onStart(): 0x1969398!
   DEBUG      dbmgr-1 2082 4000  [2019-09-04 20:57:40 872] - DBInterfaceMysql::attach: successfully! addr: localhost:3306
   DEBUG      dbmgr-1 2082 4000  [2019-09-04 20:57:40 872] - DBThread::onStart(): 0x1968ed0!
   DEBUG      dbmgr-1 2082 4000  [2019-09-04 20:57:40 955] - DBInterfaceMysql::attach: successfully! addr: localhost:3306
   DEBUG      dbmgr-1 2082 4000  [2019-09-04 20:57:40 956] - DBThread::onStart(): 0x1969200!
   DEBUG      dbmgr-1 2082 4000  [2019-09-04 20:57:41 030] - DBInterfaceMysql::attach: successfully! addr: localhost:3306
   DEBUG      dbmgr-1 2082 4000  [2019-09-04 20:57:41 030] - DBThread::onStart(): 0x1969068!
    INFO      dbmgr-1 2082 4000  [2019-09-04 20:57:41 138] - DBInterfaceMysql::query: successfully!
    INFO      dbmgr-1 2082 4000  [2019-09-04 20:57:41 172] - DBInterfaceMysql::query: successfully!
    INFO      dbmgr-1 2082 4000  [2019-09-04 20:57:41 172] - DBInterfaceMysql::query: successfully!
    INFO      dbmgr-1 2082 4000  [2019-09-04 20:57:41 172] - DBInterfaceMysql::query: successfully!
    INFO      dbmgr-1 2082 4000  [2019-09-04 20:57:41 173] - DBInterfaceMysql::query: successfully!
    INFO      dbmgr-1 2082 4000  [2019-09-04 20:57:41 173] - DBInterfaceMysql::query: successfully!
    INFO      dbmgr-1 2082 4000  [2019-09-04 20:57:41 173] - DBInterfaceMysql::query: successfully!
    INFO      dbmgr-1 2082 4000  [2019-09-04 20:57:41 178] - DBInterfaceMysql::query: successfully!
 WARNING      dbmgr-1 2082 4000  [2019-09-04 20:57:41 339] - DBTask::process(): took 0.31 seconds
sql:(insert into kbe_serverlog (heartbeatTime, serverGroupID) values(1567601861,2082) ON DUPLICATE KEY UPDATE heartbeatTime=1567601861)
    INFO      dbmgr-1 2082 4000  [2019-09-04 20:57:47 889] - ServerApp::onRegisterNewApp: uid:2082, username:error_name, componentType:interfaces, componentID:3000, globalorderID=-1, grouporderID=-1, intaddr:192.168.56.1, intport:30099, extaddr:nonsupport, extport:0,  from 127.0.0.1:30099/0/0/0.
    INFO      dbmgr-1 2082 4000  [2019-09-04 20:57:47 889] - Components::addComponent: reset orderLog, uid=2082!
    INFO      dbmgr-1 2082 4000  [2019-09-04 20:57:47 889] - Components::addComponent[interfaces], uid=2082, componentID=3000, globalorderid=1, grouporderid=1, totalcount=1
    INFO      dbmgr-1 2082 4000  [2019-09-04 20:57:48 913] - Components::process(): Found all the components!
    INFO      dbmgr-1 2082 4000  [2019-09-04 20:57:51 937] - ServerApp::onRegisterNewApp: uid:2082, username:error_name, componentType:cellappmgr, componentID:6000, globalorderID=-1, grouporderID=-1, intaddr:192.168.56.1, intport:56708, extaddr:nonsupport, extport:0,  from 192.168.56.1:56725/0/0/0.
    INFO      dbmgr-1 2082 4000  [2019-09-04 20:57:51 937] - Components::addComponent: reset orderLog, uid=2082!
    INFO      dbmgr-1 2082 4000  [2019-09-04 20:57:51 937] - Components::addComponent[cellappmgr], uid=2082, componentID=6000, globalorderid=1, grouporderid=1, totalcount=1
    INFO      dbmgr-1 2082 4000  [2019-09-04 20:57:52 106] - ServerApp::onRegisterNewApp: uid:2082, username:error_name, componentType:loginapp, componentID:9000, globalorderID=-1, grouporderID=-1, intaddr:192.168.56.1, intport:56706, extaddr:192.168.56.1, extport:20013,  from 192.168.56.1:56727/0/0/0.
    INFO      dbmgr-1 2082 4000  [2019-09-04 20:57:52 107] - Components::addComponent[loginapp], uid=2082, componentID=9000, globalorderid=2, grouporderid=1, totalcount=1
    INFO      dbmgr-1 2082 4000  [2019-09-04 20:57:52 740] - ServerApp::onRegisterNewApp: uid:2082, username:error_name, componentType:baseappmgr, componentID:5000, globalorderID=-1, grouporderID=-1, intaddr:192.168.56.1, intport:56707, extaddr:nonsupport, extport:0,  from 192.168.56.1:56729/0/0/0.
    INFO      dbmgr-1 2082 4000  [2019-09-04 20:57:52 740] - Components::addComponent[baseappmgr], uid=2082, componentID=5000, globalorderid=3, grouporderid=1, totalcount=1
    INFO      dbmgr-1 2082 4000  [2019-09-04 20:57:54 179] - ServerApp::onRegisterNewApp: uid:2082, username:error_name, componentType:baseapp, componentID:7001, globalorderID=-1, grouporderID=-1, intaddr:192.168.56.1, intport:56711, extaddr:192.168.56.1, extport:20015,  from 192.168.56.1:56731/0/0/0.
    INFO      dbmgr-1 2082 4000  [2019-09-04 20:57:54 179] - Components::addComponent[baseapp], uid=2082, componentID=7001, globalorderid=4, grouporderid=1, totalcount=1
    INFO      dbmgr-1 2082 4000  [2019-09-04 20:57:55 358] - ServerApp::onRegisterNewApp: uid:2082, username:error_name, componentType:cellapp, componentID:8001, globalorderID=-1, grouporderID=-1, intaddr:192.168.56.1, intport:56709, extaddr:nonsupport, extport:0,  from 192.168.56.1:56734/0/0/0.
    INFO      dbmgr-1 2082 4000  [2019-09-04 20:57:55 358] - Components::addComponent[cellapp], uid=2082, componentID=8001, globalorderid=5, grouporderid=1, totalcount=1
    INFO      dbmgr-1 2082 4000  [2019-09-04 20:57:58 365] - IDServer::allocRange: 1-2001.
    INFO      dbmgr-1 2082 4000  [2019-09-04 20:57:58 365] - IDServer::allocRange: 2001-4001.
   DEBUG      dbmgr-1 2082 4000  [2019-09-04 20:57:58 365] - SyncAppDatasHandler::~SyncAppDatasHandler()
