    INFO      dbmgr-1 2082 4000  [2019-09-03 21:24:31 653] - -----------------------------------------------------------------------------------------


    INFO      dbmgr-1 2082 4000  [2019-09-03 21:24:31 865] - Resmgr::initialize: KBE_ROOT=D:/kbengine/
    INFO      dbmgr-1 2082 4000  [2019-09-03 21:24:31 865] - Resmgr::initialize: KBE_RES_PATH=D:/kbengine/kbe/res/;D:/kbengine/BattleOfBalls_assets/;D:/kbengine/BattleOfBalls_assets/scripts/;D:/kbengine/BattleOfBalls_assets/res/
    INFO      dbmgr-1 2082 4000  [2019-09-03 21:24:31 865] - Resmgr::initialize: KBE_BIN_PATH=D:/kbengine/kbe/bin/server/
    INFO      dbmgr-1 2082 4000  [2019-09-03 21:24:31 940] - NetworkInterface::initialize(INTERNAL-TCP): bound to all interfaces with default route interface on 192.168.56.1 ( 192.168.56.1:52649 )
    INFO      dbmgr-1 2082 4000  [2019-09-03 21:24:31 941] - NetworkInterface::initialize(INTERNAL-TCP): address 192.168.56.1:52649, SOMAXCONN=5.
    INFO      dbmgr-1 2082 4000  [2019-09-03 21:24:31 941] - server-configs:
    INFO      dbmgr-1 2082 4000  [2019-09-03 21:24:31 941] - 	internalTcpAddr : 192.168.56.1:52649
    INFO      dbmgr-1 2082 4000  [2019-09-03 21:24:31 941] - 	componentID : 4000
 WARNING      dbmgr-1 2082 4000  [2019-09-03 21:24:31 941] - invalid UID(0) <= 0, please check UID for environment! automatically set to 2082.
    INFO      dbmgr-1 2082 4000  [2019-09-03 21:24:32 146] - ---- dbmgr Version: 2.4.5. ScriptVersion: 0.1.0. Pythoncore: 3.7.3. Protocol: 11178A1C367680938C8E416B64844ACD. Config: Debug X86. Built: 09:55:16 May  8 2019. AppID: 4000. UID: 2082. PID: 5400 ----
    INFO      dbmgr-1 2082 4000  [2019-09-03 21:24:32 146] - Server error_name: Intel(R) Core(TM) i5-6300HQ CPU @ 2.30GHz with 2097151kB RAM
    INFO      dbmgr-1 2082 4000  [2019-09-03 21:24:32 213] - ThreadPool::createThreadPool: creating  threadpool...
    INFO      dbmgr-1 2082 4000  [2019-09-03 21:24:32 215] - ThreadPool::createThreadPool: successfully(2), newThreadCount=1, normalMaxThreadCount=2, maxThreadCount=8
    INFO      dbmgr-1 2082 4000  [2019-09-03 21:24:33 461] - Script::install(): is successfully, Python=(3.7.3 (default, May  8 2019, 09:53:38) [MSC v.1916 32 bit (Intel)])!
    INFO      dbmgr-1 2082 4000  [2019-09-03 21:24:33 461] - Script::install(): KBExtra is successfully!
    INFO      dbmgr-1 2082 4000  [2019-09-03 21:24:34 073] - Dbmgr::initializeEnd: digest(363BB7D9C7C9010E5779213C13D38542)
  S_INFO      dbmgr-1 2082 4000  [2019-09-03 21:24:34 107] - onDBMgrReady: bootstrapGroupIndex=0, bootstrapGlobalIndex=0
    INFO      dbmgr-1 2082 4000  [2019-09-03 21:24:34 120] - TelnetServer server is running on port 32000
    INFO      dbmgr-1 2082 4000  [2019-09-03 21:24:34 150] - Dbmgr::initInterfacesHandler: interfaces addr(127.0.0.1:30099), accountType:(interfaces), chargeType:(interfaces).
 WARNING      dbmgr-1 2082 4000  [2019-09-03 21:24:34 779] - DBUtil::initialize: db(default) password is not encrypted!
please use password(rsa):
23AFC77601A1837A2254DA78C9FF315C44A226B82FE71BD0A23137864F6FEF6B6EED4CB78D544E28BC39D2C0682E6225F71BD40972AB024A7A22748C4374ED9D48784F32ACDD4B92B7C01DF51DFC436776AC142AAEC22895FDD9839FD366634F439C208969E04BCA3D7202262EBB1AED1C16F708F9690C8FCF57C53630C24533
   DEBUG      dbmgr-1 2082 4000  [2019-09-03 21:24:35 007] - DBInterfaceMysql::attach: connect: localhost:3306 starting...
   DEBUG      dbmgr-1 2082 4000  [2019-09-03 21:24:36 109] - DBInterfaceMysql::attach: successfully! addr: localhost:3306
    INFO      dbmgr-1 2082 4000  [2019-09-03 21:24:36 109] - DBUtil::createInterface[0x1bbee0c]: interface=default, dbtype=mysql, ip=localhost, port=3306, currdatabase=kbe, username=kbe, connected=yes.

    INFO      dbmgr-1 2082 4000  [2019-09-03 21:24:36 382] - ThreadPool::createThreadPool: creating  threadpool...
    INFO      dbmgr-1 2082 4000  [2019-09-03 21:24:36 382] - ThreadPool::createThreadPool: successfully(5), newThreadCount=5, normalMaxThreadCount=5, maxThreadCount=5
    INFO      dbmgr-1 2082 4000  [2019-09-03 21:24:36 941] - DBInterfaceMysql::query: successfully!
 WARNING      dbmgr-1 2082 4000  [2019-09-03 21:24:36 941] - DBInterfaceMysql::checkErrors: not found Account table(dbInterface=default), reset kbe_* table...
 WARNING      dbmgr-1 2082 4000  [2019-09-03 21:24:38 658] - DBInterfaceMysql::checkErrors: reset kbe_* table(dbInterface=default) end!
   DEBUG      dbmgr-1 2082 4000  [2019-09-03 21:24:45 929] - DBInterfaceMysql::dropEntityTableFromDB: tbl_avatar.
    INFO      dbmgr-1 2082 4000  [2019-09-03 21:24:46 954] - DBInterfaceMysql::query: successfully!
   DEBUG      dbmgr-1 2082 4000  [2019-09-03 21:24:46 954] - DBInterfaceMysql::dropEntityTableFromDB: tbl_food.
    INFO      dbmgr-1 2082 4000  [2019-09-03 21:24:48 053] - DBInterfaceMysql::query: successfully!
   DEBUG      dbmgr-1 2082 4000  [2019-09-03 21:24:48 053] - DBInterfaceMysql::dropEntityTableFromDB: tbl_halls.
    INFO      dbmgr-1 2082 4000  [2019-09-03 21:24:48 819] - DBInterfaceMysql::query: successfully!
   DEBUG      dbmgr-1 2082 4000  [2019-09-03 21:24:48 820] - DBInterfaceMysql::dropEntityTableFromDB: tbl_room.
    INFO      dbmgr-1 2082 4000  [2019-09-03 21:24:49 329] - DBInterfaceMysql::query: successfully!
   DEBUG      dbmgr-1 2082 4000  [2019-09-03 21:24:49 329] - DBInterfaceMysql::dropEntityTableFromDB: tbl_smash.
    INFO      dbmgr-1 2082 4000  [2019-09-03 21:24:49 628] - DBInterfaceMysql::query: successfully!
 WARNING      dbmgr-1 2082 4000  [2019-09-03 21:24:49 628] - d:\kbengine\kbe\src\server\dbmgr\dbmgr.cpp:306: Profile scriptCall took 15.56 seconds
    INFO      dbmgr-1 2082 4000  [2019-09-03 21:24:50 163] - ---- dbmgr is running ----
   DEBUG      dbmgr-1 2082 4000  [2019-09-03 21:24:50 203] - Components::process(): Request for the process of identity...
   DEBUG      dbmgr-1 2082 4000  [2019-09-03 21:24:36 382] - DBInterfaceMysql::attach: connect: localhost:3306 starting...
   DEBUG      dbmgr-1 2082 4000  [2019-09-03 21:24:36 382] - DBInterfaceMysql::attach: connect: localhost:3306 starting...
   DEBUG      dbmgr-1 2082 4000  [2019-09-03 21:24:36 382] - DBInterfaceMysql::attach: connect: localhost:3306 starting...
   DEBUG      dbmgr-1 2082 4000  [2019-09-03 21:24:36 384] - DBInterfaceMysql::attach: connect: localhost:3306 starting...
   DEBUG      dbmgr-1 2082 4000  [2019-09-03 21:24:36 384] - DBInterfaceMysql::attach: connect: localhost:3306 starting...
   DEBUG      dbmgr-1 2082 4000  [2019-09-03 21:24:36 514] - DBInterfaceMysql::attach: successfully! addr: localhost:3306
   DEBUG      dbmgr-1 2082 4000  [2019-09-03 21:24:36 514] - DBThread::onStart(): 0x20c9430!
   DEBUG      dbmgr-1 2082 4000  [2019-09-03 21:24:36 654] - DBInterfaceMysql::attach: successfully! addr: localhost:3306
   DEBUG      dbmgr-1 2082 4000  [2019-09-03 21:24:36 654] - DBThread::onStart(): 0x20c8770!
   DEBUG      dbmgr-1 2082 4000  [2019-09-03 21:24:36 771] - DBInterfaceMysql::attach: successfully! addr: localhost:3306
   DEBUG      dbmgr-1 2082 4000  [2019-09-03 21:24:36 771] - DBThread::onStart(): 0x20c8990!
   DEBUG      dbmgr-1 2082 4000  [2019-09-03 21:24:37 059] - DBInterfaceMysql::attach: successfully! addr: localhost:3306
   DEBUG      dbmgr-1 2082 4000  [2019-09-03 21:24:37 059] - DBThread::onStart(): 0x20c8880!
   DEBUG      dbmgr-1 2082 4000  [2019-09-03 21:24:37 214] - DBInterfaceMysql::attach: successfully! addr: localhost:3306
   DEBUG      dbmgr-1 2082 4000  [2019-09-03 21:24:37 214] - DBThread::onStart(): 0x20c87f8!
    INFO      dbmgr-1 2082 4000  [2019-09-03 21:24:38 945] - DBInterfaceMysql::query: successfully!
    INFO      dbmgr-1 2082 4000  [2019-09-03 21:24:38 945] - DBInterfaceMysql::query: successfully!
    INFO      dbmgr-1 2082 4000  [2019-09-03 21:24:40 693] - DBInterfaceMysql::query: successfully!
 WARNING      dbmgr-1 2082 4000  [2019-09-03 21:24:40 874] - DBTask::process(): took 1.80 seconds
sql:(insert into kbe_serverlog (heartbeatTime, serverGroupID) values(1567517078,2082) ON DUPLICATE KEY UPDATE heartbeatTime=1567517078)
 WARNING      dbmgr-1 2082 4000  [2019-09-03 21:24:40 875] - DBTask::process(): took 2.06 seconds
sql:(select distinct(serverGroupID) from kbe_entitylog)
   DEBUG      dbmgr-1 2082 4000  [2019-09-03 21:24:43 612] - syncToDB(): Account->sm_autoLoad(tinyint not null DEFAULT 0).
    INFO      dbmgr-1 2082 4000  [2019-09-03 21:24:43 654] - DBInterfaceMysql::query: successfully!
 WARNING      dbmgr-1 2082 4000  [2019-09-03 21:24:43 654] - DBTask::process(): took 4.97 seconds
sql:(CREATE TABLE IF NOT EXISTS kbe_accountinfos (`accountName` varchar(128) not null, PRIMARY KEY idKey (`accountName`),`password` varchar(255) not null,`bindata` blob,`email` varchar(191) not null, UNIQUE KEY `email` (`email`),`entityDBID` bigint(20) unsigned not null DEFAULT 0, UNIQUE KEY `entityDBID` (`entityDBID`),`flags` int unsigned not null DEFAULT 0,`deadline` bigint(20) not null DEFAULT 0,`regtime` bigint(20) not null DEFAULT 0,`lasttime` bigint(20) not null DEFAULT 0,`numlogin` int unsigned not null DEFAULT 0)ENGINE=InnoDB)
    INFO      dbmgr-1 2082 4000  [2019-09-03 21:24:43 756] - DBInterfaceMysql::query: successfully!
    INFO      dbmgr-1 2082 4000  [2019-09-03 21:24:43 805] - DBInterfaceMysql::query: successfully!
    INFO      dbmgr-1 2082 4000  [2019-09-03 21:24:43 805] - DBInterfaceMysql::query: successfully!
    INFO      dbmgr-1 2082 4000  [2019-09-03 21:24:43 806] - DBInterfaceMysql::query: successfully!
 WARNING      dbmgr-1 2082 4000  [2019-09-03 21:24:43 806] - DBTask::process(): took 5.12 seconds
sql:(delete from kbe_email_verification where logtime<1567513483 and type=3)
    INFO      dbmgr-1 2082 4000  [2019-09-03 21:24:45 354] - DBInterfaceMysql::query: successfully!
 WARNING      dbmgr-1 2082 4000  [2019-09-03 21:24:45 892] - DBTask::process(): took 7.21 seconds
sql:(show index from tbl_Account)
    INFO      dbmgr-1 2082 4000  [2019-09-03 21:24:56 546] - ServerApp::onRegisterNewApp: uid:2082, username:error_name, componentType:interfaces, componentID:3000, globalorderID=-1, grouporderID=-1, intaddr:192.168.56.1, intport:30099, extaddr:nonsupport, extport:0,  from 127.0.0.1:30099/0/0/0.
    INFO      dbmgr-1 2082 4000  [2019-09-03 21:24:56 546] - Components::addComponent: reset orderLog, uid=2082!
    INFO      dbmgr-1 2082 4000  [2019-09-03 21:24:56 546] - Components::addComponent[interfaces], uid=2082, componentID=3000, globalorderid=1, grouporderid=1, totalcount=1
    INFO      dbmgr-1 2082 4000  [2019-09-03 21:24:56 547] - ServerApp::onRegisterNewApp: uid:2082, username:error_name, componentType:baseappmgr, componentID:5000, globalorderID=-1, grouporderID=-1, intaddr:192.168.56.1, intport:52644, extaddr:nonsupport, extport:0,  from 192.168.56.1:52693/0/0/0.
    INFO      dbmgr-1 2082 4000  [2019-09-03 21:24:56 547] - Components::addComponent: reset orderLog, uid=2082!
    INFO      dbmgr-1 2082 4000  [2019-09-03 21:24:56 547] - Components::addComponent[baseappmgr], uid=2082, componentID=5000, globalorderid=1, grouporderid=1, totalcount=1
    INFO      dbmgr-1 2082 4000  [2019-09-03 21:24:56 547] - ServerApp::onRegisterNewApp: uid:2082, username:error_name, componentType:loginapp, componentID:9000, globalorderID=-1, grouporderID=-1, intaddr:192.168.56.1, intport:52650, extaddr:192.168.56.1, extport:20013,  from 192.168.56.1:52695/0/0/0.
    INFO      dbmgr-1 2082 4000  [2019-09-03 21:24:56 547] - Components::addComponent[loginapp], uid=2082, componentID=9000, globalorderid=2, grouporderid=1, totalcount=1
    INFO      dbmgr-1 2082 4000  [2019-09-03 21:24:56 548] - ServerApp::onRegisterNewApp: uid:2082, username:error_name, componentType:cellappmgr, componentID:6000, globalorderID=-1, grouporderID=-1, intaddr:192.168.56.1, intport:52645, extaddr:nonsupport, extport:0,  from 192.168.56.1:52697/0/0/0.
    INFO      dbmgr-1 2082 4000  [2019-09-03 21:24:56 548] - Components::addComponent[cellappmgr], uid=2082, componentID=6000, globalorderid=3, grouporderid=1, totalcount=1
    INFO      dbmgr-1 2082 4000  [2019-09-03 21:24:56 911] - ServerApp::onRegisterNewApp: uid:2082, username:error_name, componentType:baseapp, componentID:7001, globalorderID=-1, grouporderID=-1, intaddr:192.168.56.1, intport:52642, extaddr:192.168.56.1, extport:20015,  from 192.168.56.1:52699/0/0/0.
    INFO      dbmgr-1 2082 4000  [2019-09-03 21:24:56 911] - Components::addComponent[baseapp], uid=2082, componentID=7001, globalorderid=4, grouporderid=1, totalcount=1
    INFO      dbmgr-1 2082 4000  [2019-09-03 21:24:57 550] - Components::findComponents: find logger(1)...
    INFO      dbmgr-1 2082 4000  [2019-09-03 21:24:57 633] - Components::findComponents: found logger, addr:192.168.56.1:52648
    INFO      dbmgr-1 2082 4000  [2019-09-03 21:24:57 633] - Components::addComponent[logger], uid=2082, componentID=2000, globalorderid=5, grouporderid=1, totalcount=1
    INFO      dbmgr-1 2082 4000  [2019-09-03 21:24:57 689] - Components::process(): Found all the components!
    INFO      dbmgr-1 2082 4000  [2019-09-03 21:24:57 871] - ServerApp::onRegisterNewApp: uid:2082, username:error_name, componentType:cellapp, componentID:8001, globalorderID=-1, grouporderID=-1, intaddr:192.168.56.1, intport:52651, extaddr:nonsupport, extport:0,  from 192.168.56.1:52703/0/0/0.
    INFO      dbmgr-1 2082 4000  [2019-09-03 21:24:57 871] - Components::addComponent[cellapp], uid=2082, componentID=8001, globalorderid=6, grouporderid=1, totalcount=1
    INFO      dbmgr-1 2082 4000  [2019-09-03 21:25:00 918] - IDServer::allocRange: 1-2001.
    INFO      dbmgr-1 2082 4000  [2019-09-03 21:25:00 918] - IDServer::allocRange: 2001-4001.
   DEBUG      dbmgr-1 2082 4000  [2019-09-03 21:25:00 919] - SyncAppDatasHandler::~SyncAppDatasHandler()
   DEBUG      dbmgr-1 2082 4000  [2019-09-03 21:25:19 731] - Dbmgr::onAccountLogin:loginName=111, accountName=111, success=23, componentID=0, entityID=0, dbid=0, flags=0, deadline=0.
   ERROR      dbmgr-1 2082 4000  [2019-09-03 21:25:19 721] - DBTaskAccountLogin::db_thread_process(): not found account[111], login failed!
   DEBUG      dbmgr-1 2082 4000  [2019-09-03 21:26:03 409] - Dbmgr::reqCreateAccount: 15361964343, success=true.
   DEBUG      dbmgr-1 2082 4000  [2019-09-03 21:27:46 604] - Dbmgr::reqCreateAccount: 15361964342, success=true.
   DEBUG      dbmgr-1 2082 4000  [2019-09-03 21:28:22 563] - Dbmgr::onAccountLogin:loginName=15361964343, accountName=15361964343, success=0, componentID=0, entityID=0, dbid=1, flags=0, deadline=0.
   DEBUG      dbmgr-1 2082 4000  [2019-09-03 21:28:22 803] - Dbmgr::queryAccount: 15361964343, success=true, flags=0, deadline=0.
   DEBUG      dbmgr-1 2082 4000  [2019-09-03 21:30:22 879] - Dbmgr::onEntityOffline: 1, entityType=1.
    INFO      dbmgr-1 2082 4000  [2019-09-03 21:36:05 691] - -----------------------------------------------------------------------------------------


    INFO      dbmgr-1 2082 4000  [2019-09-03 21:36:05 692] - Resmgr::initialize: KBE_ROOT=D:/kbengine/
    INFO      dbmgr-1 2082 4000  [2019-09-03 21:36:05 692] - Resmgr::initialize: KBE_RES_PATH=D:/kbengine/kbe/res/;D:/kbengine/BattleOfBalls_assets/;D:/kbengine/BattleOfBalls_assets/scripts/;D:/kbengine/BattleOfBalls_assets/res/
    INFO      dbmgr-1 2082 4000  [2019-09-03 21:36:05 692] - Resmgr::initialize: KBE_BIN_PATH=D:/kbengine/kbe/bin/server/
    INFO      dbmgr-1 2082 4000  [2019-09-03 21:36:05 712] - NetworkInterface::initialize(INTERNAL-TCP): bound to all interfaces with default route interface on 192.168.56.1 ( 192.168.56.1:52855 )
    INFO      dbmgr-1 2082 4000  [2019-09-03 21:36:05 713] - NetworkInterface::initialize(INTERNAL-TCP): address 192.168.56.1:52855, SOMAXCONN=5.
    INFO      dbmgr-1 2082 4000  [2019-09-03 21:36:05 713] - server-configs:
    INFO      dbmgr-1 2082 4000  [2019-09-03 21:36:05 713] - 	internalTcpAddr : 192.168.56.1:52855
    INFO      dbmgr-1 2082 4000  [2019-09-03 21:36:05 713] - 	componentID : 4000
 WARNING      dbmgr-1 2082 4000  [2019-09-03 21:36:05 716] - invalid UID(0) <= 0, please check UID for environment! automatically set to 2082.
    INFO      dbmgr-1 2082 4000  [2019-09-03 21:36:07 233] - ---- dbmgr Version: 2.4.5. ScriptVersion: 0.1.0. Pythoncore: 3.7.3. Protocol: 11178A1C367680938C8E416B64844ACD. Config: Debug X86. Built: 09:55:16 May  8 2019. AppID: 4000. UID: 2082. PID: 7596 ----
    INFO      dbmgr-1 2082 4000  [2019-09-03 21:36:07 233] - Server error_name: Intel(R) Core(TM) i5-6300HQ CPU @ 2.30GHz with 2097151kB RAM
    INFO      dbmgr-1 2082 4000  [2019-09-03 21:36:07 233] - ThreadPool::createThreadPool: creating  threadpool...
    INFO      dbmgr-1 2082 4000  [2019-09-03 21:36:07 234] - ThreadPool::createThreadPool: successfully(2), newThreadCount=1, normalMaxThreadCount=2, maxThreadCount=8
    INFO      dbmgr-1 2082 4000  [2019-09-03 21:36:07 446] - Script::install(): is successfully, Python=(3.7.3 (default, May  8 2019, 09:53:38) [MSC v.1916 32 bit (Intel)])!
    INFO      dbmgr-1 2082 4000  [2019-09-03 21:36:07 446] - Script::install(): KBExtra is successfully!
    INFO      dbmgr-1 2082 4000  [2019-09-03 21:36:07 541] - Dbmgr::initializeEnd: digest(363BB7D9C7C9010E5779213C13D38542)
  S_INFO      dbmgr-1 2082 4000  [2019-09-03 21:36:07 541] - onDBMgrReady: bootstrapGroupIndex=0, bootstrapGlobalIndex=0
    INFO      dbmgr-1 2082 4000  [2019-09-03 21:36:07 542] - TelnetServer server is running on port 32000
    INFO      dbmgr-1 2082 4000  [2019-09-03 21:36:07 544] - Dbmgr::initInterfacesHandler: interfaces addr(127.0.0.1:30099), accountType:(interfaces), chargeType:(interfaces).
 WARNING      dbmgr-1 2082 4000  [2019-09-03 21:36:07 780] - DBUtil::initialize: db(default) password is not encrypted!
please use password(rsa):
579C20C2779E22B1677777AD56D702BF3985B5D95A715B0D6657B17EFD6F6D48F1AFA308D1A7D6208DC114F5704451E4D80F0196C63AA47E8E7B959E50477BDE84906ABE2C13B40F819E69A2D0E07C9F719DB24437991D5A8AD1822A1F5585B83BA271D07E5343B5CA46491BB483378A3AF36AD21DCB8CE446A58DB225CA6A9B
   DEBUG      dbmgr-1 2082 4000  [2019-09-03 21:36:07 784] - DBInterfaceMysql::attach: connect: localhost:3306 starting...
   DEBUG      dbmgr-1 2082 4000  [2019-09-03 21:36:08 034] - DBInterfaceMysql::attach: successfully! addr: localhost:3306
    INFO      dbmgr-1 2082 4000  [2019-09-03 21:36:08 034] - DBUtil::createInterface[0x1bbeff4]: interface=default, dbtype=mysql, ip=localhost, port=3306, currdatabase=kbe, username=kbe, connected=yes.

    INFO      dbmgr-1 2082 4000  [2019-09-03 21:36:08 035] - ThreadPool::createThreadPool: creating  threadpool...
    INFO      dbmgr-1 2082 4000  [2019-09-03 21:36:08 035] - ThreadPool::createThreadPool: successfully(5), newThreadCount=5, normalMaxThreadCount=5, maxThreadCount=5
    INFO      dbmgr-1 2082 4000  [2019-09-03 21:36:08 348] - DBInterfaceMysql::query: successfully!
 WARNING      dbmgr-1 2082 4000  [2019-09-03 21:36:08 800] - d:\kbengine\kbe\src\server\dbmgr\dbmgr.cpp:306: Profile scriptCall took 1.26 seconds
    INFO      dbmgr-1 2082 4000  [2019-09-03 21:36:09 152] - ---- dbmgr is running ----
   DEBUG      dbmgr-1 2082 4000  [2019-09-03 21:36:09 153] - Components::process(): Request for the process of identity...
   DEBUG      dbmgr-1 2082 4000  [2019-09-03 21:36:08 036] - DBInterfaceMysql::attach: connect: localhost:3306 starting...
   DEBUG      dbmgr-1 2082 4000  [2019-09-03 21:36:08 036] - DBInterfaceMysql::attach: connect: localhost:3306 starting...
   DEBUG      dbmgr-1 2082 4000  [2019-09-03 21:36:08 036] - DBInterfaceMysql::attach: connect: localhost:3306 starting...
   DEBUG      dbmgr-1 2082 4000  [2019-09-03 21:36:08 036] - DBInterfaceMysql::attach: connect: localhost:3306 starting...
   DEBUG      dbmgr-1 2082 4000  [2019-09-03 21:36:08 036] - DBInterfaceMysql::attach: connect: localhost:3306 starting...
   DEBUG      dbmgr-1 2082 4000  [2019-09-03 21:36:08 148] - DBInterfaceMysql::attach: successfully! addr: localhost:3306
   DEBUG      dbmgr-1 2082 4000  [2019-09-03 21:36:08 148] - DBThread::onStart(): 0x1c9b88!
   DEBUG      dbmgr-1 2082 4000  [2019-09-03 21:36:08 216] - DBInterfaceMysql::attach: successfully! addr: localhost:3306
   DEBUG      dbmgr-1 2082 4000  [2019-09-03 21:36:08 216] - DBThread::onStart(): 0x1c9f40!
   DEBUG      dbmgr-1 2082 4000  [2019-09-03 21:36:08 282] - DBInterfaceMysql::attach: successfully! addr: localhost:3306
   DEBUG      dbmgr-1 2082 4000  [2019-09-03 21:36:08 282] - DBThread::onStart(): 0x1ca160!
   DEBUG      dbmgr-1 2082 4000  [2019-09-03 21:36:08 416] - DBInterfaceMysql::attach: successfully! addr: localhost:3306
   DEBUG      dbmgr-1 2082 4000  [2019-09-03 21:36:08 416] - DBThread::onStart(): 0x1c9a78!
   DEBUG      dbmgr-1 2082 4000  [2019-09-03 21:36:08 507] - DBInterfaceMysql::attach: successfully! addr: localhost:3306
   DEBUG      dbmgr-1 2082 4000  [2019-09-03 21:36:08 507] - DBThread::onStart(): 0x1ca2f8!
    INFO      dbmgr-1 2082 4000  [2019-09-03 21:36:08 573] - DBInterfaceMysql::query: successfully!
    INFO      dbmgr-1 2082 4000  [2019-09-03 21:36:08 574] - DBInterfaceMysql::query: successfully!
    INFO      dbmgr-1 2082 4000  [2019-09-03 21:36:08 607] - DBInterfaceMysql::query: successfully!
    INFO      dbmgr-1 2082 4000  [2019-09-03 21:36:08 607] - DBInterfaceMysql::query: successfully!
    INFO      dbmgr-1 2082 4000  [2019-09-03 21:36:08 620] - DBInterfaceMysql::query: successfully!
 WARNING      dbmgr-1 2082 4000  [2019-09-03 21:36:08 637] - DBTask::process(): took 0.29 seconds
sql:(select distinct(serverGroupID) from kbe_entitylog)
    INFO      dbmgr-1 2082 4000  [2019-09-03 21:36:08 659] - DBInterfaceMysql::query: successfully!
    INFO      dbmgr-1 2082 4000  [2019-09-03 21:36:08 659] - DBInterfaceMysql::query: successfully!
    INFO      dbmgr-1 2082 4000  [2019-09-03 21:36:08 660] - DBInterfaceMysql::query: successfully!
 WARNING      dbmgr-1 2082 4000  [2019-09-03 21:36:08 724] - DBTask::process(): took 0.38 seconds
sql:(insert into kbe_serverlog (heartbeatTime, serverGroupID) values(1567517768,2082) ON DUPLICATE KEY UPDATE heartbeatTime=1567517768)
 WARNING      dbmgr-1 2082 4000  [2019-09-03 21:36:08 772] - DBTask::process(): took 0.42 seconds
sql:(show index from tbl_Account)
    INFO      dbmgr-1 2082 4000  [2019-09-03 21:36:15 426] - ServerApp::onRegisterNewApp: uid:2082, username:error_name, componentType:interfaces, componentID:3000, globalorderID=-1, grouporderID=-1, intaddr:192.168.56.1, intport:30099, extaddr:nonsupport, extport:0,  from 127.0.0.1:30099/0/0/0.
    INFO      dbmgr-1 2082 4000  [2019-09-03 21:36:15 426] - Components::addComponent: reset orderLog, uid=2082!
    INFO      dbmgr-1 2082 4000  [2019-09-03 21:36:15 426] - Components::addComponent[interfaces], uid=2082, componentID=3000, globalorderid=1, grouporderid=1, totalcount=1
    INFO      dbmgr-1 2082 4000  [2019-09-03 21:36:16 439] - Components::findComponents: find logger(1)...
    INFO      dbmgr-1 2082 4000  [2019-09-03 21:36:16 542] - Components::findComponents: found logger, addr:192.168.56.1:52850
    INFO      dbmgr-1 2082 4000  [2019-09-03 21:36:16 542] - Components::addComponent: reset orderLog, uid=2082!
    INFO      dbmgr-1 2082 4000  [2019-09-03 21:36:16 543] - Components::addComponent[logger], uid=2082, componentID=2000, globalorderid=1, grouporderid=1, totalcount=1
    INFO      dbmgr-1 2082 4000  [2019-09-03 21:36:16 579] - Components::process(): Found all the components!
    INFO      dbmgr-1 2082 4000  [2019-09-03 21:36:18 359] - ServerApp::onRegisterNewApp: uid:2082, username:error_name, componentType:loginapp, componentID:9000, globalorderID=-1, grouporderID=-1, intaddr:192.168.56.1, intport:52856, extaddr:192.168.56.1, extport:20013,  from 192.168.56.1:52877/0/0/0.
    INFO      dbmgr-1 2082 4000  [2019-09-03 21:36:18 359] - Components::addComponent: reset orderLog, uid=2082!
    INFO      dbmgr-1 2082 4000  [2019-09-03 21:36:18 359] - Components::addComponent[loginapp], uid=2082, componentID=9000, globalorderid=1, grouporderid=1, totalcount=1
    INFO      dbmgr-1 2082 4000  [2019-09-03 21:36:19 340] - ServerApp::onRegisterNewApp: uid:2082, username:error_name, componentType:cellappmgr, componentID:6000, globalorderID=-1, grouporderID=-1, intaddr:192.168.56.1, intport:52852, extaddr:nonsupport, extport:0,  from 192.168.56.1:52879/0/0/0.
    INFO      dbmgr-1 2082 4000  [2019-09-03 21:36:19 340] - Components::addComponent[cellappmgr], uid=2082, componentID=6000, globalorderid=2, grouporderid=1, totalcount=1
    INFO      dbmgr-1 2082 4000  [2019-09-03 21:36:20 910] - ServerApp::onRegisterNewApp: uid:2082, username:error_name, componentType:baseapp, componentID:7001, globalorderID=-1, grouporderID=-1, intaddr:192.168.56.1, intport:52857, extaddr:192.168.56.1, extport:20015,  from 192.168.56.1:52881/0/0/0.
    INFO      dbmgr-1 2082 4000  [2019-09-03 21:36:20 910] - Components::addComponent[baseapp], uid=2082, componentID=7001, globalorderid=3, grouporderid=1, totalcount=1
    INFO      dbmgr-1 2082 4000  [2019-09-03 21:36:21 890] - ServerApp::onRegisterNewApp: uid:2082, username:error_name, componentType:cellapp, componentID:8001, globalorderID=-1, grouporderID=-1, intaddr:192.168.56.1, intport:52854, extaddr:nonsupport, extport:0,  from 192.168.56.1:52884/0/0/0.
    INFO      dbmgr-1 2082 4000  [2019-09-03 21:36:21 890] - Components::addComponent[cellapp], uid=2082, componentID=8001, globalorderid=4, grouporderid=1, totalcount=1
    INFO      dbmgr-1 2082 4000  [2019-09-03 21:36:22 560] - ServerApp::onRegisterNewApp: uid:2082, username:error_name, componentType:baseappmgr, componentID:5000, globalorderID=-1, grouporderID=-1, intaddr:192.168.56.1, intport:52851, extaddr:nonsupport, extport:0,  from 192.168.56.1:52888/0/0/0.
    INFO      dbmgr-1 2082 4000  [2019-09-03 21:36:22 560] - Components::addComponent[baseappmgr], uid=2082, componentID=5000, globalorderid=5, grouporderid=1, totalcount=1
    INFO      dbmgr-1 2082 4000  [2019-09-03 21:36:25 569] - IDServer::allocRange: 1-2001.
    INFO      dbmgr-1 2082 4000  [2019-09-03 21:36:25 569] - IDServer::allocRange: 2001-4001.
   DEBUG      dbmgr-1 2082 4000  [2019-09-03 21:36:25 569] - SyncAppDatasHandler::~SyncAppDatasHandler()
   DEBUG      dbmgr-1 2082 4000  [2019-09-03 21:37:13 738] - Dbmgr::onAccountLogin:loginName=15361964343, accountName=15361964343, success=0, componentID=0, entityID=0, dbid=1, flags=0, deadline=0.
   DEBUG      dbmgr-1 2082 4000  [2019-09-03 21:37:13 957] - Dbmgr::queryAccount: 15361964343, success=true, flags=0, deadline=0.
   DEBUG      dbmgr-1 2082 4000  [2019-09-03 21:39:14 152] - Dbmgr::onEntityOffline: 1, entityType=1.
 WARNING      dbmgr-1 2082 4000  [2019-09-03 21:39:14 133] - DBTransaction::commit(): took 0.32 seconds
   DEBUG      dbmgr-1 2082 4000  [2019-09-03 21:43:13 261] - Dbmgr::onAccountLogin:loginName=15361964343, accountName=15361964343, success=0, componentID=0, entityID=0, dbid=1, flags=0, deadline=0.
   DEBUG      dbmgr-1 2082 4000  [2019-09-03 21:43:13 440] - Dbmgr::queryAccount: 15361964343, success=true, flags=0, deadline=0.
   DEBUG      dbmgr-1 2082 4000  [2019-09-03 21:43:33 919] - Dbmgr::onAccountLogin:loginName=15361964343, accountName=15361964343, success=10, componentID=7001, entityID=2, dbid=1, flags=0, deadline=0.
   DEBUG      dbmgr-1 2082 4000  [2019-09-03 21:44:22 858] - Dbmgr::onAccountLogin:loginName=15361964343, accountName=15361964343, success=6, componentID=0, entityID=0, dbid=0, flags=0, deadline=0.
   DEBUG      dbmgr-1 2082 4000  [2019-09-03 21:45:04 139] - Dbmgr::onEntityOffline: 1, entityType=1.
   DEBUG      dbmgr-1 2082 4000  [2019-09-03 21:46:35 252] - Dbmgr::onAccountLogin:loginName=111, accountName=111, success=23, componentID=0, entityID=0, dbid=0, flags=0, deadline=0.
   ERROR      dbmgr-1 2082 4000  [2019-09-03 21:46:35 246] - DBTaskAccountLogin::db_thread_process(): not found account[111], login failed!
   DEBUG      dbmgr-1 2082 4000  [2019-09-03 21:47:32 449] - Dbmgr::onAccountLogin:loginName=11, accountName=11, success=23, componentID=0, entityID=0, dbid=0, flags=0, deadline=0.
   ERROR      dbmgr-1 2082 4000  [2019-09-03 21:47:32 433] - DBTaskAccountLogin::db_thread_process(): not found account[11], login failed!
   DEBUG      dbmgr-1 2082 4000  [2019-09-03 21:50:00 162] - Dbmgr::onAccountLogin:loginName=111, accountName=111, success=23, componentID=0, entityID=0, dbid=0, flags=0, deadline=0.
   ERROR      dbmgr-1 2082 4000  [2019-09-03 21:50:00 144] - DBTaskAccountLogin::db_thread_process(): not found account[111], login failed!
